[2023-03-29T13:25:06+08:00][sql] CONNECT:[ UseTime:0.004000s ] mysql:host=127.0.0.1;port=3306;dbname=cdiancan;charset=utf8mb4
[2023-03-29T13:25:06+08:00][sql] SHOW FULL COLUMNS FROM `ls_session` [ RunTime:0.007000s ]
[2023-03-29T13:25:06+08:00][sql] SELECT * FROM `ls_session` WHERE  `token` = '[object Null]' LIMIT 1 [ RunTime:0.001000s ]
[2023-03-29T13:25:06+08:00][sql] CONNECT:[ UseTime:0.003000s ] mysql:host=127.0.0.1;port=3306;dbname=cdiancan;charset=utf8mb4
[2023-03-29T13:25:06+08:00][sql] SHOW FULL COLUMNS FROM `ls_session` [ RunTime:0.007000s ]
[2023-03-29T13:25:06+08:00][sql] SELECT * FROM `ls_session` WHERE  `token` = '[object Null]' LIMIT 1 [ RunTime:0.001000s ]
[2023-03-29T13:25:06+08:00][sql] SHOW FULL COLUMNS FROM `ls_decorate_bottom` [ RunTime:0.008001s ]
[2023-03-29T13:25:06+08:00][sql] SELECT name as text,select_icon as selectedIconPath,icon as iconPath,`color`,select_color as selectColor FROM `ls_decorate_bottom` WHERE  `del` = 0 ORDER BY `id` ASC [ RunTime:0.002000s ]
[2023-03-29T13:25:06+08:00][sql] SHOW FULL COLUMNS FROM `ls_config` [ RunTime:0.007001s ]
[2023-03-29T13:25:06+08:00][sql] SELECT `value` FROM `ls_config` WHERE  `type` = 'share'  AND `name` = 'mnp'  AND `shop_id` = 0 LIMIT 1 [ RunTime:0.001000s ]
[2023-03-29T13:25:06+08:00][sql] SELECT `value` FROM `ls_config` WHERE  `type` = 'decoration_center'  AND `name` = 'background_image'  AND `shop_id` = 0 LIMIT 1 [ RunTime:0.001000s ]
[2023-03-29T13:25:06+08:00][sql] SELECT `value` FROM `ls_config` WHERE  `type` = 'website'  AND `name` = 'shop_logo'  AND `shop_id` = 0 LIMIT 1 [ RunTime:0.001000s ]
[2023-03-29T13:25:06+08:00][sql] SELECT `value` FROM `ls_config` WHERE  `type` = 'website'  AND `name` = 'web_favicon'  AND `shop_id` = 0 LIMIT 1 [ RunTime:0.000000s ]
[2023-03-29T13:25:06+08:00][sql] SELECT `value` FROM `ls_config` WHERE  `type` = 'website'  AND `name` = 'shop_name'  AND `shop_id` = 0 LIMIT 1 [ RunTime:0.001000s ]
[2023-03-29T13:25:06+08:00][sql] SELECT `value` FROM `ls_config` WHERE  `type` = 'copyright'  AND `name` = 'company_name'  AND `shop_id` = 0 LIMIT 1 [ RunTime:0.001000s ]
[2023-03-29T13:25:06+08:00][sql] SELECT `value` FROM `ls_config` WHERE  `type` = 'copyright'  AND `name` = 'number'  AND `shop_id` = 0 LIMIT 1 [ RunTime:0.000000s ]
[2023-03-29T13:25:06+08:00][sql] SELECT `value` FROM `ls_config` WHERE  `type` = 'copyright'  AND `name` = 'link'  AND `shop_id` = 0 LIMIT 1 [ RunTime:0.000000s ]
[2023-03-29T13:25:06+08:00][sql] SELECT `value` FROM `ls_config` WHERE  `type` = 'recharge'  AND `name` = 'app_status'  AND `shop_id` = 0 LIMIT 1 [ RunTime:0.000000s ]
[2023-03-29T13:25:06+08:00][sql] SELECT `value` FROM `ls_config` WHERE  `type` = 'map'  AND `name` = 'qq_map_key'  AND `shop_id` = 0 LIMIT 1 [ RunTime:0.000000s ]
[2023-03-29T13:25:06+08:00][sql] CONNECT:[ UseTime:0.001000s ] mysql:host=127.0.0.1;port=3306;dbname=cdiancan;charset=utf8mb4
[2023-03-29T13:25:06+08:00][sql] SHOW FULL COLUMNS FROM `ls_session` [ RunTime:0.005000s ]
[2023-03-29T13:25:06+08:00][sql] SELECT * FROM `ls_session` WHERE  `token` = '[object Null]' LIMIT 1 [ RunTime:0.000000s ]
[2023-03-29T13:25:06+08:00][sql] SHOW FULL COLUMNS FROM `ls_config` [ RunTime:0.006001s ]
[2023-03-29T13:25:06+08:00][sql] SELECT `value` FROM `ls_config` WHERE  `type` = 'decoration'  AND `name` = 'theme'  AND `shop_id` = 0 LIMIT 1 [ RunTime:0.001000s ]
[2023-03-29T13:25:06+08:00][sql] CONNECT:[ UseTime:0.001000s ] mysql:host=127.0.0.1;port=3306;dbname=cdiancan;charset=utf8mb4
[2023-03-29T13:25:06+08:00][sql] SHOW FULL COLUMNS FROM `ls_session` [ RunTime:0.007000s ]
[2023-03-29T13:25:06+08:00][sql] SELECT * FROM `ls_session` WHERE  `token` = '[object Null]' LIMIT 1 [ RunTime:0.001000s ]
[2023-03-29T13:25:06+08:00][sql] SHOW FULL COLUMNS FROM `ls_announcement` [ RunTime:0.005000s ]
[2023-03-29T13:25:06+08:00][sql] SELECT * FROM `ls_announcement` WHERE  `del` = 0 LIMIT 1 [ RunTime:0.000000s ]
[2023-03-29T13:25:06+08:00][sql] CONNECT:[ UseTime:0.002000s ] mysql:host=127.0.0.1;port=3306;dbname=cdiancan;charset=utf8mb4
[2023-03-29T13:25:06+08:00][sql] SHOW FULL COLUMNS FROM `ls_session` [ RunTime:0.006000s ]
[2023-03-29T13:25:06+08:00][sql] SELECT * FROM `ls_session` WHERE  `token` = '[object Null]' LIMIT 1 [ RunTime:0.001000s ]
[2023-03-29T13:25:06+08:00][sql] SHOW FULL COLUMNS FROM `ls_shop` [ RunTime:0.006000s ]
[2023-03-29T13:25:06+08:00][sql] SELECT * FROM `ls_shop` WHERE  `id` = 1 LIMIT 1 [ RunTime:0.001000s ]
[2023-03-29T13:25:06+08:00][sql] CONNECT:[ UseTime:0.001000s ] mysql:host=127.0.0.1;port=3306;dbname=cdiancan;charset=utf8mb4
[2023-03-29T13:25:06+08:00][sql] SHOW FULL COLUMNS FROM `ls_session` [ RunTime:0.007001s ]
[2023-03-29T13:25:06+08:00][sql] SELECT * FROM `ls_session` WHERE  `token` = '[object Null]' LIMIT 1 [ RunTime:0.000000s ]
[2023-03-29T13:25:06+08:00][sql] SHOW FULL COLUMNS FROM `ls_ad` [ RunTime:0.001001s ]
[2023-03-29T13:25:06+08:00][sql] SELECT `id`,`title`,`image`,`link`,`status` FROM `ls_ad` WHERE  `ad_position_id` = 2  AND `status` = 1  AND `del` = 0 [ RunTime:0.001000s ]
[2023-03-29T13:25:06+08:00][sql] CONNECT:[ UseTime:0.002000s ] mysql:host=127.0.0.1;port=3306;dbname=cdiancan;charset=utf8mb4
[2023-03-29T13:25:06+08:00][sql] SHOW FULL COLUMNS FROM `ls_session` [ RunTime:0.005001s ]
[2023-03-29T13:25:06+08:00][sql] SELECT * FROM `ls_session` WHERE  `token` = '[object Undefined]' LIMIT 1 [ RunTime:0.001000s ]
[2023-03-29T13:25:06+08:00][sql] CONNECT:[ UseTime:0.001000s ] mysql:host=127.0.0.1;port=3306;dbname=cdiancan;charset=utf8mb4
[2023-03-29T13:25:06+08:00][sql] SHOW FULL COLUMNS FROM `ls_session` [ RunTime:0.005000s ]
[2023-03-29T13:25:06+08:00][sql] SELECT * FROM `ls_session` WHERE  `token` = '[object Undefined]' LIMIT 1 [ RunTime:0.000000s ]
[2023-03-29T13:25:06+08:00][sql] SHOW FULL COLUMNS FROM `ls_coupon` [ RunTime:0.005000s ]
[2023-03-29T13:25:06+08:00][sql] UPDATE `ls_coupon`  SET `update_time` = 1680067506 , `status` = 3  WHERE  `use_time_type` = 1  AND `use_time_end` <= 1680067506 [ RunTime:0.001000s ]
[2023-03-29T13:25:06+08:00][sql] SELECT `id`,`shop_id`,`name`,`money`,`condition_type`,`use_time_type`,`use_time_start`,`use_time_end`,`use_time`,`condition_money`,`use_goods_type` FROM `ls_coupon` WHERE  `shop_id` = 1  AND `status` = 2  AND `del` = 0 [ RunTime:0.001000s ]
[2023-03-29T13:25:06+08:00][sql] SHOW FULL COLUMNS FROM `ls_goods` [ RunTime:0.004000s ]
[2023-03-29T13:25:06+08:00][sql] SELECT `name` FROM `ls_goods` `G` INNER JOIN `ls_coupon_goods` `CG` ON `CG`.`goods_id`=`G`.`id` INNER JOIN `ls_shop_goods` `SG` ON `G`.`id`=`SG`.`goods_id` WHERE  `G`.`status` = 1  AND `shop_id` = 1 [ RunTime:0.011001s ]
[2023-03-29T13:25:06+08:00][sql] CONNECT:[ UseTime:0.002001s ] mysql:host=127.0.0.1;port=3306;dbname=cdiancan;charset=utf8mb4
[2023-03-29T13:25:06+08:00][sql] SHOW FULL COLUMNS FROM `ls_session` [ RunTime:0.005000s ]
[2023-03-29T13:25:06+08:00][sql] SELECT * FROM `ls_session` WHERE  `token` = '[object Undefined]' LIMIT 1 [ RunTime:0.000000s ]
[2023-03-29T13:25:06+08:00][sql] SHOW FULL COLUMNS FROM `ls_shop` [ RunTime:0.006000s ]
[2023-03-29T13:25:06+08:00][sql] SELECT * FROM `ls_shop` WHERE  `id` = 1  AND `del` = 0 LIMIT 1 [ RunTime:0.001000s ]
[2023-03-29T13:25:06+08:00][sql] SHOW FULL COLUMNS FROM `ls_shop_stat` [ RunTime:0.004000s ]
[2023-03-29T13:25:06+08:00][sql] SELECT * FROM `ls_shop_stat` WHERE  `shop_id` = 1  AND `ip` = '127.0.0.1'  AND `create_time` BETWEEN 1680019200 AND 1680105599 LIMIT 1 [ RunTime:0.001000s ]
[2023-03-29T13:25:06+08:00][sql] INSERT INTO `ls_shop_stat` SET `shop_id` = 1 , `ip` = '127.0.0.1' , `count` = 1 , `create_time` = 1680067506 [ RunTime:0.003000s ]
[2023-03-29T13:25:06+08:00][sql] SHOW FULL COLUMNS FROM `ls_goods_category` [ RunTime:0.006001s ]
[2023-03-29T13:25:06+08:00][sql] SELECT `gc`.`id`,`gc`.`name`,`gc`.`image` FROM `ls_goods_category` `gc` INNER JOIN `ls_goods` `g` ON `g`.`goods_category_id`=`gc`.`id` INNER JOIN `ls_shop_goods` `sg` ON `g`.`id`=`sg`.`goods_id` WHERE  `gc`.`del` = 0  AND `sg`.`status` = 1  AND `sg`.`shop_id` = '1' GROUP BY `gc`.`id` ORDER BY `gc`.`sort` ASC,`gc`.`id` DESC [ RunTime:0.009000s ]
[2023-03-29T13:25:06+08:00][sql] SHOW FULL COLUMNS FROM `ls_goods` [ RunTime:0.002000s ]
[2023-03-29T13:25:06+08:00][sql] SELECT `g`.`id`,`g`.`name`,`g`.`goods_category_id`,`g`.`image`,`g`.`remark`,`g`.`spec_type` FROM `ls_goods` `g` INNER JOIN `ls_shop_goods` `sg` ON `g`.`id`=`sg`.`goods_id` WHERE  `del` = 0  AND `sg`.`shop_id` = '1'  AND `sg`.`status` = 1  AND `goods_category_id` IN (1,2,3,4) ORDER BY `sort` ASC,`g`.`sort` ASC,`g`.`id` DESC [ RunTime:0.001001s ]
[2023-03-29T13:25:06+08:00][sql] SELECT `id`,`shop_sn`,`name`,`contact`,`phone`,`province_id`,`city_id`,`district_id`,`address`,`longitude`,`latitude`,`business_start_time`,`business_end_time`,`weekdays`,`delivery_distance`,`delivery_buy_limit`,`delivery_freight`,`status`,`pricing_policy`,`delivery_type`,`create_time` FROM `ls_shop` WHERE  `id` = 1  AND `del` = 0 LIMIT 1 [ RunTime:0.001000s ]
[2023-03-29T13:25:06+08:00][sql] SHOW FULL COLUMNS FROM `ls_goods_item` [ RunTime:0.005000s ]
[2023-03-29T13:25:06+08:00][sql] SELECT * FROM `ls_goods_item` WHERE  `goods_id` IN (2,1) [ RunTime:0.001000s ]
[2023-03-29T13:25:06+08:00][sql] SHOW FULL COLUMNS FROM `ls_goods_material_category` [ RunTime:0.007000s ]
[2023-03-29T13:25:06+08:00][sql] SELECT * FROM `ls_goods_material_category` WHERE  `goods_id` IN (2,1) [ RunTime:0.001000s ]
[2023-03-29T13:25:06+08:00][sql] SHOW FULL COLUMNS FROM `ls_goods_material` [ RunTime:0.004000s ]
[2023-03-29T13:25:06+08:00][sql] SELECT * FROM `ls_goods_material` WHERE  `material_category_id` IN (1,2,3,4,5,6) [ RunTime:0.001000s ]
[2023-03-29T13:25:06+08:00][sql] SHOW FULL COLUMNS FROM `ls_material_category` [ RunTime:0.008000s ]
[2023-03-29T13:25:06+08:00][sql] SELECT * FROM `ls_material_category` WHERE  `id` IN (1,5,4) [ RunTime:0.001000s ]
[2023-03-29T13:25:06+08:00][sql] SHOW FULL COLUMNS FROM `ls_material` [ RunTime:0.006001s ]
[2023-03-29T13:25:06+08:00][sql] SELECT `id`,`name`,`price` FROM `ls_material` WHERE  `del` = 0 ORDER BY `sort` DESC [ RunTime:0.000000s ]
[2023-03-29T13:25:06+08:00][sql] SHOW FULL COLUMNS FROM `ls_shop_goods_item` [ RunTime:0.006000s ]
[2023-03-29T13:25:06+08:00][sql] SELECT `item_id`,`price`,`stock` FROM `ls_shop_goods_item` WHERE  `goods_id` IN (2,1)  AND `shop_id` = 1 [ RunTime:0.001000s ]
[2023-03-29T13:25:06+08:00][sql] SHOW FULL COLUMNS FROM `ls_goods_spec` [ RunTime:0.005001s ]
[2023-03-29T13:25:06+08:00][sql] SELECT `id`,`name`,`goods_id` FROM `ls_goods_spec` WHERE  `goods_id` IN (2,1) [ RunTime:0.001000s ]
[2023-03-29T13:25:06+08:00][sql] SHOW FULL COLUMNS FROM `ls_goods_spec_value` [ RunTime:0.007000s ]
[2023-03-29T13:25:06+08:00][sql] SELECT `id`,`spec_id`,`value` FROM `ls_goods_spec_value` WHERE  `spec_id` IN (1,2) [ RunTime:0.001000s ]
[2023-03-29T13:25:06+08:00][sql] SELECT `id`,`shop_sn`,`name`,`contact`,`phone`,`province_id`,`city_id`,`district_id`,`address`,`longitude`,`latitude`,`business_start_time`,`business_end_time`,`weekdays`,`delivery_distance`,`delivery_buy_limit`,`delivery_freight`,`status`,`pricing_policy`,`delivery_type`,`create_time` FROM `ls_shop` WHERE  `id` = 1  AND `del` = 0 LIMIT 1 [ RunTime:0.001000s ]
[2023-03-29T13:25:06+08:00][sql] SELECT * FROM `ls_goods_item` WHERE  `goods_id` IN (4,3) [ RunTime:0.001000s ]
[2023-03-29T13:25:06+08:00][sql] SELECT * FROM `ls_goods_material_category` WHERE  `goods_id` IN (4,3) [ RunTime:0.001001s ]
[2023-03-29T13:25:06+08:00][sql] SELECT * FROM `ls_goods_material` WHERE  `material_category_id` IN (7,8,9,10) [ RunTime:0.001000s ]
[2023-03-29T13:25:06+08:00][sql] SELECT * FROM `ls_material_category` WHERE  `id` IN (1,5) [ RunTime:0.001000s ]
[2023-03-29T13:25:06+08:00][sql] SELECT `id`,`name`,`price` FROM `ls_material` WHERE  `del` = 0 ORDER BY `sort` DESC [ RunTime:0.001000s ]
[2023-03-29T13:25:06+08:00][sql] SELECT `item_id`,`price`,`stock` FROM `ls_shop_goods_item` WHERE  `goods_id` IN (4,3)  AND `shop_id` = 1 [ RunTime:0.000000s ]
[2023-03-29T13:25:06+08:00][sql] SELECT `id`,`name`,`goods_id` FROM `ls_goods_spec` WHERE  `goods_id` IN (4,3) [ RunTime:0.001000s ]
[2023-03-29T13:25:06+08:00][sql] SELECT `id`,`spec_id`,`value` FROM `ls_goods_spec_value` WHERE  `spec_id` IN (3,4) [ RunTime:0.000000s ]
[2023-03-29T13:25:06+08:00][sql] SELECT `id`,`shop_sn`,`name`,`contact`,`phone`,`province_id`,`city_id`,`district_id`,`address`,`longitude`,`latitude`,`business_start_time`,`business_end_time`,`weekdays`,`delivery_distance`,`delivery_buy_limit`,`delivery_freight`,`status`,`pricing_policy`,`delivery_type`,`create_time` FROM `ls_shop` WHERE  `id` = 1  AND `del` = 0 LIMIT 1 [ RunTime:0.000000s ]
[2023-03-29T13:25:06+08:00][sql] SELECT * FROM `ls_goods_item` WHERE  `goods_id` IN (8,7,6,5) [ RunTime:0.000000s ]
[2023-03-29T13:25:06+08:00][sql] SELECT * FROM `ls_goods_material_category` WHERE  `goods_id` IN (8,7,6,5) [ RunTime:0.001000s ]
[2023-03-29T13:25:06+08:00][sql] SELECT * FROM `ls_goods_material` WHERE  `material_category_id` IN (11,12,13,14,15,16,17,18,19,20,21,22) [ RunTime:0.000000s ]
[2023-03-29T13:25:06+08:00][sql] SELECT * FROM `ls_material_category` WHERE  `id` IN (1,5,4) [ RunTime:0.001000s ]
[2023-03-29T13:25:06+08:00][sql] SELECT `id`,`name`,`price` FROM `ls_material` WHERE  `del` = 0 ORDER BY `sort` DESC [ RunTime:0.001000s ]
[2023-03-29T13:25:06+08:00][sql] SELECT `item_id`,`price`,`stock` FROM `ls_shop_goods_item` WHERE  `goods_id` IN (8,7,6,5)  AND `shop_id` = 1 [ RunTime:0.001001s ]
[2023-03-29T13:25:06+08:00][sql] SELECT `id`,`name`,`goods_id` FROM `ls_goods_spec` WHERE  `goods_id` IN (8,7,6,5) [ RunTime:0.001000s ]
[2023-03-29T13:25:06+08:00][sql] SELECT `id`,`spec_id`,`value` FROM `ls_goods_spec_value` WHERE  `spec_id` IN (5,6,7,8) [ RunTime:0.001000s ]
[2023-03-29T13:25:06+08:00][sql] SELECT `id`,`shop_sn`,`name`,`contact`,`phone`,`province_id`,`city_id`,`district_id`,`address`,`longitude`,`latitude`,`business_start_time`,`business_end_time`,`weekdays`,`delivery_distance`,`delivery_buy_limit`,`delivery_freight`,`status`,`pricing_policy`,`delivery_type`,`create_time` FROM `ls_shop` WHERE  `id` = 1  AND `del` = 0 LIMIT 1 [ RunTime:0.001000s ]
[2023-03-29T13:25:06+08:00][sql] SELECT * FROM `ls_goods_item` WHERE  `goods_id` IN (12,11,10,9) [ RunTime:0.000000s ]
[2023-03-29T13:25:06+08:00][sql] SELECT * FROM `ls_goods_material_category` WHERE  `goods_id` IN (12,11,10,9) [ RunTime:0.000000s ]
[2023-03-29T13:25:06+08:00][sql] SELECT * FROM `ls_goods_material` WHERE  `material_category_id` IN (23,24,25) [ RunTime:0.001000s ]
[2023-03-29T13:25:06+08:00][sql] SELECT * FROM `ls_material_category` WHERE  `id` IN (1,6) [ RunTime:0.001000s ]
[2023-03-29T13:25:06+08:00][sql] SELECT `id`,`name`,`price` FROM `ls_material` WHERE  `del` = 0 ORDER BY `sort` DESC [ RunTime:0.001000s ]
[2023-03-29T13:25:06+08:00][sql] SELECT `item_id`,`price`,`stock` FROM `ls_shop_goods_item` WHERE  `goods_id` IN (12,11,10,9)  AND `shop_id` = 1 [ RunTime:0.001000s ]
[2023-03-29T13:25:06+08:00][sql] SELECT `id`,`name`,`goods_id` FROM `ls_goods_spec` WHERE  `goods_id` IN (12,11,10,9) [ RunTime:0.000000s ]
[2023-03-29T13:25:06+08:00][sql] SELECT `id`,`spec_id`,`value` FROM `ls_goods_spec_value` WHERE  `spec_id` IN (9,10,11,12) [ RunTime:0.000000s ]
[2023-03-29T13:25:08+08:00][sql] CONNECT:[ UseTime:0.003000s ] mysql:host=127.0.0.1;port=3306;dbname=cdiancan;charset=utf8mb4
[2023-03-29T13:25:08+08:00][sql] SHOW FULL COLUMNS FROM `ls_session` [ RunTime:0.007000s ]
[2023-03-29T13:25:08+08:00][sql] SELECT * FROM `ls_session` WHERE  `token` = '[object Undefined]' LIMIT 1 [ RunTime:0.001000s ]
[2023-03-29T13:25:08+08:00][sql] SHOW FULL COLUMNS FROM `ls_config` [ RunTime:0.001000s ]
[2023-03-29T13:25:08+08:00][sql] SELECT `value` FROM `ls_config` WHERE  `type` = 'mnp'  AND `name` = 'app_id'  AND `shop_id` = 0 LIMIT 1 [ RunTime:0.001000s ]
[2023-03-29T13:25:08+08:00][sql] SELECT `value` FROM `ls_config` WHERE  `type` = 'mnp'  AND `name` = 'secret'  AND `shop_id` = 0 LIMIT 1 [ RunTime:0.001000s ]
[2023-03-29T13:25:08+08:00][sql] SELECT `value` FROM `ls_config` WHERE  `type` = 'mnp'  AND `name` = 'mch_id'  AND `shop_id` = 0 LIMIT 1 [ RunTime:0.000000s ]
[2023-03-29T13:25:08+08:00][sql] SELECT `value` FROM `ls_config` WHERE  `type` = 'mnp'  AND `name` = 'key'  AND `shop_id` = 0 LIMIT 1 [ RunTime:0.001000s ]
[2023-03-29T13:25:08+08:00][sql] SHOW FULL COLUMNS FROM `ls_user_auth` [ RunTime:0.005000s ]
[2023-03-29T13:25:08+08:00][sql] SELECT `user_id` FROM `ls_user_auth` `au` INNER JOIN `ls_user` `u` ON `au`.`user_id`=`u`.`id` WHERE  `u`.`del` = 0  AND (  `au`.`openid` = 'oNgxq5Esrga1LQZQW-rAHDRTQRXk' ) LIMIT 1 [ RunTime:0.004001s ]
[2023-03-29T13:25:09+08:00][sql] CONNECT:[ UseTime:0.001000s ] mysql:host=127.0.0.1;port=3306;dbname=cdiancan;charset=utf8mb4
[2023-03-29T13:25:09+08:00][sql] SHOW FULL COLUMNS FROM `ls_session` [ RunTime:0.005000s ]
[2023-03-29T13:25:09+08:00][sql] SELECT * FROM `ls_session` WHERE  `token` = '[object Undefined]' LIMIT 1 [ RunTime:0.001000s ]
[2023-03-29T13:25:09+08:00][sql] SHOW FULL COLUMNS FROM `ls_shop` [ RunTime:0.004000s ]
[2023-03-29T13:25:09+08:00][sql] SELECT id,name,phone,longitude,latitude,business_start_time,business_end_time,status,round(st_distance_sphere(point(110.39215,23.53919),point(longitude, latitude))/1000,2) as distance,province_id,city_id,district_id,address,delivery_type,weekdays FROM `ls_shop` WHERE  `del` = 0  AND `id` = 1  AND FIND_IN_SET(1, `delivery_type`) ORDER BY `distance` ASC LIMIT 0,15 [ RunTime:0.007001s ]
[2023-03-29T13:25:09+08:00][sql] SELECT COUNT(*) AS think_count FROM `ls_shop` WHERE  `del` = 0  AND `id` = 1  AND FIND_IN_SET(1, `delivery_type`) [ RunTime:0.001000s ]
[2023-03-29T13:25:09+08:00][sql] SHOW FULL COLUMNS FROM `ls_coupon` [ RunTime:0.004000s ]
[2023-03-29T13:25:09+08:00][sql] SELECT `shop_id` FROM `ls_coupon` WHERE  `status` = 2 [ RunTime:0.000000s ]
[2023-03-29T13:25:09+08:00][sql] SHOW FULL COLUMNS FROM `ls_dev_region` [ RunTime:0.004001s ]
[2023-03-29T13:25:09+08:00][sql] SELECT `id`,`id`,`name` FROM `ls_dev_region` [ RunTime:0.006000s ]
[2023-03-29T13:25:10+08:00][sql] CONNECT:[ UseTime:0.001000s ] mysql:host=127.0.0.1;port=3306;dbname=cdiancan;charset=utf8mb4
[2023-03-29T13:25:10+08:00][sql] SHOW FULL COLUMNS FROM `ls_session` [ RunTime:0.005001s ]
[2023-03-29T13:25:10+08:00][sql] SELECT * FROM `ls_session` WHERE  `token` = '[object Undefined]' LIMIT 1 [ RunTime:0.001000s ]
[2023-03-29T13:25:10+08:00][sql] CONNECT:[ UseTime:0.001000s ] mysql:host=127.0.0.1;port=3306;dbname=cdiancan;charset=utf8mb4
[2023-03-29T13:25:10+08:00][sql] SHOW FULL COLUMNS FROM `ls_session` [ RunTime:0.004000s ]
[2023-03-29T13:25:10+08:00][sql] SELECT * FROM `ls_session` WHERE  `token` = '[object Undefined]' LIMIT 1 [ RunTime:0.000000s ]
[2023-03-29T13:25:10+08:00][sql] SHOW FULL COLUMNS FROM `ls_decorate_mine` [ RunTime:0.004000s ]
[2023-03-29T13:25:10+08:00][sql] SELECT * FROM `ls_decorate_mine` WHERE  `is_show` = 1  AND `del` = 0 [ RunTime:0.001000s ]
[2023-03-29T13:25:10+08:00][sql] CONNECT:[ UseTime:0.002000s ] mysql:host=127.0.0.1;port=3306;dbname=cdiancan;charset=utf8mb4
[2023-03-29T13:25:10+08:00][sql] SHOW FULL COLUMNS FROM `ls_session` [ RunTime:0.004000s ]
[2023-03-29T13:25:10+08:00][sql] SELECT * FROM `ls_session` WHERE  `token` = '[object Undefined]' LIMIT 1 [ RunTime:0.000000s ]
[2023-03-29T13:25:10+08:00][sql] CONNECT:[ UseTime:0.012001s ] mysql:host=127.0.0.1;port=3306;dbname=cdiancan;charset=utf8mb4
[2023-03-29T13:25:10+08:00][sql] SHOW FULL COLUMNS FROM `ls_session` [ RunTime:0.006000s ]
[2023-03-29T13:25:10+08:00][sql] SELECT * FROM `ls_session` WHERE  `token` = '[object Undefined]' LIMIT 1 [ RunTime:0.001000s ]
[2023-03-29T13:25:10+08:00][sql] SHOW FULL COLUMNS FROM `ls_decorate_mine` [ RunTime:0.004000s ]
[2023-03-29T13:25:10+08:00][sql] SELECT * FROM `ls_decorate_mine` WHERE  `is_show` = 1  AND `del` = 0 [ RunTime:0.001000s ]
[2023-03-29T13:25:11+08:00][sql] CONNECT:[ UseTime:0.001000s ] mysql:host=127.0.0.1;port=3306;dbname=cdiancan;charset=utf8mb4
[2023-03-29T13:25:11+08:00][sql] SHOW FULL COLUMNS FROM `ls_session` [ RunTime:0.004001s ]
[2023-03-29T13:25:11+08:00][sql] SELECT * FROM `ls_session` WHERE  `token` = '[object Undefined]' LIMIT 1 [ RunTime:0.001000s ]
[2023-03-29T13:25:11+08:00][sql] SHOW FULL COLUMNS FROM `ls_config` [ RunTime:0.001000s ]
[2023-03-29T13:25:11+08:00][sql] SELECT `value` FROM `ls_config` WHERE  `type` = 'mnp'  AND `name` = 'app_id'  AND `shop_id` = 0 LIMIT 1 [ RunTime:0.001000s ]
[2023-03-29T13:25:11+08:00][sql] SELECT `value` FROM `ls_config` WHERE  `type` = 'mnp'  AND `name` = 'secret'  AND `shop_id` = 0 LIMIT 1 [ RunTime:0.000000s ]
[2023-03-29T13:25:11+08:00][sql] SELECT `value` FROM `ls_config` WHERE  `type` = 'mnp'  AND `name` = 'mch_id'  AND `shop_id` = 0 LIMIT 1 [ RunTime:0.001000s ]
[2023-03-29T13:25:11+08:00][sql] SELECT `value` FROM `ls_config` WHERE  `type` = 'mnp'  AND `name` = 'key'  AND `shop_id` = 0 LIMIT 1 [ RunTime:0.001001s ]
[2023-03-29T13:25:11+08:00][sql] SHOW FULL COLUMNS FROM `ls_user_auth` [ RunTime:0.004001s ]
[2023-03-29T13:25:11+08:00][sql] SELECT `user_id` FROM `ls_user_auth` `au` INNER JOIN `ls_user` `u` ON `au`.`user_id`=`u`.`id` WHERE  `u`.`del` = 0  AND (  `au`.`openid` = 'oNgxq5Esrga1LQZQW-rAHDRTQRXk' ) LIMIT 1 [ RunTime:0.004000s ]
[2023-03-29T13:25:28+08:00][sql] CONNECT:[ UseTime:0.001000s ] mysql:host=127.0.0.1;port=3306;dbname=cdiancan;charset=utf8mb4
[2023-03-29T13:25:28+08:00][sql] SHOW FULL COLUMNS FROM `ls_session` [ RunTime:0.001000s ]
[2023-03-29T13:25:28+08:00][sql] SELECT * FROM `ls_session` WHERE  `token` = '[object Undefined]' LIMIT 1 [ RunTime:0.001000s ]
[2023-03-29T13:25:28+08:00][sql] SHOW FULL COLUMNS FROM `ls_config` [ RunTime:0.001000s ]
[2023-03-29T13:25:28+08:00][sql] SELECT `value` FROM `ls_config` WHERE  `type` = 'mnp'  AND `name` = 'app_id'  AND `shop_id` = 0 LIMIT 1 [ RunTime:0.000000s ]
[2023-03-29T13:25:28+08:00][sql] SELECT `value` FROM `ls_config` WHERE  `type` = 'mnp'  AND `name` = 'secret'  AND `shop_id` = 0 LIMIT 1 [ RunTime:0.001000s ]
[2023-03-29T13:25:28+08:00][sql] SELECT `value` FROM `ls_config` WHERE  `type` = 'mnp'  AND `name` = 'mch_id'  AND `shop_id` = 0 LIMIT 1 [ RunTime:0.000000s ]
[2023-03-29T13:25:28+08:00][sql] SELECT `value` FROM `ls_config` WHERE  `type` = 'mnp'  AND `name` = 'key'  AND `shop_id` = 0 LIMIT 1 [ RunTime:0.001000s ]
[2023-03-29T13:25:28+08:00][sql] SHOW FULL COLUMNS FROM `ls_user_auth` [ RunTime:0.003000s ]
[2023-03-29T13:25:28+08:00][sql] SELECT `user_id` FROM `ls_user_auth` `au` INNER JOIN `ls_user` `u` ON `au`.`user_id`=`u`.`id` WHERE  `u`.`del` = 0  AND (  `au`.`openid` = 'oNgxq5Esrga1LQZQW-rAHDRTQRXk' ) LIMIT 1 [ RunTime:0.003000s ]
[2023-03-29T13:25:28+08:00][sql] SELECT `value` FROM `ls_config` WHERE  `type` = 'storage'  AND `name` = 'default'  AND `shop_id` = 0 LIMIT 1 [ RunTime:0.001000s ]
[2023-03-29T13:25:28+08:00][sql] SELECT `name`,`value` FROM `ls_config` WHERE  `type` = 'storage_engine'  AND `shop_id` = 0 [ RunTime:0.000000s ]
[2023-03-29T13:25:28+08:00][sql] SHOW FULL COLUMNS FROM `ls_user` [ RunTime:0.001001s ]
[2023-03-29T13:25:28+08:00][sql] SELECT * FROM `ls_user` WHERE  `sn` = '61277479' LIMIT 1 [ RunTime:0.001000s ]
[2023-03-29T13:25:28+08:00][sql] INSERT INTO `ls_user` SET `nickname` = '一' , `sn` = '61277479' , `avatar` = 'uploads/user/avatar/8f0c7875c4877433d0da4acf80c1fa26.jpeg' , `create_time` = 1680067528 , `client` = 1 , `update_time` = 1680067528 [ RunTime:0.001000s ]
[2023-03-29T13:25:28+08:00][sql] INSERT INTO `ls_user_auth` SET `user_id` = 2 , `openid` = 'oNgxq5Esrga1LQZQW-rAHDRTQRXk' , `create_time` = 1680067528 , `unionid` = '' , `client` = 1 , `update_time` = 1680067528 [ RunTime:0.000000s ]
[2023-03-29T13:25:28+08:00][sql] SELECT `id`,`nickname`,`avatar`,`disable` FROM `ls_user` WHERE  `id` = 2 LIMIT 1 [ RunTime:0.001000s ]
[2023-03-29T13:25:28+08:00][sql] SELECT `token` FROM `ls_session` WHERE  `user_id` = 2  AND `client` = 1 LIMIT 1 [ RunTime:0.001000s ]
[2023-03-29T13:25:28+08:00][sql] SELECT * FROM `ls_session` WHERE  `user_id` = 2  AND `client` = 1 LIMIT 1 [ RunTime:0.000000s ]
[2023-03-29T13:25:28+08:00][sql] INSERT INTO `ls_session` SET `user_id` = 2 , `token` = 'fe601e53afd7952189abd01e789b6e0c' , `client` = 1 , `update_time` = 1680067528 , `expire_time` = 1680153928 [ RunTime:0.001000s ]
[2023-03-29T13:25:28+08:00][sql] UPDATE `ls_user`  SET `login_time` = 1680067528 , `login_ip` = '127.0.0.1'  WHERE  `id` = 2 [ RunTime:0.002000s ]
[2023-03-29T13:25:28+08:00][sql] SELECT `u`.*,`s`.`token`,`s`.`client` FROM `ls_user` `u` INNER JOIN `ls_session` `s` ON `u`.`id`=`s`.`user_id` WHERE  `s`.`token` = 'fe601e53afd7952189abd01e789b6e0c' LIMIT 1 [ RunTime:0.001000s ]
[2023-03-29T13:25:28+08:00][sql] CONNECT:[ UseTime:0.001000s ] mysql:host=127.0.0.1;port=3306;dbname=cdiancan;charset=utf8mb4
[2023-03-29T13:25:28+08:00][sql] SHOW FULL COLUMNS FROM `ls_user` [ RunTime:0.006000s ]
[2023-03-29T13:25:28+08:00][sql] SELECT * FROM `ls_user` WHERE  `id` = 2 LIMIT 1 [ RunTime:0.000000s ]
[2023-03-29T13:25:28+08:00][sql] CONNECT:[ UseTime:0.001000s ] mysql:host=127.0.0.1;port=3306;dbname=cdiancan;charset=utf8mb4
[2023-03-29T13:25:28+08:00][sql] SHOW FULL COLUMNS FROM `ls_decorate_mine` [ RunTime:0.003000s ]
[2023-03-29T13:25:28+08:00][sql] SELECT * FROM `ls_decorate_mine` WHERE  `is_show` = 1  AND `del` = 0 [ RunTime:0.001001s ]
[2023-03-29T13:25:28+08:00][sql] CONNECT:[ UseTime:0.001000s ] mysql:host=127.0.0.1;port=3306;dbname=cdiancan;charset=utf8mb4
[2023-03-29T13:25:28+08:00][sql] SHOW FULL COLUMNS FROM `ls_user` [ RunTime:0.004001s ]
[2023-03-29T13:25:28+08:00][sql] SELECT * FROM `ls_user` WHERE  `id` = 2 LIMIT 1 [ RunTime:0.000000s ]
