[2023-02-23T14:26:45+08:00][sql] CONNECT:[ UseTime:0.001000s ] mysql:host=127.0.0.1;port=3306;dbname=cdiancan;charset=utf8mb4
[2023-02-23T14:26:45+08:00][sql] SHOW FULL COLUMNS FROM `ls_config` [ RunTime:0.001000s ]
[2023-02-23T14:26:45+08:00][sql] SELECT `value` FROM `ls_config` WHERE  `type` = 'copyright'  AND `name` = 'company_name'  AND `shop_id` = 0 LIMIT 1 [ RunTime:0.000000s ]
[2023-02-23T14:26:45+08:00][sql] SHOW FULL COLUMNS FROM `ls_shop_admin` [ RunTime:0.004001s ]
[2023-02-23T14:26:45+08:00][sql] SELECT `S`.`id`,`SA`.`account`,`SA`.`name`,`SA`.`role_id`,`SA`.`shop_id`,S.name as shop_name FROM `ls_shop_admin` `SA` INNER JOIN `ls_shop` `S` ON `S`.`id`=`SA`.`shop_id` WHERE  `SA`.`shop_id` = '1'  AND `SA`.`root` = 1  AND `SA`.`del` = 0 LIMIT 1 [ RunTime:0.001000s ]
[2023-02-23T14:26:45+08:00][sql] CONNECT:[ UseTime:0.002000s ] mysql:host=127.0.0.1;port=3306;dbname=cdiancan;charset=utf8mb4
[2023-02-23T14:26:45+08:00][sql] SHOW FULL COLUMNS FROM `ls_config` [ RunTime:0.002000s ]
[2023-02-23T14:26:45+08:00][sql] SELECT `value` FROM `ls_config` WHERE  `type` = 'copyright'  AND `name` = 'company_name'  AND `shop_id` = 0 LIMIT 1 [ RunTime:0.000000s ]
[2023-02-23T14:26:45+08:00][sql] SELECT `value` FROM `ls_config` WHERE  `type` = 'website'  AND `name` = 'shop_name'  AND `shop_id` = 0 LIMIT 1 [ RunTime:0.001000s ]
[2023-02-23T14:26:45+08:00][sql] SELECT `value` FROM `ls_config` WHERE  `type` = 'website'  AND `name` = 'web_favicon'  AND `shop_id` = 0 LIMIT 1 [ RunTime:0.000000s ]
[2023-02-23T14:26:45+08:00][sql] SELECT `value` FROM `ls_config` WHERE  `type` = 'website'  AND `name` = 'shop_logo'  AND `shop_id` = 0 LIMIT 1 [ RunTime:0.001000s ]
[2023-02-23T14:26:45+08:00][sql] SHOW FULL COLUMNS FROM `ls_dev_shop_auth` [ RunTime:0.006000s ]
[2023-02-23T14:26:45+08:00][sql] SELECT * FROM `ls_dev_shop_auth` WHERE  `type` = 1  AND `del` = 0  AND `disable` = 0 ORDER BY `sort` DESC [ RunTime:0.001000s ]
[2023-02-23T14:26:45+08:00][sql] SHOW FULL COLUMNS FROM `ls_shop_role` [ RunTime:0.006000s ]
[2023-02-23T14:26:45+08:00][sql] SELECT `name` FROM `ls_shop_role` WHERE  `id` = 0 LIMIT 1 [ RunTime:0.001000s ]
[2023-02-23T14:26:45+08:00][sql] CONNECT:[ UseTime:0.001000s ] mysql:host=127.0.0.1;port=3306;dbname=cdiancan;charset=utf8mb4
[2023-02-23T14:26:45+08:00][sql] SHOW FULL COLUMNS FROM `ls_config` [ RunTime:0.004000s ]
[2023-02-23T14:26:45+08:00][sql] SELECT `value` FROM `ls_config` WHERE  `type` = 'copyright'  AND `name` = 'company_name'  AND `shop_id` = 0 LIMIT 1 [ RunTime:0.000000s ]
[2023-02-23T14:26:45+08:00][sql] SHOW FULL COLUMNS FROM `ls_order` [ RunTime:0.004000s ]
[2023-02-23T14:26:45+08:00][sql] SELECT * FROM `ls_order` WHERE  `del` = 0  AND `shop_id` = 1  AND `pay_status` = 1  AND `create_time` BETWEEN 1677081600 AND 1677167999 [ RunTime:0.001000s ]
[2023-02-23T14:26:46+08:00][sql] CONNECT:[ UseTime:0.001001s ] mysql:host=127.0.0.1;port=3306;dbname=cdiancan;charset=utf8mb4
[2023-02-23T14:26:46+08:00][sql] SHOW FULL COLUMNS FROM `ls_config` [ RunTime:0.001000s ]
[2023-02-23T14:26:46+08:00][sql] SELECT `value` FROM `ls_config` WHERE  `type` = 'copyright'  AND `name` = 'company_name'  AND `shop_id` = 0 LIMIT 1 [ RunTime:0.000000s ]
[2023-02-23T14:26:46+08:00][sql] SHOW FULL COLUMNS FROM `ls_order` [ RunTime:0.003000s ]
[2023-02-23T14:26:46+08:00][sql] SELECT SUM(`order_amount`) AS think_sum FROM `ls_order` WHERE  `shop_id` = 1  AND `create_time` BETWEEN 1675785600 AND 1675871999   AND `pay_status` = 1 [ RunTime:0.000000s ]
[2023-02-23T14:26:46+08:00][sql] SELECT COUNT(`id`) AS think_count FROM `ls_order` WHERE  `shop_id` = 1  AND `create_time` BETWEEN 1675785600 AND 1675871999   AND `pay_status` = 1 [ RunTime:0.001000s ]
[2023-02-23T14:26:46+08:00][sql] SELECT SUM(`order_amount`) AS think_sum FROM `ls_order` WHERE  `shop_id` = 1  AND `create_time` BETWEEN 1675872000 AND 1675958399   AND `pay_status` = 1 [ RunTime:0.000000s ]
[2023-02-23T14:26:46+08:00][sql] SELECT COUNT(`id`) AS think_count FROM `ls_order` WHERE  `shop_id` = 1  AND `create_time` BETWEEN 1675872000 AND 1675958399   AND `pay_status` = 1 [ RunTime:0.001000s ]
[2023-02-23T14:26:46+08:00][sql] SELECT SUM(`order_amount`) AS think_sum FROM `ls_order` WHERE  `shop_id` = 1  AND `create_time` BETWEEN 1675958400 AND 1676044799   AND `pay_status` = 1 [ RunTime:0.000000s ]
[2023-02-23T14:26:46+08:00][sql] SELECT COUNT(`id`) AS think_count FROM `ls_order` WHERE  `shop_id` = 1  AND `create_time` BETWEEN 1675958400 AND 1676044799   AND `pay_status` = 1 [ RunTime:0.000000s ]
[2023-02-23T14:26:46+08:00][sql] SELECT SUM(`order_amount`) AS think_sum FROM `ls_order` WHERE  `shop_id` = 1  AND `create_time` BETWEEN 1676044800 AND 1676131199   AND `pay_status` = 1 [ RunTime:0.001000s ]
[2023-02-23T14:26:46+08:00][sql] SELECT COUNT(`id`) AS think_count FROM `ls_order` WHERE  `shop_id` = 1  AND `create_time` BETWEEN 1676044800 AND 1676131199   AND `pay_status` = 1 [ RunTime:0.000000s ]
[2023-02-23T14:26:46+08:00][sql] SELECT SUM(`order_amount`) AS think_sum FROM `ls_order` WHERE  `shop_id` = 1  AND `create_time` BETWEEN 1676131200 AND 1676217599   AND `pay_status` = 1 [ RunTime:0.001000s ]
[2023-02-23T14:26:46+08:00][sql] SELECT COUNT(`id`) AS think_count FROM `ls_order` WHERE  `shop_id` = 1  AND `create_time` BETWEEN 1676131200 AND 1676217599   AND `pay_status` = 1 [ RunTime:0.000000s ]
[2023-02-23T14:26:46+08:00][sql] SELECT SUM(`order_amount`) AS think_sum FROM `ls_order` WHERE  `shop_id` = 1  AND `create_time` BETWEEN 1676217600 AND 1676303999   AND `pay_status` = 1 [ RunTime:0.001000s ]
[2023-02-23T14:26:46+08:00][sql] SELECT COUNT(`id`) AS think_count FROM `ls_order` WHERE  `shop_id` = 1  AND `create_time` BETWEEN 1676217600 AND 1676303999   AND `pay_status` = 1 [ RunTime:0.000000s ]
[2023-02-23T14:26:46+08:00][sql] SELECT SUM(`order_amount`) AS think_sum FROM `ls_order` WHERE  `shop_id` = 1  AND `create_time` BETWEEN 1676304000 AND 1676390399   AND `pay_status` = 1 [ RunTime:0.001001s ]
[2023-02-23T14:26:46+08:00][sql] SELECT COUNT(`id`) AS think_count FROM `ls_order` WHERE  `shop_id` = 1  AND `create_time` BETWEEN 1676304000 AND 1676390399   AND `pay_status` = 1 [ RunTime:0.000000s ]
[2023-02-23T14:26:46+08:00][sql] SELECT SUM(`order_amount`) AS think_sum FROM `ls_order` WHERE  `shop_id` = 1  AND `create_time` BETWEEN 1676390400 AND 1676476799   AND `pay_status` = 1 [ RunTime:0.000000s ]
[2023-02-23T14:26:46+08:00][sql] SELECT COUNT(`id`) AS think_count FROM `ls_order` WHERE  `shop_id` = 1  AND `create_time` BETWEEN 1676390400 AND 1676476799   AND `pay_status` = 1 [ RunTime:0.000000s ]
[2023-02-23T14:26:46+08:00][sql] SELECT SUM(`order_amount`) AS think_sum FROM `ls_order` WHERE  `shop_id` = 1  AND `create_time` BETWEEN 1676476800 AND 1676563199   AND `pay_status` = 1 [ RunTime:0.000000s ]
[2023-02-23T14:26:46+08:00][sql] SELECT COUNT(`id`) AS think_count FROM `ls_order` WHERE  `shop_id` = 1  AND `create_time` BETWEEN 1676476800 AND 1676563199   AND `pay_status` = 1 [ RunTime:0.000000s ]
[2023-02-23T14:26:46+08:00][sql] SELECT SUM(`order_amount`) AS think_sum FROM `ls_order` WHERE  `shop_id` = 1  AND `create_time` BETWEEN 1676563200 AND 1676649599   AND `pay_status` = 1 [ RunTime:0.000000s ]
[2023-02-23T14:26:46+08:00][sql] SELECT COUNT(`id`) AS think_count FROM `ls_order` WHERE  `shop_id` = 1  AND `create_time` BETWEEN 1676563200 AND 1676649599   AND `pay_status` = 1 [ RunTime:0.001000s ]
[2023-02-23T14:26:46+08:00][sql] SELECT SUM(`order_amount`) AS think_sum FROM `ls_order` WHERE  `shop_id` = 1  AND `create_time` BETWEEN 1676649600 AND 1676735999   AND `pay_status` = 1 [ RunTime:0.000000s ]
[2023-02-23T14:26:46+08:00][sql] SELECT COUNT(`id`) AS think_count FROM `ls_order` WHERE  `shop_id` = 1  AND `create_time` BETWEEN 1676649600 AND 1676735999   AND `pay_status` = 1 [ RunTime:0.001000s ]
[2023-02-23T14:26:46+08:00][sql] SELECT SUM(`order_amount`) AS think_sum FROM `ls_order` WHERE  `shop_id` = 1  AND `create_time` BETWEEN 1676736000 AND 1676822399   AND `pay_status` = 1 [ RunTime:0.000000s ]
[2023-02-23T14:26:46+08:00][sql] SELECT COUNT(`id`) AS think_count FROM `ls_order` WHERE  `shop_id` = 1  AND `create_time` BETWEEN 1676736000 AND 1676822399   AND `pay_status` = 1 [ RunTime:0.001000s ]
[2023-02-23T14:26:46+08:00][sql] SELECT SUM(`order_amount`) AS think_sum FROM `ls_order` WHERE  `shop_id` = 1  AND `create_time` BETWEEN 1676822400 AND 1676908799   AND `pay_status` = 1 [ RunTime:0.000000s ]
[2023-02-23T14:26:46+08:00][sql] SELECT COUNT(`id`) AS think_count FROM `ls_order` WHERE  `shop_id` = 1  AND `create_time` BETWEEN 1676822400 AND 1676908799   AND `pay_status` = 1 [ RunTime:0.001000s ]
[2023-02-23T14:26:46+08:00][sql] SELECT SUM(`order_amount`) AS think_sum FROM `ls_order` WHERE  `shop_id` = 1  AND `create_time` BETWEEN 1676908800 AND 1676995199   AND `pay_status` = 1 [ RunTime:0.000000s ]
[2023-02-23T14:26:46+08:00][sql] SELECT COUNT(`id`) AS think_count FROM `ls_order` WHERE  `shop_id` = 1  AND `create_time` BETWEEN 1676908800 AND 1676995199   AND `pay_status` = 1 [ RunTime:0.001000s ]
[2023-02-23T14:26:46+08:00][sql] SELECT SUM(`order_amount`) AS think_sum FROM `ls_order` WHERE  `shop_id` = 1  AND `create_time` BETWEEN 1676995200 AND 1677081599   AND `pay_status` = 1 [ RunTime:0.000000s ]
[2023-02-23T14:26:46+08:00][sql] SELECT COUNT(`id`) AS think_count FROM `ls_order` WHERE  `shop_id` = 1  AND `create_time` BETWEEN 1676995200 AND 1677081599   AND `pay_status` = 1 [ RunTime:0.001000s ]
[2023-02-23T14:26:49+08:00][sql] CONNECT:[ UseTime:0.001000s ] mysql:host=127.0.0.1;port=3306;dbname=cdiancan;charset=utf8mb4
[2023-02-23T14:26:49+08:00][sql] SHOW FULL COLUMNS FROM `ls_config` [ RunTime:0.004000s ]
[2023-02-23T14:26:49+08:00][sql] SELECT `value` FROM `ls_config` WHERE  `type` = 'copyright'  AND `name` = 'company_name'  AND `shop_id` = 0 LIMIT 1 [ RunTime:0.001000s ]
[2023-02-23T14:26:49+08:00][sql] CONNECT:[ UseTime:0.001000s ] mysql:host=127.0.0.1;port=3306;dbname=cdiancan;charset=utf8mb4
[2023-02-23T14:26:49+08:00][sql] SHOW FULL COLUMNS FROM `ls_config` [ RunTime:0.001000s ]
[2023-02-23T14:26:49+08:00][sql] SELECT `value` FROM `ls_config` WHERE  `type` = 'copyright'  AND `name` = 'company_name'  AND `shop_id` = 0 LIMIT 1 [ RunTime:0.000000s ]
[2023-02-23T14:26:49+08:00][sql] SHOW FULL COLUMNS FROM `ls_printer` [ RunTime:0.003000s ]
[2023-02-23T14:26:49+08:00][sql] SELECT `p`.*,pc.name as type_name FROM `ls_printer` `p` INNER JOIN `ls_printer_config` `pc` ON `p`.`printer_config_id`=`pc`.`id` WHERE  `p`.`del` = 0  AND `p`.`shop_id` = 1 ORDER BY `p`.`id` DESC [ RunTime:0.003000s ]
[2023-02-23T14:35:36+08:00][sql] CONNECT:[ UseTime:0.001000s ] mysql:host=127.0.0.1;port=3306;dbname=cdiancan;charset=utf8mb4
[2023-02-23T14:35:36+08:00][sql] SHOW FULL COLUMNS FROM `ls_config` [ RunTime:0.001000s ]
[2023-02-23T14:35:36+08:00][sql] SELECT `value` FROM `ls_config` WHERE  `type` = 'copyright'  AND `name` = 'company_name'  AND `shop_id` = 0 LIMIT 1 [ RunTime:0.000000s ]
[2023-02-23T14:35:36+08:00][sql] SHOW FULL COLUMNS FROM `ls_shop_role` [ RunTime:0.004001s ]
[2023-02-23T14:35:36+08:00][sql] SELECT * FROM `ls_shop_role` WHERE  `del` = 0 [ RunTime:0.000000s ]
[2023-02-23T14:35:36+08:00][sql] CONNECT:[ UseTime:0.001000s ] mysql:host=127.0.0.1;port=3306;dbname=cdiancan;charset=utf8mb4
[2023-02-23T14:35:36+08:00][sql] SHOW FULL COLUMNS FROM `ls_config` [ RunTime:0.001000s ]
[2023-02-23T14:35:36+08:00][sql] SELECT `value` FROM `ls_config` WHERE  `type` = 'copyright'  AND `name` = 'company_name'  AND `shop_id` = 0 LIMIT 1 [ RunTime:0.000000s ]
[2023-02-23T14:35:36+08:00][sql] SHOW FULL COLUMNS FROM `ls_shop_role` [ RunTime:0.004000s ]
[2023-02-23T14:35:36+08:00][sql] SHOW FULL COLUMNS FROM `ls_shop_admin` [ RunTime:0.004001s ]
[2023-02-23T14:35:36+08:00][sql] SELECT `id`,`name` FROM `ls_shop_role` WHERE  `del` = 0 [ RunTime:0.000000s ]
[2023-02-23T14:35:36+08:00][sql] SELECT COUNT(*) AS think_count FROM `ls_shop_admin` WHERE  `del` = 0  AND `shop_id` = 1 [ RunTime:0.001000s ]
[2023-02-23T14:35:36+08:00][sql] SELECT * FROM `ls_shop_admin` WHERE  `del` = 0  AND `shop_id` = 1 LIMIT 0,10 [ RunTime:0.000000s ]
[2023-02-23T14:35:46+08:00][sql] CONNECT:[ UseTime:0.002000s ] mysql:host=127.0.0.1;port=3306;dbname=cdiancan;charset=utf8mb4
[2023-02-23T14:35:46+08:00][sql] SHOW FULL COLUMNS FROM `ls_config` [ RunTime:0.001000s ]
[2023-02-23T14:35:46+08:00][sql] SELECT `value` FROM `ls_config` WHERE  `type` = 'copyright'  AND `name` = 'company_name'  AND `shop_id` = 0 LIMIT 1 [ RunTime:0.000000s ]
[2023-02-23T14:35:46+08:00][sql] SHOW FULL COLUMNS FROM `ls_printer_config` [ RunTime:0.004001s ]
[2023-02-23T14:35:46+08:00][sql] SELECT `id`,`name` FROM `ls_printer_config` WHERE  1 [ RunTime:0.001000s ]
[2023-02-23T14:35:46+08:00][sql] SHOW FULL COLUMNS FROM `ls_printer_template` [ RunTime:0.003000s ]
[2023-02-23T14:35:46+08:00][sql] SELECT `id`,`name` FROM `ls_printer_template` WHERE  `del` = 0 [ RunTime:0.000000s ]
[2023-02-23T14:50:11+08:00][sql] CONNECT:[ UseTime:0.001000s ] mysql:host=127.0.0.1;port=3306;dbname=cdiancan;charset=utf8mb4
[2023-02-23T14:50:11+08:00][sql] SHOW FULL COLUMNS FROM `ls_config` [ RunTime:0.001000s ]
[2023-02-23T14:50:11+08:00][sql] SELECT `value` FROM `ls_config` WHERE  `type` = 'copyright'  AND `name` = 'company_name'  AND `shop_id` = 0 LIMIT 1 [ RunTime:0.001000s ]
[2023-02-23T14:50:11+08:00][sql] SELECT `value` FROM `ls_config` WHERE  `type` = 'website'  AND `name` = 'shop_name'  AND `shop_id` = 0 LIMIT 1 [ RunTime:0.000000s ]
[2023-02-23T14:50:11+08:00][sql] SELECT `value` FROM `ls_config` WHERE  `type` = 'website'  AND `name` = 'web_favicon'  AND `shop_id` = 0 LIMIT 1 [ RunTime:0.001000s ]
[2023-02-23T14:50:11+08:00][sql] SELECT `value` FROM `ls_config` WHERE  `type` = 'website'  AND `name` = 'shop_logo'  AND `shop_id` = 0 LIMIT 1 [ RunTime:0.000000s ]
[2023-02-23T14:50:11+08:00][sql] SHOW FULL COLUMNS FROM `ls_dev_shop_auth` [ RunTime:0.003000s ]
[2023-02-23T14:50:11+08:00][sql] SELECT * FROM `ls_dev_shop_auth` WHERE  `type` = 1  AND `del` = 0  AND `disable` = 0 ORDER BY `sort` DESC [ RunTime:0.001000s ]
[2023-02-23T14:50:11+08:00][sql] SHOW FULL COLUMNS FROM `ls_shop_role` [ RunTime:0.001001s ]
[2023-02-23T14:50:11+08:00][sql] SELECT `name` FROM `ls_shop_role` WHERE  `id` = 0 LIMIT 1 [ RunTime:0.000000s ]
[2023-02-23T14:50:11+08:00][sql] CONNECT:[ UseTime:0.001000s ] mysql:host=127.0.0.1;port=3306;dbname=cdiancan;charset=utf8mb4
[2023-02-23T14:50:11+08:00][sql] SHOW FULL COLUMNS FROM `ls_config` [ RunTime:0.002000s ]
[2023-02-23T14:50:11+08:00][sql] SELECT `value` FROM `ls_config` WHERE  `type` = 'copyright'  AND `name` = 'company_name'  AND `shop_id` = 0 LIMIT 1 [ RunTime:0.000000s ]
[2023-02-23T14:50:11+08:00][sql] SHOW FULL COLUMNS FROM `ls_order` [ RunTime:0.004001s ]
[2023-02-23T14:50:11+08:00][sql] SELECT * FROM `ls_order` WHERE  `del` = 0  AND `shop_id` = 1  AND `pay_status` = 1  AND `create_time` BETWEEN 1677081600 AND 1677167999 [ RunTime:0.001000s ]
[2023-02-23T14:50:11+08:00][sql] CONNECT:[ UseTime:0.001000s ] mysql:host=127.0.0.1;port=3306;dbname=cdiancan;charset=utf8mb4
[2023-02-23T14:50:11+08:00][sql] SHOW FULL COLUMNS FROM `ls_config` [ RunTime:0.001000s ]
[2023-02-23T14:50:11+08:00][sql] SELECT `value` FROM `ls_config` WHERE  `type` = 'copyright'  AND `name` = 'company_name'  AND `shop_id` = 0 LIMIT 1 [ RunTime:0.001000s ]
[2023-02-23T14:50:11+08:00][sql] SHOW FULL COLUMNS FROM `ls_order` [ RunTime:0.001000s ]
[2023-02-23T14:50:11+08:00][sql] SELECT SUM(`order_amount`) AS think_sum FROM `ls_order` WHERE  `shop_id` = 1  AND `create_time` BETWEEN 1675785600 AND 1675871999   AND `pay_status` = 1 [ RunTime:0.001000s ]
[2023-02-23T14:50:11+08:00][sql] SELECT COUNT(`id`) AS think_count FROM `ls_order` WHERE  `shop_id` = 1  AND `create_time` BETWEEN 1675785600 AND 1675871999   AND `pay_status` = 1 [ RunTime:0.000000s ]
[2023-02-23T14:50:11+08:00][sql] SELECT SUM(`order_amount`) AS think_sum FROM `ls_order` WHERE  `shop_id` = 1  AND `create_time` BETWEEN 1675872000 AND 1675958399   AND `pay_status` = 1 [ RunTime:0.001000s ]
[2023-02-23T14:50:11+08:00][sql] SELECT COUNT(`id`) AS think_count FROM `ls_order` WHERE  `shop_id` = 1  AND `create_time` BETWEEN 1675872000 AND 1675958399   AND `pay_status` = 1 [ RunTime:0.000000s ]
[2023-02-23T14:50:11+08:00][sql] SELECT SUM(`order_amount`) AS think_sum FROM `ls_order` WHERE  `shop_id` = 1  AND `create_time` BETWEEN 1675958400 AND 1676044799   AND `pay_status` = 1 [ RunTime:0.000000s ]
[2023-02-23T14:50:11+08:00][sql] SELECT COUNT(`id`) AS think_count FROM `ls_order` WHERE  `shop_id` = 1  AND `create_time` BETWEEN 1675958400 AND 1676044799   AND `pay_status` = 1 [ RunTime:0.001000s ]
[2023-02-23T14:50:11+08:00][sql] SELECT SUM(`order_amount`) AS think_sum FROM `ls_order` WHERE  `shop_id` = 1  AND `create_time` BETWEEN 1676044800 AND 1676131199   AND `pay_status` = 1 [ RunTime:0.000000s ]
[2023-02-23T14:50:11+08:00][sql] SELECT COUNT(`id`) AS think_count FROM `ls_order` WHERE  `shop_id` = 1  AND `create_time` BETWEEN 1676044800 AND 1676131199   AND `pay_status` = 1 [ RunTime:0.001000s ]
[2023-02-23T14:50:11+08:00][sql] SELECT SUM(`order_amount`) AS think_sum FROM `ls_order` WHERE  `shop_id` = 1  AND `create_time` BETWEEN 1676131200 AND 1676217599   AND `pay_status` = 1 [ RunTime:0.000000s ]
[2023-02-23T14:50:11+08:00][sql] SELECT COUNT(`id`) AS think_count FROM `ls_order` WHERE  `shop_id` = 1  AND `create_time` BETWEEN 1676131200 AND 1676217599   AND `pay_status` = 1 [ RunTime:0.001000s ]
[2023-02-23T14:50:11+08:00][sql] SELECT SUM(`order_amount`) AS think_sum FROM `ls_order` WHERE  `shop_id` = 1  AND `create_time` BETWEEN 1676217600 AND 1676303999   AND `pay_status` = 1 [ RunTime:0.000000s ]
[2023-02-23T14:50:11+08:00][sql] SELECT COUNT(`id`) AS think_count FROM `ls_order` WHERE  `shop_id` = 1  AND `create_time` BETWEEN 1676217600 AND 1676303999   AND `pay_status` = 1 [ RunTime:0.001000s ]
[2023-02-23T14:50:11+08:00][sql] SELECT SUM(`order_amount`) AS think_sum FROM `ls_order` WHERE  `shop_id` = 1  AND `create_time` BETWEEN 1676304000 AND 1676390399   AND `pay_status` = 1 [ RunTime:0.000000s ]
[2023-02-23T14:50:11+08:00][sql] SELECT COUNT(`id`) AS think_count FROM `ls_order` WHERE  `shop_id` = 1  AND `create_time` BETWEEN 1676304000 AND 1676390399   AND `pay_status` = 1 [ RunTime:0.001000s ]
[2023-02-23T14:50:11+08:00][sql] SELECT SUM(`order_amount`) AS think_sum FROM `ls_order` WHERE  `shop_id` = 1  AND `create_time` BETWEEN 1676390400 AND 1676476799   AND `pay_status` = 1 [ RunTime:0.000000s ]
[2023-02-23T14:50:11+08:00][sql] SELECT COUNT(`id`) AS think_count FROM `ls_order` WHERE  `shop_id` = 1  AND `create_time` BETWEEN 1676390400 AND 1676476799   AND `pay_status` = 1 [ RunTime:0.000000s ]
[2023-02-23T14:50:11+08:00][sql] SELECT SUM(`order_amount`) AS think_sum FROM `ls_order` WHERE  `shop_id` = 1  AND `create_time` BETWEEN 1676476800 AND 1676563199   AND `pay_status` = 1 [ RunTime:0.000000s ]
[2023-02-23T14:50:11+08:00][sql] SELECT COUNT(`id`) AS think_count FROM `ls_order` WHERE  `shop_id` = 1  AND `create_time` BETWEEN 1676476800 AND 1676563199   AND `pay_status` = 1 [ RunTime:0.000000s ]
[2023-02-23T14:50:11+08:00][sql] SELECT SUM(`order_amount`) AS think_sum FROM `ls_order` WHERE  `shop_id` = 1  AND `create_time` BETWEEN 1676563200 AND 1676649599   AND `pay_status` = 1 [ RunTime:0.001000s ]
[2023-02-23T14:50:11+08:00][sql] SELECT COUNT(`id`) AS think_count FROM `ls_order` WHERE  `shop_id` = 1  AND `create_time` BETWEEN 1676563200 AND 1676649599   AND `pay_status` = 1 [ RunTime:0.000000s ]
[2023-02-23T14:50:11+08:00][sql] SELECT SUM(`order_amount`) AS think_sum FROM `ls_order` WHERE  `shop_id` = 1  AND `create_time` BETWEEN 1676649600 AND 1676735999   AND `pay_status` = 1 [ RunTime:0.001000s ]
[2023-02-23T14:50:11+08:00][sql] SELECT COUNT(`id`) AS think_count FROM `ls_order` WHERE  `shop_id` = 1  AND `create_time` BETWEEN 1676649600 AND 1676735999   AND `pay_status` = 1 [ RunTime:0.000000s ]
[2023-02-23T14:50:11+08:00][sql] SELECT SUM(`order_amount`) AS think_sum FROM `ls_order` WHERE  `shop_id` = 1  AND `create_time` BETWEEN 1676736000 AND 1676822399   AND `pay_status` = 1 [ RunTime:0.001000s ]
[2023-02-23T14:50:11+08:00][sql] SELECT COUNT(`id`) AS think_count FROM `ls_order` WHERE  `shop_id` = 1  AND `create_time` BETWEEN 1676736000 AND 1676822399   AND `pay_status` = 1 [ RunTime:0.000000s ]
[2023-02-23T14:50:11+08:00][sql] SELECT SUM(`order_amount`) AS think_sum FROM `ls_order` WHERE  `shop_id` = 1  AND `create_time` BETWEEN 1676822400 AND 1676908799   AND `pay_status` = 1 [ RunTime:0.001001s ]
[2023-02-23T14:50:11+08:00][sql] SELECT COUNT(`id`) AS think_count FROM `ls_order` WHERE  `shop_id` = 1  AND `create_time` BETWEEN 1676822400 AND 1676908799   AND `pay_status` = 1 [ RunTime:0.000000s ]
[2023-02-23T14:50:11+08:00][sql] SELECT SUM(`order_amount`) AS think_sum FROM `ls_order` WHERE  `shop_id` = 1  AND `create_time` BETWEEN 1676908800 AND 1676995199   AND `pay_status` = 1 [ RunTime:0.001000s ]
[2023-02-23T14:50:11+08:00][sql] SELECT COUNT(`id`) AS think_count FROM `ls_order` WHERE  `shop_id` = 1  AND `create_time` BETWEEN 1676908800 AND 1676995199   AND `pay_status` = 1 [ RunTime:0.000000s ]
[2023-02-23T14:50:11+08:00][sql] SELECT SUM(`order_amount`) AS think_sum FROM `ls_order` WHERE  `shop_id` = 1  AND `create_time` BETWEEN 1676995200 AND 1677081599   AND `pay_status` = 1 [ RunTime:0.001000s ]
[2023-02-23T14:50:11+08:00][sql] SELECT COUNT(`id`) AS think_count FROM `ls_order` WHERE  `shop_id` = 1  AND `create_time` BETWEEN 1676995200 AND 1677081599   AND `pay_status` = 1 [ RunTime:0.000000s ]
[2023-02-23T14:50:41+08:00][sql] CONNECT:[ UseTime:0.001000s ] mysql:host=127.0.0.1;port=3306;dbname=cdiancan;charset=utf8mb4
[2023-02-23T14:50:41+08:00][sql] SHOW FULL COLUMNS FROM `ls_config` [ RunTime:0.001001s ]
[2023-02-23T14:50:41+08:00][sql] SELECT `value` FROM `ls_config` WHERE  `type` = 'copyright'  AND `name` = 'company_name'  AND `shop_id` = 0 LIMIT 1 [ RunTime:0.001000s ]
[2023-02-23T14:50:41+08:00][sql] SELECT `value` FROM `ls_config` WHERE  `type` = 'website'  AND `name` = 'shop_name'  AND `shop_id` = 0 LIMIT 1 [ RunTime:0.000000s ]
[2023-02-23T14:50:41+08:00][sql] SELECT `value` FROM `ls_config` WHERE  `type` = 'website'  AND `name` = 'web_favicon'  AND `shop_id` = 0 LIMIT 1 [ RunTime:0.001000s ]
[2023-02-23T14:50:41+08:00][sql] SELECT `value` FROM `ls_config` WHERE  `type` = 'website'  AND `name` = 'shop_logo'  AND `shop_id` = 0 LIMIT 1 [ RunTime:0.000000s ]
[2023-02-23T14:50:41+08:00][sql] SHOW FULL COLUMNS FROM `ls_dev_shop_auth` [ RunTime:0.004000s ]
[2023-02-23T14:50:41+08:00][sql] SELECT * FROM `ls_dev_shop_auth` WHERE  `type` = 1  AND `del` = 0  AND `disable` = 0 ORDER BY `sort` DESC [ RunTime:0.000000s ]
[2023-02-23T14:50:41+08:00][sql] SHOW FULL COLUMNS FROM `ls_shop_role` [ RunTime:0.003001s ]
[2023-02-23T14:50:41+08:00][sql] SELECT `name` FROM `ls_shop_role` WHERE  `id` = 0 LIMIT 1 [ RunTime:0.000000s ]
[2023-02-23T14:50:42+08:00][sql] CONNECT:[ UseTime:0.001000s ] mysql:host=127.0.0.1;port=3306;dbname=cdiancan;charset=utf8mb4
[2023-02-23T14:50:42+08:00][sql] SHOW FULL COLUMNS FROM `ls_config` [ RunTime:0.001000s ]
[2023-02-23T14:50:42+08:00][sql] SELECT `value` FROM `ls_config` WHERE  `type` = 'copyright'  AND `name` = 'company_name'  AND `shop_id` = 0 LIMIT 1 [ RunTime:0.000000s ]
[2023-02-23T14:50:42+08:00][sql] SHOW FULL COLUMNS FROM `ls_order` [ RunTime:0.003000s ]
[2023-02-23T14:50:42+08:00][sql] SELECT * FROM `ls_order` WHERE  `del` = 0  AND `shop_id` = 1  AND `pay_status` = 1  AND `create_time` BETWEEN 1677081600 AND 1677167999 [ RunTime:0.001001s ]
[2023-02-23T14:50:42+08:00][sql] CONNECT:[ UseTime:0.001000s ] mysql:host=127.0.0.1;port=3306;dbname=cdiancan;charset=utf8mb4
[2023-02-23T14:50:42+08:00][sql] SHOW FULL COLUMNS FROM `ls_config` [ RunTime:0.001000s ]
[2023-02-23T14:50:42+08:00][sql] SELECT `value` FROM `ls_config` WHERE  `type` = 'copyright'  AND `name` = 'company_name'  AND `shop_id` = 0 LIMIT 1 [ RunTime:0.001000s ]
[2023-02-23T14:50:42+08:00][sql] SHOW FULL COLUMNS FROM `ls_order` [ RunTime:0.004000s ]
[2023-02-23T14:50:42+08:00][sql] SELECT SUM(`order_amount`) AS think_sum FROM `ls_order` WHERE  `shop_id` = 1  AND `create_time` BETWEEN 1675785600 AND 1675871999   AND `pay_status` = 1 [ RunTime:0.001000s ]
[2023-02-23T14:50:42+08:00][sql] SELECT COUNT(`id`) AS think_count FROM `ls_order` WHERE  `shop_id` = 1  AND `create_time` BETWEEN 1675785600 AND 1675871999   AND `pay_status` = 1 [ RunTime:0.000000s ]
[2023-02-23T14:50:42+08:00][sql] SELECT SUM(`order_amount`) AS think_sum FROM `ls_order` WHERE  `shop_id` = 1  AND `create_time` BETWEEN 1675872000 AND 1675958399   AND `pay_status` = 1 [ RunTime:0.001000s ]
[2023-02-23T14:50:42+08:00][sql] SELECT COUNT(`id`) AS think_count FROM `ls_order` WHERE  `shop_id` = 1  AND `create_time` BETWEEN 1675872000 AND 1675958399   AND `pay_status` = 1 [ RunTime:0.000000s ]
[2023-02-23T14:50:42+08:00][sql] SELECT SUM(`order_amount`) AS think_sum FROM `ls_order` WHERE  `shop_id` = 1  AND `create_time` BETWEEN 1675958400 AND 1676044799   AND `pay_status` = 1 [ RunTime:0.000000s ]
[2023-02-23T14:50:42+08:00][sql] SELECT COUNT(`id`) AS think_count FROM `ls_order` WHERE  `shop_id` = 1  AND `create_time` BETWEEN 1675958400 AND 1676044799   AND `pay_status` = 1 [ RunTime:0.000000s ]
[2023-02-23T14:50:42+08:00][sql] SELECT SUM(`order_amount`) AS think_sum FROM `ls_order` WHERE  `shop_id` = 1  AND `create_time` BETWEEN 1676044800 AND 1676131199   AND `pay_status` = 1 [ RunTime:0.000000s ]
[2023-02-23T14:50:42+08:00][sql] SELECT COUNT(`id`) AS think_count FROM `ls_order` WHERE  `shop_id` = 1  AND `create_time` BETWEEN 1676044800 AND 1676131199   AND `pay_status` = 1 [ RunTime:0.001001s ]
[2023-02-23T14:50:42+08:00][sql] SELECT SUM(`order_amount`) AS think_sum FROM `ls_order` WHERE  `shop_id` = 1  AND `create_time` BETWEEN 1676131200 AND 1676217599   AND `pay_status` = 1 [ RunTime:0.000000s ]
[2023-02-23T14:50:42+08:00][sql] SELECT COUNT(`id`) AS think_count FROM `ls_order` WHERE  `shop_id` = 1  AND `create_time` BETWEEN 1676131200 AND 1676217599   AND `pay_status` = 1 [ RunTime:0.001000s ]
[2023-02-23T14:50:42+08:00][sql] SELECT SUM(`order_amount`) AS think_sum FROM `ls_order` WHERE  `shop_id` = 1  AND `create_time` BETWEEN 1676217600 AND 1676303999   AND `pay_status` = 1 [ RunTime:0.000000s ]
[2023-02-23T14:50:42+08:00][sql] SELECT COUNT(`id`) AS think_count FROM `ls_order` WHERE  `shop_id` = 1  AND `create_time` BETWEEN 1676217600 AND 1676303999   AND `pay_status` = 1 [ RunTime:0.001000s ]
[2023-02-23T14:50:42+08:00][sql] SELECT SUM(`order_amount`) AS think_sum FROM `ls_order` WHERE  `shop_id` = 1  AND `create_time` BETWEEN 1676304000 AND 1676390399   AND `pay_status` = 1 [ RunTime:0.000000s ]
[2023-02-23T14:50:42+08:00][sql] SELECT COUNT(`id`) AS think_count FROM `ls_order` WHERE  `shop_id` = 1  AND `create_time` BETWEEN 1676304000 AND 1676390399   AND `pay_status` = 1 [ RunTime:0.001000s ]
[2023-02-23T14:50:42+08:00][sql] SELECT SUM(`order_amount`) AS think_sum FROM `ls_order` WHERE  `shop_id` = 1  AND `create_time` BETWEEN 1676390400 AND 1676476799   AND `pay_status` = 1 [ RunTime:0.000000s ]
[2023-02-23T14:50:42+08:00][sql] SELECT COUNT(`id`) AS think_count FROM `ls_order` WHERE  `shop_id` = 1  AND `create_time` BETWEEN 1676390400 AND 1676476799   AND `pay_status` = 1 [ RunTime:0.001000s ]
[2023-02-23T14:50:42+08:00][sql] SELECT SUM(`order_amount`) AS think_sum FROM `ls_order` WHERE  `shop_id` = 1  AND `create_time` BETWEEN 1676476800 AND 1676563199   AND `pay_status` = 1 [ RunTime:0.000000s ]
[2023-02-23T14:50:42+08:00][sql] SELECT COUNT(`id`) AS think_count FROM `ls_order` WHERE  `shop_id` = 1  AND `create_time` BETWEEN 1676476800 AND 1676563199   AND `pay_status` = 1 [ RunTime:0.001000s ]
[2023-02-23T14:50:42+08:00][sql] SELECT SUM(`order_amount`) AS think_sum FROM `ls_order` WHERE  `shop_id` = 1  AND `create_time` BETWEEN 1676563200 AND 1676649599   AND `pay_status` = 1 [ RunTime:0.000000s ]
[2023-02-23T14:50:42+08:00][sql] SELECT COUNT(`id`) AS think_count FROM `ls_order` WHERE  `shop_id` = 1  AND `create_time` BETWEEN 1676563200 AND 1676649599   AND `pay_status` = 1 [ RunTime:0.001000s ]
[2023-02-23T14:50:42+08:00][sql] SELECT SUM(`order_amount`) AS think_sum FROM `ls_order` WHERE  `shop_id` = 1  AND `create_time` BETWEEN 1676649600 AND 1676735999   AND `pay_status` = 1 [ RunTime:0.000000s ]
[2023-02-23T14:50:42+08:00][sql] SELECT COUNT(`id`) AS think_count FROM `ls_order` WHERE  `shop_id` = 1  AND `create_time` BETWEEN 1676649600 AND 1676735999   AND `pay_status` = 1 [ RunTime:0.001000s ]
[2023-02-23T14:50:42+08:00][sql] SELECT SUM(`order_amount`) AS think_sum FROM `ls_order` WHERE  `shop_id` = 1  AND `create_time` BETWEEN 1676736000 AND 1676822399   AND `pay_status` = 1 [ RunTime:0.000000s ]
[2023-02-23T14:50:42+08:00][sql] SELECT COUNT(`id`) AS think_count FROM `ls_order` WHERE  `shop_id` = 1  AND `create_time` BETWEEN 1676736000 AND 1676822399   AND `pay_status` = 1 [ RunTime:0.000000s ]
[2023-02-23T14:50:42+08:00][sql] SELECT SUM(`order_amount`) AS think_sum FROM `ls_order` WHERE  `shop_id` = 1  AND `create_time` BETWEEN 1676822400 AND 1676908799   AND `pay_status` = 1 [ RunTime:0.000000s ]
[2023-02-23T14:50:42+08:00][sql] SELECT COUNT(`id`) AS think_count FROM `ls_order` WHERE  `shop_id` = 1  AND `create_time` BETWEEN 1676822400 AND 1676908799   AND `pay_status` = 1 [ RunTime:0.000000s ]
[2023-02-23T14:50:42+08:00][sql] SELECT SUM(`order_amount`) AS think_sum FROM `ls_order` WHERE  `shop_id` = 1  AND `create_time` BETWEEN 1676908800 AND 1676995199   AND `pay_status` = 1 [ RunTime:0.001000s ]
[2023-02-23T14:50:42+08:00][sql] SELECT COUNT(`id`) AS think_count FROM `ls_order` WHERE  `shop_id` = 1  AND `create_time` BETWEEN 1676908800 AND 1676995199   AND `pay_status` = 1 [ RunTime:0.000000s ]
[2023-02-23T14:50:42+08:00][sql] SELECT SUM(`order_amount`) AS think_sum FROM `ls_order` WHERE  `shop_id` = 1  AND `create_time` BETWEEN 1676995200 AND 1677081599   AND `pay_status` = 1 [ RunTime:0.001000s ]
[2023-02-23T14:50:42+08:00][sql] SELECT COUNT(`id`) AS think_count FROM `ls_order` WHERE  `shop_id` = 1  AND `create_time` BETWEEN 1676995200 AND 1677081599   AND `pay_status` = 1 [ RunTime:0.000000s ]
[2023-02-23T14:50:44+08:00][sql] CONNECT:[ UseTime:0.001000s ] mysql:host=127.0.0.1;port=3306;dbname=cdiancan;charset=utf8mb4
[2023-02-23T14:50:44+08:00][sql] SHOW FULL COLUMNS FROM `ls_config` [ RunTime:0.001000s ]
[2023-02-23T14:50:44+08:00][sql] SELECT `value` FROM `ls_config` WHERE  `type` = 'copyright'  AND `name` = 'company_name'  AND `shop_id` = 0 LIMIT 1 [ RunTime:0.001000s ]
[2023-02-23T14:50:44+08:00][error] [0]模板文件不存在:D:\phpstudy_pro\WWW\dcweb\app\shop\view\zhuohao\zhuohao\lists.html[D:\phpstudy_pro\WWW\dcweb\vendor\topthink\think-view\src\Think.php:146]
[2023-02-23T14:51:04+08:00][sql] CONNECT:[ UseTime:0.001000s ] mysql:host=127.0.0.1;port=3306;dbname=cdiancan;charset=utf8mb4
[2023-02-23T14:51:04+08:00][sql] SHOW FULL COLUMNS FROM `ls_config` [ RunTime:0.001000s ]
[2023-02-23T14:51:04+08:00][sql] SELECT `value` FROM `ls_config` WHERE  `type` = 'copyright'  AND `name` = 'company_name'  AND `shop_id` = 0 LIMIT 1 [ RunTime:0.000000s ]
[2023-02-23T14:51:04+08:00][sql] SELECT `value` FROM `ls_config` WHERE  `type` = 'website'  AND `name` = 'shop_name'  AND `shop_id` = 0 LIMIT 1 [ RunTime:0.001000s ]
[2023-02-23T14:51:04+08:00][sql] SELECT `value` FROM `ls_config` WHERE  `type` = 'website'  AND `name` = 'web_favicon'  AND `shop_id` = 0 LIMIT 1 [ RunTime:0.000000s ]
[2023-02-23T14:51:04+08:00][sql] SELECT `value` FROM `ls_config` WHERE  `type` = 'website'  AND `name` = 'shop_logo'  AND `shop_id` = 0 LIMIT 1 [ RunTime:0.001000s ]
[2023-02-23T14:51:04+08:00][sql] SHOW FULL COLUMNS FROM `ls_dev_shop_auth` [ RunTime:0.001000s ]
[2023-02-23T14:51:04+08:00][sql] SELECT * FROM `ls_dev_shop_auth` WHERE  `type` = 1  AND `del` = 0  AND `disable` = 0 ORDER BY `sort` DESC [ RunTime:0.001000s ]
[2023-02-23T14:51:04+08:00][sql] SHOW FULL COLUMNS FROM `ls_shop_role` [ RunTime:0.004000s ]
[2023-02-23T14:51:04+08:00][sql] SELECT `name` FROM `ls_shop_role` WHERE  `id` = 0 LIMIT 1 [ RunTime:0.001000s ]
[2023-02-23T14:51:04+08:00][sql] CONNECT:[ UseTime:0.002000s ] mysql:host=127.0.0.1;port=3306;dbname=cdiancan;charset=utf8mb4
[2023-02-23T14:51:04+08:00][sql] SHOW FULL COLUMNS FROM `ls_config` [ RunTime:0.001000s ]
[2023-02-23T14:51:04+08:00][sql] SELECT `value` FROM `ls_config` WHERE  `type` = 'copyright'  AND `name` = 'company_name'  AND `shop_id` = 0 LIMIT 1 [ RunTime:0.000000s ]
[2023-02-23T14:51:04+08:00][sql] SHOW FULL COLUMNS FROM `ls_order` [ RunTime:0.001000s ]
[2023-02-23T14:51:04+08:00][sql] SELECT * FROM `ls_order` WHERE  `del` = 0  AND `shop_id` = 1  AND `pay_status` = 1  AND `create_time` BETWEEN 1677081600 AND 1677167999 [ RunTime:0.000000s ]
[2023-02-23T14:51:04+08:00][sql] CONNECT:[ UseTime:0.001000s ] mysql:host=127.0.0.1;port=3306;dbname=cdiancan;charset=utf8mb4
[2023-02-23T14:51:04+08:00][sql] SHOW FULL COLUMNS FROM `ls_config` [ RunTime:0.001000s ]
[2023-02-23T14:51:04+08:00][sql] SELECT `value` FROM `ls_config` WHERE  `type` = 'copyright'  AND `name` = 'company_name'  AND `shop_id` = 0 LIMIT 1 [ RunTime:0.001000s ]
[2023-02-23T14:51:04+08:00][sql] SHOW FULL COLUMNS FROM `ls_order` [ RunTime:0.004000s ]
[2023-02-23T14:51:04+08:00][sql] SELECT SUM(`order_amount`) AS think_sum FROM `ls_order` WHERE  `shop_id` = 1  AND `create_time` BETWEEN 1675785600 AND 1675871999   AND `pay_status` = 1 [ RunTime:0.001000s ]
[2023-02-23T14:51:04+08:00][sql] SELECT COUNT(`id`) AS think_count FROM `ls_order` WHERE  `shop_id` = 1  AND `create_time` BETWEEN 1675785600 AND 1675871999   AND `pay_status` = 1 [ RunTime:0.000000s ]
[2023-02-23T14:51:04+08:00][sql] SELECT SUM(`order_amount`) AS think_sum FROM `ls_order` WHERE  `shop_id` = 1  AND `create_time` BETWEEN 1675872000 AND 1675958399   AND `pay_status` = 1 [ RunTime:0.001000s ]
[2023-02-23T14:51:04+08:00][sql] SELECT COUNT(`id`) AS think_count FROM `ls_order` WHERE  `shop_id` = 1  AND `create_time` BETWEEN 1675872000 AND 1675958399   AND `pay_status` = 1 [ RunTime:0.000000s ]
[2023-02-23T14:51:04+08:00][sql] SELECT SUM(`order_amount`) AS think_sum FROM `ls_order` WHERE  `shop_id` = 1  AND `create_time` BETWEEN 1675958400 AND 1676044799   AND `pay_status` = 1 [ RunTime:0.000000s ]
[2023-02-23T14:51:04+08:00][sql] SELECT COUNT(`id`) AS think_count FROM `ls_order` WHERE  `shop_id` = 1  AND `create_time` BETWEEN 1675958400 AND 1676044799   AND `pay_status` = 1 [ RunTime:0.000000s ]
[2023-02-23T14:51:04+08:00][sql] SELECT SUM(`order_amount`) AS think_sum FROM `ls_order` WHERE  `shop_id` = 1  AND `create_time` BETWEEN 1676044800 AND 1676131199   AND `pay_status` = 1 [ RunTime:0.000000s ]
[2023-02-23T14:51:04+08:00][sql] SELECT COUNT(`id`) AS think_count FROM `ls_order` WHERE  `shop_id` = 1  AND `create_time` BETWEEN 1676044800 AND 1676131199   AND `pay_status` = 1 [ RunTime:0.000000s ]
[2023-02-23T14:51:04+08:00][sql] SELECT SUM(`order_amount`) AS think_sum FROM `ls_order` WHERE  `shop_id` = 1  AND `create_time` BETWEEN 1676131200 AND 1676217599   AND `pay_status` = 1 [ RunTime:0.000000s ]
[2023-02-23T14:51:04+08:00][sql] SELECT COUNT(`id`) AS think_count FROM `ls_order` WHERE  `shop_id` = 1  AND `create_time` BETWEEN 1676131200 AND 1676217599   AND `pay_status` = 1 [ RunTime:0.001000s ]
[2023-02-23T14:51:04+08:00][sql] SELECT SUM(`order_amount`) AS think_sum FROM `ls_order` WHERE  `shop_id` = 1  AND `create_time` BETWEEN 1676217600 AND 1676303999   AND `pay_status` = 1 [ RunTime:0.000000s ]
[2023-02-23T14:51:04+08:00][sql] SELECT COUNT(`id`) AS think_count FROM `ls_order` WHERE  `shop_id` = 1  AND `create_time` BETWEEN 1676217600 AND 1676303999   AND `pay_status` = 1 [ RunTime:0.001000s ]
[2023-02-23T14:51:04+08:00][sql] SELECT SUM(`order_amount`) AS think_sum FROM `ls_order` WHERE  `shop_id` = 1  AND `create_time` BETWEEN 1676304000 AND 1676390399   AND `pay_status` = 1 [ RunTime:0.000000s ]
[2023-02-23T14:51:04+08:00][sql] SELECT COUNT(`id`) AS think_count FROM `ls_order` WHERE  `shop_id` = 1  AND `create_time` BETWEEN 1676304000 AND 1676390399   AND `pay_status` = 1 [ RunTime:0.001001s ]
[2023-02-23T14:51:04+08:00][sql] SELECT SUM(`order_amount`) AS think_sum FROM `ls_order` WHERE  `shop_id` = 1  AND `create_time` BETWEEN 1676390400 AND 1676476799   AND `pay_status` = 1 [ RunTime:0.000000s ]
[2023-02-23T14:51:04+08:00][sql] SELECT COUNT(`id`) AS think_count FROM `ls_order` WHERE  `shop_id` = 1  AND `create_time` BETWEEN 1676390400 AND 1676476799   AND `pay_status` = 1 [ RunTime:0.001000s ]
[2023-02-23T14:51:04+08:00][sql] SELECT SUM(`order_amount`) AS think_sum FROM `ls_order` WHERE  `shop_id` = 1  AND `create_time` BETWEEN 1676476800 AND 1676563199   AND `pay_status` = 1 [ RunTime:0.000000s ]
[2023-02-23T14:51:04+08:00][sql] SELECT COUNT(`id`) AS think_count FROM `ls_order` WHERE  `shop_id` = 1  AND `create_time` BETWEEN 1676476800 AND 1676563199   AND `pay_status` = 1 [ RunTime:0.001000s ]
[2023-02-23T14:51:04+08:00][sql] SELECT SUM(`order_amount`) AS think_sum FROM `ls_order` WHERE  `shop_id` = 1  AND `create_time` BETWEEN 1676563200 AND 1676649599   AND `pay_status` = 1 [ RunTime:0.000000s ]
[2023-02-23T14:51:04+08:00][sql] SELECT COUNT(`id`) AS think_count FROM `ls_order` WHERE  `shop_id` = 1  AND `create_time` BETWEEN 1676563200 AND 1676649599   AND `pay_status` = 1 [ RunTime:0.001000s ]
[2023-02-23T14:51:04+08:00][sql] SELECT SUM(`order_amount`) AS think_sum FROM `ls_order` WHERE  `shop_id` = 1  AND `create_time` BETWEEN 1676649600 AND 1676735999   AND `pay_status` = 1 [ RunTime:0.000000s ]
[2023-02-23T14:51:04+08:00][sql] SELECT COUNT(`id`) AS think_count FROM `ls_order` WHERE  `shop_id` = 1  AND `create_time` BETWEEN 1676649600 AND 1676735999   AND `pay_status` = 1 [ RunTime:0.001000s ]
[2023-02-23T14:51:04+08:00][sql] SELECT SUM(`order_amount`) AS think_sum FROM `ls_order` WHERE  `shop_id` = 1  AND `create_time` BETWEEN 1676736000 AND 1676822399   AND `pay_status` = 1 [ RunTime:0.000000s ]
[2023-02-23T14:51:04+08:00][sql] SELECT COUNT(`id`) AS think_count FROM `ls_order` WHERE  `shop_id` = 1  AND `create_time` BETWEEN 1676736000 AND 1676822399   AND `pay_status` = 1 [ RunTime:0.000000s ]
[2023-02-23T14:51:04+08:00][sql] SELECT SUM(`order_amount`) AS think_sum FROM `ls_order` WHERE  `shop_id` = 1  AND `create_time` BETWEEN 1676822400 AND 1676908799   AND `pay_status` = 1 [ RunTime:0.001000s ]
[2023-02-23T14:51:04+08:00][sql] SELECT COUNT(`id`) AS think_count FROM `ls_order` WHERE  `shop_id` = 1  AND `create_time` BETWEEN 1676822400 AND 1676908799   AND `pay_status` = 1 [ RunTime:0.000000s ]
[2023-02-23T14:51:04+08:00][sql] SELECT SUM(`order_amount`) AS think_sum FROM `ls_order` WHERE  `shop_id` = 1  AND `create_time` BETWEEN 1676908800 AND 1676995199   AND `pay_status` = 1 [ RunTime:0.001000s ]
[2023-02-23T14:51:04+08:00][sql] SELECT COUNT(`id`) AS think_count FROM `ls_order` WHERE  `shop_id` = 1  AND `create_time` BETWEEN 1676908800 AND 1676995199   AND `pay_status` = 1 [ RunTime:0.000000s ]
[2023-02-23T14:51:04+08:00][sql] SELECT SUM(`order_amount`) AS think_sum FROM `ls_order` WHERE  `shop_id` = 1  AND `create_time` BETWEEN 1676995200 AND 1677081599   AND `pay_status` = 1 [ RunTime:0.001000s ]
[2023-02-23T14:51:04+08:00][sql] SELECT COUNT(`id`) AS think_count FROM `ls_order` WHERE  `shop_id` = 1  AND `create_time` BETWEEN 1676995200 AND 1677081599   AND `pay_status` = 1 [ RunTime:0.000000s ]
[2023-02-23T14:51:05+08:00][sql] CONNECT:[ UseTime:0.001000s ] mysql:host=127.0.0.1;port=3306;dbname=cdiancan;charset=utf8mb4
[2023-02-23T14:51:05+08:00][sql] SHOW FULL COLUMNS FROM `ls_config` [ RunTime:0.001000s ]
[2023-02-23T14:51:05+08:00][sql] SELECT `value` FROM `ls_config` WHERE  `type` = 'copyright'  AND `name` = 'company_name'  AND `shop_id` = 0 LIMIT 1 [ RunTime:0.001000s ]
[2023-02-23T14:51:05+08:00][error] [0]模板文件不存在:D:\phpstudy_pro\WWW\dcweb\app\shop\view\zhuohao\zhuohao\lists.html[D:\phpstudy_pro\WWW\dcweb\vendor\topthink\think-view\src\Think.php:146]
[2023-02-23T14:51:23+08:00][sql] CONNECT:[ UseTime:0.001000s ] mysql:host=127.0.0.1;port=3306;dbname=cdiancan;charset=utf8mb4
[2023-02-23T14:51:23+08:00][sql] SHOW FULL COLUMNS FROM `ls_config` [ RunTime:0.002000s ]
[2023-02-23T14:51:23+08:00][sql] SELECT `value` FROM `ls_config` WHERE  `type` = 'copyright'  AND `name` = 'company_name'  AND `shop_id` = 0 LIMIT 1 [ RunTime:0.001000s ]
[2023-02-23T14:51:23+08:00][sql] SELECT `value` FROM `ls_config` WHERE  `type` = 'website'  AND `name` = 'shop_name'  AND `shop_id` = 0 LIMIT 1 [ RunTime:0.000000s ]
[2023-02-23T14:51:23+08:00][sql] SELECT `value` FROM `ls_config` WHERE  `type` = 'website'  AND `name` = 'web_favicon'  AND `shop_id` = 0 LIMIT 1 [ RunTime:0.001000s ]
[2023-02-23T14:51:23+08:00][sql] SELECT `value` FROM `ls_config` WHERE  `type` = 'website'  AND `name` = 'shop_logo'  AND `shop_id` = 0 LIMIT 1 [ RunTime:0.000000s ]
[2023-02-23T14:51:23+08:00][sql] SHOW FULL COLUMNS FROM `ls_dev_shop_auth` [ RunTime:0.001000s ]
[2023-02-23T14:51:23+08:00][sql] SELECT * FROM `ls_dev_shop_auth` WHERE  `type` = 1  AND `del` = 0  AND `disable` = 0 ORDER BY `sort` DESC [ RunTime:0.000000s ]
[2023-02-23T14:51:23+08:00][sql] SHOW FULL COLUMNS FROM `ls_shop_role` [ RunTime:0.001000s ]
[2023-02-23T14:51:23+08:00][sql] SELECT `name` FROM `ls_shop_role` WHERE  `id` = 0 LIMIT 1 [ RunTime:0.000000s ]
[2023-02-23T14:51:23+08:00][sql] CONNECT:[ UseTime:0.001000s ] mysql:host=127.0.0.1;port=3306;dbname=cdiancan;charset=utf8mb4
[2023-02-23T14:51:23+08:00][sql] SHOW FULL COLUMNS FROM `ls_config` [ RunTime:0.001000s ]
[2023-02-23T14:51:23+08:00][sql] SELECT `value` FROM `ls_config` WHERE  `type` = 'copyright'  AND `name` = 'company_name'  AND `shop_id` = 0 LIMIT 1 [ RunTime:0.000000s ]
[2023-02-23T14:51:23+08:00][sql] SHOW FULL COLUMNS FROM `ls_order` [ RunTime:0.004000s ]
[2023-02-23T14:51:23+08:00][sql] SELECT * FROM `ls_order` WHERE  `del` = 0  AND `shop_id` = 1  AND `pay_status` = 1  AND `create_time` BETWEEN 1677081600 AND 1677167999 [ RunTime:0.000000s ]
[2023-02-23T14:51:23+08:00][sql] CONNECT:[ UseTime:0.001000s ] mysql:host=127.0.0.1;port=3306;dbname=cdiancan;charset=utf8mb4
[2023-02-23T14:51:23+08:00][sql] SHOW FULL COLUMNS FROM `ls_config` [ RunTime:0.001000s ]
[2023-02-23T14:51:23+08:00][sql] SELECT `value` FROM `ls_config` WHERE  `type` = 'copyright'  AND `name` = 'company_name'  AND `shop_id` = 0 LIMIT 1 [ RunTime:0.001000s ]
[2023-02-23T14:51:23+08:00][sql] SHOW FULL COLUMNS FROM `ls_order` [ RunTime:0.001000s ]
[2023-02-23T14:51:23+08:00][sql] SELECT SUM(`order_amount`) AS think_sum FROM `ls_order` WHERE  `shop_id` = 1  AND `create_time` BETWEEN 1675785600 AND 1675871999   AND `pay_status` = 1 [ RunTime:0.000000s ]
[2023-02-23T14:51:23+08:00][sql] SELECT COUNT(`id`) AS think_count FROM `ls_order` WHERE  `shop_id` = 1  AND `create_time` BETWEEN 1675785600 AND 1675871999   AND `pay_status` = 1 [ RunTime:0.000000s ]
[2023-02-23T14:51:23+08:00][sql] SELECT SUM(`order_amount`) AS think_sum FROM `ls_order` WHERE  `shop_id` = 1  AND `create_time` BETWEEN 1675872000 AND 1675958399   AND `pay_status` = 1 [ RunTime:0.001000s ]
[2023-02-23T14:51:23+08:00][sql] SELECT COUNT(`id`) AS think_count FROM `ls_order` WHERE  `shop_id` = 1  AND `create_time` BETWEEN 1675872000 AND 1675958399   AND `pay_status` = 1 [ RunTime:0.000000s ]
[2023-02-23T14:51:23+08:00][sql] SELECT SUM(`order_amount`) AS think_sum FROM `ls_order` WHERE  `shop_id` = 1  AND `create_time` BETWEEN 1675958400 AND 1676044799   AND `pay_status` = 1 [ RunTime:0.001001s ]
[2023-02-23T14:51:23+08:00][sql] SELECT COUNT(`id`) AS think_count FROM `ls_order` WHERE  `shop_id` = 1  AND `create_time` BETWEEN 1675958400 AND 1676044799   AND `pay_status` = 1 [ RunTime:0.000000s ]
[2023-02-23T14:51:23+08:00][sql] SELECT SUM(`order_amount`) AS think_sum FROM `ls_order` WHERE  `shop_id` = 1  AND `create_time` BETWEEN 1676044800 AND 1676131199   AND `pay_status` = 1 [ RunTime:0.000000s ]
[2023-02-23T14:51:23+08:00][sql] SELECT COUNT(`id`) AS think_count FROM `ls_order` WHERE  `shop_id` = 1  AND `create_time` BETWEEN 1676044800 AND 1676131199   AND `pay_status` = 1 [ RunTime:0.001000s ]
[2023-02-23T14:51:23+08:00][sql] SELECT SUM(`order_amount`) AS think_sum FROM `ls_order` WHERE  `shop_id` = 1  AND `create_time` BETWEEN 1676131200 AND 1676217599   AND `pay_status` = 1 [ RunTime:0.001000s ]
[2023-02-23T14:51:23+08:00][sql] SELECT COUNT(`id`) AS think_count FROM `ls_order` WHERE  `shop_id` = 1  AND `create_time` BETWEEN 1676131200 AND 1676217599   AND `pay_status` = 1 [ RunTime:0.000000s ]
[2023-02-23T14:51:23+08:00][sql] SELECT SUM(`order_amount`) AS think_sum FROM `ls_order` WHERE  `shop_id` = 1  AND `create_time` BETWEEN 1676217600 AND 1676303999   AND `pay_status` = 1 [ RunTime:0.001000s ]
[2023-02-23T14:51:23+08:00][sql] SELECT COUNT(`id`) AS think_count FROM `ls_order` WHERE  `shop_id` = 1  AND `create_time` BETWEEN 1676217600 AND 1676303999   AND `pay_status` = 1 [ RunTime:0.000000s ]
[2023-02-23T14:51:23+08:00][sql] SELECT SUM(`order_amount`) AS think_sum FROM `ls_order` WHERE  `shop_id` = 1  AND `create_time` BETWEEN 1676304000 AND 1676390399   AND `pay_status` = 1 [ RunTime:0.000000s ]
[2023-02-23T14:51:23+08:00][sql] SELECT COUNT(`id`) AS think_count FROM `ls_order` WHERE  `shop_id` = 1  AND `create_time` BETWEEN 1676304000 AND 1676390399   AND `pay_status` = 1 [ RunTime:0.001000s ]
[2023-02-23T14:51:23+08:00][sql] SELECT SUM(`order_amount`) AS think_sum FROM `ls_order` WHERE  `shop_id` = 1  AND `create_time` BETWEEN 1676390400 AND 1676476799   AND `pay_status` = 1 [ RunTime:0.000000s ]
[2023-02-23T14:51:23+08:00][sql] SELECT COUNT(`id`) AS think_count FROM `ls_order` WHERE  `shop_id` = 1  AND `create_time` BETWEEN 1676390400 AND 1676476799   AND `pay_status` = 1 [ RunTime:0.001000s ]
[2023-02-23T14:51:23+08:00][sql] SELECT SUM(`order_amount`) AS think_sum FROM `ls_order` WHERE  `shop_id` = 1  AND `create_time` BETWEEN 1676476800 AND 1676563199   AND `pay_status` = 1 [ RunTime:0.000000s ]
[2023-02-23T14:51:23+08:00][sql] SELECT COUNT(`id`) AS think_count FROM `ls_order` WHERE  `shop_id` = 1  AND `create_time` BETWEEN 1676476800 AND 1676563199   AND `pay_status` = 1 [ RunTime:0.001000s ]
[2023-02-23T14:51:23+08:00][sql] SELECT SUM(`order_amount`) AS think_sum FROM `ls_order` WHERE  `shop_id` = 1  AND `create_time` BETWEEN 1676563200 AND 1676649599   AND `pay_status` = 1 [ RunTime:0.000000s ]
[2023-02-23T14:51:23+08:00][sql] SELECT COUNT(`id`) AS think_count FROM `ls_order` WHERE  `shop_id` = 1  AND `create_time` BETWEEN 1676563200 AND 1676649599   AND `pay_status` = 1 [ RunTime:0.000000s ]
[2023-02-23T14:51:23+08:00][sql] SELECT SUM(`order_amount`) AS think_sum FROM `ls_order` WHERE  `shop_id` = 1  AND `create_time` BETWEEN 1676649600 AND 1676735999   AND `pay_status` = 1 [ RunTime:0.000000s ]
[2023-02-23T14:51:23+08:00][sql] SELECT COUNT(`id`) AS think_count FROM `ls_order` WHERE  `shop_id` = 1  AND `create_time` BETWEEN 1676649600 AND 1676735999   AND `pay_status` = 1 [ RunTime:0.000000s ]
[2023-02-23T14:51:23+08:00][sql] SELECT SUM(`order_amount`) AS think_sum FROM `ls_order` WHERE  `shop_id` = 1  AND `create_time` BETWEEN 1676736000 AND 1676822399   AND `pay_status` = 1 [ RunTime:0.001000s ]
[2023-02-23T14:51:23+08:00][sql] SELECT COUNT(`id`) AS think_count FROM `ls_order` WHERE  `shop_id` = 1  AND `create_time` BETWEEN 1676736000 AND 1676822399   AND `pay_status` = 1 [ RunTime:0.000000s ]
[2023-02-23T14:51:23+08:00][sql] SELECT SUM(`order_amount`) AS think_sum FROM `ls_order` WHERE  `shop_id` = 1  AND `create_time` BETWEEN 1676822400 AND 1676908799   AND `pay_status` = 1 [ RunTime:0.001000s ]
[2023-02-23T14:51:23+08:00][sql] SELECT COUNT(`id`) AS think_count FROM `ls_order` WHERE  `shop_id` = 1  AND `create_time` BETWEEN 1676822400 AND 1676908799   AND `pay_status` = 1 [ RunTime:0.000000s ]
[2023-02-23T14:51:23+08:00][sql] SELECT SUM(`order_amount`) AS think_sum FROM `ls_order` WHERE  `shop_id` = 1  AND `create_time` BETWEEN 1676908800 AND 1676995199   AND `pay_status` = 1 [ RunTime:0.001000s ]
[2023-02-23T14:51:23+08:00][sql] SELECT COUNT(`id`) AS think_count FROM `ls_order` WHERE  `shop_id` = 1  AND `create_time` BETWEEN 1676908800 AND 1676995199   AND `pay_status` = 1 [ RunTime:0.000000s ]
[2023-02-23T14:51:23+08:00][sql] SELECT SUM(`order_amount`) AS think_sum FROM `ls_order` WHERE  `shop_id` = 1  AND `create_time` BETWEEN 1676995200 AND 1677081599   AND `pay_status` = 1 [ RunTime:0.001000s ]
[2023-02-23T14:51:23+08:00][sql] SELECT COUNT(`id`) AS think_count FROM `ls_order` WHERE  `shop_id` = 1  AND `create_time` BETWEEN 1676995200 AND 1677081599   AND `pay_status` = 1 [ RunTime:0.000000s ]
[2023-02-23T14:51:24+08:00][sql] CONNECT:[ UseTime:0.001000s ] mysql:host=127.0.0.1;port=3306;dbname=cdiancan;charset=utf8mb4
[2023-02-23T14:51:24+08:00][sql] SHOW FULL COLUMNS FROM `ls_config` [ RunTime:0.001000s ]
[2023-02-23T14:51:24+08:00][sql] SELECT `value` FROM `ls_config` WHERE  `type` = 'copyright'  AND `name` = 'company_name'  AND `shop_id` = 0 LIMIT 1 [ RunTime:0.000000s ]
[2023-02-23T14:51:24+08:00][sql] CONNECT:[ UseTime:0.002001s ] mysql:host=127.0.0.1;port=3306;dbname=cdiancan;charset=utf8mb4
[2023-02-23T14:51:24+08:00][sql] SHOW FULL COLUMNS FROM `ls_config` [ RunTime:0.001000s ]
[2023-02-23T14:51:24+08:00][sql] SELECT `value` FROM `ls_config` WHERE  `type` = 'copyright'  AND `name` = 'company_name'  AND `shop_id` = 0 LIMIT 1 [ RunTime:0.001000s ]
[2023-02-23T14:51:24+08:00][sql] SHOW FULL COLUMNS FROM `ls_printer` [ RunTime:0.004000s ]
[2023-02-23T14:51:24+08:00][sql] SELECT `p`.*,pc.name as type_name FROM `ls_printer` `p` INNER JOIN `ls_printer_config` `pc` ON `p`.`printer_config_id`=`pc`.`id` WHERE  `p`.`del` = 0  AND `p`.`shop_id` = 1 ORDER BY `p`.`id` DESC [ RunTime:0.003000s ]
[2023-02-23T14:55:16+08:00][sql] CONNECT:[ UseTime:0.002000s ] mysql:host=127.0.0.1;port=3306;dbname=cdiancan;charset=utf8mb4
[2023-02-23T14:55:16+08:00][sql] SHOW FULL COLUMNS FROM `ls_config` [ RunTime:0.001001s ]
[2023-02-23T14:55:16+08:00][sql] SELECT `value` FROM `ls_config` WHERE  `type` = 'copyright'  AND `name` = 'company_name'  AND `shop_id` = 0 LIMIT 1 [ RunTime:0.000000s ]
[2023-02-23T14:55:16+08:00][sql] SELECT `value` FROM `ls_config` WHERE  `type` = 'website'  AND `name` = 'shop_name'  AND `shop_id` = 0 LIMIT 1 [ RunTime:0.000000s ]
[2023-02-23T14:55:16+08:00][sql] SELECT `value` FROM `ls_config` WHERE  `type` = 'website'  AND `name` = 'web_favicon'  AND `shop_id` = 0 LIMIT 1 [ RunTime:0.000000s ]
[2023-02-23T14:55:16+08:00][sql] SELECT `value` FROM `ls_config` WHERE  `type` = 'website'  AND `name` = 'shop_logo'  AND `shop_id` = 0 LIMIT 1 [ RunTime:0.000000s ]
[2023-02-23T14:55:16+08:00][sql] SHOW FULL COLUMNS FROM `ls_dev_shop_auth` [ RunTime:0.001000s ]
[2023-02-23T14:55:16+08:00][sql] SELECT * FROM `ls_dev_shop_auth` WHERE  `type` = 1  AND `del` = 0  AND `disable` = 0 ORDER BY `sort` DESC [ RunTime:0.000000s ]
[2023-02-23T14:55:16+08:00][sql] SHOW FULL COLUMNS FROM `ls_shop_role` [ RunTime:0.003000s ]
[2023-02-23T14:55:16+08:00][sql] SELECT `name` FROM `ls_shop_role` WHERE  `id` = 0 LIMIT 1 [ RunTime:0.001000s ]
[2023-02-23T14:55:17+08:00][sql] CONNECT:[ UseTime:0.010001s ] mysql:host=127.0.0.1;port=3306;dbname=cdiancan;charset=utf8mb4
[2023-02-23T14:55:17+08:00][sql] SHOW FULL COLUMNS FROM `ls_config` [ RunTime:0.000000s ]
[2023-02-23T14:55:17+08:00][sql] SELECT `value` FROM `ls_config` WHERE  `type` = 'copyright'  AND `name` = 'company_name'  AND `shop_id` = 0 LIMIT 1 [ RunTime:0.000000s ]
[2023-02-23T14:55:17+08:00][sql] SHOW FULL COLUMNS FROM `ls_order` [ RunTime:0.001000s ]
[2023-02-23T14:55:17+08:00][sql] SELECT * FROM `ls_order` WHERE  `del` = 0  AND `shop_id` = 1  AND `pay_status` = 1  AND `create_time` BETWEEN 1677081600 AND 1677167999 [ RunTime:0.000000s ]
[2023-02-23T14:55:17+08:00][sql] CONNECT:[ UseTime:0.001000s ] mysql:host=127.0.0.1;port=3306;dbname=cdiancan;charset=utf8mb4
[2023-02-23T14:55:17+08:00][sql] SHOW FULL COLUMNS FROM `ls_config` [ RunTime:0.001001s ]
[2023-02-23T14:55:17+08:00][sql] SELECT `value` FROM `ls_config` WHERE  `type` = 'copyright'  AND `name` = 'company_name'  AND `shop_id` = 0 LIMIT 1 [ RunTime:0.001000s ]
[2023-02-23T14:55:17+08:00][sql] SHOW FULL COLUMNS FROM `ls_order` [ RunTime:0.004000s ]
[2023-02-23T14:55:17+08:00][sql] SELECT SUM(`order_amount`) AS think_sum FROM `ls_order` WHERE  `shop_id` = 1  AND `create_time` BETWEEN 1675785600 AND 1675871999   AND `pay_status` = 1 [ RunTime:0.000000s ]
[2023-02-23T14:55:17+08:00][sql] SELECT COUNT(`id`) AS think_count FROM `ls_order` WHERE  `shop_id` = 1  AND `create_time` BETWEEN 1675785600 AND 1675871999   AND `pay_status` = 1 [ RunTime:0.001000s ]
[2023-02-23T14:55:17+08:00][sql] SELECT SUM(`order_amount`) AS think_sum FROM `ls_order` WHERE  `shop_id` = 1  AND `create_time` BETWEEN 1675872000 AND 1675958399   AND `pay_status` = 1 [ RunTime:0.000000s ]
[2023-02-23T14:55:17+08:00][sql] SELECT COUNT(`id`) AS think_count FROM `ls_order` WHERE  `shop_id` = 1  AND `create_time` BETWEEN 1675872000 AND 1675958399   AND `pay_status` = 1 [ RunTime:0.001000s ]
[2023-02-23T14:55:17+08:00][sql] SELECT SUM(`order_amount`) AS think_sum FROM `ls_order` WHERE  `shop_id` = 1  AND `create_time` BETWEEN 1675958400 AND 1676044799   AND `pay_status` = 1 [ RunTime:0.000000s ]
[2023-02-23T14:55:17+08:00][sql] SELECT COUNT(`id`) AS think_count FROM `ls_order` WHERE  `shop_id` = 1  AND `create_time` BETWEEN 1675958400 AND 1676044799   AND `pay_status` = 1 [ RunTime:0.001000s ]
[2023-02-23T14:55:17+08:00][sql] SELECT SUM(`order_amount`) AS think_sum FROM `ls_order` WHERE  `shop_id` = 1  AND `create_time` BETWEEN 1676044800 AND 1676131199   AND `pay_status` = 1 [ RunTime:0.000000s ]
[2023-02-23T14:55:17+08:00][sql] SELECT COUNT(`id`) AS think_count FROM `ls_order` WHERE  `shop_id` = 1  AND `create_time` BETWEEN 1676044800 AND 1676131199   AND `pay_status` = 1 [ RunTime:0.001000s ]
[2023-02-23T14:55:17+08:00][sql] SELECT SUM(`order_amount`) AS think_sum FROM `ls_order` WHERE  `shop_id` = 1  AND `create_time` BETWEEN 1676131200 AND 1676217599   AND `pay_status` = 1 [ RunTime:0.000000s ]
[2023-02-23T14:55:17+08:00][sql] SELECT COUNT(`id`) AS think_count FROM `ls_order` WHERE  `shop_id` = 1  AND `create_time` BETWEEN 1676131200 AND 1676217599   AND `pay_status` = 1 [ RunTime:0.000000s ]
[2023-02-23T14:55:17+08:00][sql] SELECT SUM(`order_amount`) AS think_sum FROM `ls_order` WHERE  `shop_id` = 1  AND `create_time` BETWEEN 1676217600 AND 1676303999   AND `pay_status` = 1 [ RunTime:0.000000s ]
[2023-02-23T14:55:17+08:00][sql] SELECT COUNT(`id`) AS think_count FROM `ls_order` WHERE  `shop_id` = 1  AND `create_time` BETWEEN 1676217600 AND 1676303999   AND `pay_status` = 1 [ RunTime:0.000000s ]
[2023-02-23T14:55:17+08:00][sql] SELECT SUM(`order_amount`) AS think_sum FROM `ls_order` WHERE  `shop_id` = 1  AND `create_time` BETWEEN 1676304000 AND 1676390399   AND `pay_status` = 1 [ RunTime:0.001000s ]
[2023-02-23T14:55:17+08:00][sql] SELECT COUNT(`id`) AS think_count FROM `ls_order` WHERE  `shop_id` = 1  AND `create_time` BETWEEN 1676304000 AND 1676390399   AND `pay_status` = 1 [ RunTime:0.000000s ]
[2023-02-23T14:55:17+08:00][sql] SELECT SUM(`order_amount`) AS think_sum FROM `ls_order` WHERE  `shop_id` = 1  AND `create_time` BETWEEN 1676390400 AND 1676476799   AND `pay_status` = 1 [ RunTime:0.001001s ]
[2023-02-23T14:55:17+08:00][sql] SELECT COUNT(`id`) AS think_count FROM `ls_order` WHERE  `shop_id` = 1  AND `create_time` BETWEEN 1676390400 AND 1676476799   AND `pay_status` = 1 [ RunTime:0.000000s ]
[2023-02-23T14:55:17+08:00][sql] SELECT SUM(`order_amount`) AS think_sum FROM `ls_order` WHERE  `shop_id` = 1  AND `create_time` BETWEEN 1676476800 AND 1676563199   AND `pay_status` = 1 [ RunTime:0.001000s ]
[2023-02-23T14:55:17+08:00][sql] SELECT COUNT(`id`) AS think_count FROM `ls_order` WHERE  `shop_id` = 1  AND `create_time` BETWEEN 1676476800 AND 1676563199   AND `pay_status` = 1 [ RunTime:0.000000s ]
[2023-02-23T14:55:17+08:00][sql] SELECT SUM(`order_amount`) AS think_sum FROM `ls_order` WHERE  `shop_id` = 1  AND `create_time` BETWEEN 1676563200 AND 1676649599   AND `pay_status` = 1 [ RunTime:0.001000s ]
[2023-02-23T14:55:17+08:00][sql] SELECT COUNT(`id`) AS think_count FROM `ls_order` WHERE  `shop_id` = 1  AND `create_time` BETWEEN 1676563200 AND 1676649599   AND `pay_status` = 1 [ RunTime:0.000000s ]
[2023-02-23T14:55:17+08:00][sql] SELECT SUM(`order_amount`) AS think_sum FROM `ls_order` WHERE  `shop_id` = 1  AND `create_time` BETWEEN 1676649600 AND 1676735999   AND `pay_status` = 1 [ RunTime:0.001000s ]
[2023-02-23T14:55:17+08:00][sql] SELECT COUNT(`id`) AS think_count FROM `ls_order` WHERE  `shop_id` = 1  AND `create_time` BETWEEN 1676649600 AND 1676735999   AND `pay_status` = 1 [ RunTime:0.000000s ]
[2023-02-23T14:55:17+08:00][sql] SELECT SUM(`order_amount`) AS think_sum FROM `ls_order` WHERE  `shop_id` = 1  AND `create_time` BETWEEN 1676736000 AND 1676822399   AND `pay_status` = 1 [ RunTime:0.001000s ]
[2023-02-23T14:55:17+08:00][sql] SELECT COUNT(`id`) AS think_count FROM `ls_order` WHERE  `shop_id` = 1  AND `create_time` BETWEEN 1676736000 AND 1676822399   AND `pay_status` = 1 [ RunTime:0.000000s ]
[2023-02-23T14:55:17+08:00][sql] SELECT SUM(`order_amount`) AS think_sum FROM `ls_order` WHERE  `shop_id` = 1  AND `create_time` BETWEEN 1676822400 AND 1676908799   AND `pay_status` = 1 [ RunTime:0.001000s ]
[2023-02-23T14:55:17+08:00][sql] SELECT COUNT(`id`) AS think_count FROM `ls_order` WHERE  `shop_id` = 1  AND `create_time` BETWEEN 1676822400 AND 1676908799   AND `pay_status` = 1 [ RunTime:0.000000s ]
[2023-02-23T14:55:17+08:00][sql] SELECT SUM(`order_amount`) AS think_sum FROM `ls_order` WHERE  `shop_id` = 1  AND `create_time` BETWEEN 1676908800 AND 1676995199   AND `pay_status` = 1 [ RunTime:0.001000s ]
[2023-02-23T14:55:17+08:00][sql] SELECT COUNT(`id`) AS think_count FROM `ls_order` WHERE  `shop_id` = 1  AND `create_time` BETWEEN 1676908800 AND 1676995199   AND `pay_status` = 1 [ RunTime:0.000000s ]
[2023-02-23T14:55:17+08:00][sql] SELECT SUM(`order_amount`) AS think_sum FROM `ls_order` WHERE  `shop_id` = 1  AND `create_time` BETWEEN 1676995200 AND 1677081599   AND `pay_status` = 1 [ RunTime:0.000000s ]
[2023-02-23T14:55:17+08:00][sql] SELECT COUNT(`id`) AS think_count FROM `ls_order` WHERE  `shop_id` = 1  AND `create_time` BETWEEN 1676995200 AND 1677081599   AND `pay_status` = 1 [ RunTime:0.000000s ]
[2023-02-23T14:55:17+08:00][sql] CONNECT:[ UseTime:0.001000s ] mysql:host=127.0.0.1;port=3306;dbname=cdiancan;charset=utf8mb4
[2023-02-23T14:55:17+08:00][sql] SHOW FULL COLUMNS FROM `ls_config` [ RunTime:0.001001s ]
[2023-02-23T14:55:17+08:00][sql] SELECT `value` FROM `ls_config` WHERE  `type` = 'copyright'  AND `name` = 'company_name'  AND `shop_id` = 0 LIMIT 1 [ RunTime:0.000000s ]
[2023-02-23T14:55:19+08:00][sql] CONNECT:[ UseTime:0.001000s ] mysql:host=127.0.0.1;port=3306;dbname=cdiancan;charset=utf8mb4
[2023-02-23T14:55:19+08:00][sql] SHOW FULL COLUMNS FROM `ls_config` [ RunTime:0.002000s ]
[2023-02-23T14:55:19+08:00][sql] SELECT `value` FROM `ls_config` WHERE  `type` = 'copyright'  AND `name` = 'company_name'  AND `shop_id` = 0 LIMIT 1 [ RunTime:0.000000s ]
[2023-02-23T14:55:19+08:00][error] [0]Class 'app\shop\controller\zhuohao\PrinterLogic' not found[D:\phpstudy_pro\WWW\dcweb\app\shop\controller\zhuohao\Zhuohao.php:75]
[2023-02-23T14:56:18+08:00][sql] CONNECT:[ UseTime:0.010001s ] mysql:host=127.0.0.1;port=3306;dbname=cdiancan;charset=utf8mb4
[2023-02-23T14:56:18+08:00][sql] SHOW FULL COLUMNS FROM `ls_config` [ RunTime:0.001000s ]
[2023-02-23T14:56:18+08:00][sql] SELECT `value` FROM `ls_config` WHERE  `type` = 'copyright'  AND `name` = 'company_name'  AND `shop_id` = 0 LIMIT 1 [ RunTime:0.000000s ]
[2023-02-23T14:56:18+08:00][error] [0]Class 'app\shop\controller\zhuohao\PrinterLogic' not found[D:\phpstudy_pro\WWW\dcweb\app\shop\controller\zhuohao\Zhuohao.php:75]
[2023-02-23T14:56:59+08:00][sql] CONNECT:[ UseTime:0.002000s ] mysql:host=127.0.0.1;port=3306;dbname=cdiancan;charset=utf8mb4
[2023-02-23T14:56:59+08:00][sql] SHOW FULL COLUMNS FROM `ls_config` [ RunTime:0.001000s ]
[2023-02-23T14:56:59+08:00][sql] SELECT `value` FROM `ls_config` WHERE  `type` = 'copyright'  AND `name` = 'company_name'  AND `shop_id` = 0 LIMIT 1 [ RunTime:0.001000s ]
[2023-02-23T14:56:59+08:00][error] [8]未定义变量: type_list[D:\phpstudy_pro\WWW\dcweb\runtime\shop\temp\5c2eddae1464484d6d13ff2d54e2088b.php:44]
[2023-02-23T14:57:20+08:00][sql] CONNECT:[ UseTime:0.001000s ] mysql:host=127.0.0.1;port=3306;dbname=cdiancan;charset=utf8mb4
[2023-02-23T14:57:20+08:00][sql] SHOW FULL COLUMNS FROM `ls_config` [ RunTime:0.001000s ]
[2023-02-23T14:57:20+08:00][sql] SELECT `value` FROM `ls_config` WHERE  `type` = 'copyright'  AND `name` = 'company_name'  AND `shop_id` = 0 LIMIT 1 [ RunTime:0.001000s ]
[2023-02-23T14:57:41+08:00][sql] CONNECT:[ UseTime:0.001000s ] mysql:host=127.0.0.1;port=3306;dbname=cdiancan;charset=utf8mb4
[2023-02-23T14:57:41+08:00][sql] SHOW FULL COLUMNS FROM `ls_config` [ RunTime:0.001000s ]
[2023-02-23T14:57:41+08:00][sql] SELECT `value` FROM `ls_config` WHERE  `type` = 'copyright'  AND `name` = 'company_name'  AND `shop_id` = 0 LIMIT 1 [ RunTime:0.000000s ]
[2023-02-23T14:57:54+08:00][sql] CONNECT:[ UseTime:0.001000s ] mysql:host=127.0.0.1;port=3306;dbname=cdiancan;charset=utf8mb4
[2023-02-23T14:57:54+08:00][sql] SHOW FULL COLUMNS FROM `ls_config` [ RunTime:0.001000s ]
[2023-02-23T14:57:54+08:00][sql] SELECT `value` FROM `ls_config` WHERE  `type` = 'copyright'  AND `name` = 'company_name'  AND `shop_id` = 0 LIMIT 1 [ RunTime:0.001001s ]
[2023-02-23T14:58:44+08:00][sql] CONNECT:[ UseTime:0.001000s ] mysql:host=127.0.0.1;port=3306;dbname=cdiancan;charset=utf8mb4
[2023-02-23T14:58:44+08:00][sql] SHOW FULL COLUMNS FROM `ls_config` [ RunTime:0.001000s ]
[2023-02-23T14:58:44+08:00][sql] SELECT `value` FROM `ls_config` WHERE  `type` = 'copyright'  AND `name` = 'company_name'  AND `shop_id` = 0 LIMIT 1 [ RunTime:0.001000s ]
[2023-02-23T15:01:40+08:00][sql] CONNECT:[ UseTime:0.001000s ] mysql:host=127.0.0.1;port=3306;dbname=cdiancan;charset=utf8mb4
[2023-02-23T15:01:40+08:00][sql] SHOW FULL COLUMNS FROM `ls_config` [ RunTime:0.001000s ]
[2023-02-23T15:01:40+08:00][sql] SELECT `value` FROM `ls_config` WHERE  `type` = 'copyright'  AND `name` = 'company_name'  AND `shop_id` = 0 LIMIT 1 [ RunTime:0.000000s ]
[2023-02-23T15:01:40+08:00][sql] SHOW FULL COLUMNS FROM `ls_zhuohao` [ RunTime:0.002000s ]
[2023-02-23T15:01:40+08:00][sql] INSERT INTO `ls_zhuohao` SET `shop_id` = 1 , `name` = '店铺' , `number` = '0' , `create_time` = 1677135700 , `update_time` = 1677135700 [ RunTime:0.003000s ]
[2023-02-23T15:01:41+08:00][sql] CONNECT:[ UseTime:0.001000s ] mysql:host=127.0.0.1;port=3306;dbname=cdiancan;charset=utf8mb4
[2023-02-23T15:01:41+08:00][sql] SHOW FULL COLUMNS FROM `ls_config` [ RunTime:0.001000s ]
[2023-02-23T15:01:41+08:00][sql] SELECT `value` FROM `ls_config` WHERE  `type` = 'copyright'  AND `name` = 'company_name'  AND `shop_id` = 0 LIMIT 1 [ RunTime:0.000000s ]
[2023-02-23T15:02:41+08:00][sql] CONNECT:[ UseTime:0.001001s ] mysql:host=127.0.0.1;port=3306;dbname=cdiancan;charset=utf8mb4
[2023-02-23T15:02:41+08:00][sql] SHOW FULL COLUMNS FROM `ls_config` [ RunTime:0.001000s ]
[2023-02-23T15:02:41+08:00][sql] SELECT `value` FROM `ls_config` WHERE  `type` = 'copyright'  AND `name` = 'company_name'  AND `shop_id` = 0 LIMIT 1 [ RunTime:0.001000s ]
[2023-02-23T15:02:41+08:00][sql] CONNECT:[ UseTime:0.001000s ] mysql:host=127.0.0.1;port=3306;dbname=cdiancan;charset=utf8mb4
[2023-02-23T15:02:41+08:00][sql] SHOW FULL COLUMNS FROM `ls_config` [ RunTime:0.001000s ]
[2023-02-23T15:02:41+08:00][sql] SELECT `value` FROM `ls_config` WHERE  `type` = 'copyright'  AND `name` = 'company_name'  AND `shop_id` = 0 LIMIT 1 [ RunTime:0.001000s ]
[2023-02-23T15:02:41+08:00][sql] SHOW FULL COLUMNS FROM `ls_shop_stat` [ RunTime:0.003000s ]
[2023-02-23T15:02:41+08:00][sql] SELECT COUNT(`id`) AS think_count FROM `ls_shop_stat` WHERE  `create_time` BETWEEN 1676649599 AND 1677167999   AND `shop_id` = 1 [ RunTime:0.000000s ]
[2023-02-23T15:02:41+08:00][sql] SELECT COUNT(`id`) AS think_count FROM `ls_shop_stat` WHERE  `create_time` BETWEEN 1675872000 AND 1675958399   AND `shop_id` = 1 [ RunTime:0.001000s ]
[2023-02-23T15:02:41+08:00][sql] SELECT COUNT(`id`) AS think_count FROM `ls_shop_stat` WHERE  `create_time` BETWEEN 1675958400 AND 1676044799   AND `shop_id` = 1 [ RunTime:0.000000s ]
[2023-02-23T15:02:41+08:00][sql] SELECT COUNT(`id`) AS think_count FROM `ls_shop_stat` WHERE  `create_time` BETWEEN 1676044800 AND 1676131199   AND `shop_id` = 1 [ RunTime:0.001000s ]
[2023-02-23T15:02:41+08:00][sql] SELECT COUNT(`id`) AS think_count FROM `ls_shop_stat` WHERE  `create_time` BETWEEN 1676131200 AND 1676217599   AND `shop_id` = 1 [ RunTime:0.000000s ]
[2023-02-23T15:02:41+08:00][sql] SELECT COUNT(`id`) AS think_count FROM `ls_shop_stat` WHERE  `create_time` BETWEEN 1676217600 AND 1676303999   AND `shop_id` = 1 [ RunTime:0.001000s ]
[2023-02-23T15:02:41+08:00][sql] SELECT COUNT(`id`) AS think_count FROM `ls_shop_stat` WHERE  `create_time` BETWEEN 1676304000 AND 1676390399   AND `shop_id` = 1 [ RunTime:0.000000s ]
[2023-02-23T15:02:41+08:00][sql] SELECT COUNT(`id`) AS think_count FROM `ls_shop_stat` WHERE  `create_time` BETWEEN 1676390400 AND 1676476799   AND `shop_id` = 1 [ RunTime:0.001000s ]
[2023-02-23T15:02:41+08:00][sql] SELECT COUNT(`id`) AS think_count FROM `ls_shop_stat` WHERE  `create_time` BETWEEN 1676476800 AND 1676563199   AND `shop_id` = 1 [ RunTime:0.000000s ]
[2023-02-23T15:02:41+08:00][sql] SELECT COUNT(`id`) AS think_count FROM `ls_shop_stat` WHERE  `create_time` BETWEEN 1676563200 AND 1676649599   AND `shop_id` = 1 [ RunTime:0.001000s ]
[2023-02-23T15:02:41+08:00][sql] SELECT COUNT(`id`) AS think_count FROM `ls_shop_stat` WHERE  `create_time` BETWEEN 1676649600 AND 1676735999   AND `shop_id` = 1 [ RunTime:0.000000s ]
[2023-02-23T15:02:41+08:00][sql] SELECT COUNT(`id`) AS think_count FROM `ls_shop_stat` WHERE  `create_time` BETWEEN 1676736000 AND 1676822399   AND `shop_id` = 1 [ RunTime:0.001000s ]
[2023-02-23T15:02:41+08:00][sql] SELECT COUNT(`id`) AS think_count FROM `ls_shop_stat` WHERE  `create_time` BETWEEN 1676822400 AND 1676908799   AND `shop_id` = 1 [ RunTime:0.000000s ]
[2023-02-23T15:02:41+08:00][sql] SELECT COUNT(`id`) AS think_count FROM `ls_shop_stat` WHERE  `create_time` BETWEEN 1676908800 AND 1676995199   AND `shop_id` = 1 [ RunTime:0.001000s ]
[2023-02-23T15:02:41+08:00][sql] SELECT COUNT(`id`) AS think_count FROM `ls_shop_stat` WHERE  `create_time` BETWEEN 1676995200 AND 1677081599   AND `shop_id` = 1 [ RunTime:0.000000s ]
[2023-02-23T15:02:41+08:00][sql] SELECT COUNT(`id`) AS think_count FROM `ls_shop_stat` WHERE  `create_time` BETWEEN 1677081600 AND 1677167999   AND `shop_id` = 1 [ RunTime:0.001000s ]
[2023-02-23T15:02:41+08:00][sql] CONNECT:[ UseTime:0.001000s ] mysql:host=127.0.0.1;port=3306;dbname=cdiancan;charset=utf8mb4
[2023-02-23T15:02:41+08:00][sql] SHOW FULL COLUMNS FROM `ls_config` [ RunTime:0.001000s ]
[2023-02-23T15:02:41+08:00][sql] SELECT `value` FROM `ls_config` WHERE  `type` = 'copyright'  AND `name` = 'company_name'  AND `shop_id` = 0 LIMIT 1 [ RunTime:0.001000s ]
[2023-02-23T15:03:30+08:00][sql] CONNECT:[ UseTime:0.001000s ] mysql:host=127.0.0.1;port=3306;dbname=cdiancan;charset=utf8mb4
[2023-02-23T15:03:30+08:00][sql] SHOW FULL COLUMNS FROM `ls_config` [ RunTime:0.001000s ]
[2023-02-23T15:03:30+08:00][sql] SELECT `value` FROM `ls_config` WHERE  `type` = 'copyright'  AND `name` = 'company_name'  AND `shop_id` = 0 LIMIT 1 [ RunTime:0.000000s ]
[2023-02-23T15:03:30+08:00][sql] SHOW FULL COLUMNS FROM `ls_zhuohao` [ RunTime:0.001000s ]
[2023-02-23T15:03:30+08:00][sql] SELECT * FROM `ls_zhuohao` `p` WHERE  `p`.`del` = 0  AND `p`.`shop_id` = 1 ORDER BY `p`.`id` DESC [ RunTime:0.000000s ]
[2023-02-23T15:03:31+08:00][sql] CONNECT:[ UseTime:0.001000s ] mysql:host=127.0.0.1;port=3306;dbname=cdiancan;charset=utf8mb4
[2023-02-23T15:03:31+08:00][sql] SHOW FULL COLUMNS FROM `ls_config` [ RunTime:0.001001s ]
[2023-02-23T15:03:31+08:00][sql] SELECT `value` FROM `ls_config` WHERE  `type` = 'copyright'  AND `name` = 'company_name'  AND `shop_id` = 0 LIMIT 1 [ RunTime:0.000000s ]
[2023-02-23T15:03:31+08:00][sql] SELECT `value` FROM `ls_config` WHERE  `type` = 'website'  AND `name` = 'shop_name'  AND `shop_id` = 0 LIMIT 1 [ RunTime:0.001000s ]
[2023-02-23T15:03:31+08:00][sql] SELECT `value` FROM `ls_config` WHERE  `type` = 'website'  AND `name` = 'web_favicon'  AND `shop_id` = 0 LIMIT 1 [ RunTime:0.000000s ]
[2023-02-23T15:03:31+08:00][sql] SELECT `value` FROM `ls_config` WHERE  `type` = 'website'  AND `name` = 'shop_logo'  AND `shop_id` = 0 LIMIT 1 [ RunTime:0.001000s ]
[2023-02-23T15:03:31+08:00][sql] SHOW FULL COLUMNS FROM `ls_dev_shop_auth` [ RunTime:0.001000s ]
[2023-02-23T15:03:31+08:00][sql] SELECT * FROM `ls_dev_shop_auth` WHERE  `type` = 1  AND `del` = 0  AND `disable` = 0 ORDER BY `sort` DESC [ RunTime:0.001000s ]
[2023-02-23T15:03:31+08:00][sql] SHOW FULL COLUMNS FROM `ls_shop_role` [ RunTime:0.001000s ]
[2023-02-23T15:03:31+08:00][sql] SELECT `name` FROM `ls_shop_role` WHERE  `id` = 0 LIMIT 1 [ RunTime:0.000000s ]
[2023-02-23T15:03:32+08:00][sql] CONNECT:[ UseTime:0.001000s ] mysql:host=127.0.0.1;port=3306;dbname=cdiancan;charset=utf8mb4
[2023-02-23T15:03:32+08:00][sql] SHOW FULL COLUMNS FROM `ls_config` [ RunTime:0.001000s ]
[2023-02-23T15:03:32+08:00][sql] SELECT `value` FROM `ls_config` WHERE  `type` = 'copyright'  AND `name` = 'company_name'  AND `shop_id` = 0 LIMIT 1 [ RunTime:0.000000s ]
[2023-02-23T15:03:32+08:00][sql] SHOW FULL COLUMNS FROM `ls_order` [ RunTime:0.001000s ]
[2023-02-23T15:03:32+08:00][sql] SELECT * FROM `ls_order` WHERE  `del` = 0  AND `shop_id` = 1  AND `pay_status` = 1  AND `create_time` BETWEEN 1677081600 AND 1677167999 [ RunTime:0.000000s ]
[2023-02-23T15:03:32+08:00][sql] CONNECT:[ UseTime:0.002000s ] mysql:host=127.0.0.1;port=3306;dbname=cdiancan;charset=utf8mb4
[2023-02-23T15:03:32+08:00][sql] SHOW FULL COLUMNS FROM `ls_config` [ RunTime:0.001000s ]
[2023-02-23T15:03:32+08:00][sql] SELECT `value` FROM `ls_config` WHERE  `type` = 'copyright'  AND `name` = 'company_name'  AND `shop_id` = 0 LIMIT 1 [ RunTime:0.000000s ]
[2023-02-23T15:03:32+08:00][sql] SHOW FULL COLUMNS FROM `ls_order` [ RunTime:0.001000s ]
[2023-02-23T15:03:32+08:00][sql] SELECT SUM(`order_amount`) AS think_sum FROM `ls_order` WHERE  `shop_id` = 1  AND `create_time` BETWEEN 1675785600 AND 1675871999   AND `pay_status` = 1 [ RunTime:0.000000s ]
[2023-02-23T15:03:32+08:00][sql] SELECT COUNT(`id`) AS think_count FROM `ls_order` WHERE  `shop_id` = 1  AND `create_time` BETWEEN 1675785600 AND 1675871999   AND `pay_status` = 1 [ RunTime:0.001000s ]
[2023-02-23T15:03:32+08:00][sql] SELECT SUM(`order_amount`) AS think_sum FROM `ls_order` WHERE  `shop_id` = 1  AND `create_time` BETWEEN 1675872000 AND 1675958399   AND `pay_status` = 1 [ RunTime:0.000000s ]
[2023-02-23T15:03:32+08:00][sql] SELECT COUNT(`id`) AS think_count FROM `ls_order` WHERE  `shop_id` = 1  AND `create_time` BETWEEN 1675872000 AND 1675958399   AND `pay_status` = 1 [ RunTime:0.001000s ]
[2023-02-23T15:03:32+08:00][sql] SELECT SUM(`order_amount`) AS think_sum FROM `ls_order` WHERE  `shop_id` = 1  AND `create_time` BETWEEN 1675958400 AND 1676044799   AND `pay_status` = 1 [ RunTime:0.000000s ]
[2023-02-23T15:03:32+08:00][sql] SELECT COUNT(`id`) AS think_count FROM `ls_order` WHERE  `shop_id` = 1  AND `create_time` BETWEEN 1675958400 AND 1676044799   AND `pay_status` = 1 [ RunTime:0.000000s ]
[2023-02-23T15:03:32+08:00][sql] SELECT SUM(`order_amount`) AS think_sum FROM `ls_order` WHERE  `shop_id` = 1  AND `create_time` BETWEEN 1676044800 AND 1676131199   AND `pay_status` = 1 [ RunTime:0.000000s ]
[2023-02-23T15:03:32+08:00][sql] SELECT COUNT(`id`) AS think_count FROM `ls_order` WHERE  `shop_id` = 1  AND `create_time` BETWEEN 1676044800 AND 1676131199   AND `pay_status` = 1 [ RunTime:0.000000s ]
[2023-02-23T15:03:32+08:00][sql] SELECT SUM(`order_amount`) AS think_sum FROM `ls_order` WHERE  `shop_id` = 1  AND `create_time` BETWEEN 1676131200 AND 1676217599   AND `pay_status` = 1 [ RunTime:0.001000s ]
[2023-02-23T15:03:32+08:00][sql] SELECT COUNT(`id`) AS think_count FROM `ls_order` WHERE  `shop_id` = 1  AND `create_time` BETWEEN 1676131200 AND 1676217599   AND `pay_status` = 1 [ RunTime:0.000000s ]
[2023-02-23T15:03:32+08:00][sql] SELECT SUM(`order_amount`) AS think_sum FROM `ls_order` WHERE  `shop_id` = 1  AND `create_time` BETWEEN 1676217600 AND 1676303999   AND `pay_status` = 1 [ RunTime:0.001000s ]
[2023-02-23T15:03:32+08:00][sql] SELECT COUNT(`id`) AS think_count FROM `ls_order` WHERE  `shop_id` = 1  AND `create_time` BETWEEN 1676217600 AND 1676303999   AND `pay_status` = 1 [ RunTime:0.000000s ]
[2023-02-23T15:03:32+08:00][sql] SELECT SUM(`order_amount`) AS think_sum FROM `ls_order` WHERE  `shop_id` = 1  AND `create_time` BETWEEN 1676304000 AND 1676390399   AND `pay_status` = 1 [ RunTime:0.001001s ]
[2023-02-23T15:03:32+08:00][sql] SELECT COUNT(`id`) AS think_count FROM `ls_order` WHERE  `shop_id` = 1  AND `create_time` BETWEEN 1676304000 AND 1676390399   AND `pay_status` = 1 [ RunTime:0.000000s ]
[2023-02-23T15:03:32+08:00][sql] SELECT SUM(`order_amount`) AS think_sum FROM `ls_order` WHERE  `shop_id` = 1  AND `create_time` BETWEEN 1676390400 AND 1676476799   AND `pay_status` = 1 [ RunTime:0.001000s ]
[2023-02-23T15:03:32+08:00][sql] SELECT COUNT(`id`) AS think_count FROM `ls_order` WHERE  `shop_id` = 1  AND `create_time` BETWEEN 1676390400 AND 1676476799   AND `pay_status` = 1 [ RunTime:0.000000s ]
[2023-02-23T15:03:32+08:00][sql] SELECT SUM(`order_amount`) AS think_sum FROM `ls_order` WHERE  `shop_id` = 1  AND `create_time` BETWEEN 1676476800 AND 1676563199   AND `pay_status` = 1 [ RunTime:0.000000s ]
[2023-02-23T15:03:32+08:00][sql] SELECT COUNT(`id`) AS think_count FROM `ls_order` WHERE  `shop_id` = 1  AND `create_time` BETWEEN 1676476800 AND 1676563199   AND `pay_status` = 1 [ RunTime:0.001000s ]
[2023-02-23T15:03:32+08:00][sql] SELECT SUM(`order_amount`) AS think_sum FROM `ls_order` WHERE  `shop_id` = 1  AND `create_time` BETWEEN 1676563200 AND 1676649599   AND `pay_status` = 1 [ RunTime:0.000000s ]
[2023-02-23T15:03:32+08:00][sql] SELECT COUNT(`id`) AS think_count FROM `ls_order` WHERE  `shop_id` = 1  AND `create_time` BETWEEN 1676563200 AND 1676649599   AND `pay_status` = 1 [ RunTime:0.001000s ]
[2023-02-23T15:03:32+08:00][sql] SELECT SUM(`order_amount`) AS think_sum FROM `ls_order` WHERE  `shop_id` = 1  AND `create_time` BETWEEN 1676649600 AND 1676735999   AND `pay_status` = 1 [ RunTime:0.000000s ]
[2023-02-23T15:03:32+08:00][sql] SELECT COUNT(`id`) AS think_count FROM `ls_order` WHERE  `shop_id` = 1  AND `create_time` BETWEEN 1676649600 AND 1676735999   AND `pay_status` = 1 [ RunTime:0.001000s ]
[2023-02-23T15:03:32+08:00][sql] SELECT SUM(`order_amount`) AS think_sum FROM `ls_order` WHERE  `shop_id` = 1  AND `create_time` BETWEEN 1676736000 AND 1676822399   AND `pay_status` = 1 [ RunTime:0.000000s ]
[2023-02-23T15:03:32+08:00][sql] SELECT COUNT(`id`) AS think_count FROM `ls_order` WHERE  `shop_id` = 1  AND `create_time` BETWEEN 1676736000 AND 1676822399   AND `pay_status` = 1 [ RunTime:0.000000s ]
[2023-02-23T15:03:32+08:00][sql] SELECT SUM(`order_amount`) AS think_sum FROM `ls_order` WHERE  `shop_id` = 1  AND `create_time` BETWEEN 1676822400 AND 1676908799   AND `pay_status` = 1 [ RunTime:0.001000s ]
[2023-02-23T15:03:32+08:00][sql] SELECT COUNT(`id`) AS think_count FROM `ls_order` WHERE  `shop_id` = 1  AND `create_time` BETWEEN 1676822400 AND 1676908799   AND `pay_status` = 1 [ RunTime:0.000000s ]
[2023-02-23T15:03:32+08:00][sql] SELECT SUM(`order_amount`) AS think_sum FROM `ls_order` WHERE  `shop_id` = 1  AND `create_time` BETWEEN 1676908800 AND 1676995199   AND `pay_status` = 1 [ RunTime:0.001000s ]
[2023-02-23T15:03:32+08:00][sql] SELECT COUNT(`id`) AS think_count FROM `ls_order` WHERE  `shop_id` = 1  AND `create_time` BETWEEN 1676908800 AND 1676995199   AND `pay_status` = 1 [ RunTime:0.000000s ]
[2023-02-23T15:03:32+08:00][sql] SELECT SUM(`order_amount`) AS think_sum FROM `ls_order` WHERE  `shop_id` = 1  AND `create_time` BETWEEN 1676995200 AND 1677081599   AND `pay_status` = 1 [ RunTime:0.001000s ]
[2023-02-23T15:03:32+08:00][sql] SELECT COUNT(`id`) AS think_count FROM `ls_order` WHERE  `shop_id` = 1  AND `create_time` BETWEEN 1676995200 AND 1677081599   AND `pay_status` = 1 [ RunTime:0.000000s ]
[2023-02-23T15:03:32+08:00][sql] CONNECT:[ UseTime:0.001000s ] mysql:host=127.0.0.1;port=3306;dbname=cdiancan;charset=utf8mb4
[2023-02-23T15:03:32+08:00][sql] SHOW FULL COLUMNS FROM `ls_config` [ RunTime:0.001000s ]
[2023-02-23T15:03:32+08:00][sql] SELECT `value` FROM `ls_config` WHERE  `type` = 'copyright'  AND `name` = 'company_name'  AND `shop_id` = 0 LIMIT 1 [ RunTime:0.000000s ]
[2023-02-23T15:03:32+08:00][sql] CONNECT:[ UseTime:0.001000s ] mysql:host=127.0.0.1;port=3306;dbname=cdiancan;charset=utf8mb4
[2023-02-23T15:03:32+08:00][sql] SHOW FULL COLUMNS FROM `ls_config` [ RunTime:0.001001s ]
[2023-02-23T15:03:32+08:00][sql] SELECT `value` FROM `ls_config` WHERE  `type` = 'copyright'  AND `name` = 'company_name'  AND `shop_id` = 0 LIMIT 1 [ RunTime:0.000000s ]
[2023-02-23T15:03:32+08:00][sql] SHOW FULL COLUMNS FROM `ls_zhuohao` [ RunTime:0.001000s ]
[2023-02-23T15:03:32+08:00][sql] SELECT * FROM `ls_zhuohao` `p` WHERE  `p`.`del` = 0  AND `p`.`shop_id` = 1 ORDER BY `p`.`id` DESC [ RunTime:0.001000s ]
[2023-02-23T15:04:21+08:00][sql] CONNECT:[ UseTime:0.001000s ] mysql:host=127.0.0.1;port=3306;dbname=cdiancan;charset=utf8mb4
[2023-02-23T15:04:21+08:00][sql] SHOW FULL COLUMNS FROM `ls_config` [ RunTime:0.002000s ]
[2023-02-23T15:04:21+08:00][sql] SELECT `value` FROM `ls_config` WHERE  `type` = 'copyright'  AND `name` = 'company_name'  AND `shop_id` = 0 LIMIT 1 [ RunTime:0.000000s ]
[2023-02-23T15:04:21+08:00][sql] SHOW FULL COLUMNS FROM `ls_order` [ RunTime:0.004001s ]
[2023-02-23T15:04:21+08:00][sql] SELECT * FROM `ls_order` WHERE  `del` = 0  AND `pay_status` = 1  AND `shop_id` = 1 [ RunTime:0.001000s ]
[2023-02-23T15:04:21+08:00][sql] SHOW FULL COLUMNS FROM `ls_order_refund` [ RunTime:0.007000s ]
[2023-02-23T15:04:21+08:00][sql] SELECT * FROM `ls_order_refund` WHERE  `shop_id` = 1 [ RunTime:0.000000s ]
[2023-02-23T15:04:22+08:00][sql] CONNECT:[ UseTime:0.001000s ] mysql:host=127.0.0.1;port=3306;dbname=cdiancan;charset=utf8mb4
[2023-02-23T15:04:22+08:00][sql] SHOW FULL COLUMNS FROM `ls_config` [ RunTime:0.001000s ]
[2023-02-23T15:04:22+08:00][sql] SELECT `value` FROM `ls_config` WHERE  `type` = 'copyright'  AND `name` = 'company_name'  AND `shop_id` = 0 LIMIT 1 [ RunTime:0.001000s ]
[2023-02-23T15:04:22+08:00][sql] SHOW FULL COLUMNS FROM `ls_order` [ RunTime:0.001000s ]
[2023-02-23T15:04:22+08:00][sql] SELECT `id`,`order_amount`,`order_type`,`refund_amount` FROM `ls_order` WHERE  `del` = 0  AND `shop_id` = 1  AND `pay_status` = 1  AND `create_time` BETWEEN 1676476800 AND 1676563199 [ RunTime:0.000000s ]
[2023-02-23T15:04:22+08:00][sql] SELECT `id`,`order_amount`,`order_type`,`refund_amount` FROM `ls_order` WHERE  `del` = 0  AND `shop_id` = 1  AND `pay_status` = 1  AND `create_time` BETWEEN 1676563200 AND 1676649599 [ RunTime:0.001000s ]
[2023-02-23T15:04:22+08:00][sql] SELECT `id`,`order_amount`,`order_type`,`refund_amount` FROM `ls_order` WHERE  `del` = 0  AND `shop_id` = 1  AND `pay_status` = 1  AND `create_time` BETWEEN 1676649600 AND 1676735999 [ RunTime:0.000000s ]
[2023-02-23T15:04:22+08:00][sql] SELECT `id`,`order_amount`,`order_type`,`refund_amount` FROM `ls_order` WHERE  `del` = 0  AND `shop_id` = 1  AND `pay_status` = 1  AND `create_time` BETWEEN 1676736000 AND 1676822399 [ RunTime:0.001000s ]
[2023-02-23T15:04:22+08:00][sql] SELECT `id`,`order_amount`,`order_type`,`refund_amount` FROM `ls_order` WHERE  `del` = 0  AND `shop_id` = 1  AND `pay_status` = 1  AND `create_time` BETWEEN 1676822400 AND 1676908799 [ RunTime:0.000000s ]
[2023-02-23T15:04:22+08:00][sql] SELECT `id`,`order_amount`,`order_type`,`refund_amount` FROM `ls_order` WHERE  `del` = 0  AND `shop_id` = 1  AND `pay_status` = 1  AND `create_time` BETWEEN 1676908800 AND 1676995199 [ RunTime:0.000000s ]
[2023-02-23T15:04:22+08:00][sql] SELECT `id`,`order_amount`,`order_type`,`refund_amount` FROM `ls_order` WHERE  `del` = 0  AND `shop_id` = 1  AND `pay_status` = 1  AND `create_time` BETWEEN 1676995200 AND 1677081599 [ RunTime:0.001000s ]
[2023-02-23T15:04:22+08:00][sql] SELECT `id`,`order_amount`,`order_type`,`refund_amount` FROM `ls_order` WHERE  `del` = 0  AND `shop_id` = 1  AND `pay_status` = 1  AND `create_time` BETWEEN 1677081600 AND 1677167999 [ RunTime:0.000000s ]
[2023-02-23T15:04:22+08:00][sql] CONNECT:[ UseTime:0.001000s ] mysql:host=127.0.0.1;port=3306;dbname=cdiancan;charset=utf8mb4
[2023-02-23T15:04:22+08:00][sql] SHOW FULL COLUMNS FROM `ls_config` [ RunTime:0.001001s ]
[2023-02-23T15:04:22+08:00][sql] SELECT `value` FROM `ls_config` WHERE  `type` = 'copyright'  AND `name` = 'company_name'  AND `shop_id` = 0 LIMIT 1 [ RunTime:0.001000s ]
[2023-02-23T15:04:22+08:00][sql] CONNECT:[ UseTime:0.001000s ] mysql:host=127.0.0.1;port=3306;dbname=cdiancan;charset=utf8mb4
[2023-02-23T15:04:22+08:00][sql] SHOW FULL COLUMNS FROM `ls_config` [ RunTime:0.001000s ]
[2023-02-23T15:04:22+08:00][sql] SELECT `value` FROM `ls_config` WHERE  `type` = 'copyright'  AND `name` = 'company_name'  AND `shop_id` = 0 LIMIT 1 [ RunTime:0.000000s ]
[2023-02-23T15:04:22+08:00][sql] SHOW FULL COLUMNS FROM `ls_zhuohao` [ RunTime:0.001000s ]
[2023-02-23T15:04:22+08:00][sql] SELECT * FROM `ls_zhuohao` `p` WHERE  `p`.`del` = 0  AND `p`.`shop_id` = 1 ORDER BY `p`.`id` DESC [ RunTime:0.001000s ]
[2023-02-23T15:04:29+08:00][sql] CONNECT:[ UseTime:0.001000s ] mysql:host=127.0.0.1;port=3306;dbname=cdiancan;charset=utf8mb4
[2023-02-23T15:04:29+08:00][sql] SHOW FULL COLUMNS FROM `ls_config` [ RunTime:0.001000s ]
[2023-02-23T15:04:29+08:00][sql] SELECT `value` FROM `ls_config` WHERE  `type` = 'copyright'  AND `name` = 'company_name'  AND `shop_id` = 0 LIMIT 1 [ RunTime:0.001000s ]
[2023-02-23T15:04:29+08:00][error] [0]Class 'app\shop\controller\zhuohao\PrinterLogic' not found[D:\phpstudy_pro\WWW\dcweb\app\shop\controller\zhuohao\Zhuohao.php:104]
[2023-02-23T15:09:33+08:00][sql] CONNECT:[ UseTime:0.002000s ] mysql:host=127.0.0.1;port=3306;dbname=cdiancan;charset=utf8mb4
[2023-02-23T15:09:33+08:00][sql] SHOW FULL COLUMNS FROM `ls_config` [ RunTime:0.001000s ]
[2023-02-23T15:09:33+08:00][sql] SELECT `value` FROM `ls_config` WHERE  `type` = 'copyright'  AND `name` = 'company_name'  AND `shop_id` = 0 LIMIT 1 [ RunTime:0.001000s ]
[2023-02-23T15:09:33+08:00][error] [0]Class 'app\shop\controller\zhuohao\PrinterLogic' not found[D:\phpstudy_pro\WWW\dcweb\app\shop\controller\zhuohao\Zhuohao.php:104]
[2023-02-23T15:09:54+08:00][sql] CONNECT:[ UseTime:0.002000s ] mysql:host=127.0.0.1;port=3306;dbname=cdiancan;charset=utf8mb4
[2023-02-23T15:09:54+08:00][sql] SHOW FULL COLUMNS FROM `ls_config` [ RunTime:0.001000s ]
[2023-02-23T15:09:54+08:00][sql] SELECT `value` FROM `ls_config` WHERE  `type` = 'copyright'  AND `name` = 'company_name'  AND `shop_id` = 0 LIMIT 1 [ RunTime:0.001000s ]
[2023-02-23T15:09:54+08:00][error] [0]Class 'app\shop\controller\zhuohao\PrinterLogic' not found[D:\phpstudy_pro\WWW\dcweb\app\shop\controller\zhuohao\Zhuohao.php:104]
[2023-02-23T15:12:29+08:00][sql] CONNECT:[ UseTime:0.001000s ] mysql:host=127.0.0.1;port=3306;dbname=cdiancan;charset=utf8mb4
[2023-02-23T15:12:29+08:00][sql] SHOW FULL COLUMNS FROM `ls_config` [ RunTime:0.001000s ]
[2023-02-23T15:12:29+08:00][sql] SELECT `value` FROM `ls_config` WHERE  `type` = 'copyright'  AND `name` = 'company_name'  AND `shop_id` = 0 LIMIT 1 [ RunTime:0.001000s ]
[2023-02-23T15:12:29+08:00][sql] SHOW FULL COLUMNS FROM `ls_zhuohao` [ RunTime:0.002000s ]
[2023-02-23T15:12:29+08:00][sql] SELECT * FROM `ls_zhuohao` WHERE  `del` = 0  AND `id` = 1 LIMIT 1 [ RunTime:0.000000s ]
[2023-02-23T15:12:39+08:00][sql] CONNECT:[ UseTime:0.001000s ] mysql:host=127.0.0.1;port=3306;dbname=cdiancan;charset=utf8mb4
[2023-02-23T15:12:39+08:00][sql] SHOW FULL COLUMNS FROM `ls_config` [ RunTime:0.001000s ]
[2023-02-23T15:12:39+08:00][sql] SELECT `value` FROM `ls_config` WHERE  `type` = 'copyright'  AND `name` = 'company_name'  AND `shop_id` = 0 LIMIT 1 [ RunTime:0.000000s ]
[2023-02-23T15:12:39+08:00][sql] SHOW FULL COLUMNS FROM `ls_zhuohao` [ RunTime:0.001001s ]
[2023-02-23T15:12:39+08:00][sql] UPDATE `ls_zhuohao`  SET `name` = '店铺-改动' , `update_time` = 1677136359  WHERE  `id` = 1 [ RunTime:0.002000s ]
[2023-02-23T15:12:40+08:00][sql] CONNECT:[ UseTime:0.001000s ] mysql:host=127.0.0.1;port=3306;dbname=cdiancan;charset=utf8mb4
[2023-02-23T15:12:40+08:00][sql] SHOW FULL COLUMNS FROM `ls_config` [ RunTime:0.001000s ]
[2023-02-23T15:12:40+08:00][sql] SELECT `value` FROM `ls_config` WHERE  `type` = 'copyright'  AND `name` = 'company_name'  AND `shop_id` = 0 LIMIT 1 [ RunTime:0.000000s ]
[2023-02-23T15:12:40+08:00][sql] CONNECT:[ UseTime:0.001000s ] mysql:host=127.0.0.1;port=3306;dbname=cdiancan;charset=utf8mb4
[2023-02-23T15:12:40+08:00][sql] SHOW FULL COLUMNS FROM `ls_config` [ RunTime:0.001000s ]
[2023-02-23T15:12:40+08:00][sql] SELECT `value` FROM `ls_config` WHERE  `type` = 'copyright'  AND `name` = 'company_name'  AND `shop_id` = 0 LIMIT 1 [ RunTime:0.001000s ]
[2023-02-23T15:12:40+08:00][sql] SHOW FULL COLUMNS FROM `ls_zhuohao` [ RunTime:0.001000s ]
[2023-02-23T15:12:40+08:00][sql] SELECT * FROM `ls_zhuohao` `p` WHERE  `p`.`del` = 0  AND `p`.`shop_id` = 1 ORDER BY `p`.`id` DESC [ RunTime:0.000000s ]
[2023-02-23T15:12:42+08:00][sql] CONNECT:[ UseTime:0.001000s ] mysql:host=127.0.0.1;port=3306;dbname=cdiancan;charset=utf8mb4
[2023-02-23T15:12:42+08:00][sql] SHOW FULL COLUMNS FROM `ls_config` [ RunTime:0.001000s ]
[2023-02-23T15:12:42+08:00][sql] SELECT `value` FROM `ls_config` WHERE  `type` = 'copyright'  AND `name` = 'company_name'  AND `shop_id` = 0 LIMIT 1 [ RunTime:0.000000s ]
[2023-02-23T15:12:42+08:00][sql] SHOW FULL COLUMNS FROM `ls_zhuohao` [ RunTime:0.001000s ]
[2023-02-23T15:12:42+08:00][sql] SELECT * FROM `ls_zhuohao` WHERE  `del` = 0  AND `id` = 1 LIMIT 1 [ RunTime:0.000000s ]
[2023-02-23T15:13:02+08:00][sql] CONNECT:[ UseTime:0.002000s ] mysql:host=127.0.0.1;port=3306;dbname=cdiancan;charset=utf8mb4
[2023-02-23T15:13:02+08:00][sql] SHOW FULL COLUMNS FROM `ls_config` [ RunTime:0.001000s ]
[2023-02-23T15:13:02+08:00][sql] SELECT `value` FROM `ls_config` WHERE  `type` = 'copyright'  AND `name` = 'company_name'  AND `shop_id` = 0 LIMIT 1 [ RunTime:0.001000s ]
[2023-02-23T15:13:02+08:00][sql] SHOW FULL COLUMNS FROM `ls_zhuohao` [ RunTime:0.001000s ]
[2023-02-23T15:13:02+08:00][sql] SELECT * FROM `ls_zhuohao` WHERE  `del` = 0  AND `id` = 1 LIMIT 1 [ RunTime:0.001000s ]
[2023-02-23T15:13:35+08:00][sql] CONNECT:[ UseTime:0.001000s ] mysql:host=127.0.0.1;port=3306;dbname=cdiancan;charset=utf8mb4
[2023-02-23T15:13:35+08:00][sql] SHOW FULL COLUMNS FROM `ls_config` [ RunTime:0.001001s ]
[2023-02-23T15:13:35+08:00][sql] SELECT `value` FROM `ls_config` WHERE  `type` = 'copyright'  AND `name` = 'company_name'  AND `shop_id` = 0 LIMIT 1 [ RunTime:0.000000s ]
[2023-02-23T15:13:35+08:00][sql] CONNECT:[ UseTime:0.001000s ] mysql:host=127.0.0.1;port=3306;dbname=cdiancan;charset=utf8mb4
[2023-02-23T15:13:35+08:00][sql] SHOW FULL COLUMNS FROM `ls_config` [ RunTime:0.002000s ]
[2023-02-23T15:13:35+08:00][sql] SELECT `value` FROM `ls_config` WHERE  `type` = 'copyright'  AND `name` = 'company_name'  AND `shop_id` = 0 LIMIT 1 [ RunTime:0.000000s ]
[2023-02-23T15:13:35+08:00][sql] SHOW FULL COLUMNS FROM `ls_shop_stat` [ RunTime:0.003000s ]
[2023-02-23T15:13:35+08:00][sql] SELECT COUNT(`id`) AS think_count FROM `ls_shop_stat` WHERE  `create_time` BETWEEN 1676649599 AND 1677167999   AND `shop_id` = 1 [ RunTime:0.001000s ]
[2023-02-23T15:13:35+08:00][sql] SELECT COUNT(`id`) AS think_count FROM `ls_shop_stat` WHERE  `create_time` BETWEEN 1675872000 AND 1675958399   AND `shop_id` = 1 [ RunTime:0.000000s ]
[2023-02-23T15:13:35+08:00][sql] SELECT COUNT(`id`) AS think_count FROM `ls_shop_stat` WHERE  `create_time` BETWEEN 1675958400 AND 1676044799   AND `shop_id` = 1 [ RunTime:0.001000s ]
[2023-02-23T15:13:35+08:00][sql] SELECT COUNT(`id`) AS think_count FROM `ls_shop_stat` WHERE  `create_time` BETWEEN 1676044800 AND 1676131199   AND `shop_id` = 1 [ RunTime:0.000000s ]
[2023-02-23T15:13:35+08:00][sql] SELECT COUNT(`id`) AS think_count FROM `ls_shop_stat` WHERE  `create_time` BETWEEN 1676131200 AND 1676217599   AND `shop_id` = 1 [ RunTime:0.001000s ]
[2023-02-23T15:13:35+08:00][sql] SELECT COUNT(`id`) AS think_count FROM `ls_shop_stat` WHERE  `create_time` BETWEEN 1676217600 AND 1676303999   AND `shop_id` = 1 [ RunTime:0.000000s ]
[2023-02-23T15:13:35+08:00][sql] SELECT COUNT(`id`) AS think_count FROM `ls_shop_stat` WHERE  `create_time` BETWEEN 1676304000 AND 1676390399   AND `shop_id` = 1 [ RunTime:0.001000s ]
[2023-02-23T15:13:35+08:00][sql] SELECT COUNT(`id`) AS think_count FROM `ls_shop_stat` WHERE  `create_time` BETWEEN 1676390400 AND 1676476799   AND `shop_id` = 1 [ RunTime:0.000000s ]
[2023-02-23T15:13:35+08:00][sql] SELECT COUNT(`id`) AS think_count FROM `ls_shop_stat` WHERE  `create_time` BETWEEN 1676476800 AND 1676563199   AND `shop_id` = 1 [ RunTime:0.001000s ]
[2023-02-23T15:13:35+08:00][sql] SELECT COUNT(`id`) AS think_count FROM `ls_shop_stat` WHERE  `create_time` BETWEEN 1676563200 AND 1676649599   AND `shop_id` = 1 [ RunTime:0.000000s ]
[2023-02-23T15:13:35+08:00][sql] SELECT COUNT(`id`) AS think_count FROM `ls_shop_stat` WHERE  `create_time` BETWEEN 1676649600 AND 1676735999   AND `shop_id` = 1 [ RunTime:0.001000s ]
[2023-02-23T15:13:35+08:00][sql] SELECT COUNT(`id`) AS think_count FROM `ls_shop_stat` WHERE  `create_time` BETWEEN 1676736000 AND 1676822399   AND `shop_id` = 1 [ RunTime:0.000000s ]
[2023-02-23T15:13:35+08:00][sql] SELECT COUNT(`id`) AS think_count FROM `ls_shop_stat` WHERE  `create_time` BETWEEN 1676822400 AND 1676908799   AND `shop_id` = 1 [ RunTime:0.001000s ]
[2023-02-23T15:13:35+08:00][sql] SELECT COUNT(`id`) AS think_count FROM `ls_shop_stat` WHERE  `create_time` BETWEEN 1676908800 AND 1676995199   AND `shop_id` = 1 [ RunTime:0.000000s ]
[2023-02-23T15:13:35+08:00][sql] SELECT COUNT(`id`) AS think_count FROM `ls_shop_stat` WHERE  `create_time` BETWEEN 1676995200 AND 1677081599   AND `shop_id` = 1 [ RunTime:0.001001s ]
[2023-02-23T15:13:35+08:00][sql] SELECT COUNT(`id`) AS think_count FROM `ls_shop_stat` WHERE  `create_time` BETWEEN 1677081600 AND 1677167999   AND `shop_id` = 1 [ RunTime:0.000000s ]
[2023-02-23T15:14:32+08:00][sql] CONNECT:[ UseTime:0.001000s ] mysql:host=127.0.0.1;port=3306;dbname=cdiancan;charset=utf8mb4
[2023-02-23T15:14:32+08:00][sql] SHOW FULL COLUMNS FROM `ls_config` [ RunTime:0.001001s ]
[2023-02-23T15:14:32+08:00][sql] SELECT `value` FROM `ls_config` WHERE  `type` = 'copyright'  AND `name` = 'company_name'  AND `shop_id` = 0 LIMIT 1 [ RunTime:0.001000s ]
[2023-02-23T15:14:32+08:00][error] [0]Class 'app\shop\controller\zhuohao\PrinterValidate' not found[D:\phpstudy_pro\WWW\dcweb\app\shop\controller\zhuohao\Zhuohao.php:117]
[2023-02-23T15:14:37+08:00][sql] CONNECT:[ UseTime:0.001000s ] mysql:host=127.0.0.1;port=3306;dbname=cdiancan;charset=utf8mb4
[2023-02-23T15:14:37+08:00][sql] SHOW FULL COLUMNS FROM `ls_config` [ RunTime:0.001000s ]
[2023-02-23T15:14:37+08:00][sql] SELECT `value` FROM `ls_config` WHERE  `type` = 'copyright'  AND `name` = 'company_name'  AND `shop_id` = 0 LIMIT 1 [ RunTime:0.001000s ]
[2023-02-23T15:14:37+08:00][error] [0]Class 'app\shop\controller\zhuohao\PrinterValidate' not found[D:\phpstudy_pro\WWW\dcweb\app\shop\controller\zhuohao\Zhuohao.php:117]
[2023-02-23T15:15:31+08:00][sql] CONNECT:[ UseTime:0.001000s ] mysql:host=127.0.0.1;port=3306;dbname=cdiancan;charset=utf8mb4
[2023-02-23T15:15:31+08:00][sql] SHOW FULL COLUMNS FROM `ls_config` [ RunTime:0.001001s ]
[2023-02-23T15:15:31+08:00][sql] SELECT `value` FROM `ls_config` WHERE  `type` = 'copyright'  AND `name` = 'company_name'  AND `shop_id` = 0 LIMIT 1 [ RunTime:0.000000s ]
[2023-02-23T15:15:31+08:00][sql] SHOW FULL COLUMNS FROM `ls_zhuohao` [ RunTime:0.001000s ]
[2023-02-23T15:15:31+08:00][sql] SELECT * FROM `ls_zhuohao` WHERE  `id` = 1 LIMIT 1 [ RunTime:0.000000s ]
[2023-02-23T15:15:31+08:00][sql] UPDATE `ls_zhuohao`  SET `del` = 1 , `update_time` = 1677136531  WHERE  `id` = 1 [ RunTime:0.002000s ]
[2023-02-23T15:15:32+08:00][sql] CONNECT:[ UseTime:0.001000s ] mysql:host=127.0.0.1;port=3306;dbname=cdiancan;charset=utf8mb4
[2023-02-23T15:15:32+08:00][sql] SHOW FULL COLUMNS FROM `ls_config` [ RunTime:0.001000s ]
[2023-02-23T15:15:32+08:00][sql] SELECT `value` FROM `ls_config` WHERE  `type` = 'copyright'  AND `name` = 'company_name'  AND `shop_id` = 0 LIMIT 1 [ RunTime:0.000000s ]
[2023-02-23T15:15:32+08:00][sql] SHOW FULL COLUMNS FROM `ls_zhuohao` [ RunTime:0.001001s ]
[2023-02-23T15:15:32+08:00][sql] SELECT * FROM `ls_zhuohao` `p` WHERE  `p`.`del` = 0  AND `p`.`shop_id` = 1 ORDER BY `p`.`id` DESC [ RunTime:0.001000s ]
[2023-02-23T15:15:51+08:00][sql] CONNECT:[ UseTime:0.001000s ] mysql:host=127.0.0.1;port=3306;dbname=cdiancan;charset=utf8mb4
[2023-02-23T15:15:51+08:00][sql] SHOW FULL COLUMNS FROM `ls_config` [ RunTime:0.000000s ]
[2023-02-23T15:15:51+08:00][sql] SELECT `value` FROM `ls_config` WHERE  `type` = 'copyright'  AND `name` = 'company_name'  AND `shop_id` = 0 LIMIT 1 [ RunTime:0.000000s ]
[2023-02-23T15:15:51+08:00][sql] CONNECT:[ UseTime:0.001000s ] mysql:host=127.0.0.1;port=3306;dbname=cdiancan;charset=utf8mb4
[2023-02-23T15:15:51+08:00][sql] SHOW FULL COLUMNS FROM `ls_config` [ RunTime:0.001000s ]
[2023-02-23T15:15:51+08:00][sql] SELECT `value` FROM `ls_config` WHERE  `type` = 'copyright'  AND `name` = 'company_name'  AND `shop_id` = 0 LIMIT 1 [ RunTime:0.001000s ]
[2023-02-23T15:15:51+08:00][sql] SHOW FULL COLUMNS FROM `ls_printer` [ RunTime:0.001000s ]
[2023-02-23T15:15:51+08:00][sql] SELECT `p`.*,pc.name as type_name FROM `ls_printer` `p` INNER JOIN `ls_printer_config` `pc` ON `p`.`printer_config_id`=`pc`.`id` WHERE  `p`.`del` = 0  AND `p`.`shop_id` = 1 ORDER BY `p`.`id` DESC [ RunTime:0.000000s ]
[2023-02-23T15:15:54+08:00][sql] CONNECT:[ UseTime:0.001000s ] mysql:host=127.0.0.1;port=3306;dbname=cdiancan;charset=utf8mb4
[2023-02-23T15:15:54+08:00][sql] SHOW FULL COLUMNS FROM `ls_config` [ RunTime:0.001000s ]
[2023-02-23T15:15:54+08:00][sql] SELECT `value` FROM `ls_config` WHERE  `type` = 'copyright'  AND `name` = 'company_name'  AND `shop_id` = 0 LIMIT 1 [ RunTime:0.001001s ]
[2023-02-23T15:15:54+08:00][sql] CONNECT:[ UseTime:0.001000s ] mysql:host=127.0.0.1;port=3306;dbname=cdiancan;charset=utf8mb4
[2023-02-23T15:15:54+08:00][sql] SHOW FULL COLUMNS FROM `ls_config` [ RunTime:0.001000s ]
[2023-02-23T15:15:54+08:00][sql] SELECT `value` FROM `ls_config` WHERE  `type` = 'copyright'  AND `name` = 'company_name'  AND `shop_id` = 0 LIMIT 1 [ RunTime:0.001000s ]
[2023-02-23T15:15:54+08:00][sql] SHOW FULL COLUMNS FROM `ls_zhuohao` [ RunTime:0.001000s ]
[2023-02-23T15:15:54+08:00][sql] SELECT * FROM `ls_zhuohao` `p` WHERE  `p`.`del` = 0  AND `p`.`shop_id` = 1 ORDER BY `p`.`id` DESC [ RunTime:0.000000s ]
[2023-02-23T15:15:56+08:00][sql] CONNECT:[ UseTime:0.001000s ] mysql:host=127.0.0.1;port=3306;dbname=cdiancan;charset=utf8mb4
[2023-02-23T15:15:56+08:00][sql] SHOW FULL COLUMNS FROM `ls_config` [ RunTime:0.001000s ]
[2023-02-23T15:15:56+08:00][sql] SELECT `value` FROM `ls_config` WHERE  `type` = 'copyright'  AND `name` = 'company_name'  AND `shop_id` = 0 LIMIT 1 [ RunTime:0.000000s ]
[2023-02-23T15:16:14+08:00][sql] CONNECT:[ UseTime:0.001000s ] mysql:host=127.0.0.1;port=3306;dbname=cdiancan;charset=utf8mb4
[2023-02-23T15:16:14+08:00][sql] SHOW FULL COLUMNS FROM `ls_config` [ RunTime:0.001000s ]
[2023-02-23T15:16:14+08:00][sql] SELECT `value` FROM `ls_config` WHERE  `type` = 'copyright'  AND `name` = 'company_name'  AND `shop_id` = 0 LIMIT 1 [ RunTime:0.001000s ]
[2023-02-23T15:16:14+08:00][sql] SHOW FULL COLUMNS FROM `ls_zhuohao` [ RunTime:0.001000s ]
[2023-02-23T15:16:14+08:00][sql] INSERT INTO `ls_zhuohao` SET `shop_id` = 1 , `name` = '路边1' , `number` = '01' , `create_time` = 1677136574 , `update_time` = 1677136574 [ RunTime:0.002000s ]
[2023-02-23T15:16:16+08:00][sql] CONNECT:[ UseTime:0.001000s ] mysql:host=127.0.0.1;port=3306;dbname=cdiancan;charset=utf8mb4
[2023-02-23T15:16:16+08:00][sql] SHOW FULL COLUMNS FROM `ls_config` [ RunTime:0.001000s ]
[2023-02-23T15:16:16+08:00][sql] SELECT `value` FROM `ls_config` WHERE  `type` = 'copyright'  AND `name` = 'company_name'  AND `shop_id` = 0 LIMIT 1 [ RunTime:0.000000s ]
[2023-02-23T15:16:16+08:00][sql] CONNECT:[ UseTime:0.001000s ] mysql:host=127.0.0.1;port=3306;dbname=cdiancan;charset=utf8mb4
[2023-02-23T15:16:16+08:00][sql] SHOW FULL COLUMNS FROM `ls_config` [ RunTime:0.001000s ]
[2023-02-23T15:16:16+08:00][sql] SELECT `value` FROM `ls_config` WHERE  `type` = 'copyright'  AND `name` = 'company_name'  AND `shop_id` = 0 LIMIT 1 [ RunTime:0.001000s ]
[2023-02-23T15:16:16+08:00][sql] SHOW FULL COLUMNS FROM `ls_zhuohao` [ RunTime:0.001000s ]
[2023-02-23T15:16:16+08:00][sql] SELECT * FROM `ls_zhuohao` `p` WHERE  `p`.`del` = 0  AND `p`.`shop_id` = 1 ORDER BY `p`.`id` DESC [ RunTime:0.000000s ]
