[2023-03-18T12:33:59+08:00][sql] CONNECT:[ UseTime:0.015001s ] mysql:host=127.0.0.1;port=3306;dbname=cdiancan;charset=utf8mb4
[2023-03-18T12:33:59+08:00][sql] SHOW FULL COLUMNS FROM `ls_config` [ RunTime:0.015001s ]
[2023-03-18T12:33:59+08:00][sql] SELECT `value` FROM `ls_config` WHERE  `type` = 'copyright'  AND `name` = 'company_name'  AND `shop_id` = 0 LIMIT 1 [ RunTime:0.002000s ]
[2023-03-18T12:33:59+08:00][sql] SELECT `value` FROM `ls_config` WHERE  `type` = 'copyright'  AND `name` = 'company_name'  AND `shop_id` = 0 LIMIT 1 [ RunTime:0.000000s ]
[2023-03-18T12:33:59+08:00][sql] SELECT `value` FROM `ls_config` WHERE  `type` = 'copyright'  AND `name` = 'number'  AND `shop_id` = 0 LIMIT 1 [ RunTime:0.000000s ]
[2023-03-18T12:33:59+08:00][sql] SELECT `value` FROM `ls_config` WHERE  `type` = 'copyright'  AND `name` = 'link'  AND `shop_id` = 0 LIMIT 1 [ RunTime:0.001000s ]
[2023-03-18T12:33:59+08:00][sql] SELECT `value` FROM `ls_config` WHERE  `type` = 'website_platform'  AND `name` = 'platform_login_image'  AND `shop_id` = 0 LIMIT 1 [ RunTime:0.000000s ]
[2023-03-18T12:33:59+08:00][sql] SELECT `value` FROM `ls_config` WHERE  `type` = 'website_platform'  AND `name` = 'platform_login_title'  AND `shop_id` = 0 LIMIT 1 [ RunTime:0.001000s ]
[2023-03-18T12:33:59+08:00][sql] SELECT `value` FROM `ls_config` WHERE  `type` = 'website'  AND `name` = 'shop_name'  AND `shop_id` = 0 LIMIT 1 [ RunTime:0.000000s ]
[2023-03-18T12:34:04+08:00][sql] CONNECT:[ UseTime:0.001000s ] mysql:host=127.0.0.1;port=3306;dbname=cdiancan;charset=utf8mb4
[2023-03-18T12:34:04+08:00][sql] SHOW FULL COLUMNS FROM `ls_config` [ RunTime:0.004000s ]
[2023-03-18T12:34:04+08:00][sql] SELECT `value` FROM `ls_config` WHERE  `type` = 'copyright'  AND `name` = 'company_name'  AND `shop_id` = 0 LIMIT 1 [ RunTime:0.001000s ]
[2023-03-18T12:34:04+08:00][sql] SHOW FULL COLUMNS FROM `ls_admin` [ RunTime:0.005001s ]
[2023-03-18T12:34:04+08:00][sql] SELECT * FROM `ls_admin` WHERE  `account` = 'admin'  AND `del` = 0 LIMIT 1 [ RunTime:0.000000s ]
[2023-03-18T12:34:04+08:00][sql] SELECT `id`,`root`,`account`,`name`,`role_id` FROM `ls_admin` WHERE  `account` = 'admin'  AND `del` = 0 LIMIT 1 [ RunTime:0.000000s ]
[2023-03-18T12:34:04+08:00][sql] UPDATE `ls_admin`  SET `login_ip` = '127.0.0.1' , `login_time` = 1679114044  WHERE  `account` = 'admin' [ RunTime:0.004000s ]
[2023-03-18T12:34:06+08:00][sql] CONNECT:[ UseTime:0.001000s ] mysql:host=127.0.0.1;port=3306;dbname=cdiancan;charset=utf8mb4
[2023-03-18T12:34:06+08:00][sql] SHOW FULL COLUMNS FROM `ls_config` [ RunTime:0.004000s ]
[2023-03-18T12:34:06+08:00][sql] SELECT `value` FROM `ls_config` WHERE  `type` = 'copyright'  AND `name` = 'company_name'  AND `shop_id` = 0 LIMIT 1 [ RunTime:0.001000s ]
[2023-03-18T12:34:06+08:00][sql] SHOW FULL COLUMNS FROM `ls_system_log` [ RunTime:0.005000s ]
[2023-03-18T12:34:06+08:00][sql] INSERT INTO `ls_system_log` SET `admin_id` = 1 , `name` = 'admin' , `account` = 'admin' , `create_time` = 1679114045 , `uri` = '/index.php/admin/' , `type` = 'GET' , `param` = '[]' , `ip` = '127.0.0.1' [ RunTime:0.001000s ]
[2023-03-18T12:34:06+08:00][sql] SELECT `value` FROM `ls_config` WHERE  `type` = 'website'  AND `name` = 'shop_name'  AND `shop_id` = 0 LIMIT 1 [ RunTime:0.001000s ]
[2023-03-18T12:34:06+08:00][sql] SELECT `value` FROM `ls_config` WHERE  `type` = 'website'  AND `name` = 'web_favicon'  AND `shop_id` = 0 LIMIT 1 [ RunTime:0.000000s ]
[2023-03-18T12:34:06+08:00][sql] SELECT `value` FROM `ls_config` WHERE  `type` = 'website'  AND `name` = 'shop_logo'  AND `shop_id` = 0 LIMIT 1 [ RunTime:0.001000s ]
[2023-03-18T12:34:06+08:00][sql] SHOW FULL COLUMNS FROM `ls_dev_auth` [ RunTime:0.004000s ]
[2023-03-18T12:34:06+08:00][sql] SELECT * FROM `ls_dev_auth` WHERE  `type` = 1  AND `del` = 0  AND `disable` = 0 ORDER BY `sort` DESC [ RunTime:0.001000s ]
[2023-03-18T12:34:06+08:00][sql] SHOW FULL COLUMNS FROM `ls_role` [ RunTime:0.005000s ]
[2023-03-18T12:34:06+08:00][sql] SELECT `name` FROM `ls_role` WHERE  `id` = 0 LIMIT 1 [ RunTime:0.000000s ]
[2023-03-18T12:34:06+08:00][sql] CONNECT:[ UseTime:0.001000s ] mysql:host=127.0.0.1;port=3306;dbname=cdiancan;charset=utf8mb4
[2023-03-18T12:34:06+08:00][sql] SHOW FULL COLUMNS FROM `ls_config` [ RunTime:0.004001s ]
[2023-03-18T12:34:06+08:00][sql] SELECT `value` FROM `ls_config` WHERE  `type` = 'copyright'  AND `name` = 'company_name'  AND `shop_id` = 0 LIMIT 1 [ RunTime:0.000000s ]
[2023-03-18T12:34:06+08:00][sql] SHOW FULL COLUMNS FROM `ls_system_log` [ RunTime:0.003000s ]
[2023-03-18T12:34:06+08:00][sql] INSERT INTO `ls_system_log` SET `admin_id` = 1 , `name` = 'admin' , `account` = 'admin' , `create_time` = 1679114046 , `uri` = '/index.php/admin/index/stat.html' , `type` = 'GET' , `param` = '[]' , `ip` = '127.0.0.1' [ RunTime:0.000000s ]
[2023-03-18T12:34:06+08:00][sql] SHOW FULL COLUMNS FROM `ls_order` [ RunTime:0.006001s ]
[2023-03-18T12:34:06+08:00][sql] SELECT * FROM `ls_order` WHERE  `del` = 0  AND `pay_status` = 1  AND `create_time` BETWEEN 1679068800 AND 1679155199 [ RunTime:0.000000s ]
[2023-03-18T12:34:06+08:00][sql] CONNECT:[ UseTime:0.001000s ] mysql:host=127.0.0.1;port=3306;dbname=cdiancan;charset=utf8mb4
[2023-03-18T12:34:06+08:00][sql] SHOW FULL COLUMNS FROM `ls_config` [ RunTime:0.004000s ]
[2023-03-18T12:34:06+08:00][sql] SELECT `value` FROM `ls_config` WHERE  `type` = 'copyright'  AND `name` = 'company_name'  AND `shop_id` = 0 LIMIT 1 [ RunTime:0.001000s ]
[2023-03-18T12:34:06+08:00][sql] SHOW FULL COLUMNS FROM `ls_system_log` [ RunTime:0.003001s ]
[2023-03-18T12:34:06+08:00][sql] INSERT INTO `ls_system_log` SET `admin_id` = 1 , `name` = 'admin' , `account` = 'admin' , `create_time` = 1679114046 , `uri` = '/index.php/admin/index/stat.html' , `type` = 'GET' , `param` = '[]' , `ip` = '127.0.0.1' [ RunTime:0.001000s ]
[2023-03-18T12:34:06+08:00][sql] SHOW FULL COLUMNS FROM `ls_order` [ RunTime:0.004000s ]
[2023-03-18T12:34:06+08:00][sql] SELECT SUM(`order_amount`) AS think_sum FROM `ls_order` WHERE  `create_time` BETWEEN 1677772800 AND 1677859199   AND `pay_status` = 1 [ RunTime:0.001000s ]
[2023-03-18T12:34:06+08:00][sql] SELECT COUNT(`id`) AS think_count FROM `ls_order` WHERE  `create_time` BETWEEN 1677772800 AND 1677859199   AND `pay_status` = 1 [ RunTime:0.001000s ]
[2023-03-18T12:34:06+08:00][sql] SELECT SUM(`order_amount`) AS think_sum FROM `ls_order` WHERE  `create_time` BETWEEN 1677859200 AND 1677945599   AND `pay_status` = 1 [ RunTime:0.000000s ]
[2023-03-18T12:34:06+08:00][sql] SELECT COUNT(`id`) AS think_count FROM `ls_order` WHERE  `create_time` BETWEEN 1677859200 AND 1677945599   AND `pay_status` = 1 [ RunTime:0.000000s ]
[2023-03-18T12:34:06+08:00][sql] SELECT SUM(`order_amount`) AS think_sum FROM `ls_order` WHERE  `create_time` BETWEEN 1677945600 AND 1678031999   AND `pay_status` = 1 [ RunTime:0.001000s ]
[2023-03-18T12:34:06+08:00][sql] SELECT COUNT(`id`) AS think_count FROM `ls_order` WHERE  `create_time` BETWEEN 1677945600 AND 1678031999   AND `pay_status` = 1 [ RunTime:0.000000s ]
[2023-03-18T12:34:06+08:00][sql] SELECT SUM(`order_amount`) AS think_sum FROM `ls_order` WHERE  `create_time` BETWEEN 1678032000 AND 1678118399   AND `pay_status` = 1 [ RunTime:0.001000s ]
[2023-03-18T12:34:06+08:00][sql] SELECT COUNT(`id`) AS think_count FROM `ls_order` WHERE  `create_time` BETWEEN 1678032000 AND 1678118399   AND `pay_status` = 1 [ RunTime:0.000000s ]
[2023-03-18T12:34:06+08:00][sql] SELECT SUM(`order_amount`) AS think_sum FROM `ls_order` WHERE  `create_time` BETWEEN 1678118400 AND 1678204799   AND `pay_status` = 1 [ RunTime:0.001000s ]
[2023-03-18T12:34:06+08:00][sql] SELECT COUNT(`id`) AS think_count FROM `ls_order` WHERE  `create_time` BETWEEN 1678118400 AND 1678204799   AND `pay_status` = 1 [ RunTime:0.000000s ]
[2023-03-18T12:34:06+08:00][sql] SELECT SUM(`order_amount`) AS think_sum FROM `ls_order` WHERE  `create_time` BETWEEN 1678204800 AND 1678291199   AND `pay_status` = 1 [ RunTime:0.001000s ]
[2023-03-18T12:34:06+08:00][sql] SELECT COUNT(`id`) AS think_count FROM `ls_order` WHERE  `create_time` BETWEEN 1678204800 AND 1678291199   AND `pay_status` = 1 [ RunTime:0.000000s ]
[2023-03-18T12:34:06+08:00][sql] SELECT SUM(`order_amount`) AS think_sum FROM `ls_order` WHERE  `create_time` BETWEEN 1678291200 AND 1678377599   AND `pay_status` = 1 [ RunTime:0.000000s ]
[2023-03-18T12:34:06+08:00][sql] SELECT COUNT(`id`) AS think_count FROM `ls_order` WHERE  `create_time` BETWEEN 1678291200 AND 1678377599   AND `pay_status` = 1 [ RunTime:0.001000s ]
[2023-03-18T12:34:06+08:00][sql] SELECT SUM(`order_amount`) AS think_sum FROM `ls_order` WHERE  `create_time` BETWEEN 1678377600 AND 1678463999   AND `pay_status` = 1 [ RunTime:0.000000s ]
[2023-03-18T12:34:06+08:00][sql] SELECT COUNT(`id`) AS think_count FROM `ls_order` WHERE  `create_time` BETWEEN 1678377600 AND 1678463999   AND `pay_status` = 1 [ RunTime:0.001000s ]
[2023-03-18T12:34:06+08:00][sql] SELECT SUM(`order_amount`) AS think_sum FROM `ls_order` WHERE  `create_time` BETWEEN 1678464000 AND 1678550399   AND `pay_status` = 1 [ RunTime:0.000000s ]
[2023-03-18T12:34:06+08:00][sql] SELECT COUNT(`id`) AS think_count FROM `ls_order` WHERE  `create_time` BETWEEN 1678464000 AND 1678550399   AND `pay_status` = 1 [ RunTime:0.001000s ]
[2023-03-18T12:34:06+08:00][sql] SELECT SUM(`order_amount`) AS think_sum FROM `ls_order` WHERE  `create_time` BETWEEN 1678550400 AND 1678636799   AND `pay_status` = 1 [ RunTime:0.000000s ]
[2023-03-18T12:34:06+08:00][sql] SELECT COUNT(`id`) AS think_count FROM `ls_order` WHERE  `create_time` BETWEEN 1678550400 AND 1678636799   AND `pay_status` = 1 [ RunTime:0.001000s ]
[2023-03-18T12:34:06+08:00][sql] SELECT SUM(`order_amount`) AS think_sum FROM `ls_order` WHERE  `create_time` BETWEEN 1678636800 AND 1678723199   AND `pay_status` = 1 [ RunTime:0.000000s ]
[2023-03-18T12:34:06+08:00][sql] SELECT COUNT(`id`) AS think_count FROM `ls_order` WHERE  `create_time` BETWEEN 1678636800 AND 1678723199   AND `pay_status` = 1 [ RunTime:0.001000s ]
[2023-03-18T12:34:06+08:00][sql] SELECT SUM(`order_amount`) AS think_sum FROM `ls_order` WHERE  `create_time` BETWEEN 1678723200 AND 1678809599   AND `pay_status` = 1 [ RunTime:0.000000s ]
[2023-03-18T12:34:06+08:00][sql] SELECT COUNT(`id`) AS think_count FROM `ls_order` WHERE  `create_time` BETWEEN 1678723200 AND 1678809599   AND `pay_status` = 1 [ RunTime:0.000000s ]
[2023-03-18T12:34:06+08:00][sql] SELECT SUM(`order_amount`) AS think_sum FROM `ls_order` WHERE  `create_time` BETWEEN 1678809600 AND 1678895999   AND `pay_status` = 1 [ RunTime:0.000000s ]
[2023-03-18T12:34:06+08:00][sql] SELECT COUNT(`id`) AS think_count FROM `ls_order` WHERE  `create_time` BETWEEN 1678809600 AND 1678895999   AND `pay_status` = 1 [ RunTime:0.000000s ]
[2023-03-18T12:34:06+08:00][sql] SELECT SUM(`order_amount`) AS think_sum FROM `ls_order` WHERE  `create_time` BETWEEN 1678896000 AND 1678982399   AND `pay_status` = 1 [ RunTime:0.001000s ]
[2023-03-18T12:34:06+08:00][sql] SELECT COUNT(`id`) AS think_count FROM `ls_order` WHERE  `create_time` BETWEEN 1678896000 AND 1678982399   AND `pay_status` = 1 [ RunTime:0.000000s ]
[2023-03-18T12:34:06+08:00][sql] SELECT SUM(`order_amount`) AS think_sum FROM `ls_order` WHERE  `create_time` BETWEEN 1678982400 AND 1679068799   AND `pay_status` = 1 [ RunTime:0.001000s ]
[2023-03-18T12:34:06+08:00][sql] SELECT COUNT(`id`) AS think_count FROM `ls_order` WHERE  `create_time` BETWEEN 1678982400 AND 1679068799   AND `pay_status` = 1 [ RunTime:0.000000s ]
[2023-03-18T12:34:06+08:00][sql] CONNECT:[ UseTime:0.001000s ] mysql:host=127.0.0.1;port=3306;dbname=cdiancan;charset=utf8mb4
[2023-03-18T12:34:06+08:00][sql] SHOW FULL COLUMNS FROM `ls_config` [ RunTime:0.004001s ]
[2023-03-18T12:34:06+08:00][sql] SELECT `value` FROM `ls_config` WHERE  `type` = 'copyright'  AND `name` = 'company_name'  AND `shop_id` = 0 LIMIT 1 [ RunTime:0.001000s ]
[2023-03-18T12:34:06+08:00][sql] SHOW FULL COLUMNS FROM `ls_system_log` [ RunTime:0.004000s ]
[2023-03-18T12:34:06+08:00][sql] INSERT INTO `ls_system_log` SET `admin_id` = 1 , `name` = 'admin' , `account` = 'admin' , `create_time` = 1679114046 , `uri` = '/index.php/admin/index/shop.html' , `type` = 'GET' , `param` = '{\"type\":\"1\",\"page\":\"1\",\"limit\":\"10\"}' , `ip` = '127.0.0.1' [ RunTime:0.000000s ]
[2023-03-18T12:34:06+08:00][sql] SHOW FULL COLUMNS FROM `ls_order` [ RunTime:0.004000s ]
[2023-03-18T12:34:06+08:00][sql] SELECT `s`.`name`,sum(o.order_amount) as sale_amount,count(o.id) as order_sum FROM `ls_order` `o` INNER JOIN `ls_shop` `s` ON `s`.`id`=`o`.`shop_id` WHERE  `o`.`del` = 0  AND `o`.`pay_status` = 1 GROUP BY `shop_id` ORDER BY `sale_amount` DESC,`s`.`id` DESC LIMIT 10 [ RunTime:0.006000s ]
[2023-03-18T12:34:06+08:00][sql] CONNECT:[ UseTime:0.002000s ] mysql:host=127.0.0.1;port=3306;dbname=cdiancan;charset=utf8mb4
[2023-03-18T12:34:06+08:00][sql] SHOW FULL COLUMNS FROM `ls_config` [ RunTime:0.004000s ]
[2023-03-18T12:34:06+08:00][sql] SELECT `value` FROM `ls_config` WHERE  `type` = 'copyright'  AND `name` = 'company_name'  AND `shop_id` = 0 LIMIT 1 [ RunTime:0.001000s ]
[2023-03-18T12:34:06+08:00][sql] SHOW FULL COLUMNS FROM `ls_system_log` [ RunTime:0.004000s ]
[2023-03-18T12:34:06+08:00][sql] INSERT INTO `ls_system_log` SET `admin_id` = 1 , `name` = 'admin' , `account` = 'admin' , `create_time` = 1679114046 , `uri` = '/index.php/admin/index/shop.html' , `type` = 'GET' , `param` = '{\"type\":\"2\",\"page\":\"1\",\"limit\":\"10\"}' , `ip` = '127.0.0.1' [ RunTime:0.001001s ]
[2023-03-18T12:34:06+08:00][sql] SHOW FULL COLUMNS FROM `ls_goods` [ RunTime:0.006000s ]
[2023-03-18T12:34:06+08:00][sql] SELECT `g`.`code`,`g`.`name`,sum(og.goods_price * og.goods_num) as sale_amount,sum(goods_num) as goods_num,count(o.id) as order_sum FROM `ls_goods` `g` INNER JOIN `ls_order_goods` `og` ON `g`.`id`=`og`.`goods_id` INNER JOIN `ls_order` `o` ON `o`.`id`=`og`.`order_id` WHERE  `o`.`del` = 0  AND `o`.`pay_status` = 1 GROUP BY `g`.`id` ORDER BY `sale_amount` DESC,`g`.`id` DESC LIMIT 10 [ RunTime:0.008001s ]
[2023-03-18T12:34:07+08:00][sql] CONNECT:[ UseTime:0.001000s ] mysql:host=127.0.0.1;port=3306;dbname=cdiancan;charset=utf8mb4
[2023-03-18T12:34:07+08:00][sql] SHOW FULL COLUMNS FROM `ls_config` [ RunTime:0.004001s ]
[2023-03-18T12:34:07+08:00][sql] SELECT `value` FROM `ls_config` WHERE  `type` = 'copyright'  AND `name` = 'company_name'  AND `shop_id` = 0 LIMIT 1 [ RunTime:0.001000s ]
[2023-03-18T12:34:07+08:00][sql] SHOW FULL COLUMNS FROM `ls_system_log` [ RunTime:0.004000s ]
[2023-03-18T12:34:07+08:00][sql] INSERT INTO `ls_system_log` SET `admin_id` = 1 , `name` = 'admin' , `account` = 'admin' , `create_time` = 1679114047 , `uri` = '/index.php/admin/shop.shop/lists.html' , `type` = 'GET' , `param` = '[]' , `ip` = '127.0.0.1' [ RunTime:0.000000s ]
[2023-03-18T12:34:08+08:00][sql] CONNECT:[ UseTime:0.002000s ] mysql:host=127.0.0.1;port=3306;dbname=cdiancan;charset=utf8mb4
[2023-03-18T12:34:08+08:00][sql] SHOW FULL COLUMNS FROM `ls_config` [ RunTime:0.004000s ]
[2023-03-18T12:34:08+08:00][sql] SELECT `value` FROM `ls_config` WHERE  `type` = 'copyright'  AND `name` = 'company_name'  AND `shop_id` = 0 LIMIT 1 [ RunTime:0.001000s ]
[2023-03-18T12:34:08+08:00][sql] SHOW FULL COLUMNS FROM `ls_system_log` [ RunTime:0.003000s ]
[2023-03-18T12:34:08+08:00][sql] INSERT INTO `ls_system_log` SET `admin_id` = 1 , `name` = 'admin' , `account` = 'admin' , `create_time` = 1679114048 , `uri` = '/index.php/admin/shop.Shop/lists.html' , `type` = 'GET' , `param` = '{\"page\":\"1\",\"limit\":\"10\"}' , `ip` = '127.0.0.1' [ RunTime:0.001000s ]
[2023-03-18T12:34:08+08:00][sql] SHOW FULL COLUMNS FROM `ls_shop` [ RunTime:0.004000s ]
[2023-03-18T12:34:08+08:00][sql] SELECT COUNT(*) AS think_count FROM `ls_shop` [ RunTime:0.000000s ]
[2023-03-18T12:34:08+08:00][sql] SELECT `id`,`shop_sn`,`name`,`status`,`pricing_policy`,`create_time` FROM `ls_shop` ORDER BY `id` DESC LIMIT 0,10 [ RunTime:0.000000s ]
[2023-03-18T12:34:08+08:00][sql] SHOW FULL COLUMNS FROM `ls_shop_admin` [ RunTime:0.005000s ]
[2023-03-18T12:34:08+08:00][sql] SELECT `shop_id`,`id`,`account` FROM `ls_shop_admin` WHERE  `root` = 1 [ RunTime:0.000000s ]
[2023-03-18T12:34:10+08:00][sql] CONNECT:[ UseTime:0.001000s ] mysql:host=127.0.0.1;port=3306;dbname=cdiancan;charset=utf8mb4
[2023-03-18T12:34:10+08:00][sql] SHOW FULL COLUMNS FROM `ls_config` [ RunTime:0.004000s ]
[2023-03-18T12:34:10+08:00][sql] SELECT `value` FROM `ls_config` WHERE  `type` = 'copyright'  AND `name` = 'company_name'  AND `shop_id` = 0 LIMIT 1 [ RunTime:0.001000s ]
[2023-03-18T12:34:10+08:00][sql] SHOW FULL COLUMNS FROM `ls_system_log` [ RunTime:0.003001s ]
[2023-03-18T12:34:10+08:00][sql] INSERT INTO `ls_system_log` SET `admin_id` = 1 , `name` = 'admin' , `account` = 'admin' , `create_time` = 1679114050 , `uri` = '/index.php/admin/shop.shop/shopSso.html' , `type` = 'GET' , `param` = '{\"id\":\"2\"}' , `ip` = '127.0.0.1' [ RunTime:0.000000s ]
[2023-03-18T12:34:28+08:00][sql] CONNECT:[ UseTime:0.001000s ] mysql:host=127.0.0.1;port=3306;dbname=cdiancan;charset=utf8mb4
[2023-03-18T12:34:28+08:00][sql] SHOW FULL COLUMNS FROM `ls_config` [ RunTime:0.002001s ]
[2023-03-18T12:34:28+08:00][sql] SELECT `value` FROM `ls_config` WHERE  `type` = 'copyright'  AND `name` = 'company_name'  AND `shop_id` = 0 LIMIT 1 [ RunTime:0.000000s ]
[2023-03-18T12:34:28+08:00][sql] SHOW FULL COLUMNS FROM `ls_system_log` [ RunTime:0.003000s ]
[2023-03-18T12:34:28+08:00][sql] INSERT INTO `ls_system_log` SET `admin_id` = 1 , `name` = 'admin' , `account` = 'admin' , `create_time` = 1679114068 , `uri` = '/index.php/admin/shop.shop/shopSso.html' , `type` = 'GET' , `param` = '{\"id\":\"1\"}' , `ip` = '127.0.0.1' [ RunTime:0.001000s ]
