[2023-03-29T13:24:10+08:00][sql] CONNECT:[ UseTime:0.016001s ] mysql:host=127.0.0.1;port=3306;dbname=cdiancan;charset=utf8mb4
[2023-03-29T13:24:10+08:00][sql] SHOW FULL COLUMNS FROM `ls_config` [ RunTime:0.021002s ]
[2023-03-29T13:24:10+08:00][sql] SELECT `value` FROM `ls_config` WHERE  `type` = 'copyright'  AND `name` = 'company_name'  AND `shop_id` = 0 LIMIT 1 [ RunTime:0.008000s ]
[2023-03-29T13:24:10+08:00][sql] SELECT `value` FROM `ls_config` WHERE  `type` = 'copyright'  AND `name` = 'company_name'  AND `shop_id` = 0 LIMIT 1 [ RunTime:0.001000s ]
[2023-03-29T13:24:10+08:00][sql] SELECT `value` FROM `ls_config` WHERE  `type` = 'copyright'  AND `name` = 'number'  AND `shop_id` = 0 LIMIT 1 [ RunTime:0.000000s ]
[2023-03-29T13:24:10+08:00][sql] SELECT `value` FROM `ls_config` WHERE  `type` = 'copyright'  AND `name` = 'link'  AND `shop_id` = 0 LIMIT 1 [ RunTime:0.001000s ]
[2023-03-29T13:24:10+08:00][sql] SELECT `value` FROM `ls_config` WHERE  `type` = 'website_platform'  AND `name` = 'platform_login_image'  AND `shop_id` = 0 LIMIT 1 [ RunTime:0.000000s ]
[2023-03-29T13:24:10+08:00][sql] SELECT `value` FROM `ls_config` WHERE  `type` = 'website_platform'  AND `name` = 'platform_login_title'  AND `shop_id` = 0 LIMIT 1 [ RunTime:0.000000s ]
[2023-03-29T13:24:10+08:00][sql] SELECT `value` FROM `ls_config` WHERE  `type` = 'website'  AND `name` = 'shop_name'  AND `shop_id` = 0 LIMIT 1 [ RunTime:0.001001s ]
[2023-03-29T13:24:16+08:00][sql] CONNECT:[ UseTime:0.001000s ] mysql:host=127.0.0.1;port=3306;dbname=cdiancan;charset=utf8mb4
[2023-03-29T13:24:16+08:00][sql] SHOW FULL COLUMNS FROM `ls_config` [ RunTime:0.005001s ]
[2023-03-29T13:24:16+08:00][sql] SELECT `value` FROM `ls_config` WHERE  `type` = 'copyright'  AND `name` = 'company_name'  AND `shop_id` = 0 LIMIT 1 [ RunTime:0.001000s ]
[2023-03-29T13:24:16+08:00][sql] SHOW FULL COLUMNS FROM `ls_admin` [ RunTime:0.003000s ]
[2023-03-29T13:24:16+08:00][sql] SELECT * FROM `ls_admin` WHERE  `account` = 'admin'  AND `del` = 0 LIMIT 1 [ RunTime:0.003000s ]
[2023-03-29T13:24:16+08:00][sql] SELECT `id`,`root`,`account`,`name`,`role_id` FROM `ls_admin` WHERE  `account` = 'admin'  AND `del` = 0 LIMIT 1 [ RunTime:0.000000s ]
[2023-03-29T13:24:16+08:00][sql] UPDATE `ls_admin`  SET `login_ip` = '127.0.0.1' , `login_time` = 1680067456  WHERE  `account` = 'admin' [ RunTime:0.009001s ]
[2023-03-29T13:24:17+08:00][sql] CONNECT:[ UseTime:0.001000s ] mysql:host=127.0.0.1;port=3306;dbname=cdiancan;charset=utf8mb4
[2023-03-29T13:24:17+08:00][sql] SHOW FULL COLUMNS FROM `ls_config` [ RunTime:0.004000s ]
[2023-03-29T13:24:17+08:00][sql] SELECT `value` FROM `ls_config` WHERE  `type` = 'copyright'  AND `name` = 'company_name'  AND `shop_id` = 0 LIMIT 1 [ RunTime:0.001000s ]
[2023-03-29T13:24:17+08:00][sql] SHOW FULL COLUMNS FROM `ls_system_log` [ RunTime:0.006001s ]
[2023-03-29T13:24:17+08:00][sql] INSERT INTO `ls_system_log` SET `admin_id` = 1 , `name` = 'admin' , `account` = 'admin' , `create_time` = 1680067457 , `uri` = '/admin/' , `type` = 'GET' , `param` = '[]' , `ip` = '127.0.0.1' [ RunTime:0.003000s ]
[2023-03-29T13:24:17+08:00][sql] SELECT `value` FROM `ls_config` WHERE  `type` = 'website'  AND `name` = 'shop_name'  AND `shop_id` = 0 LIMIT 1 [ RunTime:0.001000s ]
[2023-03-29T13:24:17+08:00][sql] SELECT `value` FROM `ls_config` WHERE  `type` = 'website'  AND `name` = 'web_favicon'  AND `shop_id` = 0 LIMIT 1 [ RunTime:0.000000s ]
[2023-03-29T13:24:17+08:00][sql] SELECT `value` FROM `ls_config` WHERE  `type` = 'website'  AND `name` = 'shop_logo'  AND `shop_id` = 0 LIMIT 1 [ RunTime:0.001000s ]
[2023-03-29T13:24:17+08:00][sql] SHOW FULL COLUMNS FROM `ls_dev_auth` [ RunTime:0.004001s ]
[2023-03-29T13:24:17+08:00][sql] SELECT * FROM `ls_dev_auth` WHERE  `type` = 1  AND `del` = 0  AND `disable` = 0 ORDER BY `sort` DESC [ RunTime:0.003000s ]
[2023-03-29T13:24:17+08:00][sql] SHOW FULL COLUMNS FROM `ls_role` [ RunTime:0.004001s ]
[2023-03-29T13:24:17+08:00][sql] SELECT `name` FROM `ls_role` WHERE  `id` = 0 LIMIT 1 [ RunTime:0.000000s ]
[2023-03-29T13:24:18+08:00][sql] CONNECT:[ UseTime:0.002000s ] mysql:host=127.0.0.1;port=3306;dbname=cdiancan;charset=utf8mb4
[2023-03-29T13:24:18+08:00][sql] SHOW FULL COLUMNS FROM `ls_config` [ RunTime:0.004001s ]
[2023-03-29T13:24:18+08:00][sql] SELECT `value` FROM `ls_config` WHERE  `type` = 'copyright'  AND `name` = 'company_name'  AND `shop_id` = 0 LIMIT 1 [ RunTime:0.001000s ]
[2023-03-29T13:24:18+08:00][sql] SHOW FULL COLUMNS FROM `ls_system_log` [ RunTime:0.004000s ]
[2023-03-29T13:24:18+08:00][sql] INSERT INTO `ls_system_log` SET `admin_id` = 1 , `name` = 'admin' , `account` = 'admin' , `create_time` = 1680067458 , `uri` = '/admin/index/stat.html' , `type` = 'GET' , `param` = '[]' , `ip` = '127.0.0.1' [ RunTime:0.000000s ]
[2023-03-29T13:24:18+08:00][sql] SHOW FULL COLUMNS FROM `ls_order` [ RunTime:0.005001s ]
[2023-03-29T13:24:18+08:00][sql] SELECT * FROM `ls_order` WHERE  `del` = 0  AND `pay_status` = 1  AND `create_time` BETWEEN 1680019200 AND 1680105599 [ RunTime:0.001000s ]
[2023-03-29T13:24:18+08:00][sql] CONNECT:[ UseTime:0.001000s ] mysql:host=127.0.0.1;port=3306;dbname=cdiancan;charset=utf8mb4
[2023-03-29T13:24:18+08:00][sql] SHOW FULL COLUMNS FROM `ls_config` [ RunTime:0.004000s ]
[2023-03-29T13:24:18+08:00][sql] SELECT `value` FROM `ls_config` WHERE  `type` = 'copyright'  AND `name` = 'company_name'  AND `shop_id` = 0 LIMIT 1 [ RunTime:0.000000s ]
[2023-03-29T13:24:18+08:00][sql] SHOW FULL COLUMNS FROM `ls_system_log` [ RunTime:0.003000s ]
[2023-03-29T13:24:18+08:00][sql] INSERT INTO `ls_system_log` SET `admin_id` = 1 , `name` = 'admin' , `account` = 'admin' , `create_time` = 1680067458 , `uri` = '/admin/index/stat.html' , `type` = 'GET' , `param` = '[]' , `ip` = '127.0.0.1' [ RunTime:0.001000s ]
[2023-03-29T13:24:18+08:00][sql] SHOW FULL COLUMNS FROM `ls_order` [ RunTime:0.004000s ]
[2023-03-29T13:24:18+08:00][sql] SELECT SUM(`order_amount`) AS think_sum FROM `ls_order` WHERE  `create_time` BETWEEN 1678723200 AND 1678809599   AND `pay_status` = 1 [ RunTime:0.002000s ]
[2023-03-29T13:24:18+08:00][sql] SELECT COUNT(`id`) AS think_count FROM `ls_order` WHERE  `create_time` BETWEEN 1678723200 AND 1678809599   AND `pay_status` = 1 [ RunTime:0.001000s ]
[2023-03-29T13:24:18+08:00][sql] SELECT SUM(`order_amount`) AS think_sum FROM `ls_order` WHERE  `create_time` BETWEEN 1678809600 AND 1678895999   AND `pay_status` = 1 [ RunTime:0.000000s ]
[2023-03-29T13:24:18+08:00][sql] SELECT COUNT(`id`) AS think_count FROM `ls_order` WHERE  `create_time` BETWEEN 1678809600 AND 1678895999   AND `pay_status` = 1 [ RunTime:0.001000s ]
[2023-03-29T13:24:18+08:00][sql] SELECT SUM(`order_amount`) AS think_sum FROM `ls_order` WHERE  `create_time` BETWEEN 1678896000 AND 1678982399   AND `pay_status` = 1 [ RunTime:0.000000s ]
[2023-03-29T13:24:18+08:00][sql] SELECT COUNT(`id`) AS think_count FROM `ls_order` WHERE  `create_time` BETWEEN 1678896000 AND 1678982399   AND `pay_status` = 1 [ RunTime:0.000000s ]
[2023-03-29T13:24:18+08:00][sql] SELECT SUM(`order_amount`) AS think_sum FROM `ls_order` WHERE  `create_time` BETWEEN 1678982400 AND 1679068799   AND `pay_status` = 1 [ RunTime:0.001000s ]
[2023-03-29T13:24:18+08:00][sql] SELECT COUNT(`id`) AS think_count FROM `ls_order` WHERE  `create_time` BETWEEN 1678982400 AND 1679068799   AND `pay_status` = 1 [ RunTime:0.000000s ]
[2023-03-29T13:24:18+08:00][sql] SELECT SUM(`order_amount`) AS think_sum FROM `ls_order` WHERE  `create_time` BETWEEN 1679068800 AND 1679155199   AND `pay_status` = 1 [ RunTime:0.001000s ]
[2023-03-29T13:24:18+08:00][sql] SELECT COUNT(`id`) AS think_count FROM `ls_order` WHERE  `create_time` BETWEEN 1679068800 AND 1679155199   AND `pay_status` = 1 [ RunTime:0.000000s ]
[2023-03-29T13:24:18+08:00][sql] SELECT SUM(`order_amount`) AS think_sum FROM `ls_order` WHERE  `create_time` BETWEEN 1679155200 AND 1679241599   AND `pay_status` = 1 [ RunTime:0.001000s ]
[2023-03-29T13:24:18+08:00][sql] SELECT COUNT(`id`) AS think_count FROM `ls_order` WHERE  `create_time` BETWEEN 1679155200 AND 1679241599   AND `pay_status` = 1 [ RunTime:0.000000s ]
[2023-03-29T13:24:18+08:00][sql] SELECT SUM(`order_amount`) AS think_sum FROM `ls_order` WHERE  `create_time` BETWEEN 1679241600 AND 1679327999   AND `pay_status` = 1 [ RunTime:0.001001s ]
[2023-03-29T13:24:18+08:00][sql] SELECT COUNT(`id`) AS think_count FROM `ls_order` WHERE  `create_time` BETWEEN 1679241600 AND 1679327999   AND `pay_status` = 1 [ RunTime:0.000000s ]
[2023-03-29T13:24:18+08:00][sql] SELECT SUM(`order_amount`) AS think_sum FROM `ls_order` WHERE  `create_time` BETWEEN 1679328000 AND 1679414399   AND `pay_status` = 1 [ RunTime:0.001000s ]
[2023-03-29T13:24:18+08:00][sql] SELECT COUNT(`id`) AS think_count FROM `ls_order` WHERE  `create_time` BETWEEN 1679328000 AND 1679414399   AND `pay_status` = 1 [ RunTime:0.000000s ]
[2023-03-29T13:24:18+08:00][sql] SELECT SUM(`order_amount`) AS think_sum FROM `ls_order` WHERE  `create_time` BETWEEN 1679414400 AND 1679500799   AND `pay_status` = 1 [ RunTime:0.000000s ]
[2023-03-29T13:24:18+08:00][sql] SELECT COUNT(`id`) AS think_count FROM `ls_order` WHERE  `create_time` BETWEEN 1679414400 AND 1679500799   AND `pay_status` = 1 [ RunTime:0.001000s ]
[2023-03-29T13:24:18+08:00][sql] SELECT SUM(`order_amount`) AS think_sum FROM `ls_order` WHERE  `create_time` BETWEEN 1679500800 AND 1679587199   AND `pay_status` = 1 [ RunTime:0.000000s ]
[2023-03-29T13:24:18+08:00][sql] SELECT COUNT(`id`) AS think_count FROM `ls_order` WHERE  `create_time` BETWEEN 1679500800 AND 1679587199   AND `pay_status` = 1 [ RunTime:0.001000s ]
[2023-03-29T13:24:18+08:00][sql] SELECT SUM(`order_amount`) AS think_sum FROM `ls_order` WHERE  `create_time` BETWEEN 1679587200 AND 1679673599   AND `pay_status` = 1 [ RunTime:0.000000s ]
[2023-03-29T13:24:18+08:00][sql] SELECT COUNT(`id`) AS think_count FROM `ls_order` WHERE  `create_time` BETWEEN 1679587200 AND 1679673599   AND `pay_status` = 1 [ RunTime:0.001000s ]
[2023-03-29T13:24:18+08:00][sql] SELECT SUM(`order_amount`) AS think_sum FROM `ls_order` WHERE  `create_time` BETWEEN 1679673600 AND 1679759999   AND `pay_status` = 1 [ RunTime:0.000000s ]
[2023-03-29T13:24:18+08:00][sql] SELECT COUNT(`id`) AS think_count FROM `ls_order` WHERE  `create_time` BETWEEN 1679673600 AND 1679759999   AND `pay_status` = 1 [ RunTime:0.000000s ]
[2023-03-29T13:24:18+08:00][sql] SELECT SUM(`order_amount`) AS think_sum FROM `ls_order` WHERE  `create_time` BETWEEN 1679760000 AND 1679846399   AND `pay_status` = 1 [ RunTime:0.000000s ]
[2023-03-29T13:24:18+08:00][sql] SELECT COUNT(`id`) AS think_count FROM `ls_order` WHERE  `create_time` BETWEEN 1679760000 AND 1679846399   AND `pay_status` = 1 [ RunTime:0.000000s ]
[2023-03-29T13:24:18+08:00][sql] SELECT SUM(`order_amount`) AS think_sum FROM `ls_order` WHERE  `create_time` BETWEEN 1679846400 AND 1679932799   AND `pay_status` = 1 [ RunTime:0.001000s ]
[2023-03-29T13:24:18+08:00][sql] SELECT COUNT(`id`) AS think_count FROM `ls_order` WHERE  `create_time` BETWEEN 1679846400 AND 1679932799   AND `pay_status` = 1 [ RunTime:0.000000s ]
[2023-03-29T13:24:18+08:00][sql] SELECT SUM(`order_amount`) AS think_sum FROM `ls_order` WHERE  `create_time` BETWEEN 1679932800 AND 1680019199   AND `pay_status` = 1 [ RunTime:0.001000s ]
[2023-03-29T13:24:18+08:00][sql] SELECT COUNT(`id`) AS think_count FROM `ls_order` WHERE  `create_time` BETWEEN 1679932800 AND 1680019199   AND `pay_status` = 1 [ RunTime:0.000000s ]
[2023-03-29T13:24:18+08:00][sql] CONNECT:[ UseTime:0.001000s ] mysql:host=127.0.0.1;port=3306;dbname=cdiancan;charset=utf8mb4
[2023-03-29T13:24:18+08:00][sql] SHOW FULL COLUMNS FROM `ls_config` [ RunTime:0.003000s ]
[2023-03-29T13:24:18+08:00][sql] SELECT `value` FROM `ls_config` WHERE  `type` = 'copyright'  AND `name` = 'company_name'  AND `shop_id` = 0 LIMIT 1 [ RunTime:0.000000s ]
[2023-03-29T13:24:18+08:00][sql] SHOW FULL COLUMNS FROM `ls_system_log` [ RunTime:0.004000s ]
[2023-03-29T13:24:18+08:00][sql] INSERT INTO `ls_system_log` SET `admin_id` = 1 , `name` = 'admin' , `account` = 'admin' , `create_time` = 1680067458 , `uri` = '/admin/index/shop.html' , `type` = 'GET' , `param` = '{\"type\":\"1\",\"page\":\"1\",\"limit\":\"10\"}' , `ip` = '127.0.0.1' [ RunTime:0.001000s ]
[2023-03-29T13:24:18+08:00][sql] SHOW FULL COLUMNS FROM `ls_order` [ RunTime:0.005001s ]
[2023-03-29T13:24:18+08:00][sql] SELECT `s`.`name`,sum(o.order_amount) as sale_amount,count(o.id) as order_sum FROM `ls_order` `o` INNER JOIN `ls_shop` `s` ON `s`.`id`=`o`.`shop_id` WHERE  `o`.`del` = 0  AND `o`.`pay_status` = 1 GROUP BY `shop_id` ORDER BY `sale_amount` DESC,`s`.`id` DESC LIMIT 10 [ RunTime:0.007000s ]
[2023-03-29T13:24:18+08:00][sql] CONNECT:[ UseTime:0.001000s ] mysql:host=127.0.0.1;port=3306;dbname=cdiancan;charset=utf8mb4
[2023-03-29T13:24:18+08:00][sql] SHOW FULL COLUMNS FROM `ls_config` [ RunTime:0.005000s ]
[2023-03-29T13:24:18+08:00][sql] SELECT `value` FROM `ls_config` WHERE  `type` = 'copyright'  AND `name` = 'company_name'  AND `shop_id` = 0 LIMIT 1 [ RunTime:0.001000s ]
[2023-03-29T13:24:18+08:00][sql] SHOW FULL COLUMNS FROM `ls_system_log` [ RunTime:0.004001s ]
[2023-03-29T13:24:18+08:00][sql] INSERT INTO `ls_system_log` SET `admin_id` = 1 , `name` = 'admin' , `account` = 'admin' , `create_time` = 1680067458 , `uri` = '/admin/index/shop.html' , `type` = 'GET' , `param` = '{\"type\":\"2\",\"page\":\"1\",\"limit\":\"10\"}' , `ip` = '127.0.0.1' [ RunTime:0.000000s ]
[2023-03-29T13:24:18+08:00][sql] SHOW FULL COLUMNS FROM `ls_goods` [ RunTime:0.005000s ]
[2023-03-29T13:24:18+08:00][sql] SELECT `g`.`code`,`g`.`name`,sum(og.goods_price * og.goods_num) as sale_amount,sum(goods_num) as goods_num,count(o.id) as order_sum FROM `ls_goods` `g` INNER JOIN `ls_order_goods` `og` ON `g`.`id`=`og`.`goods_id` INNER JOIN `ls_order` `o` ON `o`.`id`=`og`.`order_id` WHERE  `o`.`del` = 0  AND `o`.`pay_status` = 1 GROUP BY `g`.`id` ORDER BY `sale_amount` DESC,`g`.`id` DESC LIMIT 10 [ RunTime:0.007001s ]
[2023-03-29T13:24:21+08:00][sql] CONNECT:[ UseTime:0.001000s ] mysql:host=127.0.0.1;port=3306;dbname=cdiancan;charset=utf8mb4
[2023-03-29T13:24:21+08:00][sql] SHOW FULL COLUMNS FROM `ls_config` [ RunTime:0.006001s ]
[2023-03-29T13:24:21+08:00][sql] SELECT `value` FROM `ls_config` WHERE  `type` = 'copyright'  AND `name` = 'company_name'  AND `shop_id` = 0 LIMIT 1 [ RunTime:0.001000s ]
[2023-03-29T13:24:21+08:00][sql] SHOW FULL COLUMNS FROM `ls_system_log` [ RunTime:0.004000s ]
[2023-03-29T13:24:21+08:00][sql] INSERT INTO `ls_system_log` SET `admin_id` = 1 , `name` = 'admin' , `account` = 'admin' , `create_time` = 1680067460 , `uri` = '/admin/wechat.Mnp/setmnp.html' , `type` = 'GET' , `param` = '[]' , `ip` = '127.0.0.1' [ RunTime:0.001000s ]
[2023-03-29T13:24:21+08:00][sql] SELECT `value` FROM `ls_config` WHERE  `type` = 'mnp'  AND `name` = 'qr_code'  AND `shop_id` = 0 LIMIT 1 [ RunTime:0.001000s ]
[2023-03-29T13:24:21+08:00][sql] SELECT `value` FROM `ls_config` WHERE  `type` = 'mnp'  AND `name` = 'name'  AND `shop_id` = 0 LIMIT 1 [ RunTime:0.001000s ]
[2023-03-29T13:24:21+08:00][sql] SELECT `value` FROM `ls_config` WHERE  `type` = 'mnp'  AND `name` = 'original_id'  AND `shop_id` = 0 LIMIT 1 [ RunTime:0.000000s ]
[2023-03-29T13:24:21+08:00][sql] SELECT `value` FROM `ls_config` WHERE  `type` = 'mnp'  AND `name` = 'app_id'  AND `shop_id` = 0 LIMIT 1 [ RunTime:0.000000s ]
[2023-03-29T13:24:21+08:00][sql] SELECT `value` FROM `ls_config` WHERE  `type` = 'mnp'  AND `name` = 'secret'  AND `shop_id` = 0 LIMIT 1 [ RunTime:0.001000s ]
[2023-03-29T13:24:21+08:00][sql] SELECT `value` FROM `ls_config` WHERE  `type` = 'mnp'  AND `name` = 'token'  AND `shop_id` = 0 LIMIT 1 [ RunTime:0.000000s ]
[2023-03-29T13:24:21+08:00][sql] SELECT `value` FROM `ls_config` WHERE  `type` = 'mnp'  AND `name` = 'encoding_ses_key'  AND `shop_id` = 0 LIMIT 1 [ RunTime:0.001000s ]
[2023-03-29T13:24:21+08:00][sql] SELECT `value` FROM `ls_config` WHERE  `type` = 'mnp'  AND `name` = 'encryption_type'  AND `shop_id` = 0 LIMIT 1 [ RunTime:0.000000s ]
[2023-03-29T13:24:21+08:00][sql] SELECT `value` FROM `ls_config` WHERE  `type` = 'mnp'  AND `name` = 'data_type'  AND `shop_id` = 0 LIMIT 1 [ RunTime:0.000000s ]
[2023-03-29T13:24:41+08:00][sql] CONNECT:[ UseTime:0.001000s ] mysql:host=127.0.0.1;port=3306;dbname=cdiancan;charset=utf8mb4
[2023-03-29T13:24:41+08:00][sql] SHOW FULL COLUMNS FROM `ls_config` [ RunTime:0.005001s ]
[2023-03-29T13:24:41+08:00][sql] SELECT `value` FROM `ls_config` WHERE  `type` = 'copyright'  AND `name` = 'company_name'  AND `shop_id` = 0 LIMIT 1 [ RunTime:0.001000s ]
[2023-03-29T13:24:41+08:00][sql] SHOW FULL COLUMNS FROM `ls_system_log` [ RunTime:0.003000s ]
[2023-03-29T13:24:41+08:00][sql] INSERT INTO `ls_system_log` SET `admin_id` = 1 , `name` = 'admin' , `account` = 'admin' , `create_time` = 1680067481 , `uri` = '/admin/wechat.mnp/setMnp.html' , `type` = 'POST' , `param` = '{\"name\":\"\",\"original_id\":\"\",\"app_id\":\"wx4753388bf68e0bd7\",\"app_secret\":\"2c1a178203984189869fe9851951f8a0\",\"request_domain\":\"https:\\/\\/cdiancan.net\",\"socket_domain\":\"wss:\\/\\/cdiancan.net\",\"uploadfile_domain\":\"https:\\/\\/cdiancan.net\",\"downloadfile_domain\":\"https:\\/\\/cdiancan.net\",\"udp_domain\":\"udp:\\/\\/cdiancan.net\",\"url\":\"http:\\/\\/cdiancan.net\\/api\\/wechat\\/index\",\"token\":\"LikeMall\",\"encoding_ses_key\":\"\"}' , `ip` = '127.0.0.1' [ RunTime:0.000000s ]
[2023-03-29T13:24:41+08:00][sql] SELECT * FROM `ls_config` WHERE  `type` = 'mnp'  AND `name` = 'name'  AND `shop_id` = 0 LIMIT 1 [ RunTime:0.001000s ]
[2023-03-29T13:24:41+08:00][sql] UPDATE `ls_config`  SET `value` = '' , `update_time` = 1680067481  WHERE  `type` = 'mnp'  AND `name` = 'name'  AND `shop_id` = 0 [ RunTime:0.001000s ]
[2023-03-29T13:24:41+08:00][sql] SELECT * FROM `ls_config` WHERE  `type` = 'mnp'  AND `name` = 'original_id'  AND `shop_id` = 0 LIMIT 1 [ RunTime:0.001000s ]
[2023-03-29T13:24:41+08:00][sql] UPDATE `ls_config`  SET `value` = '' , `update_time` = 1680067481  WHERE  `type` = 'mnp'  AND `name` = 'original_id'  AND `shop_id` = 0 [ RunTime:0.000000s ]
[2023-03-29T13:24:41+08:00][sql] SELECT * FROM `ls_config` WHERE  `type` = 'mnp'  AND `name` = 'qr_code'  AND `shop_id` = 0 LIMIT 1 [ RunTime:0.000000s ]
[2023-03-29T13:24:41+08:00][sql] UPDATE `ls_config`  SET `value` = '' , `update_time` = 1680067481  WHERE  `type` = 'mnp'  AND `name` = 'qr_code'  AND `shop_id` = 0 [ RunTime:0.001000s ]
[2023-03-29T13:24:41+08:00][sql] SELECT * FROM `ls_config` WHERE  `type` = 'mnp'  AND `name` = 'app_id'  AND `shop_id` = 0 LIMIT 1 [ RunTime:0.000000s ]
[2023-03-29T13:24:41+08:00][sql] UPDATE `ls_config`  SET `value` = 'wx4753388bf68e0bd7' , `update_time` = 1680067481  WHERE  `type` = 'mnp'  AND `name` = 'app_id'  AND `shop_id` = 0 [ RunTime:0.001000s ]
[2023-03-29T13:24:41+08:00][sql] SELECT * FROM `ls_config` WHERE  `type` = 'mnp'  AND `name` = 'secret'  AND `shop_id` = 0 LIMIT 1 [ RunTime:0.001000s ]
[2023-03-29T13:24:41+08:00][sql] UPDATE `ls_config`  SET `value` = '2c1a178203984189869fe9851951f8a0' , `update_time` = 1680067481  WHERE  `type` = 'mnp'  AND `name` = 'secret'  AND `shop_id` = 0 [ RunTime:0.001000s ]
[2023-03-29T13:24:41+08:00][sql] SELECT * FROM `ls_config` WHERE  `type` = 'mnp'  AND `name` = 'token'  AND `shop_id` = 0 LIMIT 1 [ RunTime:0.000000s ]
[2023-03-29T13:24:41+08:00][sql] UPDATE `ls_config`  SET `value` = 'LikeMall' , `update_time` = 1680067481  WHERE  `type` = 'mnp'  AND `name` = 'token'  AND `shop_id` = 0 [ RunTime:0.000000s ]
[2023-03-29T13:24:41+08:00][sql] SELECT * FROM `ls_config` WHERE  `type` = 'mnp'  AND `name` = 'encoding_ses_key'  AND `shop_id` = 0 LIMIT 1 [ RunTime:0.000000s ]
[2023-03-29T13:24:41+08:00][sql] UPDATE `ls_config`  SET `value` = '' , `update_time` = 1680067481  WHERE  `type` = 'mnp'  AND `name` = 'encoding_ses_key'  AND `shop_id` = 0 [ RunTime:0.001000s ]
[2023-03-29T13:24:41+08:00][sql] SELECT * FROM `ls_config` WHERE  `type` = 'mnp'  AND `name` = 'encryption_type'  AND `shop_id` = 0 LIMIT 1 [ RunTime:0.001000s ]
[2023-03-29T13:24:41+08:00][sql] UPDATE `ls_config`  SET `value` = '' , `update_time` = 1680067481  WHERE  `type` = 'mnp'  AND `name` = 'encryption_type'  AND `shop_id` = 0 [ RunTime:0.001000s ]
[2023-03-29T13:24:41+08:00][sql] SELECT * FROM `ls_config` WHERE  `type` = 'mnp'  AND `name` = 'data_type'  AND `shop_id` = 0 LIMIT 1 [ RunTime:0.000000s ]
[2023-03-29T13:24:41+08:00][sql] UPDATE `ls_config`  SET `value` = '' , `update_time` = 1680067481  WHERE  `type` = 'mnp'  AND `name` = 'data_type'  AND `shop_id` = 0 [ RunTime:0.000000s ]
[2023-03-29T13:24:59+08:00][sql] CONNECT:[ UseTime:0.002000s ] mysql:host=127.0.0.1;port=3306;dbname=cdiancan;charset=utf8mb4
[2023-03-29T13:24:59+08:00][sql] SHOW FULL COLUMNS FROM `ls_config` [ RunTime:0.006000s ]
[2023-03-29T13:24:59+08:00][sql] SELECT `value` FROM `ls_config` WHERE  `type` = 'copyright'  AND `name` = 'company_name'  AND `shop_id` = 0 LIMIT 1 [ RunTime:0.000000s ]
[2023-03-29T13:24:59+08:00][sql] SELECT `value` FROM `ls_config` WHERE  `type` = 'copyright'  AND `name` = 'company_name'  AND `shop_id` = 0 LIMIT 1 [ RunTime:0.001000s ]
[2023-03-29T13:24:59+08:00][sql] SELECT `value` FROM `ls_config` WHERE  `type` = 'copyright'  AND `name` = 'number'  AND `shop_id` = 0 LIMIT 1 [ RunTime:0.000000s ]
[2023-03-29T13:24:59+08:00][sql] SELECT `value` FROM `ls_config` WHERE  `type` = 'copyright'  AND `name` = 'link'  AND `shop_id` = 0 LIMIT 1 [ RunTime:0.000000s ]
[2023-03-29T13:24:59+08:00][sql] SELECT `value` FROM `ls_config` WHERE  `type` = 'website_platform'  AND `name` = 'platform_login_image'  AND `shop_id` = 0 LIMIT 1 [ RunTime:0.001000s ]
[2023-03-29T13:24:59+08:00][sql] SELECT `value` FROM `ls_config` WHERE  `type` = 'website_platform'  AND `name` = 'platform_login_title'  AND `shop_id` = 0 LIMIT 1 [ RunTime:0.001000s ]
[2023-03-29T13:24:59+08:00][sql] SELECT `value` FROM `ls_config` WHERE  `type` = 'website'  AND `name` = 'shop_name'  AND `shop_id` = 0 LIMIT 1 [ RunTime:0.000000s ]
[2023-03-29T13:37:38+08:00][sql] CONNECT:[ UseTime:0.002000s ] mysql:host=127.0.0.1;port=3306;dbname=cdiancan;charset=utf8mb4
[2023-03-29T13:37:38+08:00][sql] SHOW FULL COLUMNS FROM `ls_config` [ RunTime:0.005001s ]
[2023-03-29T13:37:38+08:00][sql] SELECT `value` FROM `ls_config` WHERE  `type` = 'copyright'  AND `name` = 'company_name'  AND `shop_id` = 0 LIMIT 1 [ RunTime:0.001000s ]
[2023-03-29T13:37:38+08:00][sql] SHOW FULL COLUMNS FROM `ls_system_log` [ RunTime:0.003000s ]
[2023-03-29T13:37:38+08:00][sql] INSERT INTO `ls_system_log` SET `admin_id` = 1 , `name` = 'admin' , `account` = 'admin' , `create_time` = 1680068258 , `uri` = '/admin/user.User/lists.html' , `type` = 'GET' , `param` = '[]' , `ip` = '127.0.0.1' [ RunTime:0.001000s ]
[2023-03-29T13:37:38+08:00][sql] CONNECT:[ UseTime:0.001000s ] mysql:host=127.0.0.1;port=3306;dbname=cdiancan;charset=utf8mb4
[2023-03-29T13:37:38+08:00][sql] SHOW FULL COLUMNS FROM `ls_config` [ RunTime:0.003000s ]
[2023-03-29T13:37:38+08:00][sql] SELECT `value` FROM `ls_config` WHERE  `type` = 'copyright'  AND `name` = 'company_name'  AND `shop_id` = 0 LIMIT 1 [ RunTime:0.001000s ]
[2023-03-29T13:37:38+08:00][sql] SHOW FULL COLUMNS FROM `ls_system_log` [ RunTime:0.004000s ]
[2023-03-29T13:37:38+08:00][sql] INSERT INTO `ls_system_log` SET `admin_id` = 1 , `name` = 'admin' , `account` = 'admin' , `create_time` = 1680068258 , `uri` = '/admin/user.User/lists.html' , `type` = 'GET' , `param` = '{\"page\":\"1\",\"limit\":\"10\"}' , `ip` = '127.0.0.1' [ RunTime:0.001000s ]
[2023-03-29T13:37:38+08:00][sql] SHOW FULL COLUMNS FROM `ls_user` [ RunTime:0.004000s ]
[2023-03-29T13:37:38+08:00][sql] SELECT COUNT(*) AS think_count FROM `ls_user` WHERE  `del` = 0 [ RunTime:0.001000s ]
[2023-03-29T13:37:38+08:00][sql] SELECT `id`,`sn`,`nickname`,`avatar`,`total_order_amount`,`client`,`login_time`,`create_time`,`user_money` FROM `ls_user` WHERE  `del` = 0 ORDER BY `id` DESC LIMIT 0,10 [ RunTime:0.000000s ]
[2023-03-29T13:47:19+08:00][sql] CONNECT:[ UseTime:0.003000s ] mysql:host=127.0.0.1;port=3306;dbname=cdiancan;charset=utf8mb4
[2023-03-29T13:47:19+08:00][sql] SHOW FULL COLUMNS FROM `ls_config` [ RunTime:0.002000s ]
[2023-03-29T13:47:19+08:00][sql] SELECT `value` FROM `ls_config` WHERE  `type` = 'copyright'  AND `name` = 'company_name'  AND `shop_id` = 0 LIMIT 1 [ RunTime:0.001001s ]
[2023-03-29T13:47:19+08:00][sql] SHOW FULL COLUMNS FROM `ls_system_log` [ RunTime:0.003000s ]
[2023-03-29T13:47:19+08:00][sql] INSERT INTO `ls_system_log` SET `admin_id` = 1 , `name` = 'admin' , `account` = 'admin' , `create_time` = 1680068839 , `uri` = '/admin/setting.Transaction/index.html' , `type` = 'GET' , `param` = '[]' , `ip` = '127.0.0.1' [ RunTime:0.001000s ]
[2023-03-29T13:47:19+08:00][sql] SELECT `value` FROM `ls_config` WHERE  `type` = 'transaction'  AND `name` = 'is_show_stock'  AND `shop_id` = 0 LIMIT 1 [ RunTime:0.001000s ]
[2023-03-29T13:47:19+08:00][sql] SELECT `value` FROM `ls_config` WHERE  `type` = 'transaction'  AND `name` = 'dec_stock'  AND `shop_id` = 0 LIMIT 1 [ RunTime:0.001000s ]
[2023-03-29T13:47:19+08:00][sql] SELECT `value` FROM `ls_config` WHERE  `type` = 'transaction'  AND `name` = 'return_stock'  AND `shop_id` = 0 LIMIT 1 [ RunTime:0.000000s ]
[2023-03-29T13:47:19+08:00][sql] SELECT `value` FROM `ls_config` WHERE  `type` = 'transaction'  AND `name` = 'unpaid_order_cancel_time'  AND `shop_id` = 0 LIMIT 1 [ RunTime:0.001000s ]
[2023-03-29T13:47:19+08:00][sql] SELECT `value` FROM `ls_config` WHERE  `type` = 'transaction'  AND `name` = 'paid_order_cancel_time'  AND `shop_id` = 0 LIMIT 1 [ RunTime:0.000000s ]
[2023-03-29T13:47:19+08:00][sql] SELECT `value` FROM `ls_config` WHERE  `type` = 'transaction'  AND `name` = 'order_auto_receipt_days'  AND `shop_id` = 0 LIMIT 1 [ RunTime:0.001000s ]
[2023-03-29T13:47:19+08:00][sql] CONNECT:[ UseTime:0.002000s ] mysql:host=127.0.0.1;port=3306;dbname=cdiancan;charset=utf8mb4
[2023-03-29T13:47:19+08:00][sql] SHOW FULL COLUMNS FROM `ls_config` [ RunTime:0.001000s ]
[2023-03-29T13:47:19+08:00][sql] SELECT `value` FROM `ls_config` WHERE  `type` = 'copyright'  AND `name` = 'company_name'  AND `shop_id` = 0 LIMIT 1 [ RunTime:0.001000s ]
[2023-03-29T13:47:19+08:00][sql] SHOW FULL COLUMNS FROM `ls_system_log` [ RunTime:0.004001s ]
[2023-03-29T13:47:19+08:00][sql] INSERT INTO `ls_system_log` SET `admin_id` = 1 , `name` = 'admin' , `account` = 'admin' , `create_time` = 1680068839 , `uri` = '/admin/system.Crontab/lists.html' , `type` = 'GET' , `param` = '[]' , `ip` = '127.0.0.1' [ RunTime:0.001000s ]
[2023-03-29T13:47:20+08:00][sql] CONNECT:[ UseTime:0.002000s ] mysql:host=127.0.0.1;port=3306;dbname=cdiancan;charset=utf8mb4
[2023-03-29T13:47:20+08:00][sql] SHOW FULL COLUMNS FROM `ls_config` [ RunTime:0.002000s ]
[2023-03-29T13:47:20+08:00][sql] SELECT `value` FROM `ls_config` WHERE  `type` = 'copyright'  AND `name` = 'company_name'  AND `shop_id` = 0 LIMIT 1 [ RunTime:0.000000s ]
[2023-03-29T13:47:20+08:00][sql] SHOW FULL COLUMNS FROM `ls_system_log` [ RunTime:0.001000s ]
[2023-03-29T13:47:20+08:00][sql] INSERT INTO `ls_system_log` SET `admin_id` = 1 , `name` = 'admin' , `account` = 'admin' , `create_time` = 1680068840 , `uri` = '/admin/system.Crontab/lists.html' , `type` = 'GET' , `param` = '{\"page\":\"1\",\"limit\":\"10\"}' , `ip` = '127.0.0.1' [ RunTime:0.001000s ]
[2023-03-29T13:47:20+08:00][sql] SHOW FULL COLUMNS FROM `ls_dev_crontab` [ RunTime:0.004000s ]
[2023-03-29T13:47:20+08:00][sql] SELECT `id`,`name`,`type`,type as type_desc,`command`,last_time as last_time_str,`expression`,`parameter`,`status`,`error`,`time`,`max_time`,`system` FROM `ls_dev_crontab` ORDER BY `system` DESC [ RunTime:0.001000s ]
[2023-03-29T13:55:11+08:00][sql] CONNECT:[ UseTime:0.001000s ] mysql:host=127.0.0.1;port=3306;dbname=cdiancan;charset=utf8mb4
[2023-03-29T13:55:11+08:00][sql] SHOW FULL COLUMNS FROM `ls_config` [ RunTime:0.002000s ]
[2023-03-29T13:55:11+08:00][sql] SELECT `value` FROM `ls_config` WHERE  `type` = 'copyright'  AND `name` = 'company_name'  AND `shop_id` = 0 LIMIT 1 [ RunTime:0.001000s ]
[2023-03-29T13:55:11+08:00][sql] SHOW FULL COLUMNS FROM `ls_system_log` [ RunTime:0.001000s ]
[2023-03-29T13:55:11+08:00][sql] INSERT INTO `ls_system_log` SET `admin_id` = 1 , `name` = 'admin' , `account` = 'admin' , `create_time` = 1680069311 , `uri` = '/admin/shop.shop/lists.html' , `type` = 'GET' , `param` = '[]' , `ip` = '127.0.0.1' [ RunTime:0.002000s ]
[2023-03-29T13:55:11+08:00][sql] CONNECT:[ UseTime:0.001000s ] mysql:host=127.0.0.1;port=3306;dbname=cdiancan;charset=utf8mb4
[2023-03-29T13:55:11+08:00][sql] SHOW FULL COLUMNS FROM `ls_config` [ RunTime:0.001000s ]
[2023-03-29T13:55:11+08:00][sql] SELECT `value` FROM `ls_config` WHERE  `type` = 'copyright'  AND `name` = 'company_name'  AND `shop_id` = 0 LIMIT 1 [ RunTime:0.001000s ]
[2023-03-29T13:55:11+08:00][sql] SHOW FULL COLUMNS FROM `ls_system_log` [ RunTime:0.001000s ]
[2023-03-29T13:55:11+08:00][sql] INSERT INTO `ls_system_log` SET `admin_id` = 1 , `name` = 'admin' , `account` = 'admin' , `create_time` = 1680069311 , `uri` = '/admin/shop.Shop/lists.html' , `type` = 'GET' , `param` = '{\"page\":\"1\",\"limit\":\"10\"}' , `ip` = '127.0.0.1' [ RunTime:0.002001s ]
[2023-03-29T13:55:11+08:00][sql] SHOW FULL COLUMNS FROM `ls_shop` [ RunTime:0.001000s ]
[2023-03-29T13:55:11+08:00][sql] SELECT COUNT(*) AS think_count FROM `ls_shop` [ RunTime:0.001000s ]
[2023-03-29T13:55:11+08:00][sql] SELECT `id`,`shop_sn`,`name`,`status`,`pricing_policy`,`create_time` FROM `ls_shop` ORDER BY `id` DESC LIMIT 0,10 [ RunTime:0.000000s ]
[2023-03-29T13:55:11+08:00][sql] SHOW FULL COLUMNS FROM `ls_shop_admin` [ RunTime:0.004000s ]
[2023-03-29T13:55:11+08:00][sql] SELECT `shop_id`,`id`,`account` FROM `ls_shop_admin` WHERE  `root` = 1 [ RunTime:0.001000s ]
[2023-03-29T13:55:13+08:00][sql] CONNECT:[ UseTime:0.001000s ] mysql:host=127.0.0.1;port=3306;dbname=cdiancan;charset=utf8mb4
[2023-03-29T13:55:13+08:00][sql] SHOW FULL COLUMNS FROM `ls_config` [ RunTime:0.002001s ]
[2023-03-29T13:55:13+08:00][sql] SELECT `value` FROM `ls_config` WHERE  `type` = 'copyright'  AND `name` = 'company_name'  AND `shop_id` = 0 LIMIT 1 [ RunTime:0.000000s ]
[2023-03-29T13:55:13+08:00][sql] SHOW FULL COLUMNS FROM `ls_system_log` [ RunTime:0.000000s ]
[2023-03-29T13:55:13+08:00][sql] INSERT INTO `ls_system_log` SET `admin_id` = 1 , `name` = 'admin' , `account` = 'admin' , `create_time` = 1680069313 , `uri` = '/admin/shop.shop/shopSso.html' , `type` = 'GET' , `param` = '{\"id\":\"2\"}' , `ip` = '127.0.0.1' [ RunTime:0.001000s ]
