[2023-04-12T12:52:32+08:00][sql] CONNECT:[ UseTime:0.011001s ] mysql:host=127.0.0.1;port=3306;dbname=cdiancan;charset=utf8mb4
[2023-04-12T12:52:32+08:00][sql] SHOW FULL COLUMNS FROM `ls_config` [ RunTime:0.010001s ]
[2023-04-12T12:52:32+08:00][sql] SELECT `value` FROM `ls_config` WHERE  `type` = 'copyright'  AND `name` = 'company_name'  AND `shop_id` = 0 LIMIT 1 [ RunTime:0.000000s ]
[2023-04-12T12:52:32+08:00][sql] SELECT `value` FROM `ls_config` WHERE  `type` = 'copyright'  AND `name` = 'company_name'  AND `shop_id` = 0 LIMIT 1 [ RunTime:0.001000s ]
[2023-04-12T12:52:32+08:00][sql] SELECT `value` FROM `ls_config` WHERE  `type` = 'copyright'  AND `name` = 'number'  AND `shop_id` = 0 LIMIT 1 [ RunTime:0.000000s ]
[2023-04-12T12:52:32+08:00][sql] SELECT `value` FROM `ls_config` WHERE  `type` = 'copyright'  AND `name` = 'link'  AND `shop_id` = 0 LIMIT 1 [ RunTime:0.001000s ]
[2023-04-12T12:52:32+08:00][sql] SELECT `value` FROM `ls_config` WHERE  `type` = 'website_platform'  AND `name` = 'platform_login_image'  AND `shop_id` = 0 LIMIT 1 [ RunTime:0.000000s ]
[2023-04-12T12:52:32+08:00][sql] SELECT `value` FROM `ls_config` WHERE  `type` = 'website_platform'  AND `name` = 'platform_login_title'  AND `shop_id` = 0 LIMIT 1 [ RunTime:0.001000s ]
[2023-04-12T12:52:32+08:00][sql] SELECT `value` FROM `ls_config` WHERE  `type` = 'website'  AND `name` = 'shop_name'  AND `shop_id` = 0 LIMIT 1 [ RunTime:0.000000s ]
[2023-04-12T12:52:50+08:00][sql] CONNECT:[ UseTime:0.001000s ] mysql:host=127.0.0.1;port=3306;dbname=cdiancan;charset=utf8mb4
[2023-04-12T12:52:50+08:00][sql] SHOW FULL COLUMNS FROM `ls_config` [ RunTime:0.004001s ]
[2023-04-12T12:52:50+08:00][sql] SELECT `value` FROM `ls_config` WHERE  `type` = 'copyright'  AND `name` = 'company_name'  AND `shop_id` = 0 LIMIT 1 [ RunTime:0.001000s ]
[2023-04-12T12:52:50+08:00][sql] SHOW FULL COLUMNS FROM `ls_admin` [ RunTime:0.005000s ]
[2023-04-12T12:52:50+08:00][sql] SELECT * FROM `ls_admin` WHERE  `account` = 'admin'  AND `del` = 0 LIMIT 1 [ RunTime:0.001000s ]
[2023-04-12T12:52:50+08:00][sql] SELECT `id`,`root`,`account`,`name`,`role_id` FROM `ls_admin` WHERE  `account` = 'admin'  AND `del` = 0 LIMIT 1 [ RunTime:0.000000s ]
[2023-04-12T12:52:50+08:00][sql] UPDATE `ls_admin`  SET `login_ip` = '127.0.0.1' , `login_time` = 1681275170  WHERE  `account` = 'admin' [ RunTime:0.004001s ]
[2023-04-12T12:52:52+08:00][sql] CONNECT:[ UseTime:0.001000s ] mysql:host=127.0.0.1;port=3306;dbname=cdiancan;charset=utf8mb4
[2023-04-12T12:52:52+08:00][sql] SHOW FULL COLUMNS FROM `ls_config` [ RunTime:0.004001s ]
[2023-04-12T12:52:52+08:00][sql] SELECT `value` FROM `ls_config` WHERE  `type` = 'copyright'  AND `name` = 'company_name'  AND `shop_id` = 0 LIMIT 1 [ RunTime:0.001000s ]
[2023-04-12T12:52:52+08:00][sql] SHOW FULL COLUMNS FROM `ls_system_log` [ RunTime:0.006000s ]
[2023-04-12T12:52:52+08:00][sql] INSERT INTO `ls_system_log` SET `admin_id` = 1 , `name` = 'admin' , `account` = 'admin' , `create_time` = 1681275171 , `uri` = '/admin/' , `type` = 'GET' , `param` = '[]' , `ip` = '127.0.0.1' [ RunTime:0.001000s ]
[2023-04-12T12:52:52+08:00][sql] SELECT `value` FROM `ls_config` WHERE  `type` = 'website'  AND `name` = 'shop_name'  AND `shop_id` = 0 LIMIT 1 [ RunTime:0.000000s ]
[2023-04-12T12:52:52+08:00][sql] SELECT `value` FROM `ls_config` WHERE  `type` = 'website'  AND `name` = 'web_favicon'  AND `shop_id` = 0 LIMIT 1 [ RunTime:0.001000s ]
[2023-04-12T12:52:52+08:00][sql] SELECT `value` FROM `ls_config` WHERE  `type` = 'website'  AND `name` = 'shop_logo'  AND `shop_id` = 0 LIMIT 1 [ RunTime:0.000000s ]
[2023-04-12T12:52:52+08:00][sql] SHOW FULL COLUMNS FROM `ls_dev_auth` [ RunTime:0.005001s ]
[2023-04-12T12:52:52+08:00][sql] SELECT * FROM `ls_dev_auth` WHERE  `type` = 1  AND `del` = 0  AND `disable` = 0 ORDER BY `sort` DESC [ RunTime:0.001000s ]
[2023-04-12T12:52:52+08:00][sql] SHOW FULL COLUMNS FROM `ls_role` [ RunTime:0.005001s ]
[2023-04-12T12:52:52+08:00][sql] SELECT `name` FROM `ls_role` WHERE  `id` = 0 LIMIT 1 [ RunTime:0.001000s ]
[2023-04-12T12:52:52+08:00][sql] CONNECT:[ UseTime:0.001000s ] mysql:host=127.0.0.1;port=3306;dbname=cdiancan;charset=utf8mb4
[2023-04-12T12:52:52+08:00][sql] SHOW FULL COLUMNS FROM `ls_config` [ RunTime:0.003000s ]
[2023-04-12T12:52:52+08:00][sql] SELECT `value` FROM `ls_config` WHERE  `type` = 'copyright'  AND `name` = 'company_name'  AND `shop_id` = 0 LIMIT 1 [ RunTime:0.001001s ]
[2023-04-12T12:52:52+08:00][sql] SHOW FULL COLUMNS FROM `ls_system_log` [ RunTime:0.003000s ]
[2023-04-12T12:52:52+08:00][sql] INSERT INTO `ls_system_log` SET `admin_id` = 1 , `name` = 'admin' , `account` = 'admin' , `create_time` = 1681275172 , `uri` = '/admin/index/stat.html' , `type` = 'GET' , `param` = '[]' , `ip` = '127.0.0.1' [ RunTime:0.001000s ]
[2023-04-12T12:52:52+08:00][sql] SHOW FULL COLUMNS FROM `ls_order` [ RunTime:0.006000s ]
[2023-04-12T12:52:52+08:00][sql] SELECT * FROM `ls_order` WHERE  `del` = 0  AND `pay_status` = 1  AND `create_time` BETWEEN 1681228800 AND 1681315199 [ RunTime:0.001000s ]
[2023-04-12T12:52:52+08:00][sql] CONNECT:[ UseTime:0.001000s ] mysql:host=127.0.0.1;port=3306;dbname=cdiancan;charset=utf8mb4
[2023-04-12T12:52:52+08:00][sql] SHOW FULL COLUMNS FROM `ls_config` [ RunTime:0.003000s ]
[2023-04-12T12:52:52+08:00][sql] SELECT `value` FROM `ls_config` WHERE  `type` = 'copyright'  AND `name` = 'company_name'  AND `shop_id` = 0 LIMIT 1 [ RunTime:0.000000s ]
[2023-04-12T12:52:52+08:00][sql] SHOW FULL COLUMNS FROM `ls_system_log` [ RunTime:0.003000s ]
[2023-04-12T12:52:52+08:00][sql] INSERT INTO `ls_system_log` SET `admin_id` = 1 , `name` = 'admin' , `account` = 'admin' , `create_time` = 1681275172 , `uri` = '/admin/index/stat.html' , `type` = 'GET' , `param` = '[]' , `ip` = '127.0.0.1' [ RunTime:0.000000s ]
[2023-04-12T12:52:52+08:00][sql] SHOW FULL COLUMNS FROM `ls_order` [ RunTime:0.004001s ]
[2023-04-12T12:52:52+08:00][sql] SELECT SUM(`order_amount`) AS think_sum FROM `ls_order` WHERE  `create_time` BETWEEN 1679932800 AND 1680019199   AND `pay_status` = 1 [ RunTime:0.001000s ]
[2023-04-12T12:52:52+08:00][sql] SELECT COUNT(`id`) AS think_count FROM `ls_order` WHERE  `create_time` BETWEEN 1679932800 AND 1680019199   AND `pay_status` = 1 [ RunTime:0.000000s ]
[2023-04-12T12:52:52+08:00][sql] SELECT SUM(`order_amount`) AS think_sum FROM `ls_order` WHERE  `create_time` BETWEEN 1680019200 AND 1680105599   AND `pay_status` = 1 [ RunTime:0.001000s ]
[2023-04-12T12:52:52+08:00][sql] SELECT COUNT(`id`) AS think_count FROM `ls_order` WHERE  `create_time` BETWEEN 1680019200 AND 1680105599   AND `pay_status` = 1 [ RunTime:0.000000s ]
[2023-04-12T12:52:52+08:00][sql] SELECT SUM(`order_amount`) AS think_sum FROM `ls_order` WHERE  `create_time` BETWEEN 1680105600 AND 1680191999   AND `pay_status` = 1 [ RunTime:0.001000s ]
[2023-04-12T12:52:52+08:00][sql] SELECT COUNT(`id`) AS think_count FROM `ls_order` WHERE  `create_time` BETWEEN 1680105600 AND 1680191999   AND `pay_status` = 1 [ RunTime:0.000000s ]
[2023-04-12T12:52:52+08:00][sql] SELECT SUM(`order_amount`) AS think_sum FROM `ls_order` WHERE  `create_time` BETWEEN 1680192000 AND 1680278399   AND `pay_status` = 1 [ RunTime:0.000000s ]
[2023-04-12T12:52:52+08:00][sql] SELECT COUNT(`id`) AS think_count FROM `ls_order` WHERE  `create_time` BETWEEN 1680192000 AND 1680278399   AND `pay_status` = 1 [ RunTime:0.000000s ]
[2023-04-12T12:52:52+08:00][sql] SELECT SUM(`order_amount`) AS think_sum FROM `ls_order` WHERE  `create_time` BETWEEN 1680278400 AND 1680364799   AND `pay_status` = 1 [ RunTime:0.000000s ]
[2023-04-12T12:52:52+08:00][sql] SELECT COUNT(`id`) AS think_count FROM `ls_order` WHERE  `create_time` BETWEEN 1680278400 AND 1680364799   AND `pay_status` = 1 [ RunTime:0.001000s ]
[2023-04-12T12:52:52+08:00][sql] SELECT SUM(`order_amount`) AS think_sum FROM `ls_order` WHERE  `create_time` BETWEEN 1680364800 AND 1680451199   AND `pay_status` = 1 [ RunTime:0.000000s ]
[2023-04-12T12:52:52+08:00][sql] SELECT COUNT(`id`) AS think_count FROM `ls_order` WHERE  `create_time` BETWEEN 1680364800 AND 1680451199   AND `pay_status` = 1 [ RunTime:0.001000s ]
[2023-04-12T12:52:52+08:00][sql] SELECT SUM(`order_amount`) AS think_sum FROM `ls_order` WHERE  `create_time` BETWEEN 1680451200 AND 1680537599   AND `pay_status` = 1 [ RunTime:0.000000s ]
[2023-04-12T12:52:52+08:00][sql] SELECT COUNT(`id`) AS think_count FROM `ls_order` WHERE  `create_time` BETWEEN 1680451200 AND 1680537599   AND `pay_status` = 1 [ RunTime:0.001000s ]
[2023-04-12T12:52:52+08:00][sql] SELECT SUM(`order_amount`) AS think_sum FROM `ls_order` WHERE  `create_time` BETWEEN 1680537600 AND 1680623999   AND `pay_status` = 1 [ RunTime:0.000000s ]
[2023-04-12T12:52:52+08:00][sql] SELECT COUNT(`id`) AS think_count FROM `ls_order` WHERE  `create_time` BETWEEN 1680537600 AND 1680623999   AND `pay_status` = 1 [ RunTime:0.001000s ]
[2023-04-12T12:52:52+08:00][sql] SELECT SUM(`order_amount`) AS think_sum FROM `ls_order` WHERE  `create_time` BETWEEN 1680624000 AND 1680710399   AND `pay_status` = 1 [ RunTime:0.000000s ]
[2023-04-12T12:52:52+08:00][sql] SELECT COUNT(`id`) AS think_count FROM `ls_order` WHERE  `create_time` BETWEEN 1680624000 AND 1680710399   AND `pay_status` = 1 [ RunTime:0.001000s ]
[2023-04-12T12:52:52+08:00][sql] SELECT SUM(`order_amount`) AS think_sum FROM `ls_order` WHERE  `create_time` BETWEEN 1680710400 AND 1680796799   AND `pay_status` = 1 [ RunTime:0.000000s ]
[2023-04-12T12:52:52+08:00][sql] SELECT COUNT(`id`) AS think_count FROM `ls_order` WHERE  `create_time` BETWEEN 1680710400 AND 1680796799   AND `pay_status` = 1 [ RunTime:0.001000s ]
[2023-04-12T12:52:52+08:00][sql] SELECT SUM(`order_amount`) AS think_sum FROM `ls_order` WHERE  `create_time` BETWEEN 1680796800 AND 1680883199   AND `pay_status` = 1 [ RunTime:0.000000s ]
[2023-04-12T12:52:52+08:00][sql] SELECT COUNT(`id`) AS think_count FROM `ls_order` WHERE  `create_time` BETWEEN 1680796800 AND 1680883199   AND `pay_status` = 1 [ RunTime:0.000000s ]
[2023-04-12T12:52:52+08:00][sql] SELECT SUM(`order_amount`) AS think_sum FROM `ls_order` WHERE  `create_time` BETWEEN 1680883200 AND 1680969599   AND `pay_status` = 1 [ RunTime:0.000000s ]
[2023-04-12T12:52:52+08:00][sql] SELECT COUNT(`id`) AS think_count FROM `ls_order` WHERE  `create_time` BETWEEN 1680883200 AND 1680969599   AND `pay_status` = 1 [ RunTime:0.000000s ]
[2023-04-12T12:52:52+08:00][sql] SELECT SUM(`order_amount`) AS think_sum FROM `ls_order` WHERE  `create_time` BETWEEN 1680969600 AND 1681055999   AND `pay_status` = 1 [ RunTime:0.000000s ]
[2023-04-12T12:52:52+08:00][sql] SELECT COUNT(`id`) AS think_count FROM `ls_order` WHERE  `create_time` BETWEEN 1680969600 AND 1681055999   AND `pay_status` = 1 [ RunTime:0.000000s ]
[2023-04-12T12:52:52+08:00][sql] SELECT SUM(`order_amount`) AS think_sum FROM `ls_order` WHERE  `create_time` BETWEEN 1681056000 AND 1681142399   AND `pay_status` = 1 [ RunTime:0.001000s ]
[2023-04-12T12:52:52+08:00][sql] SELECT COUNT(`id`) AS think_count FROM `ls_order` WHERE  `create_time` BETWEEN 1681056000 AND 1681142399   AND `pay_status` = 1 [ RunTime:0.000000s ]
[2023-04-12T12:52:52+08:00][sql] SELECT SUM(`order_amount`) AS think_sum FROM `ls_order` WHERE  `create_time` BETWEEN 1681142400 AND 1681228799   AND `pay_status` = 1 [ RunTime:0.001000s ]
[2023-04-12T12:52:52+08:00][sql] SELECT COUNT(`id`) AS think_count FROM `ls_order` WHERE  `create_time` BETWEEN 1681142400 AND 1681228799   AND `pay_status` = 1 [ RunTime:0.000000s ]
[2023-04-12T12:52:52+08:00][sql] CONNECT:[ UseTime:0.001000s ] mysql:host=127.0.0.1;port=3306;dbname=cdiancan;charset=utf8mb4
[2023-04-12T12:52:52+08:00][sql] SHOW FULL COLUMNS FROM `ls_config` [ RunTime:0.004000s ]
[2023-04-12T12:52:52+08:00][sql] SELECT `value` FROM `ls_config` WHERE  `type` = 'copyright'  AND `name` = 'company_name'  AND `shop_id` = 0 LIMIT 1 [ RunTime:0.001000s ]
[2023-04-12T12:52:52+08:00][sql] SHOW FULL COLUMNS FROM `ls_system_log` [ RunTime:0.004000s ]
[2023-04-12T12:52:52+08:00][sql] INSERT INTO `ls_system_log` SET `admin_id` = 1 , `name` = 'admin' , `account` = 'admin' , `create_time` = 1681275172 , `uri` = '/admin/index/shop.html' , `type` = 'GET' , `param` = '{\"type\":\"1\",\"page\":\"1\",\"limit\":\"10\"}' , `ip` = '127.0.0.1' [ RunTime:0.000000s ]
[2023-04-12T12:52:52+08:00][sql] SHOW FULL COLUMNS FROM `ls_order` [ RunTime:0.003000s ]
[2023-04-12T12:52:52+08:00][sql] SELECT `s`.`name`,sum(o.order_amount) as sale_amount,count(o.id) as order_sum FROM `ls_order` `o` INNER JOIN `ls_shop` `s` ON `s`.`id`=`o`.`shop_id` WHERE  `o`.`del` = 0  AND `o`.`pay_status` = 1 GROUP BY `shop_id` ORDER BY `sale_amount` DESC,`s`.`id` DESC LIMIT 10 [ RunTime:0.007000s ]
[2023-04-12T12:52:52+08:00][sql] CONNECT:[ UseTime:0.001000s ] mysql:host=127.0.0.1;port=3306;dbname=cdiancan;charset=utf8mb4
[2023-04-12T12:52:52+08:00][sql] SHOW FULL COLUMNS FROM `ls_config` [ RunTime:0.004000s ]
[2023-04-12T12:52:52+08:00][sql] SELECT `value` FROM `ls_config` WHERE  `type` = 'copyright'  AND `name` = 'company_name'  AND `shop_id` = 0 LIMIT 1 [ RunTime:0.000000s ]
[2023-04-12T12:52:52+08:00][sql] SHOW FULL COLUMNS FROM `ls_system_log` [ RunTime:0.004001s ]
[2023-04-12T12:52:52+08:00][sql] INSERT INTO `ls_system_log` SET `admin_id` = 1 , `name` = 'admin' , `account` = 'admin' , `create_time` = 1681275172 , `uri` = '/admin/index/shop.html' , `type` = 'GET' , `param` = '{\"type\":\"2\",\"page\":\"1\",\"limit\":\"10\"}' , `ip` = '127.0.0.1' [ RunTime:0.001000s ]
[2023-04-12T12:52:52+08:00][sql] SHOW FULL COLUMNS FROM `ls_goods` [ RunTime:0.005000s ]
[2023-04-12T12:52:52+08:00][sql] SELECT `g`.`code`,`g`.`name`,sum(og.goods_price * og.goods_num) as sale_amount,sum(goods_num) as goods_num,count(o.id) as order_sum FROM `ls_goods` `g` INNER JOIN `ls_order_goods` `og` ON `g`.`id`=`og`.`goods_id` INNER JOIN `ls_order` `o` ON `o`.`id`=`og`.`order_id` WHERE  `o`.`del` = 0  AND `o`.`pay_status` = 1 GROUP BY `g`.`id` ORDER BY `sale_amount` DESC,`g`.`id` DESC LIMIT 10 [ RunTime:0.009001s ]
[2023-04-12T12:52:55+08:00][sql] CONNECT:[ UseTime:0.002000s ] mysql:host=127.0.0.1;port=3306;dbname=cdiancan;charset=utf8mb4
[2023-04-12T12:52:55+08:00][sql] SHOW FULL COLUMNS FROM `ls_config` [ RunTime:0.004000s ]
[2023-04-12T12:52:55+08:00][sql] SELECT `value` FROM `ls_config` WHERE  `type` = 'copyright'  AND `name` = 'company_name'  AND `shop_id` = 0 LIMIT 1 [ RunTime:0.000000s ]
[2023-04-12T12:52:55+08:00][sql] SHOW FULL COLUMNS FROM `ls_system_log` [ RunTime:0.004000s ]
[2023-04-12T12:52:55+08:00][sql] INSERT INTO `ls_system_log` SET `admin_id` = 1 , `name` = 'admin' , `account` = 'admin' , `create_time` = 1681275175 , `uri` = '/admin/setting.Transaction/index.html' , `type` = 'GET' , `param` = '[]' , `ip` = '127.0.0.1' [ RunTime:0.001001s ]
[2023-04-12T12:52:55+08:00][sql] SELECT `value` FROM `ls_config` WHERE  `type` = 'transaction'  AND `name` = 'is_show_stock'  AND `shop_id` = 0 LIMIT 1 [ RunTime:0.001000s ]
[2023-04-12T12:52:55+08:00][sql] SELECT `value` FROM `ls_config` WHERE  `type` = 'transaction'  AND `name` = 'dec_stock'  AND `shop_id` = 0 LIMIT 1 [ RunTime:0.001000s ]
[2023-04-12T12:52:55+08:00][sql] SELECT `value` FROM `ls_config` WHERE  `type` = 'transaction'  AND `name` = 'return_stock'  AND `shop_id` = 0 LIMIT 1 [ RunTime:0.000000s ]
[2023-04-12T12:52:55+08:00][sql] SELECT `value` FROM `ls_config` WHERE  `type` = 'transaction'  AND `name` = 'unpaid_order_cancel_time'  AND `shop_id` = 0 LIMIT 1 [ RunTime:0.001000s ]
[2023-04-12T12:52:55+08:00][sql] SELECT `value` FROM `ls_config` WHERE  `type` = 'transaction'  AND `name` = 'paid_order_cancel_time'  AND `shop_id` = 0 LIMIT 1 [ RunTime:0.000000s ]
[2023-04-12T12:52:55+08:00][sql] SELECT `value` FROM `ls_config` WHERE  `type` = 'transaction'  AND `name` = 'order_auto_receipt_days'  AND `shop_id` = 0 LIMIT 1 [ RunTime:0.001000s ]
[2023-04-12T12:53:01+08:00][sql] CONNECT:[ UseTime:0.002000s ] mysql:host=127.0.0.1;port=3306;dbname=cdiancan;charset=utf8mb4
[2023-04-12T12:53:01+08:00][sql] SHOW FULL COLUMNS FROM `ls_config` [ RunTime:0.004000s ]
[2023-04-12T12:53:01+08:00][sql] SELECT `value` FROM `ls_config` WHERE  `type` = 'copyright'  AND `name` = 'company_name'  AND `shop_id` = 0 LIMIT 1 [ RunTime:0.001000s ]
[2023-04-12T12:53:01+08:00][sql] SHOW FULL COLUMNS FROM `ls_system_log` [ RunTime:0.003000s ]
[2023-04-12T12:53:01+08:00][sql] INSERT INTO `ls_system_log` SET `admin_id` = 1 , `name` = 'admin' , `account` = 'admin' , `create_time` = 1681275181 , `uri` = '/admin/decoration.applet.home/Lists.html' , `type` = 'GET' , `param` = '[]' , `ip` = '127.0.0.1' [ RunTime:0.000000s ]
[2023-04-12T12:53:02+08:00][sql] CONNECT:[ UseTime:0.001000s ] mysql:host=127.0.0.1;port=3306;dbname=cdiancan;charset=utf8mb4
[2023-04-12T12:53:02+08:00][sql] SHOW FULL COLUMNS FROM `ls_config` [ RunTime:0.004000s ]
[2023-04-12T12:53:02+08:00][sql] SELECT `value` FROM `ls_config` WHERE  `type` = 'copyright'  AND `name` = 'company_name'  AND `shop_id` = 0 LIMIT 1 [ RunTime:0.001000s ]
[2023-04-12T12:53:02+08:00][sql] SHOW FULL COLUMNS FROM `ls_system_log` [ RunTime:0.004000s ]
[2023-04-12T12:53:02+08:00][sql] INSERT INTO `ls_system_log` SET `admin_id` = 1 , `name` = 'admin' , `account` = 'admin' , `create_time` = 1681275182 , `uri` = '/admin/decoration.applet.Home/lists.html' , `type` = 'GET' , `param` = '{\"page\":\"1\",\"limit\":\"10\"}' , `ip` = '127.0.0.1' [ RunTime:0.001000s ]
[2023-04-12T12:53:02+08:00][sql] SHOW FULL COLUMNS FROM `ls_decorate_home` [ RunTime:0.005000s ]
[2023-04-12T12:53:02+08:00][sql] SELECT * FROM `ls_decorate_home` ORDER BY `id` ASC [ RunTime:0.000000s ]
[2023-04-12T12:53:06+08:00][sql] CONNECT:[ UseTime:0.001000s ] mysql:host=127.0.0.1;port=3306;dbname=cdiancan;charset=utf8mb4
[2023-04-12T12:53:06+08:00][sql] SHOW FULL COLUMNS FROM `ls_config` [ RunTime:0.003000s ]
[2023-04-12T12:53:06+08:00][sql] SELECT `value` FROM `ls_config` WHERE  `type` = 'copyright'  AND `name` = 'company_name'  AND `shop_id` = 0 LIMIT 1 [ RunTime:0.001000s ]
[2023-04-12T12:53:06+08:00][sql] SHOW FULL COLUMNS FROM `ls_system_log` [ RunTime:0.003000s ]
[2023-04-12T12:53:06+08:00][sql] INSERT INTO `ls_system_log` SET `admin_id` = 1 , `name` = 'admin' , `account` = 'admin' , `create_time` = 1681275186 , `uri` = '/admin/decoration.applet.style/style.html' , `type` = 'GET' , `param` = '[]' , `ip` = '127.0.0.1' [ RunTime:0.000000s ]
[2023-04-12T12:53:06+08:00][sql] SELECT `value` FROM `ls_config` WHERE  `type` = 'decoration'  AND `name` = 'theme'  AND `shop_id` = 0 LIMIT 1 [ RunTime:0.001000s ]
[2023-04-12T12:53:11+08:00][sql] CONNECT:[ UseTime:0.001000s ] mysql:host=127.0.0.1;port=3306;dbname=cdiancan;charset=utf8mb4
[2023-04-12T12:53:11+08:00][sql] SHOW FULL COLUMNS FROM `ls_config` [ RunTime:0.004000s ]
[2023-04-12T12:53:11+08:00][sql] SELECT `value` FROM `ls_config` WHERE  `type` = 'copyright'  AND `name` = 'company_name'  AND `shop_id` = 0 LIMIT 1 [ RunTime:0.000000s ]
[2023-04-12T12:53:11+08:00][sql] SHOW FULL COLUMNS FROM `ls_system_log` [ RunTime:0.004000s ]
[2023-04-12T12:53:11+08:00][sql] INSERT INTO `ls_system_log` SET `admin_id` = 1 , `name` = 'admin' , `account` = 'admin' , `create_time` = 1681275191 , `uri` = '/admin/decoration.applet.bottom/lists.html' , `type` = 'GET' , `param` = '[]' , `ip` = '127.0.0.1' [ RunTime:0.000000s ]
[2023-04-12T12:53:11+08:00][sql] CONNECT:[ UseTime:0.001001s ] mysql:host=127.0.0.1;port=3306;dbname=cdiancan;charset=utf8mb4
[2023-04-12T12:53:11+08:00][sql] SHOW FULL COLUMNS FROM `ls_config` [ RunTime:0.003000s ]
[2023-04-12T12:53:11+08:00][sql] SELECT `value` FROM `ls_config` WHERE  `type` = 'copyright'  AND `name` = 'company_name'  AND `shop_id` = 0 LIMIT 1 [ RunTime:0.000000s ]
[2023-04-12T12:53:11+08:00][sql] SHOW FULL COLUMNS FROM `ls_system_log` [ RunTime:0.004000s ]
[2023-04-12T12:53:11+08:00][sql] INSERT INTO `ls_system_log` SET `admin_id` = 1 , `name` = 'admin' , `account` = 'admin' , `create_time` = 1681275191 , `uri` = '/admin/decoration.applet.Bottom/lists.html' , `type` = 'GET' , `param` = '{\"page\":\"1\",\"limit\":\"10\"}' , `ip` = '127.0.0.1' [ RunTime:0.001000s ]
[2023-04-12T12:53:11+08:00][sql] SHOW FULL COLUMNS FROM `ls_decorate_bottom` [ RunTime:0.004001s ]
[2023-04-12T12:53:11+08:00][sql] SELECT * FROM `ls_decorate_bottom` WHERE  `del` = 0 [ RunTime:0.000000s ]
[2023-04-12T12:53:16+08:00][sql] CONNECT:[ UseTime:0.001001s ] mysql:host=127.0.0.1;port=3306;dbname=cdiancan;charset=utf8mb4
[2023-04-12T12:53:16+08:00][sql] SHOW FULL COLUMNS FROM `ls_config` [ RunTime:0.004000s ]
[2023-04-12T12:53:16+08:00][sql] SELECT `value` FROM `ls_config` WHERE  `type` = 'copyright'  AND `name` = 'company_name'  AND `shop_id` = 0 LIMIT 1 [ RunTime:0.000000s ]
[2023-04-12T12:53:16+08:00][sql] SHOW FULL COLUMNS FROM `ls_system_log` [ RunTime:0.004000s ]
[2023-04-12T12:53:16+08:00][sql] INSERT INTO `ls_system_log` SET `admin_id` = 1 , `name` = 'admin' , `account` = 'admin' , `create_time` = 1681275196 , `uri` = '/admin/decoration.applet.mine/Lists.html' , `type` = 'GET' , `param` = '[]' , `ip` = '127.0.0.1' [ RunTime:0.000000s ]
[2023-04-12T12:53:16+08:00][sql] SELECT `value` FROM `ls_config` WHERE  `type` = 'decoration_center'  AND `name` = 'background_image'  AND `shop_id` = 0 LIMIT 1 [ RunTime:0.000000s ]
[2023-04-12T12:53:16+08:00][sql] CONNECT:[ UseTime:0.001000s ] mysql:host=127.0.0.1;port=3306;dbname=cdiancan;charset=utf8mb4
[2023-04-12T12:53:16+08:00][sql] SHOW FULL COLUMNS FROM `ls_config` [ RunTime:0.004000s ]
[2023-04-12T12:53:16+08:00][sql] SELECT `value` FROM `ls_config` WHERE  `type` = 'copyright'  AND `name` = 'company_name'  AND `shop_id` = 0 LIMIT 1 [ RunTime:0.001000s ]
[2023-04-12T12:53:16+08:00][sql] SHOW FULL COLUMNS FROM `ls_system_log` [ RunTime:0.003000s ]
[2023-04-12T12:53:16+08:00][sql] INSERT INTO `ls_system_log` SET `admin_id` = 1 , `name` = 'admin' , `account` = 'admin' , `create_time` = 1681275196 , `uri` = '/admin/decoration.applet.Mine/lists.html' , `type` = 'GET' , `param` = '{\"page\":\"1\",\"limit\":\"10\"}' , `ip` = '127.0.0.1' [ RunTime:0.000000s ]
[2023-04-12T12:53:16+08:00][sql] SHOW FULL COLUMNS FROM `ls_decorate_mine` [ RunTime:0.005000s ]
[2023-04-12T12:53:16+08:00][sql] SELECT COUNT(*) AS think_count FROM `ls_decorate_mine` WHERE  `del` = 0 [ RunTime:0.001000s ]
[2023-04-12T12:53:16+08:00][sql] SELECT * FROM `ls_decorate_mine` WHERE  `del` = 0 ORDER BY `sort` ASC,`id` ASC [ RunTime:0.001000s ]
[2023-04-12T12:53:18+08:00][sql] CONNECT:[ UseTime:0.001000s ] mysql:host=127.0.0.1;port=3306;dbname=cdiancan;charset=utf8mb4
[2023-04-12T12:53:18+08:00][sql] SHOW FULL COLUMNS FROM `ls_config` [ RunTime:0.003000s ]
[2023-04-12T12:53:18+08:00][sql] SELECT `value` FROM `ls_config` WHERE  `type` = 'copyright'  AND `name` = 'company_name'  AND `shop_id` = 0 LIMIT 1 [ RunTime:0.000000s ]
[2023-04-12T12:53:18+08:00][sql] SHOW FULL COLUMNS FROM `ls_system_log` [ RunTime:0.003000s ]
[2023-04-12T12:53:18+08:00][sql] INSERT INTO `ls_system_log` SET `admin_id` = 1 , `name` = 'admin' , `account` = 'admin' , `create_time` = 1681275198 , `uri` = '/admin/decoration.ad.ad/lists.html' , `type` = 'GET' , `param` = '[]' , `ip` = '127.0.0.1' [ RunTime:0.000000s ]
[2023-04-12T12:53:18+08:00][sql] SHOW FULL COLUMNS FROM `ls_ad_position` [ RunTime:0.005000s ]
[2023-04-12T12:53:18+08:00][sql] SELECT * FROM `ls_ad_position` WHERE  `del` = 0  AND `status` = 1 [ RunTime:0.000000s ]
[2023-04-12T12:53:18+08:00][sql] CONNECT:[ UseTime:0.002000s ] mysql:host=127.0.0.1;port=3306;dbname=cdiancan;charset=utf8mb4
[2023-04-12T12:53:18+08:00][sql] SHOW FULL COLUMNS FROM `ls_config` [ RunTime:0.001000s ]
[2023-04-12T12:53:18+08:00][sql] SELECT `value` FROM `ls_config` WHERE  `type` = 'copyright'  AND `name` = 'company_name'  AND `shop_id` = 0 LIMIT 1 [ RunTime:0.001000s ]
[2023-04-12T12:53:18+08:00][sql] SHOW FULL COLUMNS FROM `ls_system_log` [ RunTime:0.003000s ]
[2023-04-12T12:53:18+08:00][sql] INSERT INTO `ls_system_log` SET `admin_id` = 1 , `name` = 'admin' , `account` = 'admin' , `create_time` = 1681275198 , `uri` = '/admin/decoration.ad.Ad/lists.html' , `type` = 'GET' , `param` = '{\"page\":\"1\",\"limit\":\"10\",\"terminal\":\"1\"}' , `ip` = '127.0.0.1' [ RunTime:0.000000s ]
[2023-04-12T12:53:18+08:00][sql] SHOW FULL COLUMNS FROM `ls_ad` [ RunTime:0.004001s ]
[2023-04-12T12:53:18+08:00][sql] SELECT COUNT(*) AS think_count FROM `ls_ad` `a` INNER JOIN `ls_ad_position` `ap` ON `a`.`ad_position_id`=`ap`.`id` WHERE  `a`.`del` = 0 [ RunTime:0.003000s ]
[2023-04-12T12:53:18+08:00][sql] SELECT `a`.*,ap.name as ad_position_name FROM `ls_ad` `a` INNER JOIN `ls_ad_position` `ap` ON `a`.`ad_position_id`=`ap`.`id` WHERE  `a`.`del` = 0 ORDER BY `a`.`id` DESC LIMIT 0,10 [ RunTime:0.002000s ]
[2023-04-12T12:53:31+08:00][sql] CONNECT:[ UseTime:0.001000s ] mysql:host=127.0.0.1;port=3306;dbname=cdiancan;charset=utf8mb4
[2023-04-12T12:53:31+08:00][sql] SHOW FULL COLUMNS FROM `ls_config` [ RunTime:0.001000s ]
[2023-04-12T12:53:31+08:00][sql] SELECT `value` FROM `ls_config` WHERE  `type` = 'copyright'  AND `name` = 'company_name'  AND `shop_id` = 0 LIMIT 1 [ RunTime:0.001000s ]
[2023-04-12T12:53:31+08:00][sql] SHOW FULL COLUMNS FROM `ls_system_log` [ RunTime:0.003000s ]
[2023-04-12T12:53:31+08:00][sql] INSERT INTO `ls_system_log` SET `admin_id` = 1 , `name` = 'admin' , `account` = 'admin' , `create_time` = 1681275210 , `uri` = '/admin/decoration.ad.ad/edit.html' , `type` = 'GET' , `param` = '{\"id\":\"7\"}' , `ip` = '127.0.0.1' [ RunTime:0.000000s ]
[2023-04-12T12:53:31+08:00][sql] SHOW FULL COLUMNS FROM `ls_ad` [ RunTime:0.004001s ]
[2023-04-12T12:53:31+08:00][sql] SELECT * FROM `ls_ad` WHERE  `id` = 7  AND `del` = 0 LIMIT 1 [ RunTime:0.000000s ]
[2023-04-12T12:53:31+08:00][sql] SHOW FULL COLUMNS FROM `ls_ad_position` [ RunTime:0.004000s ]
[2023-04-12T12:53:31+08:00][sql] SELECT * FROM `ls_ad_position` WHERE  `del` = 0  AND `status` = 1 [ RunTime:0.000000s ]
[2023-04-12T12:53:37+08:00][sql] CONNECT:[ UseTime:0.001000s ] mysql:host=127.0.0.1;port=3306;dbname=cdiancan;charset=utf8mb4
[2023-04-12T12:53:37+08:00][sql] SHOW FULL COLUMNS FROM `ls_config` [ RunTime:0.002000s ]
[2023-04-12T12:53:37+08:00][sql] SELECT `value` FROM `ls_config` WHERE  `type` = 'copyright'  AND `name` = 'company_name'  AND `shop_id` = 0 LIMIT 1 [ RunTime:0.001000s ]
[2023-04-12T12:53:37+08:00][sql] SELECT `value` FROM `ls_config` WHERE  `type` = 'copyright'  AND `name` = 'company_name'  AND `shop_id` = 0 LIMIT 1 [ RunTime:0.001001s ]
[2023-04-12T12:53:37+08:00][sql] SELECT `value` FROM `ls_config` WHERE  `type` = 'copyright'  AND `name` = 'number'  AND `shop_id` = 0 LIMIT 1 [ RunTime:0.000000s ]
[2023-04-12T12:53:37+08:00][sql] SELECT `value` FROM `ls_config` WHERE  `type` = 'copyright'  AND `name` = 'link'  AND `shop_id` = 0 LIMIT 1 [ RunTime:0.000000s ]
[2023-04-12T12:53:37+08:00][sql] SELECT `value` FROM `ls_config` WHERE  `type` = 'website_platform'  AND `name` = 'platform_login_image'  AND `shop_id` = 0 LIMIT 1 [ RunTime:0.001000s ]
[2023-04-12T12:53:37+08:00][sql] SELECT `value` FROM `ls_config` WHERE  `type` = 'website_platform'  AND `name` = 'platform_login_title'  AND `shop_id` = 0 LIMIT 1 [ RunTime:0.000000s ]
[2023-04-12T12:53:37+08:00][sql] SELECT `value` FROM `ls_config` WHERE  `type` = 'website'  AND `name` = 'shop_name'  AND `shop_id` = 0 LIMIT 1 [ RunTime:0.000000s ]
[2023-04-12T12:53:37+08:00][sql] CONNECT:[ UseTime:0.001000s ] mysql:host=127.0.0.1;port=3306;dbname=cdiancan;charset=utf8mb4
[2023-04-12T12:53:37+08:00][sql] SHOW FULL COLUMNS FROM `ls_config` [ RunTime:0.001000s ]
[2023-04-12T12:53:37+08:00][sql] SELECT `value` FROM `ls_config` WHERE  `type` = 'copyright'  AND `name` = 'company_name'  AND `shop_id` = 0 LIMIT 1 [ RunTime:0.001000s ]
[2023-04-12T12:53:37+08:00][sql] SELECT `value` FROM `ls_config` WHERE  `type` = 'copyright'  AND `name` = 'company_name'  AND `shop_id` = 0 LIMIT 1 [ RunTime:0.001000s ]
[2023-04-12T12:53:37+08:00][sql] SELECT `value` FROM `ls_config` WHERE  `type` = 'copyright'  AND `name` = 'number'  AND `shop_id` = 0 LIMIT 1 [ RunTime:0.000000s ]
[2023-04-12T12:53:37+08:00][sql] SELECT `value` FROM `ls_config` WHERE  `type` = 'copyright'  AND `name` = 'link'  AND `shop_id` = 0 LIMIT 1 [ RunTime:0.000000s ]
[2023-04-12T12:53:37+08:00][sql] SELECT `value` FROM `ls_config` WHERE  `type` = 'website_platform'  AND `name` = 'platform_login_image'  AND `shop_id` = 0 LIMIT 1 [ RunTime:0.001000s ]
[2023-04-12T12:53:37+08:00][sql] SELECT `value` FROM `ls_config` WHERE  `type` = 'website_platform'  AND `name` = 'platform_login_title'  AND `shop_id` = 0 LIMIT 1 [ RunTime:0.001000s ]
[2023-04-12T12:53:37+08:00][sql] SELECT `value` FROM `ls_config` WHERE  `type` = 'website'  AND `name` = 'shop_name'  AND `shop_id` = 0 LIMIT 1 [ RunTime:0.000000s ]
[2023-04-12T12:53:37+08:00][sql] CONNECT:[ UseTime:0.002000s ] mysql:host=127.0.0.1;port=3306;dbname=cdiancan;charset=utf8mb4
[2023-04-12T12:53:37+08:00][sql] SHOW FULL COLUMNS FROM `ls_config` [ RunTime:0.001000s ]
[2023-04-12T12:53:37+08:00][sql] SELECT `value` FROM `ls_config` WHERE  `type` = 'copyright'  AND `name` = 'company_name'  AND `shop_id` = 0 LIMIT 1 [ RunTime:0.000000s ]
[2023-04-12T12:53:37+08:00][sql] SELECT `value` FROM `ls_config` WHERE  `type` = 'copyright'  AND `name` = 'company_name'  AND `shop_id` = 0 LIMIT 1 [ RunTime:0.000000s ]
[2023-04-12T12:53:37+08:00][sql] SELECT `value` FROM `ls_config` WHERE  `type` = 'copyright'  AND `name` = 'number'  AND `shop_id` = 0 LIMIT 1 [ RunTime:0.001000s ]
[2023-04-12T12:53:37+08:00][sql] SELECT `value` FROM `ls_config` WHERE  `type` = 'copyright'  AND `name` = 'link'  AND `shop_id` = 0 LIMIT 1 [ RunTime:0.001000s ]
[2023-04-12T12:53:37+08:00][sql] SELECT `value` FROM `ls_config` WHERE  `type` = 'website_platform'  AND `name` = 'platform_login_image'  AND `shop_id` = 0 LIMIT 1 [ RunTime:0.000000s ]
[2023-04-12T12:53:37+08:00][sql] SELECT `value` FROM `ls_config` WHERE  `type` = 'website_platform'  AND `name` = 'platform_login_title'  AND `shop_id` = 0 LIMIT 1 [ RunTime:0.000000s ]
[2023-04-12T12:53:37+08:00][sql] SELECT `value` FROM `ls_config` WHERE  `type` = 'website'  AND `name` = 'shop_name'  AND `shop_id` = 0 LIMIT 1 [ RunTime:0.001000s ]
[2023-04-12T12:53:37+08:00][sql] CONNECT:[ UseTime:0.001000s ] mysql:host=127.0.0.1;port=3306;dbname=cdiancan;charset=utf8mb4
[2023-04-12T12:53:37+08:00][sql] SHOW FULL COLUMNS FROM `ls_config` [ RunTime:0.001000s ]
[2023-04-12T12:53:37+08:00][sql] SELECT `value` FROM `ls_config` WHERE  `type` = 'copyright'  AND `name` = 'company_name'  AND `shop_id` = 0 LIMIT 1 [ RunTime:0.001000s ]
[2023-04-12T12:53:37+08:00][sql] SELECT `value` FROM `ls_config` WHERE  `type` = 'copyright'  AND `name` = 'company_name'  AND `shop_id` = 0 LIMIT 1 [ RunTime:0.001000s ]
[2023-04-12T12:53:37+08:00][sql] SELECT `value` FROM `ls_config` WHERE  `type` = 'copyright'  AND `name` = 'number'  AND `shop_id` = 0 LIMIT 1 [ RunTime:0.001000s ]
[2023-04-12T12:53:37+08:00][sql] SELECT `value` FROM `ls_config` WHERE  `type` = 'copyright'  AND `name` = 'link'  AND `shop_id` = 0 LIMIT 1 [ RunTime:0.000000s ]
[2023-04-12T12:53:37+08:00][sql] SELECT `value` FROM `ls_config` WHERE  `type` = 'website_platform'  AND `name` = 'platform_login_image'  AND `shop_id` = 0 LIMIT 1 [ RunTime:0.000000s ]
[2023-04-12T12:53:37+08:00][sql] SELECT `value` FROM `ls_config` WHERE  `type` = 'website_platform'  AND `name` = 'platform_login_title'  AND `shop_id` = 0 LIMIT 1 [ RunTime:0.001000s ]
[2023-04-12T12:53:37+08:00][sql] SELECT `value` FROM `ls_config` WHERE  `type` = 'website'  AND `name` = 'shop_name'  AND `shop_id` = 0 LIMIT 1 [ RunTime:0.001000s ]
[2023-04-12T12:53:37+08:00][sql] CONNECT:[ UseTime:0.001000s ] mysql:host=127.0.0.1;port=3306;dbname=cdiancan;charset=utf8mb4
[2023-04-12T12:53:37+08:00][sql] SHOW FULL COLUMNS FROM `ls_config` [ RunTime:0.001000s ]
[2023-04-12T12:53:37+08:00][sql] SELECT `value` FROM `ls_config` WHERE  `type` = 'copyright'  AND `name` = 'company_name'  AND `shop_id` = 0 LIMIT 1 [ RunTime:0.001000s ]
[2023-04-12T12:53:37+08:00][sql] SELECT `value` FROM `ls_config` WHERE  `type` = 'copyright'  AND `name` = 'company_name'  AND `shop_id` = 0 LIMIT 1 [ RunTime:0.001001s ]
[2023-04-12T12:53:37+08:00][sql] SELECT `value` FROM `ls_config` WHERE  `type` = 'copyright'  AND `name` = 'number'  AND `shop_id` = 0 LIMIT 1 [ RunTime:0.001000s ]
[2023-04-12T12:53:37+08:00][sql] SELECT `value` FROM `ls_config` WHERE  `type` = 'copyright'  AND `name` = 'link'  AND `shop_id` = 0 LIMIT 1 [ RunTime:0.000000s ]
[2023-04-12T12:53:37+08:00][sql] SELECT `value` FROM `ls_config` WHERE  `type` = 'website_platform'  AND `name` = 'platform_login_image'  AND `shop_id` = 0 LIMIT 1 [ RunTime:0.000000s ]
[2023-04-12T12:53:37+08:00][sql] SELECT `value` FROM `ls_config` WHERE  `type` = 'website_platform'  AND `name` = 'platform_login_title'  AND `shop_id` = 0 LIMIT 1 [ RunTime:0.001000s ]
[2023-04-12T12:53:37+08:00][sql] SELECT `value` FROM `ls_config` WHERE  `type` = 'website'  AND `name` = 'shop_name'  AND `shop_id` = 0 LIMIT 1 [ RunTime:0.000000s ]
[2023-04-12T12:53:37+08:00][sql] CONNECT:[ UseTime:0.002001s ] mysql:host=127.0.0.1;port=3306;dbname=cdiancan;charset=utf8mb4
[2023-04-12T12:53:37+08:00][sql] SHOW FULL COLUMNS FROM `ls_config` [ RunTime:0.001000s ]
[2023-04-12T12:53:37+08:00][sql] SELECT `value` FROM `ls_config` WHERE  `type` = 'copyright'  AND `name` = 'company_name'  AND `shop_id` = 0 LIMIT 1 [ RunTime:0.001000s ]
[2023-04-12T12:53:37+08:00][sql] SELECT `value` FROM `ls_config` WHERE  `type` = 'copyright'  AND `name` = 'company_name'  AND `shop_id` = 0 LIMIT 1 [ RunTime:0.001000s ]
[2023-04-12T12:53:37+08:00][sql] SELECT `value` FROM `ls_config` WHERE  `type` = 'copyright'  AND `name` = 'number'  AND `shop_id` = 0 LIMIT 1 [ RunTime:0.000000s ]
[2023-04-12T12:53:37+08:00][sql] SELECT `value` FROM `ls_config` WHERE  `type` = 'copyright'  AND `name` = 'link'  AND `shop_id` = 0 LIMIT 1 [ RunTime:0.001000s ]
[2023-04-12T12:53:37+08:00][sql] SELECT `value` FROM `ls_config` WHERE  `type` = 'website_platform'  AND `name` = 'platform_login_image'  AND `shop_id` = 0 LIMIT 1 [ RunTime:0.000000s ]
[2023-04-12T12:53:37+08:00][sql] SELECT `value` FROM `ls_config` WHERE  `type` = 'website_platform'  AND `name` = 'platform_login_title'  AND `shop_id` = 0 LIMIT 1 [ RunTime:0.000000s ]
[2023-04-12T12:53:37+08:00][sql] SELECT `value` FROM `ls_config` WHERE  `type` = 'website'  AND `name` = 'shop_name'  AND `shop_id` = 0 LIMIT 1 [ RunTime:0.001000s ]
[2023-04-12T12:53:37+08:00][sql] CONNECT:[ UseTime:0.001000s ] mysql:host=127.0.0.1;port=3306;dbname=cdiancan;charset=utf8mb4
[2023-04-12T12:53:37+08:00][sql] SHOW FULL COLUMNS FROM `ls_config` [ RunTime:0.001000s ]
[2023-04-12T12:53:37+08:00][sql] SELECT `value` FROM `ls_config` WHERE  `type` = 'copyright'  AND `name` = 'company_name'  AND `shop_id` = 0 LIMIT 1 [ RunTime:0.000000s ]
[2023-04-12T12:53:37+08:00][sql] SELECT `value` FROM `ls_config` WHERE  `type` = 'copyright'  AND `name` = 'company_name'  AND `shop_id` = 0 LIMIT 1 [ RunTime:0.000000s ]
[2023-04-12T12:53:37+08:00][sql] SELECT `value` FROM `ls_config` WHERE  `type` = 'copyright'  AND `name` = 'number'  AND `shop_id` = 0 LIMIT 1 [ RunTime:0.000000s ]
[2023-04-12T12:53:37+08:00][sql] SELECT `value` FROM `ls_config` WHERE  `type` = 'copyright'  AND `name` = 'link'  AND `shop_id` = 0 LIMIT 1 [ RunTime:0.001000s ]
[2023-04-12T12:53:37+08:00][sql] SELECT `value` FROM `ls_config` WHERE  `type` = 'website_platform'  AND `name` = 'platform_login_image'  AND `shop_id` = 0 LIMIT 1 [ RunTime:0.000000s ]
[2023-04-12T12:53:37+08:00][sql] SELECT `value` FROM `ls_config` WHERE  `type` = 'website_platform'  AND `name` = 'platform_login_title'  AND `shop_id` = 0 LIMIT 1 [ RunTime:0.001000s ]
[2023-04-12T12:53:37+08:00][sql] SELECT `value` FROM `ls_config` WHERE  `type` = 'website'  AND `name` = 'shop_name'  AND `shop_id` = 0 LIMIT 1 [ RunTime:0.001000s ]
[2023-04-12T12:53:44+08:00][sql] CONNECT:[ UseTime:0.011000s ] mysql:host=127.0.0.1;port=3306;dbname=cdiancan;charset=utf8mb4
[2023-04-12T12:53:44+08:00][sql] SHOW FULL COLUMNS FROM `ls_config` [ RunTime:0.001000s ]
[2023-04-12T12:53:44+08:00][sql] SELECT `value` FROM `ls_config` WHERE  `type` = 'copyright'  AND `name` = 'company_name'  AND `shop_id` = 0 LIMIT 1 [ RunTime:0.000000s ]
[2023-04-12T12:53:44+08:00][sql] SHOW FULL COLUMNS FROM `ls_system_log` [ RunTime:0.001000s ]
[2023-04-12T12:53:44+08:00][sql] INSERT INTO `ls_system_log` SET `admin_id` = 1 , `name` = 'admin' , `account` = 'admin' , `create_time` = 1681275224 , `uri` = '/admin/decoration.ad.ad/edit.html' , `type` = 'GET' , `param` = '{\"id\":\"7\"}' , `ip` = '127.0.0.1' [ RunTime:0.001000s ]
[2023-04-12T12:53:44+08:00][sql] SHOW FULL COLUMNS FROM `ls_ad` [ RunTime:0.003000s ]
[2023-04-12T12:53:44+08:00][sql] SELECT * FROM `ls_ad` WHERE  `id` = 7  AND `del` = 0 LIMIT 1 [ RunTime:0.000000s ]
[2023-04-12T12:53:44+08:00][sql] SHOW FULL COLUMNS FROM `ls_ad_position` [ RunTime:0.004001s ]
[2023-04-12T12:53:44+08:00][sql] SELECT * FROM `ls_ad_position` WHERE  `del` = 0  AND `status` = 1 [ RunTime:0.001000s ]
[2023-04-12T13:06:04+08:00][sql] CONNECT:[ UseTime:0.002000s ] mysql:host=127.0.0.1;port=3306;dbname=cdiancan;charset=utf8mb4
[2023-04-12T13:06:04+08:00][sql] SHOW FULL COLUMNS FROM `ls_config` [ RunTime:0.001000s ]
[2023-04-12T13:06:04+08:00][sql] SELECT `value` FROM `ls_config` WHERE  `type` = 'copyright'  AND `name` = 'company_name'  AND `shop_id` = 0 LIMIT 1 [ RunTime:0.001000s ]
[2023-04-12T13:06:04+08:00][sql] SHOW FULL COLUMNS FROM `ls_system_log` [ RunTime:0.001000s ]
[2023-04-12T13:06:04+08:00][sql] INSERT INTO `ls_system_log` SET `admin_id` = 1 , `name` = 'admin' , `account` = 'admin' , `create_time` = 1681275964 , `uri` = '/admin/decoration.ad.ad/lists.html' , `type` = 'GET' , `param` = '[]' , `ip` = '127.0.0.1' [ RunTime:0.000000s ]
[2023-04-12T13:06:04+08:00][sql] SHOW FULL COLUMNS FROM `ls_ad_position` [ RunTime:0.004000s ]
[2023-04-12T13:06:04+08:00][sql] SELECT * FROM `ls_ad_position` WHERE  `del` = 0  AND `status` = 1 [ RunTime:0.000000s ]
[2023-04-12T13:06:04+08:00][sql] CONNECT:[ UseTime:0.001000s ] mysql:host=127.0.0.1;port=3306;dbname=cdiancan;charset=utf8mb4
[2023-04-12T13:06:04+08:00][sql] SHOW FULL COLUMNS FROM `ls_config` [ RunTime:0.001001s ]
[2023-04-12T13:06:04+08:00][sql] SELECT `value` FROM `ls_config` WHERE  `type` = 'copyright'  AND `name` = 'company_name'  AND `shop_id` = 0 LIMIT 1 [ RunTime:0.001000s ]
[2023-04-12T13:06:04+08:00][sql] SHOW FULL COLUMNS FROM `ls_system_log` [ RunTime:0.001000s ]
[2023-04-12T13:06:04+08:00][sql] INSERT INTO `ls_system_log` SET `admin_id` = 1 , `name` = 'admin' , `account` = 'admin' , `create_time` = 1681275964 , `uri` = '/admin/decoration.ad.Ad/lists.html' , `type` = 'GET' , `param` = '{\"page\":\"1\",\"limit\":\"10\",\"terminal\":\"1\"}' , `ip` = '127.0.0.1' [ RunTime:0.000000s ]
[2023-04-12T13:06:04+08:00][sql] SHOW FULL COLUMNS FROM `ls_ad` [ RunTime:0.003000s ]
[2023-04-12T13:06:04+08:00][sql] SELECT COUNT(*) AS think_count FROM `ls_ad` `a` INNER JOIN `ls_ad_position` `ap` ON `a`.`ad_position_id`=`ap`.`id` WHERE  `a`.`del` = 0 [ RunTime:0.002000s ]
[2023-04-12T13:06:04+08:00][sql] SELECT `a`.*,ap.name as ad_position_name FROM `ls_ad` `a` INNER JOIN `ls_ad_position` `ap` ON `a`.`ad_position_id`=`ap`.`id` WHERE  `a`.`del` = 0 ORDER BY `a`.`id` DESC LIMIT 0,10 [ RunTime:0.000000s ]
[2023-04-12T13:06:07+08:00][sql] CONNECT:[ UseTime:0.001000s ] mysql:host=127.0.0.1;port=3306;dbname=cdiancan;charset=utf8mb4
[2023-04-12T13:06:07+08:00][sql] SHOW FULL COLUMNS FROM `ls_config` [ RunTime:0.001000s ]
[2023-04-12T13:06:07+08:00][sql] SELECT `value` FROM `ls_config` WHERE  `type` = 'copyright'  AND `name` = 'company_name'  AND `shop_id` = 0 LIMIT 1 [ RunTime:0.000000s ]
[2023-04-12T13:06:07+08:00][sql] SHOW FULL COLUMNS FROM `ls_system_log` [ RunTime:0.001000s ]
[2023-04-12T13:06:07+08:00][sql] INSERT INTO `ls_system_log` SET `admin_id` = 1 , `name` = 'admin' , `account` = 'admin' , `create_time` = 1681275967 , `uri` = '/admin/goods.Goods/lists.html' , `type` = 'GET' , `param` = '[]' , `ip` = '127.0.0.1' [ RunTime:0.000000s ]
[2023-04-12T13:06:07+08:00][sql] SHOW FULL COLUMNS FROM `ls_goods_category` [ RunTime:0.005001s ]
[2023-04-12T13:06:07+08:00][sql] SELECT `id`,`name` FROM `ls_goods_category` WHERE  `del` = 0 [ RunTime:0.000000s ]
[2023-04-12T13:06:07+08:00][sql] SHOW FULL COLUMNS FROM `ls_goods` [ RunTime:0.004000s ]
[2023-04-12T13:06:07+08:00][sql] SELECT `g`.`status` FROM `ls_goods` `g` INNER JOIN `ls_goods_category` `gc` ON `gc`.`id`=`g`.`goods_category_id` WHERE  `g`.`del` = 0 [ RunTime:0.001000s ]
[2023-04-12T13:06:07+08:00][sql] CONNECT:[ UseTime:0.001000s ] mysql:host=127.0.0.1;port=3306;dbname=cdiancan;charset=utf8mb4
[2023-04-12T13:06:07+08:00][sql] SHOW FULL COLUMNS FROM `ls_config` [ RunTime:0.001000s ]
[2023-04-12T13:06:07+08:00][sql] SELECT `value` FROM `ls_config` WHERE  `type` = 'copyright'  AND `name` = 'company_name'  AND `shop_id` = 0 LIMIT 1 [ RunTime:0.001000s ]
[2023-04-12T13:06:07+08:00][sql] SHOW FULL COLUMNS FROM `ls_system_log` [ RunTime:0.001000s ]
[2023-04-12T13:06:07+08:00][sql] INSERT INTO `ls_system_log` SET `admin_id` = 1 , `name` = 'admin' , `account` = 'admin' , `create_time` = 1681275967 , `uri` = '/admin/goods.goods/lists.html' , `type` = 'GET' , `param` = '{\"type\":\"1\",\"page\":\"1\",\"limit\":\"10\"}' , `ip` = '127.0.0.1' [ RunTime:0.001000s ]
[2023-04-12T13:06:07+08:00][sql] SHOW FULL COLUMNS FROM `ls_goods` [ RunTime:0.003000s ]
[2023-04-12T13:06:07+08:00][sql] SELECT `g`.`id`,`g`.`image`,`g`.`name`,gc.name as goods_category_name,`g`.`min_price`,`g`.`max_price`,`g`.`status`,`g`.`sort`,`g`.`create_time` FROM `ls_goods` `g` INNER JOIN `ls_goods_category` `gc` ON `gc`.`id`=`g`.`goods_category_id` WHERE  `g`.`del` = 0 ORDER BY `g`.`sort` ASC,`g`.`id` DESC LIMIT 0,10 [ RunTime:0.003000s ]
[2023-04-12T13:06:07+08:00][sql] SELECT COUNT(*) AS think_count FROM `ls_goods` `g` INNER JOIN `ls_goods_category` `gc` ON `gc`.`id`=`g`.`goods_category_id` WHERE  `g`.`del` = 0 [ RunTime:0.001000s ]
[2023-04-12T13:06:07+08:00][sql] SHOW FULL COLUMNS FROM `ls_shop_goods` [ RunTime:0.005000s ]
[2023-04-12T13:06:07+08:00][sql] SELECT SUM(`sales_sum`) AS think_sum FROM `ls_shop_goods` WHERE  `goods_id` = 12 [ RunTime:0.001000s ]
[2023-04-12T13:06:07+08:00][sql] SELECT SUM(`sales_sum`) AS think_sum FROM `ls_shop_goods` WHERE  `goods_id` = 11 [ RunTime:0.000000s ]
[2023-04-12T13:06:07+08:00][sql] SELECT SUM(`sales_sum`) AS think_sum FROM `ls_shop_goods` WHERE  `goods_id` = 10 [ RunTime:0.001000s ]
[2023-04-12T13:06:07+08:00][sql] SELECT SUM(`sales_sum`) AS think_sum FROM `ls_shop_goods` WHERE  `goods_id` = 9 [ RunTime:0.000000s ]
[2023-04-12T13:06:07+08:00][sql] SELECT SUM(`sales_sum`) AS think_sum FROM `ls_shop_goods` WHERE  `goods_id` = 8 [ RunTime:0.001000s ]
[2023-04-12T13:06:07+08:00][sql] SELECT SUM(`sales_sum`) AS think_sum FROM `ls_shop_goods` WHERE  `goods_id` = 7 [ RunTime:0.000000s ]
[2023-04-12T13:06:07+08:00][sql] SELECT SUM(`sales_sum`) AS think_sum FROM `ls_shop_goods` WHERE  `goods_id` = 6 [ RunTime:0.001000s ]
[2023-04-12T13:06:07+08:00][sql] SELECT SUM(`sales_sum`) AS think_sum FROM `ls_shop_goods` WHERE  `goods_id` = 5 [ RunTime:0.000000s ]
[2023-04-12T13:06:07+08:00][sql] SELECT SUM(`sales_sum`) AS think_sum FROM `ls_shop_goods` WHERE  `goods_id` = 4 [ RunTime:0.001001s ]
[2023-04-12T13:06:07+08:00][sql] SELECT SUM(`sales_sum`) AS think_sum FROM `ls_shop_goods` WHERE  `goods_id` = 3 [ RunTime:0.000000s ]
[2023-04-12T13:06:23+08:00][sql] CONNECT:[ UseTime:0.001000s ] mysql:host=127.0.0.1;port=3306;dbname=cdiancan;charset=utf8mb4
[2023-04-12T13:06:23+08:00][sql] SHOW FULL COLUMNS FROM `ls_config` [ RunTime:0.001000s ]
[2023-04-12T13:06:23+08:00][sql] SELECT `value` FROM `ls_config` WHERE  `type` = 'copyright'  AND `name` = 'company_name'  AND `shop_id` = 0 LIMIT 1 [ RunTime:0.001000s ]
[2023-04-12T13:06:23+08:00][sql] SHOW FULL COLUMNS FROM `ls_system_log` [ RunTime:0.001001s ]
[2023-04-12T13:06:23+08:00][sql] INSERT INTO `ls_system_log` SET `admin_id` = 1 , `name` = 'admin' , `account` = 'admin' , `create_time` = 1681275983 , `uri` = '/admin/goods.goods/lists.html' , `type` = 'GET' , `param` = '{\"type\":\"1\",\"page\":\"2\",\"limit\":\"10\"}' , `ip` = '127.0.0.1' [ RunTime:0.001000s ]
[2023-04-12T13:06:23+08:00][sql] SHOW FULL COLUMNS FROM `ls_goods` [ RunTime:0.003000s ]
[2023-04-12T13:06:23+08:00][sql] SELECT `g`.`id`,`g`.`image`,`g`.`name`,gc.name as goods_category_name,`g`.`min_price`,`g`.`max_price`,`g`.`status`,`g`.`sort`,`g`.`create_time` FROM `ls_goods` `g` INNER JOIN `ls_goods_category` `gc` ON `gc`.`id`=`g`.`goods_category_id` WHERE  `g`.`del` = 0 ORDER BY `g`.`sort` ASC,`g`.`id` DESC LIMIT 10,10 [ RunTime:0.003000s ]
[2023-04-12T13:06:23+08:00][sql] SELECT COUNT(*) AS think_count FROM `ls_goods` `g` INNER JOIN `ls_goods_category` `gc` ON `gc`.`id`=`g`.`goods_category_id` WHERE  `g`.`del` = 0 [ RunTime:0.001000s ]
[2023-04-12T13:06:23+08:00][sql] SHOW FULL COLUMNS FROM `ls_shop_goods` [ RunTime:0.004001s ]
[2023-04-12T13:06:23+08:00][sql] SELECT SUM(`sales_sum`) AS think_sum FROM `ls_shop_goods` WHERE  `goods_id` = 2 [ RunTime:0.001000s ]
[2023-04-12T13:06:23+08:00][sql] SELECT SUM(`sales_sum`) AS think_sum FROM `ls_shop_goods` WHERE  `goods_id` = 1 [ RunTime:0.000000s ]
[2023-04-12T15:22:48+08:00][sql] CONNECT:[ UseTime:0.002000s ] mysql:host=127.0.0.1;port=3306;dbname=cdiancan;charset=utf8mb4
[2023-04-12T15:22:48+08:00][sql] SHOW FULL COLUMNS FROM `ls_config` [ RunTime:0.002000s ]
[2023-04-12T15:22:48+08:00][sql] SELECT `value` FROM `ls_config` WHERE  `type` = 'copyright'  AND `name` = 'company_name'  AND `shop_id` = 0 LIMIT 1 [ RunTime:0.001000s ]
[2023-04-12T15:22:48+08:00][sql] SHOW FULL COLUMNS FROM `ls_system_log` [ RunTime:0.001000s ]
[2023-04-12T15:22:48+08:00][sql] INSERT INTO `ls_system_log` SET `admin_id` = 1 , `name` = 'admin' , `account` = 'admin' , `create_time` = 1681284168 , `uri` = '/admin/order.profile/profile.html' , `type` = 'GET' , `param` = '[]' , `ip` = '127.0.0.1' [ RunTime:0.000000s ]
[2023-04-12T15:22:48+08:00][sql] SHOW FULL COLUMNS FROM `ls_order` [ RunTime:0.004000s ]
[2023-04-12T15:22:48+08:00][sql] SELECT COUNT(*) AS think_count FROM `ls_order` WHERE  `del` = 0  AND `pay_status` = 1  AND `order_status` = 3 [ RunTime:0.000000s ]
[2023-04-12T15:22:48+08:00][sql] SELECT COUNT(*) AS think_count FROM `ls_order` WHERE  `del` = 0  AND `pay_status` = 1  AND `order_type` = 1 [ RunTime:0.001000s ]
[2023-04-12T15:22:48+08:00][sql] SELECT COUNT(*) AS think_count FROM `ls_order` WHERE  `del` = 0  AND `pay_status` = 1  AND `order_type` = 2 [ RunTime:0.000000s ]
[2023-04-12T15:22:48+08:00][sql] SELECT COUNT(*) AS think_count FROM `ls_order` WHERE  `del` = 0  AND `pay_status` = 1  AND `order_type` = 1  AND `create_time` BETWEEN 1681228800 AND 1681315199 [ RunTime:0.001001s ]
[2023-04-12T15:22:48+08:00][sql] SELECT COUNT(*) AS think_count FROM `ls_order` WHERE  `del` = 0  AND `pay_status` = 1  AND `order_type` = 1  AND `order_status` = 1 [ RunTime:0.000000s ]
[2023-04-12T15:22:48+08:00][sql] SELECT COUNT(*) AS think_count FROM `ls_order` WHERE  `del` = 0  AND `pay_status` = 1  AND `order_type` = 1  AND `order_status` = 2 [ RunTime:0.001000s ]
[2023-04-12T15:22:48+08:00][sql] SELECT COUNT(*) AS think_count FROM `ls_order` WHERE  `del` = 0  AND `pay_status` = 1  AND `order_type` = 2  AND `create_time` BETWEEN 1681228800 AND 1681315199 [ RunTime:0.000000s ]
[2023-04-12T15:22:48+08:00][sql] SELECT COUNT(*) AS think_count FROM `ls_order` WHERE  `del` = 0  AND `pay_status` = 1  AND `order_type` = 2  AND `order_status` = 1 [ RunTime:0.001000s ]
[2023-04-12T15:22:48+08:00][sql] SELECT COUNT(*) AS think_count FROM `ls_order` WHERE  `del` = 0  AND `pay_status` = 1  AND `order_type` = 2  AND `order_status` = 2 [ RunTime:0.000000s ]
[2023-04-12T15:22:51+08:00][sql] CONNECT:[ UseTime:0.002000s ] mysql:host=127.0.0.1;port=3306;dbname=cdiancan;charset=utf8mb4
[2023-04-12T15:22:51+08:00][sql] SHOW FULL COLUMNS FROM `ls_config` [ RunTime:0.001000s ]
[2023-04-12T15:22:51+08:00][sql] SELECT `value` FROM `ls_config` WHERE  `type` = 'copyright'  AND `name` = 'company_name'  AND `shop_id` = 0 LIMIT 1 [ RunTime:0.000000s ]
[2023-04-12T15:22:51+08:00][sql] SHOW FULL COLUMNS FROM `ls_system_log` [ RunTime:0.001000s ]
[2023-04-12T15:22:51+08:00][sql] INSERT INTO `ls_system_log` SET `admin_id` = 1 , `name` = 'admin' , `account` = 'admin' , `create_time` = 1681284171 , `uri` = '/admin/order.shop_order/lists.html' , `type` = 'GET' , `param` = '[]' , `ip` = '127.0.0.1' [ RunTime:0.000000s ]
[2023-04-12T15:22:51+08:00][sql] SHOW FULL COLUMNS FROM `ls_order` [ RunTime:0.003000s ]
[2023-04-12T15:22:51+08:00][sql] SELECT `o`.`order_status`,`o`.`refund_status` FROM `ls_order` `o` INNER JOIN `ls_user` `u` ON `u`.`id`=`o`.`user_id` INNER JOIN `ls_order_goods` `og` ON `og`.`order_id`=`o`.`id` INNER JOIN `ls_shop` `s` ON `s`.`id`=`o`.`shop_id` WHERE  `o`.`del` = 0  AND `o`.`order_type` = 1 GROUP BY `o`.`id` ORDER BY `o`.`id` DESC [ RunTime:0.010001s ]
[2023-04-12T15:22:52+08:00][sql] CONNECT:[ UseTime:0.001000s ] mysql:host=127.0.0.1;port=3306;dbname=cdiancan;charset=utf8mb4
[2023-04-12T15:22:52+08:00][sql] SHOW FULL COLUMNS FROM `ls_config` [ RunTime:0.001000s ]
[2023-04-12T15:22:52+08:00][sql] SELECT `value` FROM `ls_config` WHERE  `type` = 'copyright'  AND `name` = 'company_name'  AND `shop_id` = 0 LIMIT 1 [ RunTime:0.000000s ]
[2023-04-12T15:22:52+08:00][sql] SHOW FULL COLUMNS FROM `ls_system_log` [ RunTime:0.001000s ]
[2023-04-12T15:22:52+08:00][sql] INSERT INTO `ls_system_log` SET `admin_id` = 1 , `name` = 'admin' , `account` = 'admin' , `create_time` = 1681284172 , `uri` = '/admin/order.shop_order/lists.html' , `type` = 'GET' , `param` = '{\"type\":\"\",\"page\":\"1\",\"limit\":\"10\"}' , `ip` = '127.0.0.1' [ RunTime:0.000000s ]
[2023-04-12T15:22:52+08:00][sql] SHOW FULL COLUMNS FROM `ls_order` [ RunTime:0.004000s ]
[2023-04-12T15:22:52+08:00][sql] SELECT COUNT(*) AS think_count FROM ( SELECT o.id,o.user_id,o.order_sn,o.order_status,o.create_time,o.total_num,o.dining_type,o.is_appoint,o.appoint_time,o.take_code,o.consignee,o.mobile,o.delivery_amount,(o.order_amount - o.delivery_amount) as goods_amount,o.order_amount,o.pay_way,o.pay_status,o.pay_time,o.order_type,o.refund_amount,o.surplus_refund_amount,o.refund_status,o.refund_time,s.shop_sn,s.name as shop_name,count(*) AS think_count FROM `ls_order` `o` INNER JOIN `ls_user` `u` ON `u`.`id`=`o`.`user_id` INNER JOIN `ls_order_goods` `og` ON `og`.`order_id`=`o`.`id` INNER JOIN `ls_shop` `s` ON `s`.`id`=`o`.`shop_id` WHERE  `o`.`del` = 0  AND `o`.`order_type` = 1 GROUP BY `o`.`id` ) `_group_count_` [ RunTime:0.009001s ]
[2023-04-12T15:22:52+08:00][sql] SELECT o.id,o.user_id,o.order_sn,o.order_status,o.create_time,o.total_num,o.dining_type,o.is_appoint,o.appoint_time,o.take_code,o.consignee,o.mobile,o.delivery_amount,(o.order_amount - o.delivery_amount) as goods_amount,o.order_amount,o.pay_way,o.pay_status,o.pay_time,o.order_type,o.refund_amount,o.surplus_refund_amount,o.refund_status,o.refund_time,s.shop_sn,s.name as shop_name FROM `ls_order` `o` INNER JOIN `ls_user` `u` ON `u`.`id`=`o`.`user_id` INNER JOIN `ls_order_goods` `og` ON `og`.`order_id`=`o`.`id` INNER JOIN `ls_shop` `s` ON `s`.`id`=`o`.`shop_id` WHERE  `o`.`del` = 0  AND `o`.`order_type` = 1 GROUP BY `o`.`id` ORDER BY `o`.`id` DESC LIMIT 0,10 [ RunTime:0.001000s ]
[2023-04-12T15:22:52+08:00][sql] SHOW FULL COLUMNS FROM `ls_order_goods` [ RunTime:0.000000s ]
[2023-04-12T15:22:52+08:00][sql] SELECT `order_id`,`goods_name`,`goods_num`,`goods_price`,`goods_snap` FROM `ls_order_goods` WHERE  `order_id` IN (25,24,23,22,17,16,15,14,13,12) [ RunTime:0.000000s ]
[2023-04-12T15:22:52+08:00][sql] SHOW FULL COLUMNS FROM `ls_user` [ RunTime:0.001000s ]
[2023-04-12T15:22:52+08:00][sql] SELECT `id`,`avatar`,`sn`,`nickname` FROM `ls_user` WHERE  `id` = 1 [ RunTime:0.001000s ]
