[2023-04-18T09:15:36+08:00][sql] CONNECT:[ UseTime:0.002000s ] mysql:host=127.0.0.1;port=3306;dbname=cdiancan;charset=utf8mb4
[2023-04-18T09:15:36+08:00][sql] SHOW FULL COLUMNS FROM `ls_config` [ RunTime:0.001000s ]
[2023-04-18T09:15:36+08:00][sql] SELECT `value` FROM `ls_config` WHERE  `type` = 'copyright'  AND `name` = 'company_name'  AND `shop_id` = 0 LIMIT 1 [ RunTime:0.001000s ]
[2023-04-18T09:15:36+08:00][sql] SELECT `value` FROM `ls_config` WHERE  `type` = 'copyright'  AND `name` = 'company_name'  AND `shop_id` = 0 LIMIT 1 [ RunTime:0.001000s ]
[2023-04-18T09:15:36+08:00][sql] SELECT `value` FROM `ls_config` WHERE  `type` = 'copyright'  AND `name` = 'number'  AND `shop_id` = 0 LIMIT 1 [ RunTime:0.000000s ]
[2023-04-18T09:15:36+08:00][sql] SELECT `value` FROM `ls_config` WHERE  `type` = 'copyright'  AND `name` = 'link'  AND `shop_id` = 0 LIMIT 1 [ RunTime:0.001000s ]
[2023-04-18T09:15:36+08:00][sql] SELECT `value` FROM `ls_config` WHERE  `type` = 'website_platform'  AND `name` = 'platform_login_image'  AND `shop_id` = 0 LIMIT 1 [ RunTime:0.001000s ]
[2023-04-18T09:15:36+08:00][sql] SELECT `value` FROM `ls_config` WHERE  `type` = 'website_platform'  AND `name` = 'platform_login_title'  AND `shop_id` = 0 LIMIT 1 [ RunTime:0.000000s ]
[2023-04-18T09:15:36+08:00][sql] SELECT `value` FROM `ls_config` WHERE  `type` = 'website'  AND `name` = 'shop_name'  AND `shop_id` = 0 LIMIT 1 [ RunTime:0.001000s ]
[2023-04-18T09:15:43+08:00][sql] CONNECT:[ UseTime:0.001000s ] mysql:host=127.0.0.1;port=3306;dbname=cdiancan;charset=utf8mb4
[2023-04-18T09:15:43+08:00][sql] SHOW FULL COLUMNS FROM `ls_config` [ RunTime:0.001000s ]
[2023-04-18T09:15:43+08:00][sql] SELECT `value` FROM `ls_config` WHERE  `type` = 'copyright'  AND `name` = 'company_name'  AND `shop_id` = 0 LIMIT 1 [ RunTime:0.001001s ]
[2023-04-18T09:15:43+08:00][sql] SHOW FULL COLUMNS FROM `ls_admin` [ RunTime:0.004000s ]
[2023-04-18T09:15:43+08:00][sql] SELECT * FROM `ls_admin` WHERE  `account` = 'admin'  AND `del` = 0 LIMIT 1 [ RunTime:0.000000s ]
[2023-04-18T09:15:43+08:00][sql] SELECT `id`,`root`,`account`,`name`,`role_id` FROM `ls_admin` WHERE  `account` = 'admin'  AND `del` = 0 LIMIT 1 [ RunTime:0.000000s ]
[2023-04-18T09:15:43+08:00][sql] UPDATE `ls_admin`  SET `login_ip` = '127.0.0.1' , `login_time` = 1681780543  WHERE  `account` = 'admin' [ RunTime:0.003000s ]
[2023-04-18T09:15:44+08:00][sql] CONNECT:[ UseTime:0.002000s ] mysql:host=127.0.0.1;port=3306;dbname=cdiancan;charset=utf8mb4
[2023-04-18T09:15:44+08:00][sql] SHOW FULL COLUMNS FROM `ls_config` [ RunTime:0.001000s ]
[2023-04-18T09:15:44+08:00][sql] SELECT `value` FROM `ls_config` WHERE  `type` = 'copyright'  AND `name` = 'company_name'  AND `shop_id` = 0 LIMIT 1 [ RunTime:0.000000s ]
[2023-04-18T09:15:44+08:00][sql] SHOW FULL COLUMNS FROM `ls_system_log` [ RunTime:0.001000s ]
[2023-04-18T09:15:44+08:00][sql] INSERT INTO `ls_system_log` SET `admin_id` = 1 , `name` = 'admin' , `account` = 'admin' , `create_time` = 1681780544 , `uri` = '/admin/' , `type` = 'GET' , `param` = '[]' , `ip` = '127.0.0.1' [ RunTime:0.000000s ]
[2023-04-18T09:15:44+08:00][sql] SELECT `value` FROM `ls_config` WHERE  `type` = 'website'  AND `name` = 'shop_name'  AND `shop_id` = 0 LIMIT 1 [ RunTime:0.001001s ]
[2023-04-18T09:15:44+08:00][sql] SELECT `value` FROM `ls_config` WHERE  `type` = 'website'  AND `name` = 'web_favicon'  AND `shop_id` = 0 LIMIT 1 [ RunTime:0.000000s ]
[2023-04-18T09:15:44+08:00][sql] SELECT `value` FROM `ls_config` WHERE  `type` = 'website'  AND `name` = 'shop_logo'  AND `shop_id` = 0 LIMIT 1 [ RunTime:0.001000s ]
[2023-04-18T09:15:44+08:00][sql] SHOW FULL COLUMNS FROM `ls_dev_auth` [ RunTime:0.004000s ]
[2023-04-18T09:15:44+08:00][sql] SELECT * FROM `ls_dev_auth` WHERE  `type` = 1  AND `del` = 0  AND `disable` = 0 ORDER BY `sort` DESC [ RunTime:0.001000s ]
[2023-04-18T09:15:44+08:00][sql] SHOW FULL COLUMNS FROM `ls_role` [ RunTime:0.004001s ]
[2023-04-18T09:15:44+08:00][sql] SELECT `name` FROM `ls_role` WHERE  `id` = 0 LIMIT 1 [ RunTime:0.000000s ]
[2023-04-18T09:15:45+08:00][sql] CONNECT:[ UseTime:0.001000s ] mysql:host=127.0.0.1;port=3306;dbname=cdiancan;charset=utf8mb4
[2023-04-18T09:15:45+08:00][sql] SHOW FULL COLUMNS FROM `ls_config` [ RunTime:0.001000s ]
[2023-04-18T09:15:45+08:00][sql] SELECT `value` FROM `ls_config` WHERE  `type` = 'copyright'  AND `name` = 'company_name'  AND `shop_id` = 0 LIMIT 1 [ RunTime:0.000000s ]
[2023-04-18T09:15:45+08:00][sql] SHOW FULL COLUMNS FROM `ls_system_log` [ RunTime:0.001000s ]
[2023-04-18T09:15:45+08:00][sql] INSERT INTO `ls_system_log` SET `admin_id` = 1 , `name` = 'admin' , `account` = 'admin' , `create_time` = 1681780545 , `uri` = '/admin/index/stat.html' , `type` = 'GET' , `param` = '[]' , `ip` = '127.0.0.1' [ RunTime:0.001000s ]
[2023-04-18T09:15:45+08:00][sql] SHOW FULL COLUMNS FROM `ls_order` [ RunTime:0.001000s ]
[2023-04-18T09:15:45+08:00][sql] SELECT * FROM `ls_order` WHERE  `del` = 0  AND `pay_status` = 1  AND `create_time` BETWEEN 1681747200 AND 1681833599 [ RunTime:0.001000s ]
[2023-04-18T09:15:45+08:00][sql] CONNECT:[ UseTime:0.002000s ] mysql:host=127.0.0.1;port=3306;dbname=cdiancan;charset=utf8mb4
[2023-04-18T09:15:45+08:00][sql] SHOW FULL COLUMNS FROM `ls_config` [ RunTime:0.002000s ]
[2023-04-18T09:15:45+08:00][sql] SELECT `value` FROM `ls_config` WHERE  `type` = 'copyright'  AND `name` = 'company_name'  AND `shop_id` = 0 LIMIT 1 [ RunTime:0.001000s ]
[2023-04-18T09:15:45+08:00][sql] SHOW FULL COLUMNS FROM `ls_system_log` [ RunTime:0.001000s ]
[2023-04-18T09:15:45+08:00][sql] INSERT INTO `ls_system_log` SET `admin_id` = 1 , `name` = 'admin' , `account` = 'admin' , `create_time` = 1681780545 , `uri` = '/admin/index/shop.html' , `type` = 'GET' , `param` = '{\"type\":\"1\",\"page\":\"1\",\"limit\":\"10\"}' , `ip` = '127.0.0.1' [ RunTime:0.001000s ]
[2023-04-18T09:15:45+08:00][sql] SHOW FULL COLUMNS FROM `ls_order` [ RunTime:0.001001s ]
[2023-04-18T09:15:45+08:00][sql] SELECT `s`.`name`,sum(o.order_amount) as sale_amount,count(o.id) as order_sum FROM `ls_order` `o` INNER JOIN `ls_shop` `s` ON `s`.`id`=`o`.`shop_id` WHERE  `o`.`del` = 0  AND `o`.`pay_status` = 1 GROUP BY `shop_id` ORDER BY `sale_amount` DESC,`s`.`id` DESC LIMIT 10 [ RunTime:0.005000s ]
[2023-04-18T09:15:45+08:00][sql] CONNECT:[ UseTime:0.001000s ] mysql:host=127.0.0.1;port=3306;dbname=cdiancan;charset=utf8mb4
[2023-04-18T09:15:45+08:00][sql] SHOW FULL COLUMNS FROM `ls_config` [ RunTime:0.001000s ]
[2023-04-18T09:15:45+08:00][sql] SELECT `value` FROM `ls_config` WHERE  `type` = 'copyright'  AND `name` = 'company_name'  AND `shop_id` = 0 LIMIT 1 [ RunTime:0.001000s ]
[2023-04-18T09:15:45+08:00][sql] SHOW FULL COLUMNS FROM `ls_system_log` [ RunTime:0.001000s ]
[2023-04-18T09:15:45+08:00][sql] INSERT INTO `ls_system_log` SET `admin_id` = 1 , `name` = 'admin' , `account` = 'admin' , `create_time` = 1681780545 , `uri` = '/admin/index/stat.html' , `type` = 'GET' , `param` = '[]' , `ip` = '127.0.0.1' [ RunTime:0.000000s ]
[2023-04-18T09:15:45+08:00][sql] SHOW FULL COLUMNS FROM `ls_order` [ RunTime:0.004000s ]
[2023-04-18T09:15:45+08:00][sql] SELECT SUM(`order_amount`) AS think_sum FROM `ls_order` WHERE  `create_time` BETWEEN 1680451200 AND 1680537599   AND `pay_status` = 1 [ RunTime:0.001000s ]
[2023-04-18T09:15:45+08:00][sql] SELECT COUNT(`id`) AS think_count FROM `ls_order` WHERE  `create_time` BETWEEN 1680451200 AND 1680537599   AND `pay_status` = 1 [ RunTime:0.000000s ]
[2023-04-18T09:15:45+08:00][sql] SELECT SUM(`order_amount`) AS think_sum FROM `ls_order` WHERE  `create_time` BETWEEN 1680537600 AND 1680623999   AND `pay_status` = 1 [ RunTime:0.001000s ]
[2023-04-18T09:15:45+08:00][sql] SELECT COUNT(`id`) AS think_count FROM `ls_order` WHERE  `create_time` BETWEEN 1680537600 AND 1680623999   AND `pay_status` = 1 [ RunTime:0.000000s ]
[2023-04-18T09:15:45+08:00][sql] SELECT SUM(`order_amount`) AS think_sum FROM `ls_order` WHERE  `create_time` BETWEEN 1680624000 AND 1680710399   AND `pay_status` = 1 [ RunTime:0.001000s ]
[2023-04-18T09:15:45+08:00][sql] SELECT COUNT(`id`) AS think_count FROM `ls_order` WHERE  `create_time` BETWEEN 1680624000 AND 1680710399   AND `pay_status` = 1 [ RunTime:0.000000s ]
[2023-04-18T09:15:45+08:00][sql] SELECT SUM(`order_amount`) AS think_sum FROM `ls_order` WHERE  `create_time` BETWEEN 1680710400 AND 1680796799   AND `pay_status` = 1 [ RunTime:0.000000s ]
[2023-04-18T09:15:45+08:00][sql] SELECT COUNT(`id`) AS think_count FROM `ls_order` WHERE  `create_time` BETWEEN 1680710400 AND 1680796799   AND `pay_status` = 1 [ RunTime:0.001000s ]
[2023-04-18T09:15:45+08:00][sql] SELECT SUM(`order_amount`) AS think_sum FROM `ls_order` WHERE  `create_time` BETWEEN 1680796800 AND 1680883199   AND `pay_status` = 1 [ RunTime:0.000000s ]
[2023-04-18T09:15:45+08:00][sql] SELECT COUNT(`id`) AS think_count FROM `ls_order` WHERE  `create_time` BETWEEN 1680796800 AND 1680883199   AND `pay_status` = 1 [ RunTime:0.001000s ]
[2023-04-18T09:15:45+08:00][sql] SELECT SUM(`order_amount`) AS think_sum FROM `ls_order` WHERE  `create_time` BETWEEN 1680883200 AND 1680969599   AND `pay_status` = 1 [ RunTime:0.000000s ]
[2023-04-18T09:15:45+08:00][sql] SELECT COUNT(`id`) AS think_count FROM `ls_order` WHERE  `create_time` BETWEEN 1680883200 AND 1680969599   AND `pay_status` = 1 [ RunTime:0.001000s ]
[2023-04-18T09:15:45+08:00][sql] SELECT SUM(`order_amount`) AS think_sum FROM `ls_order` WHERE  `create_time` BETWEEN 1680969600 AND 1681055999   AND `pay_status` = 1 [ RunTime:0.000000s ]
[2023-04-18T09:15:45+08:00][sql] SELECT COUNT(`id`) AS think_count FROM `ls_order` WHERE  `create_time` BETWEEN 1680969600 AND 1681055999   AND `pay_status` = 1 [ RunTime:0.000000s ]
[2023-04-18T09:15:45+08:00][sql] SELECT SUM(`order_amount`) AS think_sum FROM `ls_order` WHERE  `create_time` BETWEEN 1681056000 AND 1681142399   AND `pay_status` = 1 [ RunTime:0.001000s ]
[2023-04-18T09:15:45+08:00][sql] SELECT COUNT(`id`) AS think_count FROM `ls_order` WHERE  `create_time` BETWEEN 1681056000 AND 1681142399   AND `pay_status` = 1 [ RunTime:0.000000s ]
[2023-04-18T09:15:45+08:00][sql] SELECT SUM(`order_amount`) AS think_sum FROM `ls_order` WHERE  `create_time` BETWEEN 1681142400 AND 1681228799   AND `pay_status` = 1 [ RunTime:0.001001s ]
[2023-04-18T09:15:45+08:00][sql] SELECT COUNT(`id`) AS think_count FROM `ls_order` WHERE  `create_time` BETWEEN 1681142400 AND 1681228799   AND `pay_status` = 1 [ RunTime:0.000000s ]
[2023-04-18T09:15:45+08:00][sql] SELECT SUM(`order_amount`) AS think_sum FROM `ls_order` WHERE  `create_time` BETWEEN 1681228800 AND 1681315199   AND `pay_status` = 1 [ RunTime:0.001000s ]
[2023-04-18T09:15:45+08:00][sql] SELECT COUNT(`id`) AS think_count FROM `ls_order` WHERE  `create_time` BETWEEN 1681228800 AND 1681315199   AND `pay_status` = 1 [ RunTime:0.000000s ]
[2023-04-18T09:15:45+08:00][sql] SELECT SUM(`order_amount`) AS think_sum FROM `ls_order` WHERE  `create_time` BETWEEN 1681315200 AND 1681401599   AND `pay_status` = 1 [ RunTime:0.000000s ]
[2023-04-18T09:15:45+08:00][sql] SELECT COUNT(`id`) AS think_count FROM `ls_order` WHERE  `create_time` BETWEEN 1681315200 AND 1681401599   AND `pay_status` = 1 [ RunTime:0.001000s ]
[2023-04-18T09:15:45+08:00][sql] SELECT SUM(`order_amount`) AS think_sum FROM `ls_order` WHERE  `create_time` BETWEEN 1681401600 AND 1681487999   AND `pay_status` = 1 [ RunTime:0.000000s ]
[2023-04-18T09:15:45+08:00][sql] SELECT COUNT(`id`) AS think_count FROM `ls_order` WHERE  `create_time` BETWEEN 1681401600 AND 1681487999   AND `pay_status` = 1 [ RunTime:0.001000s ]
[2023-04-18T09:15:45+08:00][sql] SELECT SUM(`order_amount`) AS think_sum FROM `ls_order` WHERE  `create_time` BETWEEN 1681488000 AND 1681574399   AND `pay_status` = 1 [ RunTime:0.000000s ]
[2023-04-18T09:15:45+08:00][sql] SELECT COUNT(`id`) AS think_count FROM `ls_order` WHERE  `create_time` BETWEEN 1681488000 AND 1681574399   AND `pay_status` = 1 [ RunTime:0.001000s ]
[2023-04-18T09:15:45+08:00][sql] SELECT SUM(`order_amount`) AS think_sum FROM `ls_order` WHERE  `create_time` BETWEEN 1681574400 AND 1681660799   AND `pay_status` = 1 [ RunTime:0.000000s ]
[2023-04-18T09:15:45+08:00][sql] SELECT COUNT(`id`) AS think_count FROM `ls_order` WHERE  `create_time` BETWEEN 1681574400 AND 1681660799   AND `pay_status` = 1 [ RunTime:0.001000s ]
[2023-04-18T09:15:45+08:00][sql] SELECT SUM(`order_amount`) AS think_sum FROM `ls_order` WHERE  `create_time` BETWEEN 1681660800 AND 1681747199   AND `pay_status` = 1 [ RunTime:0.000000s ]
[2023-04-18T09:15:45+08:00][sql] SELECT COUNT(`id`) AS think_count FROM `ls_order` WHERE  `create_time` BETWEEN 1681660800 AND 1681747199   AND `pay_status` = 1 [ RunTime:0.001000s ]
[2023-04-18T09:15:45+08:00][sql] CONNECT:[ UseTime:0.001000s ] mysql:host=127.0.0.1;port=3306;dbname=cdiancan;charset=utf8mb4
[2023-04-18T09:15:45+08:00][sql] SHOW FULL COLUMNS FROM `ls_config` [ RunTime:0.001000s ]
[2023-04-18T09:15:45+08:00][sql] SELECT `value` FROM `ls_config` WHERE  `type` = 'copyright'  AND `name` = 'company_name'  AND `shop_id` = 0 LIMIT 1 [ RunTime:0.001000s ]
[2023-04-18T09:15:45+08:00][sql] SHOW FULL COLUMNS FROM `ls_system_log` [ RunTime:0.001000s ]
[2023-04-18T09:15:45+08:00][sql] INSERT INTO `ls_system_log` SET `admin_id` = 1 , `name` = 'admin' , `account` = 'admin' , `create_time` = 1681780545 , `uri` = '/admin/index/shop.html' , `type` = 'GET' , `param` = '{\"type\":\"2\",\"page\":\"1\",\"limit\":\"10\"}' , `ip` = '127.0.0.1' [ RunTime:0.001000s ]
[2023-04-18T09:15:45+08:00][sql] SHOW FULL COLUMNS FROM `ls_goods` [ RunTime:0.004000s ]
[2023-04-18T09:15:45+08:00][sql] SELECT `g`.`code`,`g`.`name`,sum(og.goods_price * og.goods_num) as sale_amount,sum(goods_num) as goods_num,count(o.id) as order_sum FROM `ls_goods` `g` INNER JOIN `ls_order_goods` `og` ON `g`.`id`=`og`.`goods_id` INNER JOIN `ls_order` `o` ON `o`.`id`=`og`.`order_id` WHERE  `o`.`del` = 0  AND `o`.`pay_status` = 1 GROUP BY `g`.`id` ORDER BY `sale_amount` DESC,`g`.`id` DESC LIMIT 10 [ RunTime:0.006000s ]
[2023-04-18T09:15:47+08:00][sql] CONNECT:[ UseTime:0.001000s ] mysql:host=127.0.0.1;port=3306;dbname=cdiancan;charset=utf8mb4
[2023-04-18T09:15:47+08:00][sql] SHOW FULL COLUMNS FROM `ls_config` [ RunTime:0.001000s ]
[2023-04-18T09:15:47+08:00][sql] SELECT `value` FROM `ls_config` WHERE  `type` = 'copyright'  AND `name` = 'company_name'  AND `shop_id` = 0 LIMIT 1 [ RunTime:0.001001s ]
[2023-04-18T09:15:47+08:00][sql] SHOW FULL COLUMNS FROM `ls_system_log` [ RunTime:0.001000s ]
[2023-04-18T09:15:47+08:00][sql] INSERT INTO `ls_system_log` SET `admin_id` = 1 , `name` = 'admin' , `account` = 'admin' , `create_time` = 1681780547 , `uri` = '/admin/goods.Goods/lists.html' , `type` = 'GET' , `param` = '[]' , `ip` = '127.0.0.1' [ RunTime:0.001000s ]
[2023-04-18T09:15:47+08:00][sql] SHOW FULL COLUMNS FROM `ls_goods_category` [ RunTime:0.003000s ]
[2023-04-18T09:15:47+08:00][sql] SELECT `id`,`name` FROM `ls_goods_category` WHERE  `del` = 0 [ RunTime:0.000000s ]
[2023-04-18T09:15:47+08:00][sql] SHOW FULL COLUMNS FROM `ls_goods` [ RunTime:0.004001s ]
[2023-04-18T09:15:47+08:00][sql] SELECT `g`.`status` FROM `ls_goods` `g` INNER JOIN `ls_goods_category` `gc` ON `gc`.`id`=`g`.`goods_category_id` WHERE  `g`.`del` = 0 [ RunTime:0.000000s ]
[2023-04-18T09:15:47+08:00][sql] CONNECT:[ UseTime:0.001000s ] mysql:host=127.0.0.1;port=3306;dbname=cdiancan;charset=utf8mb4
[2023-04-18T09:15:47+08:00][sql] SHOW FULL COLUMNS FROM `ls_config` [ RunTime:0.001000s ]
[2023-04-18T09:15:47+08:00][sql] SELECT `value` FROM `ls_config` WHERE  `type` = 'copyright'  AND `name` = 'company_name'  AND `shop_id` = 0 LIMIT 1 [ RunTime:0.000000s ]
[2023-04-18T09:15:47+08:00][sql] SHOW FULL COLUMNS FROM `ls_system_log` [ RunTime:0.001000s ]
[2023-04-18T09:15:47+08:00][sql] INSERT INTO `ls_system_log` SET `admin_id` = 1 , `name` = 'admin' , `account` = 'admin' , `create_time` = 1681780547 , `uri` = '/admin/goods.goods/lists.html' , `type` = 'GET' , `param` = '{\"type\":\"1\",\"page\":\"1\",\"limit\":\"10\"}' , `ip` = '127.0.0.1' [ RunTime:0.000000s ]
[2023-04-18T09:15:47+08:00][sql] SHOW FULL COLUMNS FROM `ls_goods` [ RunTime:0.003000s ]
[2023-04-18T09:15:47+08:00][sql] SELECT `g`.`id`,`g`.`image`,`g`.`name`,gc.name as goods_category_name,`g`.`min_price`,`g`.`max_price`,`g`.`status`,`g`.`sort`,`g`.`create_time` FROM `ls_goods` `g` INNER JOIN `ls_goods_category` `gc` ON `gc`.`id`=`g`.`goods_category_id` WHERE  `g`.`del` = 0 ORDER BY `g`.`sort` ASC,`g`.`id` DESC LIMIT 0,10 [ RunTime:0.002000s ]
[2023-04-18T09:15:47+08:00][sql] SELECT COUNT(*) AS think_count FROM `ls_goods` `g` INNER JOIN `ls_goods_category` `gc` ON `gc`.`id`=`g`.`goods_category_id` WHERE  `g`.`del` = 0 [ RunTime:0.000000s ]
[2023-04-18T09:15:47+08:00][sql] SHOW FULL COLUMNS FROM `ls_shop_goods` [ RunTime:0.004000s ]
[2023-04-18T09:15:47+08:00][sql] SELECT SUM(`sales_sum`) AS think_sum FROM `ls_shop_goods` WHERE  `goods_id` = 12 [ RunTime:0.000000s ]
[2023-04-18T09:15:47+08:00][sql] SELECT SUM(`sales_sum`) AS think_sum FROM `ls_shop_goods` WHERE  `goods_id` = 11 [ RunTime:0.000000s ]
[2023-04-18T09:15:47+08:00][sql] SELECT SUM(`sales_sum`) AS think_sum FROM `ls_shop_goods` WHERE  `goods_id` = 10 [ RunTime:0.000000s ]
[2023-04-18T09:15:47+08:00][sql] SELECT SUM(`sales_sum`) AS think_sum FROM `ls_shop_goods` WHERE  `goods_id` = 9 [ RunTime:0.000000s ]
[2023-04-18T09:15:47+08:00][sql] SELECT SUM(`sales_sum`) AS think_sum FROM `ls_shop_goods` WHERE  `goods_id` = 8 [ RunTime:0.000000s ]
[2023-04-18T09:15:47+08:00][sql] SELECT SUM(`sales_sum`) AS think_sum FROM `ls_shop_goods` WHERE  `goods_id` = 7 [ RunTime:0.000000s ]
[2023-04-18T09:15:47+08:00][sql] SELECT SUM(`sales_sum`) AS think_sum FROM `ls_shop_goods` WHERE  `goods_id` = 6 [ RunTime:0.000000s ]
[2023-04-18T09:15:47+08:00][sql] SELECT SUM(`sales_sum`) AS think_sum FROM `ls_shop_goods` WHERE  `goods_id` = 5 [ RunTime:0.000000s ]
[2023-04-18T09:15:47+08:00][sql] SELECT SUM(`sales_sum`) AS think_sum FROM `ls_shop_goods` WHERE  `goods_id` = 4 [ RunTime:0.000000s ]
[2023-04-18T09:15:47+08:00][sql] SELECT SUM(`sales_sum`) AS think_sum FROM `ls_shop_goods` WHERE  `goods_id` = 3 [ RunTime:0.000000s ]
[2023-04-18T09:15:49+08:00][sql] CONNECT:[ UseTime:0.001000s ] mysql:host=127.0.0.1;port=3306;dbname=cdiancan;charset=utf8mb4
[2023-04-18T09:15:49+08:00][sql] SHOW FULL COLUMNS FROM `ls_config` [ RunTime:0.001000s ]
[2023-04-18T09:15:49+08:00][sql] SELECT `value` FROM `ls_config` WHERE  `type` = 'copyright'  AND `name` = 'company_name'  AND `shop_id` = 0 LIMIT 1 [ RunTime:0.001000s ]
[2023-04-18T09:15:49+08:00][sql] SHOW FULL COLUMNS FROM `ls_system_log` [ RunTime:0.001000s ]
[2023-04-18T09:15:49+08:00][sql] INSERT INTO `ls_system_log` SET `admin_id` = 1 , `name` = 'admin' , `account` = 'admin' , `create_time` = 1681780549 , `uri` = '/admin/order.profile/profile.html' , `type` = 'GET' , `param` = '[]' , `ip` = '127.0.0.1' [ RunTime:0.001000s ]
[2023-04-18T09:15:49+08:00][sql] SHOW FULL COLUMNS FROM `ls_order` [ RunTime:0.003000s ]
[2023-04-18T09:15:49+08:00][sql] SELECT COUNT(*) AS think_count FROM `ls_order` WHERE  `del` = 0  AND `pay_status` = 1  AND `order_status` = 3 [ RunTime:0.000000s ]
[2023-04-18T09:15:49+08:00][sql] SELECT COUNT(*) AS think_count FROM `ls_order` WHERE  `del` = 0  AND `pay_status` = 1  AND `order_type` = 1 [ RunTime:0.001000s ]
[2023-04-18T09:15:49+08:00][sql] SELECT COUNT(*) AS think_count FROM `ls_order` WHERE  `del` = 0  AND `pay_status` = 1  AND `order_type` = 2 [ RunTime:0.000000s ]
[2023-04-18T09:15:49+08:00][sql] SELECT COUNT(*) AS think_count FROM `ls_order` WHERE  `del` = 0  AND `pay_status` = 1  AND `order_type` = 1  AND `create_time` BETWEEN 1681747200 AND 1681833599 [ RunTime:0.000000s ]
[2023-04-18T09:15:49+08:00][sql] SELECT COUNT(*) AS think_count FROM `ls_order` WHERE  `del` = 0  AND `pay_status` = 1  AND `order_type` = 1  AND `order_status` = 1 [ RunTime:0.001000s ]
[2023-04-18T09:15:49+08:00][sql] SELECT COUNT(*) AS think_count FROM `ls_order` WHERE  `del` = 0  AND `pay_status` = 1  AND `order_type` = 1  AND `order_status` = 2 [ RunTime:0.000000s ]
[2023-04-18T09:15:49+08:00][sql] SELECT COUNT(*) AS think_count FROM `ls_order` WHERE  `del` = 0  AND `pay_status` = 1  AND `order_type` = 2  AND `create_time` BETWEEN 1681747200 AND 1681833599 [ RunTime:0.001000s ]
[2023-04-18T09:15:49+08:00][sql] SELECT COUNT(*) AS think_count FROM `ls_order` WHERE  `del` = 0  AND `pay_status` = 1  AND `order_type` = 2  AND `order_status` = 1 [ RunTime:0.000000s ]
[2023-04-18T09:15:49+08:00][sql] SELECT COUNT(*) AS think_count FROM `ls_order` WHERE  `del` = 0  AND `pay_status` = 1  AND `order_type` = 2  AND `order_status` = 2 [ RunTime:0.001000s ]
[2023-04-18T09:15:50+08:00][sql] CONNECT:[ UseTime:0.001000s ] mysql:host=127.0.0.1;port=3306;dbname=cdiancan;charset=utf8mb4
[2023-04-18T09:15:50+08:00][sql] SHOW FULL COLUMNS FROM `ls_config` [ RunTime:0.001000s ]
[2023-04-18T09:15:50+08:00][sql] SELECT `value` FROM `ls_config` WHERE  `type` = 'copyright'  AND `name` = 'company_name'  AND `shop_id` = 0 LIMIT 1 [ RunTime:0.001000s ]
[2023-04-18T09:15:50+08:00][sql] SHOW FULL COLUMNS FROM `ls_system_log` [ RunTime:0.000000s ]
[2023-04-18T09:15:50+08:00][sql] INSERT INTO `ls_system_log` SET `admin_id` = 1 , `name` = 'admin' , `account` = 'admin' , `create_time` = 1681780550 , `uri` = '/admin/order.shop_order/lists.html' , `type` = 'GET' , `param` = '[]' , `ip` = '127.0.0.1' [ RunTime:0.000000s ]
[2023-04-18T09:15:50+08:00][sql] SHOW FULL COLUMNS FROM `ls_order` [ RunTime:0.003000s ]
[2023-04-18T09:15:50+08:00][sql] SELECT `o`.`order_status`,`o`.`refund_status` FROM `ls_order` `o` INNER JOIN `ls_user` `u` ON `u`.`id`=`o`.`user_id` INNER JOIN `ls_order_goods` `og` ON `og`.`order_id`=`o`.`id` INNER JOIN `ls_shop` `s` ON `s`.`id`=`o`.`shop_id` WHERE  `o`.`del` = 0  AND `o`.`order_type` = 1 GROUP BY `o`.`id` ORDER BY `o`.`id` DESC [ RunTime:0.008001s ]
[2023-04-18T09:15:51+08:00][sql] CONNECT:[ UseTime:0.001000s ] mysql:host=127.0.0.1;port=3306;dbname=cdiancan;charset=utf8mb4
[2023-04-18T09:15:51+08:00][sql] SHOW FULL COLUMNS FROM `ls_config` [ RunTime:0.001000s ]
[2023-04-18T09:15:51+08:00][sql] SELECT `value` FROM `ls_config` WHERE  `type` = 'copyright'  AND `name` = 'company_name'  AND `shop_id` = 0 LIMIT 1 [ RunTime:0.000000s ]
[2023-04-18T09:15:51+08:00][sql] SHOW FULL COLUMNS FROM `ls_system_log` [ RunTime:0.001000s ]
[2023-04-18T09:15:51+08:00][sql] INSERT INTO `ls_system_log` SET `admin_id` = 1 , `name` = 'admin' , `account` = 'admin' , `create_time` = 1681780551 , `uri` = '/admin/order.shop_order/lists.html' , `type` = 'GET' , `param` = '{\"type\":\"\",\"page\":\"1\",\"limit\":\"10\"}' , `ip` = '127.0.0.1' [ RunTime:0.001001s ]
[2023-04-18T09:15:51+08:00][sql] SHOW FULL COLUMNS FROM `ls_order` [ RunTime:0.004000s ]
[2023-04-18T09:15:51+08:00][sql] SELECT COUNT(*) AS think_count FROM ( SELECT o.id,o.user_id,o.order_sn,o.order_status,o.create_time,o.total_num,o.dining_type,o.is_appoint,o.appoint_time,o.take_code,o.consignee,o.mobile,o.delivery_amount,(o.order_amount - o.delivery_amount) as goods_amount,o.order_amount,o.pay_way,o.pay_status,o.pay_time,o.order_type,o.refund_amount,o.surplus_refund_amount,o.refund_status,o.refund_time,s.shop_sn,s.name as shop_name,count(*) AS think_count FROM `ls_order` `o` INNER JOIN `ls_user` `u` ON `u`.`id`=`o`.`user_id` INNER JOIN `ls_order_goods` `og` ON `og`.`order_id`=`o`.`id` INNER JOIN `ls_shop` `s` ON `s`.`id`=`o`.`shop_id` WHERE  `o`.`del` = 0  AND `o`.`order_type` = 1 GROUP BY `o`.`id` ) `_group_count_` [ RunTime:0.008001s ]
[2023-04-18T09:15:51+08:00][sql] SELECT o.id,o.user_id,o.order_sn,o.order_status,o.create_time,o.total_num,o.dining_type,o.is_appoint,o.appoint_time,o.take_code,o.consignee,o.mobile,o.delivery_amount,(o.order_amount - o.delivery_amount) as goods_amount,o.order_amount,o.pay_way,o.pay_status,o.pay_time,o.order_type,o.refund_amount,o.surplus_refund_amount,o.refund_status,o.refund_time,s.shop_sn,s.name as shop_name FROM `ls_order` `o` INNER JOIN `ls_user` `u` ON `u`.`id`=`o`.`user_id` INNER JOIN `ls_order_goods` `og` ON `og`.`order_id`=`o`.`id` INNER JOIN `ls_shop` `s` ON `s`.`id`=`o`.`shop_id` WHERE  `o`.`del` = 0  AND `o`.`order_type` = 1 GROUP BY `o`.`id` ORDER BY `o`.`id` DESC LIMIT 0,10 [ RunTime:0.001000s ]
[2023-04-18T09:15:51+08:00][sql] SHOW FULL COLUMNS FROM `ls_order_goods` [ RunTime:0.000000s ]
[2023-04-18T09:15:51+08:00][sql] SELECT `order_id`,`goods_name`,`goods_num`,`goods_price`,`goods_snap` FROM `ls_order_goods` WHERE  `order_id` IN (25,24,23,22,17,16,15,14,13,12) [ RunTime:0.000000s ]
[2023-04-18T09:15:51+08:00][sql] SHOW FULL COLUMNS FROM `ls_user` [ RunTime:0.001000s ]
[2023-04-18T09:15:51+08:00][sql] SELECT `id`,`avatar`,`sn`,`nickname` FROM `ls_user` WHERE  `id` = 1 [ RunTime:0.001000s ]
[2023-04-18T09:22:20+08:00][sql] CONNECT:[ UseTime:0.001000s ] mysql:host=127.0.0.1;port=3306;dbname=cdiancan;charset=utf8mb4
[2023-04-18T09:22:20+08:00][sql] SHOW FULL COLUMNS FROM `ls_config` [ RunTime:0.002000s ]
[2023-04-18T09:22:20+08:00][sql] SELECT `value` FROM `ls_config` WHERE  `type` = 'copyright'  AND `name` = 'company_name'  AND `shop_id` = 0 LIMIT 1 [ RunTime:0.001000s ]
[2023-04-18T09:22:20+08:00][sql] SHOW FULL COLUMNS FROM `ls_system_log` [ RunTime:0.001000s ]
[2023-04-18T09:22:20+08:00][sql] INSERT INTO `ls_system_log` SET `admin_id` = 1 , `name` = 'admin' , `account` = 'admin' , `create_time` = 1681780940 , `uri` = '/admin/wechat.Mnp/setmnp.html' , `type` = 'GET' , `param` = '[]' , `ip` = '127.0.0.1' [ RunTime:0.001000s ]
[2023-04-18T09:22:20+08:00][sql] SELECT `value` FROM `ls_config` WHERE  `type` = 'mnp'  AND `name` = 'qr_code'  AND `shop_id` = 0 LIMIT 1 [ RunTime:0.001000s ]
[2023-04-18T09:22:20+08:00][sql] SELECT `value` FROM `ls_config` WHERE  `type` = 'mnp'  AND `name` = 'name'  AND `shop_id` = 0 LIMIT 1 [ RunTime:0.000000s ]
[2023-04-18T09:22:20+08:00][sql] SELECT `value` FROM `ls_config` WHERE  `type` = 'mnp'  AND `name` = 'original_id'  AND `shop_id` = 0 LIMIT 1 [ RunTime:0.000000s ]
[2023-04-18T09:22:20+08:00][sql] SELECT `value` FROM `ls_config` WHERE  `type` = 'mnp'  AND `name` = 'app_id'  AND `shop_id` = 0 LIMIT 1 [ RunTime:0.001000s ]
[2023-04-18T09:22:20+08:00][sql] SELECT `value` FROM `ls_config` WHERE  `type` = 'mnp'  AND `name` = 'secret'  AND `shop_id` = 0 LIMIT 1 [ RunTime:0.000000s ]
[2023-04-18T09:22:20+08:00][sql] SELECT `value` FROM `ls_config` WHERE  `type` = 'mnp'  AND `name` = 'token'  AND `shop_id` = 0 LIMIT 1 [ RunTime:0.000000s ]
[2023-04-18T09:22:20+08:00][sql] SELECT `value` FROM `ls_config` WHERE  `type` = 'mnp'  AND `name` = 'encoding_ses_key'  AND `shop_id` = 0 LIMIT 1 [ RunTime:0.001000s ]
[2023-04-18T09:22:20+08:00][sql] SELECT `value` FROM `ls_config` WHERE  `type` = 'mnp'  AND `name` = 'encryption_type'  AND `shop_id` = 0 LIMIT 1 [ RunTime:0.000000s ]
[2023-04-18T09:22:20+08:00][sql] SELECT `value` FROM `ls_config` WHERE  `type` = 'mnp'  AND `name` = 'data_type'  AND `shop_id` = 0 LIMIT 1 [ RunTime:0.001000s ]
[2023-04-18T09:22:47+08:00][sql] CONNECT:[ UseTime:0.001000s ] mysql:host=127.0.0.1;port=3306;dbname=cdiancan;charset=utf8mb4
[2023-04-18T09:22:47+08:00][sql] SHOW FULL COLUMNS FROM `ls_config` [ RunTime:0.001000s ]
[2023-04-18T09:22:47+08:00][sql] SELECT `value` FROM `ls_config` WHERE  `type` = 'copyright'  AND `name` = 'company_name'  AND `shop_id` = 0 LIMIT 1 [ RunTime:0.000000s ]
[2023-04-18T09:22:47+08:00][sql] SHOW FULL COLUMNS FROM `ls_system_log` [ RunTime:0.002000s ]
[2023-04-18T09:22:47+08:00][sql] INSERT INTO `ls_system_log` SET `admin_id` = 1 , `name` = 'admin' , `account` = 'admin' , `create_time` = 1681780967 , `uri` = '/admin/wechat.mnp/setMnp.html' , `type` = 'POST' , `param` = '{\"name\":\"\",\"original_id\":\"\",\"app_id\":\"wx72f0d31c9464423e\",\"app_secret\":\"a411fe6813c7330c5332f5ba32b7d658\",\"request_domain\":\"https:\\/\\/cdiancan.net\",\"socket_domain\":\"wss:\\/\\/cdiancan.net\",\"uploadfile_domain\":\"https:\\/\\/cdiancan.net\",\"downloadfile_domain\":\"https:\\/\\/cdiancan.net\",\"udp_domain\":\"udp:\\/\\/cdiancan.net\",\"url\":\"http:\\/\\/cdiancan.net\\/api\\/wechat\\/index\",\"token\":\"LikeMall\",\"encoding_ses_key\":\"\"}' , `ip` = '127.0.0.1' [ RunTime:0.001000s ]
[2023-04-18T09:22:47+08:00][sql] SELECT * FROM `ls_config` WHERE  `type` = 'mnp'  AND `name` = 'name'  AND `shop_id` = 0 LIMIT 1 [ RunTime:0.001000s ]
[2023-04-18T09:22:47+08:00][sql] UPDATE `ls_config`  SET `value` = '' , `update_time` = 1681780967  WHERE  `type` = 'mnp'  AND `name` = 'name'  AND `shop_id` = 0 [ RunTime:0.001000s ]
[2023-04-18T09:22:47+08:00][sql] SELECT * FROM `ls_config` WHERE  `type` = 'mnp'  AND `name` = 'original_id'  AND `shop_id` = 0 LIMIT 1 [ RunTime:0.001000s ]
[2023-04-18T09:22:47+08:00][sql] UPDATE `ls_config`  SET `value` = '' , `update_time` = 1681780967  WHERE  `type` = 'mnp'  AND `name` = 'original_id'  AND `shop_id` = 0 [ RunTime:0.001000s ]
[2023-04-18T09:22:47+08:00][sql] SELECT * FROM `ls_config` WHERE  `type` = 'mnp'  AND `name` = 'qr_code'  AND `shop_id` = 0 LIMIT 1 [ RunTime:0.001000s ]
[2023-04-18T09:22:47+08:00][sql] UPDATE `ls_config`  SET `value` = '' , `update_time` = 1681780967  WHERE  `type` = 'mnp'  AND `name` = 'qr_code'  AND `shop_id` = 0 [ RunTime:0.001000s ]
[2023-04-18T09:22:47+08:00][sql] SELECT * FROM `ls_config` WHERE  `type` = 'mnp'  AND `name` = 'app_id'  AND `shop_id` = 0 LIMIT 1 [ RunTime:0.001000s ]
[2023-04-18T09:22:47+08:00][sql] UPDATE `ls_config`  SET `value` = 'wx72f0d31c9464423e' , `update_time` = 1681780967  WHERE  `type` = 'mnp'  AND `name` = 'app_id'  AND `shop_id` = 0 [ RunTime:0.000000s ]
[2023-04-18T09:22:47+08:00][sql] SELECT * FROM `ls_config` WHERE  `type` = 'mnp'  AND `name` = 'secret'  AND `shop_id` = 0 LIMIT 1 [ RunTime:0.001000s ]
[2023-04-18T09:22:47+08:00][sql] UPDATE `ls_config`  SET `value` = 'a411fe6813c7330c5332f5ba32b7d658' , `update_time` = 1681780967  WHERE  `type` = 'mnp'  AND `name` = 'secret'  AND `shop_id` = 0 [ RunTime:0.001000s ]
[2023-04-18T09:22:47+08:00][sql] SELECT * FROM `ls_config` WHERE  `type` = 'mnp'  AND `name` = 'token'  AND `shop_id` = 0 LIMIT 1 [ RunTime:0.001001s ]
[2023-04-18T09:22:47+08:00][sql] UPDATE `ls_config`  SET `value` = 'LikeMall' , `update_time` = 1681780967  WHERE  `type` = 'mnp'  AND `name` = 'token'  AND `shop_id` = 0 [ RunTime:0.000000s ]
[2023-04-18T09:22:47+08:00][sql] SELECT * FROM `ls_config` WHERE  `type` = 'mnp'  AND `name` = 'encoding_ses_key'  AND `shop_id` = 0 LIMIT 1 [ RunTime:0.000000s ]
[2023-04-18T09:22:47+08:00][sql] UPDATE `ls_config`  SET `value` = '' , `update_time` = 1681780967  WHERE  `type` = 'mnp'  AND `name` = 'encoding_ses_key'  AND `shop_id` = 0 [ RunTime:0.000000s ]
[2023-04-18T09:22:47+08:00][sql] SELECT * FROM `ls_config` WHERE  `type` = 'mnp'  AND `name` = 'encryption_type'  AND `shop_id` = 0 LIMIT 1 [ RunTime:0.000000s ]
[2023-04-18T09:22:47+08:00][sql] UPDATE `ls_config`  SET `value` = '' , `update_time` = 1681780967  WHERE  `type` = 'mnp'  AND `name` = 'encryption_type'  AND `shop_id` = 0 [ RunTime:0.000000s ]
[2023-04-18T09:22:47+08:00][sql] SELECT * FROM `ls_config` WHERE  `type` = 'mnp'  AND `name` = 'data_type'  AND `shop_id` = 0 LIMIT 1 [ RunTime:0.000000s ]
[2023-04-18T09:22:47+08:00][sql] UPDATE `ls_config`  SET `value` = '' , `update_time` = 1681780967  WHERE  `type` = 'mnp'  AND `name` = 'data_type'  AND `shop_id` = 0 [ RunTime:0.001000s ]
[2023-04-18T14:01:07+08:00][sql] CONNECT:[ UseTime:0.002001s ] mysql:host=127.0.0.1;port=3306;dbname=cdiancan;charset=utf8mb4
[2023-04-18T14:01:07+08:00][sql] SHOW FULL COLUMNS FROM `ls_config` [ RunTime:0.001000s ]
[2023-04-18T14:01:07+08:00][sql] SELECT `value` FROM `ls_config` WHERE  `type` = 'copyright'  AND `name` = 'company_name'  AND `shop_id` = 0 LIMIT 1 [ RunTime:0.001000s ]
[2023-04-18T14:01:07+08:00][sql] SELECT `value` FROM `ls_config` WHERE  `type` = 'copyright'  AND `name` = 'company_name'  AND `shop_id` = 0 LIMIT 1 [ RunTime:0.000000s ]
[2023-04-18T14:01:07+08:00][sql] SELECT `value` FROM `ls_config` WHERE  `type` = 'copyright'  AND `name` = 'number'  AND `shop_id` = 0 LIMIT 1 [ RunTime:0.001000s ]
[2023-04-18T14:01:07+08:00][sql] SELECT `value` FROM `ls_config` WHERE  `type` = 'copyright'  AND `name` = 'link'  AND `shop_id` = 0 LIMIT 1 [ RunTime:0.000000s ]
[2023-04-18T14:01:07+08:00][sql] SELECT `value` FROM `ls_config` WHERE  `type` = 'website_platform'  AND `name` = 'platform_login_image'  AND `shop_id` = 0 LIMIT 1 [ RunTime:0.000000s ]
[2023-04-18T14:01:07+08:00][sql] SELECT `value` FROM `ls_config` WHERE  `type` = 'website_platform'  AND `name` = 'platform_login_title'  AND `shop_id` = 0 LIMIT 1 [ RunTime:0.000000s ]
[2023-04-18T14:01:07+08:00][sql] SELECT `value` FROM `ls_config` WHERE  `type` = 'website'  AND `name` = 'shop_name'  AND `shop_id` = 0 LIMIT 1 [ RunTime:0.000000s ]
[2023-04-18T14:01:15+08:00][sql] CONNECT:[ UseTime:0.002000s ] mysql:host=127.0.0.1;port=3306;dbname=cdiancan;charset=utf8mb4
[2023-04-18T14:01:15+08:00][sql] SHOW FULL COLUMNS FROM `ls_config` [ RunTime:0.002000s ]
[2023-04-18T14:01:15+08:00][sql] SELECT `value` FROM `ls_config` WHERE  `type` = 'copyright'  AND `name` = 'company_name'  AND `shop_id` = 0 LIMIT 1 [ RunTime:0.000000s ]
[2023-04-18T14:01:15+08:00][sql] SHOW FULL COLUMNS FROM `ls_admin` [ RunTime:0.006001s ]
[2023-04-18T14:01:15+08:00][sql] SELECT * FROM `ls_admin` WHERE  `account` = 'admin'  AND `del` = 0 LIMIT 1 [ RunTime:0.001000s ]
[2023-04-18T14:01:15+08:00][sql] SELECT `id`,`root`,`account`,`name`,`role_id` FROM `ls_admin` WHERE  `account` = 'admin'  AND `del` = 0 LIMIT 1 [ RunTime:0.000000s ]
[2023-04-18T14:01:15+08:00][sql] UPDATE `ls_admin`  SET `login_ip` = '127.0.0.1' , `login_time` = 1681797675  WHERE  `account` = 'admin' [ RunTime:0.001000s ]
[2023-04-18T14:01:17+08:00][sql] CONNECT:[ UseTime:0.001000s ] mysql:host=127.0.0.1;port=3306;dbname=cdiancan;charset=utf8mb4
[2023-04-18T14:01:17+08:00][sql] SHOW FULL COLUMNS FROM `ls_config` [ RunTime:0.001001s ]
[2023-04-18T14:01:17+08:00][sql] SELECT `value` FROM `ls_config` WHERE  `type` = 'copyright'  AND `name` = 'company_name'  AND `shop_id` = 0 LIMIT 1 [ RunTime:0.000000s ]
[2023-04-18T14:01:17+08:00][sql] SHOW FULL COLUMNS FROM `ls_system_log` [ RunTime:0.005000s ]
[2023-04-18T14:01:17+08:00][sql] INSERT INTO `ls_system_log` SET `admin_id` = 1 , `name` = 'admin' , `account` = 'admin' , `create_time` = 1681797677 , `uri` = '/admin/' , `type` = 'GET' , `param` = '[]' , `ip` = '127.0.0.1' [ RunTime:0.001000s ]
[2023-04-18T14:01:17+08:00][sql] SELECT `value` FROM `ls_config` WHERE  `type` = 'website'  AND `name` = 'shop_name'  AND `shop_id` = 0 LIMIT 1 [ RunTime:0.000000s ]
[2023-04-18T14:01:17+08:00][sql] SELECT `value` FROM `ls_config` WHERE  `type` = 'website'  AND `name` = 'web_favicon'  AND `shop_id` = 0 LIMIT 1 [ RunTime:0.001000s ]
[2023-04-18T14:01:17+08:00][sql] SELECT `value` FROM `ls_config` WHERE  `type` = 'website'  AND `name` = 'shop_logo'  AND `shop_id` = 0 LIMIT 1 [ RunTime:0.000000s ]
[2023-04-18T14:01:17+08:00][sql] SHOW FULL COLUMNS FROM `ls_dev_auth` [ RunTime:0.005001s ]
[2023-04-18T14:01:17+08:00][sql] SELECT * FROM `ls_dev_auth` WHERE  `type` = 1  AND `del` = 0  AND `disable` = 0 ORDER BY `sort` DESC [ RunTime:0.001000s ]
[2023-04-18T14:01:17+08:00][sql] SHOW FULL COLUMNS FROM `ls_role` [ RunTime:0.005001s ]
[2023-04-18T14:01:17+08:00][sql] SELECT `name` FROM `ls_role` WHERE  `id` = 0 LIMIT 1 [ RunTime:0.000000s ]
[2023-04-18T14:01:17+08:00][sql] CONNECT:[ UseTime:0.001000s ] mysql:host=127.0.0.1;port=3306;dbname=cdiancan;charset=utf8mb4
[2023-04-18T14:01:17+08:00][sql] SHOW FULL COLUMNS FROM `ls_config` [ RunTime:0.001000s ]
[2023-04-18T14:01:17+08:00][sql] SELECT `value` FROM `ls_config` WHERE  `type` = 'copyright'  AND `name` = 'company_name'  AND `shop_id` = 0 LIMIT 1 [ RunTime:0.000000s ]
[2023-04-18T14:01:17+08:00][sql] SHOW FULL COLUMNS FROM `ls_system_log` [ RunTime:0.003000s ]
[2023-04-18T14:01:17+08:00][sql] INSERT INTO `ls_system_log` SET `admin_id` = 1 , `name` = 'admin' , `account` = 'admin' , `create_time` = 1681797677 , `uri` = '/admin/index/stat.html' , `type` = 'GET' , `param` = '[]' , `ip` = '127.0.0.1' [ RunTime:0.000000s ]
[2023-04-18T14:01:17+08:00][sql] SHOW FULL COLUMNS FROM `ls_order` [ RunTime:0.006001s ]
[2023-04-18T14:01:17+08:00][sql] SELECT * FROM `ls_order` WHERE  `del` = 0  AND `pay_status` = 1  AND `create_time` BETWEEN 1681747200 AND 1681833599 [ RunTime:0.001000s ]
[2023-04-18T14:01:17+08:00][sql] CONNECT:[ UseTime:0.001000s ] mysql:host=127.0.0.1;port=3306;dbname=cdiancan;charset=utf8mb4
[2023-04-18T14:01:17+08:00][sql] SHOW FULL COLUMNS FROM `ls_config` [ RunTime:0.001000s ]
[2023-04-18T14:01:17+08:00][sql] SELECT `value` FROM `ls_config` WHERE  `type` = 'copyright'  AND `name` = 'company_name'  AND `shop_id` = 0 LIMIT 1 [ RunTime:0.001000s ]
[2023-04-18T14:01:17+08:00][sql] SHOW FULL COLUMNS FROM `ls_system_log` [ RunTime:0.004000s ]
[2023-04-18T14:01:17+08:00][sql] INSERT INTO `ls_system_log` SET `admin_id` = 1 , `name` = 'admin' , `account` = 'admin' , `create_time` = 1681797677 , `uri` = '/admin/index/shop.html' , `type` = 'GET' , `param` = '{\"type\":\"1\",\"page\":\"1\",\"limit\":\"10\"}' , `ip` = '127.0.0.1' [ RunTime:0.000000s ]
[2023-04-18T14:01:17+08:00][sql] SHOW FULL COLUMNS FROM `ls_order` [ RunTime:0.004001s ]
[2023-04-18T14:01:17+08:00][sql] SELECT `s`.`name`,sum(o.order_amount) as sale_amount,count(o.id) as order_sum FROM `ls_order` `o` INNER JOIN `ls_shop` `s` ON `s`.`id`=`o`.`shop_id` WHERE  `o`.`del` = 0  AND `o`.`pay_status` = 1 GROUP BY `shop_id` ORDER BY `sale_amount` DESC,`s`.`id` DESC LIMIT 10 [ RunTime:0.001000s ]
[2023-04-18T14:01:17+08:00][sql] CONNECT:[ UseTime:0.001000s ] mysql:host=127.0.0.1;port=3306;dbname=cdiancan;charset=utf8mb4
[2023-04-18T14:01:17+08:00][sql] SHOW FULL COLUMNS FROM `ls_config` [ RunTime:0.001000s ]
[2023-04-18T14:01:17+08:00][sql] SELECT `value` FROM `ls_config` WHERE  `type` = 'copyright'  AND `name` = 'company_name'  AND `shop_id` = 0 LIMIT 1 [ RunTime:0.001000s ]
[2023-04-18T14:01:17+08:00][sql] SHOW FULL COLUMNS FROM `ls_system_log` [ RunTime:0.003000s ]
[2023-04-18T14:01:17+08:00][sql] INSERT INTO `ls_system_log` SET `admin_id` = 1 , `name` = 'admin' , `account` = 'admin' , `create_time` = 1681797677 , `uri` = '/admin/index/stat.html' , `type` = 'GET' , `param` = '[]' , `ip` = '127.0.0.1' [ RunTime:0.000000s ]
[2023-04-18T14:01:17+08:00][sql] SHOW FULL COLUMNS FROM `ls_order` [ RunTime:0.004000s ]
[2023-04-18T14:01:17+08:00][sql] SELECT SUM(`order_amount`) AS think_sum FROM `ls_order` WHERE  `create_time` BETWEEN 1680451200 AND 1680537599   AND `pay_status` = 1 [ RunTime:0.001000s ]
[2023-04-18T14:01:17+08:00][sql] SELECT COUNT(`id`) AS think_count FROM `ls_order` WHERE  `create_time` BETWEEN 1680451200 AND 1680537599   AND `pay_status` = 1 [ RunTime:0.000000s ]
[2023-04-18T14:01:17+08:00][sql] SELECT SUM(`order_amount`) AS think_sum FROM `ls_order` WHERE  `create_time` BETWEEN 1680537600 AND 1680623999   AND `pay_status` = 1 [ RunTime:0.000000s ]
[2023-04-18T14:01:17+08:00][sql] SELECT COUNT(`id`) AS think_count FROM `ls_order` WHERE  `create_time` BETWEEN 1680537600 AND 1680623999   AND `pay_status` = 1 [ RunTime:0.001000s ]
[2023-04-18T14:01:17+08:00][sql] SELECT SUM(`order_amount`) AS think_sum FROM `ls_order` WHERE  `create_time` BETWEEN 1680624000 AND 1680710399   AND `pay_status` = 1 [ RunTime:0.000000s ]
[2023-04-18T14:01:17+08:00][sql] SELECT COUNT(`id`) AS think_count FROM `ls_order` WHERE  `create_time` BETWEEN 1680624000 AND 1680710399   AND `pay_status` = 1 [ RunTime:0.001000s ]
[2023-04-18T14:01:17+08:00][sql] SELECT SUM(`order_amount`) AS think_sum FROM `ls_order` WHERE  `create_time` BETWEEN 1680710400 AND 1680796799   AND `pay_status` = 1 [ RunTime:0.000000s ]
[2023-04-18T14:01:17+08:00][sql] SELECT COUNT(`id`) AS think_count FROM `ls_order` WHERE  `create_time` BETWEEN 1680710400 AND 1680796799   AND `pay_status` = 1 [ RunTime:0.001000s ]
[2023-04-18T14:01:17+08:00][sql] SELECT SUM(`order_amount`) AS think_sum FROM `ls_order` WHERE  `create_time` BETWEEN 1680796800 AND 1680883199   AND `pay_status` = 1 [ RunTime:0.000000s ]
[2023-04-18T14:01:17+08:00][sql] SELECT COUNT(`id`) AS think_count FROM `ls_order` WHERE  `create_time` BETWEEN 1680796800 AND 1680883199   AND `pay_status` = 1 [ RunTime:0.001000s ]
[2023-04-18T14:01:17+08:00][sql] SELECT SUM(`order_amount`) AS think_sum FROM `ls_order` WHERE  `create_time` BETWEEN 1680883200 AND 1680969599   AND `pay_status` = 1 [ RunTime:0.000000s ]
[2023-04-18T14:01:17+08:00][sql] SELECT COUNT(`id`) AS think_count FROM `ls_order` WHERE  `create_time` BETWEEN 1680883200 AND 1680969599   AND `pay_status` = 1 [ RunTime:0.000000s ]
[2023-04-18T14:01:17+08:00][sql] SELECT SUM(`order_amount`) AS think_sum FROM `ls_order` WHERE  `create_time` BETWEEN 1680969600 AND 1681055999   AND `pay_status` = 1 [ RunTime:0.001000s ]
[2023-04-18T14:01:17+08:00][sql] SELECT COUNT(`id`) AS think_count FROM `ls_order` WHERE  `create_time` BETWEEN 1680969600 AND 1681055999   AND `pay_status` = 1 [ RunTime:0.000000s ]
[2023-04-18T14:01:17+08:00][sql] SELECT SUM(`order_amount`) AS think_sum FROM `ls_order` WHERE  `create_time` BETWEEN 1681056000 AND 1681142399   AND `pay_status` = 1 [ RunTime:0.001000s ]
[2023-04-18T14:01:17+08:00][sql] SELECT COUNT(`id`) AS think_count FROM `ls_order` WHERE  `create_time` BETWEEN 1681056000 AND 1681142399   AND `pay_status` = 1 [ RunTime:0.000000s ]
[2023-04-18T14:01:17+08:00][sql] SELECT SUM(`order_amount`) AS think_sum FROM `ls_order` WHERE  `create_time` BETWEEN 1681142400 AND 1681228799   AND `pay_status` = 1 [ RunTime:0.001000s ]
[2023-04-18T14:01:17+08:00][sql] SELECT COUNT(`id`) AS think_count FROM `ls_order` WHERE  `create_time` BETWEEN 1681142400 AND 1681228799   AND `pay_status` = 1 [ RunTime:0.000000s ]
[2023-04-18T14:01:17+08:00][sql] SELECT SUM(`order_amount`) AS think_sum FROM `ls_order` WHERE  `create_time` BETWEEN 1681228800 AND 1681315199   AND `pay_status` = 1 [ RunTime:0.000000s ]
[2023-04-18T14:01:17+08:00][sql] SELECT COUNT(`id`) AS think_count FROM `ls_order` WHERE  `create_time` BETWEEN 1681228800 AND 1681315199   AND `pay_status` = 1 [ RunTime:0.000000s ]
[2023-04-18T14:01:17+08:00][sql] SELECT SUM(`order_amount`) AS think_sum FROM `ls_order` WHERE  `create_time` BETWEEN 1681315200 AND 1681401599   AND `pay_status` = 1 [ RunTime:0.000000s ]
[2023-04-18T14:01:17+08:00][sql] SELECT COUNT(`id`) AS think_count FROM `ls_order` WHERE  `create_time` BETWEEN 1681315200 AND 1681401599   AND `pay_status` = 1 [ RunTime:0.001000s ]
[2023-04-18T14:01:17+08:00][sql] SELECT SUM(`order_amount`) AS think_sum FROM `ls_order` WHERE  `create_time` BETWEEN 1681401600 AND 1681487999   AND `pay_status` = 1 [ RunTime:0.000000s ]
[2023-04-18T14:01:17+08:00][sql] SELECT COUNT(`id`) AS think_count FROM `ls_order` WHERE  `create_time` BETWEEN 1681401600 AND 1681487999   AND `pay_status` = 1 [ RunTime:0.001000s ]
[2023-04-18T14:01:17+08:00][sql] SELECT SUM(`order_amount`) AS think_sum FROM `ls_order` WHERE  `create_time` BETWEEN 1681488000 AND 1681574399   AND `pay_status` = 1 [ RunTime:0.000000s ]
[2023-04-18T14:01:17+08:00][sql] SELECT COUNT(`id`) AS think_count FROM `ls_order` WHERE  `create_time` BETWEEN 1681488000 AND 1681574399   AND `pay_status` = 1 [ RunTime:0.001000s ]
[2023-04-18T14:01:17+08:00][sql] SELECT SUM(`order_amount`) AS think_sum FROM `ls_order` WHERE  `create_time` BETWEEN 1681574400 AND 1681660799   AND `pay_status` = 1 [ RunTime:0.000000s ]
[2023-04-18T14:01:17+08:00][sql] SELECT COUNT(`id`) AS think_count FROM `ls_order` WHERE  `create_time` BETWEEN 1681574400 AND 1681660799   AND `pay_status` = 1 [ RunTime:0.000000s ]
[2023-04-18T14:01:17+08:00][sql] SELECT SUM(`order_amount`) AS think_sum FROM `ls_order` WHERE  `create_time` BETWEEN 1681660800 AND 1681747199   AND `pay_status` = 1 [ RunTime:0.000000s ]
[2023-04-18T14:01:17+08:00][sql] SELECT COUNT(`id`) AS think_count FROM `ls_order` WHERE  `create_time` BETWEEN 1681660800 AND 1681747199   AND `pay_status` = 1 [ RunTime:0.000000s ]
[2023-04-18T14:01:17+08:00][sql] CONNECT:[ UseTime:0.001000s ] mysql:host=127.0.0.1;port=3306;dbname=cdiancan;charset=utf8mb4
[2023-04-18T14:01:17+08:00][sql] SHOW FULL COLUMNS FROM `ls_config` [ RunTime:0.001000s ]
[2023-04-18T14:01:17+08:00][sql] SELECT `value` FROM `ls_config` WHERE  `type` = 'copyright'  AND `name` = 'company_name'  AND `shop_id` = 0 LIMIT 1 [ RunTime:0.000000s ]
[2023-04-18T14:01:17+08:00][sql] SHOW FULL COLUMNS FROM `ls_system_log` [ RunTime:0.003000s ]
[2023-04-18T14:01:17+08:00][sql] INSERT INTO `ls_system_log` SET `admin_id` = 1 , `name` = 'admin' , `account` = 'admin' , `create_time` = 1681797677 , `uri` = '/admin/index/shop.html' , `type` = 'GET' , `param` = '{\"type\":\"2\",\"page\":\"1\",\"limit\":\"10\"}' , `ip` = '127.0.0.1' [ RunTime:0.000000s ]
[2023-04-18T14:01:17+08:00][sql] SHOW FULL COLUMNS FROM `ls_goods` [ RunTime:0.001000s ]
[2023-04-18T14:01:17+08:00][sql] SELECT `g`.`code`,`g`.`name`,sum(og.goods_price * og.goods_num) as sale_amount,sum(goods_num) as goods_num,count(o.id) as order_sum FROM `ls_goods` `g` INNER JOIN `ls_order_goods` `og` ON `g`.`id`=`og`.`goods_id` INNER JOIN `ls_order` `o` ON `o`.`id`=`og`.`order_id` WHERE  `o`.`del` = 0  AND `o`.`pay_status` = 1 GROUP BY `g`.`id` ORDER BY `sale_amount` DESC,`g`.`id` DESC LIMIT 10 [ RunTime:0.008000s ]
[2023-04-18T14:01:19+08:00][sql] CONNECT:[ UseTime:0.001000s ] mysql:host=127.0.0.1;port=3306;dbname=cdiancan;charset=utf8mb4
[2023-04-18T14:01:19+08:00][sql] SHOW FULL COLUMNS FROM `ls_config` [ RunTime:0.001001s ]
[2023-04-18T14:01:19+08:00][sql] SELECT `value` FROM `ls_config` WHERE  `type` = 'copyright'  AND `name` = 'company_name'  AND `shop_id` = 0 LIMIT 1 [ RunTime:0.001000s ]
[2023-04-18T14:01:19+08:00][sql] SHOW FULL COLUMNS FROM `ls_system_log` [ RunTime:0.003000s ]
[2023-04-18T14:01:19+08:00][sql] INSERT INTO `ls_system_log` SET `admin_id` = 1 , `name` = 'admin' , `account` = 'admin' , `create_time` = 1681797679 , `uri` = '/admin/goods.Goods/lists.html' , `type` = 'GET' , `param` = '[]' , `ip` = '127.0.0.1' [ RunTime:0.000000s ]
[2023-04-18T14:01:19+08:00][sql] SHOW FULL COLUMNS FROM `ls_goods_category` [ RunTime:0.004000s ]
[2023-04-18T14:01:19+08:00][sql] SELECT `id`,`name` FROM `ls_goods_category` WHERE  `del` = 0 [ RunTime:0.001000s ]
[2023-04-18T14:01:19+08:00][sql] SHOW FULL COLUMNS FROM `ls_goods` [ RunTime:0.001001s ]
[2023-04-18T14:01:19+08:00][sql] SELECT `g`.`status` FROM `ls_goods` `g` INNER JOIN `ls_goods_category` `gc` ON `gc`.`id`=`g`.`goods_category_id` WHERE  `g`.`del` = 0 [ RunTime:0.000000s ]
[2023-04-18T14:01:19+08:00][sql] CONNECT:[ UseTime:0.001000s ] mysql:host=127.0.0.1;port=3306;dbname=cdiancan;charset=utf8mb4
[2023-04-18T14:01:19+08:00][sql] SHOW FULL COLUMNS FROM `ls_config` [ RunTime:0.001000s ]
[2023-04-18T14:01:19+08:00][sql] SELECT `value` FROM `ls_config` WHERE  `type` = 'copyright'  AND `name` = 'company_name'  AND `shop_id` = 0 LIMIT 1 [ RunTime:0.001000s ]
[2023-04-18T14:01:19+08:00][sql] SHOW FULL COLUMNS FROM `ls_system_log` [ RunTime:0.004001s ]
[2023-04-18T14:01:19+08:00][sql] INSERT INTO `ls_system_log` SET `admin_id` = 1 , `name` = 'admin' , `account` = 'admin' , `create_time` = 1681797679 , `uri` = '/admin/goods.goods/lists.html' , `type` = 'GET' , `param` = '{\"type\":\"1\",\"page\":\"1\",\"limit\":\"10\"}' , `ip` = '127.0.0.1' [ RunTime:0.000000s ]
[2023-04-18T14:01:19+08:00][sql] SHOW FULL COLUMNS FROM `ls_goods` [ RunTime:0.001000s ]
[2023-04-18T14:01:19+08:00][sql] SELECT `g`.`id`,`g`.`image`,`g`.`name`,gc.name as goods_category_name,`g`.`min_price`,`g`.`max_price`,`g`.`status`,`g`.`sort`,`g`.`create_time` FROM `ls_goods` `g` INNER JOIN `ls_goods_category` `gc` ON `gc`.`id`=`g`.`goods_category_id` WHERE  `g`.`del` = 0 ORDER BY `g`.`sort` ASC,`g`.`id` DESC LIMIT 0,10 [ RunTime:0.003000s ]
[2023-04-18T14:01:19+08:00][sql] SELECT COUNT(*) AS think_count FROM `ls_goods` `g` INNER JOIN `ls_goods_category` `gc` ON `gc`.`id`=`g`.`goods_category_id` WHERE  `g`.`del` = 0 [ RunTime:0.001000s ]
[2023-04-18T14:01:19+08:00][sql] SHOW FULL COLUMNS FROM `ls_shop_goods` [ RunTime:0.000000s ]
[2023-04-18T14:01:19+08:00][sql] SELECT SUM(`sales_sum`) AS think_sum FROM `ls_shop_goods` WHERE  `goods_id` = 12 [ RunTime:0.000000s ]
[2023-04-18T14:01:19+08:00][sql] SELECT SUM(`sales_sum`) AS think_sum FROM `ls_shop_goods` WHERE  `goods_id` = 11 [ RunTime:0.000000s ]
[2023-04-18T14:01:19+08:00][sql] SELECT SUM(`sales_sum`) AS think_sum FROM `ls_shop_goods` WHERE  `goods_id` = 10 [ RunTime:0.000000s ]
[2023-04-18T14:01:19+08:00][sql] SELECT SUM(`sales_sum`) AS think_sum FROM `ls_shop_goods` WHERE  `goods_id` = 9 [ RunTime:0.001000s ]
[2023-04-18T14:01:19+08:00][sql] SELECT SUM(`sales_sum`) AS think_sum FROM `ls_shop_goods` WHERE  `goods_id` = 8 [ RunTime:0.000000s ]
[2023-04-18T14:01:19+08:00][sql] SELECT SUM(`sales_sum`) AS think_sum FROM `ls_shop_goods` WHERE  `goods_id` = 7 [ RunTime:0.001000s ]
[2023-04-18T14:01:19+08:00][sql] SELECT SUM(`sales_sum`) AS think_sum FROM `ls_shop_goods` WHERE  `goods_id` = 6 [ RunTime:0.000000s ]
[2023-04-18T14:01:19+08:00][sql] SELECT SUM(`sales_sum`) AS think_sum FROM `ls_shop_goods` WHERE  `goods_id` = 5 [ RunTime:0.001000s ]
[2023-04-18T14:01:19+08:00][sql] SELECT SUM(`sales_sum`) AS think_sum FROM `ls_shop_goods` WHERE  `goods_id` = 4 [ RunTime:0.000000s ]
[2023-04-18T14:01:19+08:00][sql] SELECT SUM(`sales_sum`) AS think_sum FROM `ls_shop_goods` WHERE  `goods_id` = 3 [ RunTime:0.000000s ]
[2023-04-18T14:01:21+08:00][sql] CONNECT:[ UseTime:0.001000s ] mysql:host=127.0.0.1;port=3306;dbname=cdiancan;charset=utf8mb4
[2023-04-18T14:01:21+08:00][sql] SHOW FULL COLUMNS FROM `ls_config` [ RunTime:0.001000s ]
[2023-04-18T14:01:21+08:00][sql] SELECT `value` FROM `ls_config` WHERE  `type` = 'copyright'  AND `name` = 'company_name'  AND `shop_id` = 0 LIMIT 1 [ RunTime:0.000000s ]
[2023-04-18T14:01:21+08:00][sql] SHOW FULL COLUMNS FROM `ls_system_log` [ RunTime:0.004001s ]
[2023-04-18T14:01:21+08:00][sql] INSERT INTO `ls_system_log` SET `admin_id` = 1 , `name` = 'admin' , `account` = 'admin' , `create_time` = 1681797681 , `uri` = '/admin/goods.goods/edit.html' , `type` = 'GET' , `param` = '{\"goods_id\":\"12\"}' , `ip` = '127.0.0.1' [ RunTime:0.001000s ]
[2023-04-18T14:01:21+08:00][sql] SHOW FULL COLUMNS FROM `ls_goods_category` [ RunTime:0.004000s ]
[2023-04-18T14:01:21+08:00][sql] SELECT `id`,`name` FROM `ls_goods_category` WHERE  `del` = 0 [ RunTime:0.001000s ]
[2023-04-18T14:01:21+08:00][sql] SHOW FULL COLUMNS FROM `ls_goods` [ RunTime:0.001000s ]
[2023-04-18T14:01:21+08:00][sql] SELECT * FROM `ls_goods` WHERE  `id` = 12 LIMIT 1 [ RunTime:0.000000s ]
[2023-04-18T14:01:21+08:00][sql] SHOW FULL COLUMNS FROM `ls_goods_item` [ RunTime:0.000000s ]
[2023-04-18T14:01:21+08:00][sql] SELECT * FROM `ls_goods_item` WHERE  `goods_id` = 12 [ RunTime:0.000000s ]
[2023-04-18T14:01:21+08:00][sql] SHOW FULL COLUMNS FROM `ls_goods_spec` [ RunTime:0.003001s ]
[2023-04-18T14:01:21+08:00][sql] SELECT * FROM `ls_goods_spec` WHERE  `goods_id` = 12 [ RunTime:0.000000s ]
[2023-04-18T14:01:21+08:00][sql] SHOW FULL COLUMNS FROM `ls_goods_spec_value` [ RunTime:0.003000s ]
[2023-04-18T14:01:21+08:00][sql] SELECT * FROM `ls_goods_spec_value` WHERE  `goods_id` = 12 [ RunTime:0.001000s ]
[2023-04-18T14:01:21+08:00][sql] SELECT * FROM `ls_goods` WHERE  `id` = 12 LIMIT 1 [ RunTime:0.000000s ]
[2023-04-18T14:01:21+08:00][sql] SELECT * FROM `ls_goods_item` WHERE  `goods_id` = 12 [ RunTime:0.001000s ]
[2023-04-18T14:01:21+08:00][sql] SELECT * FROM `ls_goods_spec` WHERE  `goods_id` = 12 [ RunTime:0.000000s ]
[2023-04-18T14:01:21+08:00][sql] SELECT * FROM `ls_goods_spec_value` WHERE  `goods_id` = 12 [ RunTime:0.001000s ]
[2023-04-18T14:01:21+08:00][sql] SHOW FULL COLUMNS FROM `ls_material_category` [ RunTime:0.000000s ]
[2023-04-18T14:01:21+08:00][sql] SELECT `id`,`name` FROM `ls_material_category` WHERE  `del` = 0 [ RunTime:0.002000s ]
[2023-04-18T14:01:21+08:00][sql] SHOW FULL COLUMNS FROM `ls_material` [ RunTime:0.001000s ]
[2023-04-18T14:01:21+08:00][sql] SELECT * FROM `ls_material` WHERE  `del` = 0  AND `material_category_id` IN (1,4,5,6,7) [ RunTime:0.001001s ]
[2023-04-18T14:01:21+08:00][sql] SHOW FULL COLUMNS FROM `ls_goods_material` [ RunTime:0.001000s ]
[2023-04-18T14:01:21+08:00][sql] SELECT * FROM `ls_goods_material` WHERE  `goods_id` = 12 [ RunTime:0.001000s ]
[2023-04-18T14:01:21+08:00][sql] SHOW FULL COLUMNS FROM `ls_goods_material_category` [ RunTime:0.001000s ]
[2023-04-18T14:01:21+08:00][sql] SELECT * FROM `ls_goods_material_category` WHERE  `goods_id` = 12 [ RunTime:0.001000s ]
[2023-04-18T14:01:34+08:00][sql] CONNECT:[ UseTime:0.001000s ] mysql:host=127.0.0.1;port=3306;dbname=cdiancan;charset=utf8mb4
[2023-04-18T14:01:34+08:00][sql] SHOW FULL COLUMNS FROM `ls_config` [ RunTime:0.001000s ]
[2023-04-18T14:01:34+08:00][sql] SELECT `value` FROM `ls_config` WHERE  `type` = 'copyright'  AND `name` = 'company_name'  AND `shop_id` = 0 LIMIT 1 [ RunTime:0.000000s ]
[2023-04-18T14:01:34+08:00][sql] SHOW FULL COLUMNS FROM `ls_system_log` [ RunTime:0.004000s ]
[2023-04-18T14:01:34+08:00][sql] INSERT INTO `ls_system_log` SET `admin_id` = 1 , `name` = 'admin' , `account` = 'admin' , `create_time` = 1681797694 , `uri` = '/admin/goods.goods/changeStatus.html' , `type` = 'POST' , `param` = '{\"goods_ids\":[\"12\"],\"status\":\"0\"}' , `ip` = '127.0.0.1' [ RunTime:0.001000s ]
[2023-04-18T14:01:34+08:00][sql] SHOW FULL COLUMNS FROM `ls_goods` [ RunTime:0.001000s ]
[2023-04-18T14:01:34+08:00][sql] UPDATE `ls_goods`  SET `status` = 0 , `update_time` = 1681797694  WHERE  `id` = 12 [ RunTime:0.001000s ]
[2023-04-18T14:01:34+08:00][sql] SHOW FULL COLUMNS FROM `ls_shop_goods` [ RunTime:0.000000s ]
[2023-04-18T14:01:34+08:00][sql] SELECT `id` FROM `ls_shop_goods` WHERE  `goods_id` = 12 [ RunTime:0.000000s ]
[2023-04-18T14:01:34+08:00][sql] UPDATE `ls_shop_goods`  SET `status` = 0  WHERE  `id` = 1 [ RunTime:0.000000s ]
[2023-04-18T14:01:34+08:00][sql] UPDATE `ls_shop_goods`  SET `status` = 0  WHERE  `id` = 13 [ RunTime:0.000000s ]
[2023-04-18T14:01:34+08:00][sql] CONNECT:[ UseTime:0.001000s ] mysql:host=127.0.0.1;port=3306;dbname=cdiancan;charset=utf8mb4
[2023-04-18T14:01:34+08:00][sql] SHOW FULL COLUMNS FROM `ls_config` [ RunTime:0.001000s ]
[2023-04-18T14:01:34+08:00][sql] SELECT `value` FROM `ls_config` WHERE  `type` = 'copyright'  AND `name` = 'company_name'  AND `shop_id` = 0 LIMIT 1 [ RunTime:0.000000s ]
[2023-04-18T14:01:34+08:00][sql] SHOW FULL COLUMNS FROM `ls_system_log` [ RunTime:0.004000s ]
[2023-04-18T14:01:34+08:00][sql] INSERT INTO `ls_system_log` SET `admin_id` = 1 , `name` = 'admin' , `account` = 'admin' , `create_time` = 1681797694 , `uri` = '/admin/goods.goods/totalCount.html' , `type` = 'GET' , `param` = '[]' , `ip` = '127.0.0.1' [ RunTime:0.001000s ]
[2023-04-18T14:01:34+08:00][sql] SHOW FULL COLUMNS FROM `ls_goods` [ RunTime:0.001000s ]
[2023-04-18T14:01:34+08:00][sql] SELECT `g`.`status` FROM `ls_goods` `g` INNER JOIN `ls_goods_category` `gc` ON `gc`.`id`=`g`.`goods_category_id` WHERE  `g`.`del` = 0 [ RunTime:0.003000s ]
[2023-04-18T14:01:34+08:00][sql] CONNECT:[ UseTime:0.001000s ] mysql:host=127.0.0.1;port=3306;dbname=cdiancan;charset=utf8mb4
[2023-04-18T14:01:34+08:00][sql] SHOW FULL COLUMNS FROM `ls_config` [ RunTime:0.001000s ]
[2023-04-18T14:01:34+08:00][sql] SELECT `value` FROM `ls_config` WHERE  `type` = 'copyright'  AND `name` = 'company_name'  AND `shop_id` = 0 LIMIT 1 [ RunTime:0.001000s ]
[2023-04-18T14:01:34+08:00][sql] SHOW FULL COLUMNS FROM `ls_system_log` [ RunTime:0.003000s ]
[2023-04-18T14:01:34+08:00][sql] INSERT INTO `ls_system_log` SET `admin_id` = 1 , `name` = 'admin' , `account` = 'admin' , `create_time` = 1681797694 , `uri` = '/admin/goods.goods/lists.html' , `type` = 'GET' , `param` = '{\"type\":\"1\",\"page\":\"1\",\"limit\":\"10\"}' , `ip` = '127.0.0.1' [ RunTime:0.000000s ]
[2023-04-18T14:01:34+08:00][sql] SHOW FULL COLUMNS FROM `ls_goods` [ RunTime:0.001000s ]
[2023-04-18T14:01:34+08:00][sql] SELECT `g`.`id`,`g`.`image`,`g`.`name`,gc.name as goods_category_name,`g`.`min_price`,`g`.`max_price`,`g`.`status`,`g`.`sort`,`g`.`create_time` FROM `ls_goods` `g` INNER JOIN `ls_goods_category` `gc` ON `gc`.`id`=`g`.`goods_category_id` WHERE  `g`.`del` = 0 ORDER BY `g`.`sort` ASC,`g`.`id` DESC LIMIT 0,10 [ RunTime:0.003000s ]
[2023-04-18T14:01:34+08:00][sql] SELECT COUNT(*) AS think_count FROM `ls_goods` `g` INNER JOIN `ls_goods_category` `gc` ON `gc`.`id`=`g`.`goods_category_id` WHERE  `g`.`del` = 0 [ RunTime:0.001000s ]
[2023-04-18T14:01:34+08:00][sql] SHOW FULL COLUMNS FROM `ls_shop_goods` [ RunTime:0.001000s ]
[2023-04-18T14:01:34+08:00][sql] SELECT SUM(`sales_sum`) AS think_sum FROM `ls_shop_goods` WHERE  `goods_id` = 12 [ RunTime:0.001000s ]
[2023-04-18T14:01:34+08:00][sql] SELECT SUM(`sales_sum`) AS think_sum FROM `ls_shop_goods` WHERE  `goods_id` = 11 [ RunTime:0.000000s ]
[2023-04-18T14:01:34+08:00][sql] SELECT SUM(`sales_sum`) AS think_sum FROM `ls_shop_goods` WHERE  `goods_id` = 10 [ RunTime:0.000000s ]
[2023-04-18T14:01:34+08:00][sql] SELECT SUM(`sales_sum`) AS think_sum FROM `ls_shop_goods` WHERE  `goods_id` = 9 [ RunTime:0.000000s ]
[2023-04-18T14:01:34+08:00][sql] SELECT SUM(`sales_sum`) AS think_sum FROM `ls_shop_goods` WHERE  `goods_id` = 8 [ RunTime:0.000000s ]
[2023-04-18T14:01:34+08:00][sql] SELECT SUM(`sales_sum`) AS think_sum FROM `ls_shop_goods` WHERE  `goods_id` = 7 [ RunTime:0.000000s ]
[2023-04-18T14:01:34+08:00][sql] SELECT SUM(`sales_sum`) AS think_sum FROM `ls_shop_goods` WHERE  `goods_id` = 6 [ RunTime:0.000000s ]
[2023-04-18T14:01:34+08:00][sql] SELECT SUM(`sales_sum`) AS think_sum FROM `ls_shop_goods` WHERE  `goods_id` = 5 [ RunTime:0.000000s ]
[2023-04-18T14:01:34+08:00][sql] SELECT SUM(`sales_sum`) AS think_sum FROM `ls_shop_goods` WHERE  `goods_id` = 4 [ RunTime:0.000000s ]
[2023-04-18T14:01:34+08:00][sql] SELECT SUM(`sales_sum`) AS think_sum FROM `ls_shop_goods` WHERE  `goods_id` = 3 [ RunTime:0.000000s ]
[2023-04-18T14:01:36+08:00][sql] CONNECT:[ UseTime:0.002001s ] mysql:host=127.0.0.1;port=3306;dbname=cdiancan;charset=utf8mb4
[2023-04-18T14:01:36+08:00][sql] SHOW FULL COLUMNS FROM `ls_config` [ RunTime:0.001000s ]
[2023-04-18T14:01:36+08:00][sql] SELECT `value` FROM `ls_config` WHERE  `type` = 'copyright'  AND `name` = 'company_name'  AND `shop_id` = 0 LIMIT 1 [ RunTime:0.001000s ]
[2023-04-18T14:01:36+08:00][sql] SHOW FULL COLUMNS FROM `ls_system_log` [ RunTime:0.004000s ]
[2023-04-18T14:01:36+08:00][sql] INSERT INTO `ls_system_log` SET `admin_id` = 1 , `name` = 'admin' , `account` = 'admin' , `create_time` = 1681797696 , `uri` = '/admin/goods.goods/edit.html' , `type` = 'GET' , `param` = '{\"goods_id\":\"12\"}' , `ip` = '127.0.0.1' [ RunTime:0.000000s ]
[2023-04-18T14:01:36+08:00][sql] SHOW FULL COLUMNS FROM `ls_goods_category` [ RunTime:0.003000s ]
[2023-04-18T14:01:36+08:00][sql] SELECT `id`,`name` FROM `ls_goods_category` WHERE  `del` = 0 [ RunTime:0.001001s ]
[2023-04-18T14:01:36+08:00][sql] SHOW FULL COLUMNS FROM `ls_goods` [ RunTime:0.001000s ]
[2023-04-18T14:01:36+08:00][sql] SELECT * FROM `ls_goods` WHERE  `id` = 12 LIMIT 1 [ RunTime:0.001000s ]
[2023-04-18T14:01:36+08:00][sql] SHOW FULL COLUMNS FROM `ls_goods_item` [ RunTime:0.001000s ]
[2023-04-18T14:01:36+08:00][sql] SELECT * FROM `ls_goods_item` WHERE  `goods_id` = 12 [ RunTime:0.001000s ]
[2023-04-18T14:01:36+08:00][sql] SHOW FULL COLUMNS FROM `ls_goods_spec` [ RunTime:0.004000s ]
[2023-04-18T14:01:36+08:00][sql] SELECT * FROM `ls_goods_spec` WHERE  `goods_id` = 12 [ RunTime:0.000000s ]
[2023-04-18T14:01:36+08:00][sql] SHOW FULL COLUMNS FROM `ls_goods_spec_value` [ RunTime:0.003000s ]
[2023-04-18T14:01:36+08:00][sql] SELECT * FROM `ls_goods_spec_value` WHERE  `goods_id` = 12 [ RunTime:0.001000s ]
[2023-04-18T14:01:36+08:00][sql] SELECT * FROM `ls_goods` WHERE  `id` = 12 LIMIT 1 [ RunTime:0.001000s ]
[2023-04-18T14:01:36+08:00][sql] SELECT * FROM `ls_goods_item` WHERE  `goods_id` = 12 [ RunTime:0.000000s ]
[2023-04-18T14:01:36+08:00][sql] SELECT * FROM `ls_goods_spec` WHERE  `goods_id` = 12 [ RunTime:0.000000s ]
[2023-04-18T14:01:36+08:00][sql] SELECT * FROM `ls_goods_spec_value` WHERE  `goods_id` = 12 [ RunTime:0.000000s ]
[2023-04-18T14:01:36+08:00][sql] SHOW FULL COLUMNS FROM `ls_material_category` [ RunTime:0.001000s ]
[2023-04-18T14:01:36+08:00][sql] SELECT `id`,`name` FROM `ls_material_category` WHERE  `del` = 0 [ RunTime:0.000000s ]
[2023-04-18T14:01:36+08:00][sql] SHOW FULL COLUMNS FROM `ls_material` [ RunTime:0.001000s ]
[2023-04-18T14:01:36+08:00][sql] SELECT * FROM `ls_material` WHERE  `del` = 0  AND `material_category_id` IN (1,4,5,6,7) [ RunTime:0.000000s ]
[2023-04-18T14:01:36+08:00][sql] SHOW FULL COLUMNS FROM `ls_goods_material` [ RunTime:0.001000s ]
[2023-04-18T14:01:36+08:00][sql] SELECT * FROM `ls_goods_material` WHERE  `goods_id` = 12 [ RunTime:0.000000s ]
[2023-04-18T14:01:36+08:00][sql] SHOW FULL COLUMNS FROM `ls_goods_material_category` [ RunTime:0.001000s ]
[2023-04-18T14:01:36+08:00][sql] SELECT * FROM `ls_goods_material_category` WHERE  `goods_id` = 12 [ RunTime:0.000000s ]
[2023-04-18T14:01:50+08:00][sql] CONNECT:[ UseTime:0.002000s ] mysql:host=127.0.0.1;port=3306;dbname=cdiancan;charset=utf8mb4
[2023-04-18T14:01:50+08:00][sql] SHOW FULL COLUMNS FROM `ls_config` [ RunTime:0.001000s ]
[2023-04-18T14:01:50+08:00][sql] SELECT `value` FROM `ls_config` WHERE  `type` = 'copyright'  AND `name` = 'company_name'  AND `shop_id` = 0 LIMIT 1 [ RunTime:0.001000s ]
[2023-04-18T14:01:50+08:00][sql] SHOW FULL COLUMNS FROM `ls_system_log` [ RunTime:0.004000s ]
[2023-04-18T14:01:50+08:00][sql] INSERT INTO `ls_system_log` SET `admin_id` = 1 , `name` = 'admin' , `account` = 'admin' , `create_time` = 1681797710 , `uri` = '/admin/goods.goods/edit.html' , `type` = 'GET' , `param` = '{\"goods_id\":\"12\"}' , `ip` = '127.0.0.1' [ RunTime:0.002001s ]
[2023-04-18T14:01:50+08:00][sql] SHOW FULL COLUMNS FROM `ls_goods_category` [ RunTime:0.003000s ]
[2023-04-18T14:01:50+08:00][sql] SELECT `id`,`name` FROM `ls_goods_category` WHERE  `del` = 0 [ RunTime:0.000000s ]
[2023-04-18T14:01:50+08:00][sql] SHOW FULL COLUMNS FROM `ls_goods` [ RunTime:0.000000s ]
[2023-04-18T14:01:50+08:00][sql] SELECT * FROM `ls_goods` WHERE  `id` = 12 LIMIT 1 [ RunTime:0.000000s ]
[2023-04-18T14:01:50+08:00][sql] SHOW FULL COLUMNS FROM `ls_goods_item` [ RunTime:0.001000s ]
[2023-04-18T14:01:50+08:00][sql] SELECT * FROM `ls_goods_item` WHERE  `goods_id` = 12 [ RunTime:0.000000s ]
[2023-04-18T14:01:50+08:00][sql] SHOW FULL COLUMNS FROM `ls_goods_spec` [ RunTime:0.003001s ]
[2023-04-18T14:01:50+08:00][sql] SELECT * FROM `ls_goods_spec` WHERE  `goods_id` = 12 [ RunTime:0.000000s ]
[2023-04-18T14:01:50+08:00][sql] SHOW FULL COLUMNS FROM `ls_goods_spec_value` [ RunTime:0.003000s ]
[2023-04-18T14:01:50+08:00][sql] SELECT * FROM `ls_goods_spec_value` WHERE  `goods_id` = 12 [ RunTime:0.000000s ]
[2023-04-18T14:01:50+08:00][sql] SELECT * FROM `ls_goods` WHERE  `id` = 12 LIMIT 1 [ RunTime:0.000000s ]
[2023-04-18T14:01:50+08:00][sql] SELECT * FROM `ls_goods_item` WHERE  `goods_id` = 12 [ RunTime:0.001000s ]
[2023-04-18T14:01:50+08:00][sql] SELECT * FROM `ls_goods_spec` WHERE  `goods_id` = 12 [ RunTime:0.000000s ]
[2023-04-18T14:01:50+08:00][sql] SELECT * FROM `ls_goods_spec_value` WHERE  `goods_id` = 12 [ RunTime:0.001000s ]
[2023-04-18T14:01:50+08:00][sql] SHOW FULL COLUMNS FROM `ls_material_category` [ RunTime:0.001000s ]
[2023-04-18T14:01:50+08:00][sql] SELECT `id`,`name` FROM `ls_material_category` WHERE  `del` = 0 [ RunTime:0.001000s ]
[2023-04-18T14:01:50+08:00][sql] SHOW FULL COLUMNS FROM `ls_material` [ RunTime:0.001000s ]
[2023-04-18T14:01:50+08:00][sql] SELECT * FROM `ls_material` WHERE  `del` = 0  AND `material_category_id` IN (1,4,5,6,7) [ RunTime:0.001001s ]
[2023-04-18T14:01:50+08:00][sql] SHOW FULL COLUMNS FROM `ls_goods_material` [ RunTime:0.001000s ]
[2023-04-18T14:01:50+08:00][sql] SELECT * FROM `ls_goods_material` WHERE  `goods_id` = 12 [ RunTime:0.000000s ]
[2023-04-18T14:01:50+08:00][sql] SHOW FULL COLUMNS FROM `ls_goods_material_category` [ RunTime:0.000000s ]
[2023-04-18T14:01:50+08:00][sql] SELECT * FROM `ls_goods_material_category` WHERE  `goods_id` = 12 [ RunTime:0.000000s ]
[2023-04-18T14:03:51+08:00][sql] CONNECT:[ UseTime:0.001000s ] mysql:host=127.0.0.1;port=3306;dbname=cdiancan;charset=utf8mb4
[2023-04-18T14:03:51+08:00][sql] SHOW FULL COLUMNS FROM `ls_config` [ RunTime:0.001000s ]
[2023-04-18T14:03:51+08:00][sql] SELECT `value` FROM `ls_config` WHERE  `type` = 'copyright'  AND `name` = 'company_name'  AND `shop_id` = 0 LIMIT 1 [ RunTime:0.001000s ]
[2023-04-18T14:03:51+08:00][sql] SHOW FULL COLUMNS FROM `ls_system_log` [ RunTime:0.003000s ]
[2023-04-18T14:03:51+08:00][sql] INSERT INTO `ls_system_log` SET `admin_id` = 1 , `name` = 'admin' , `account` = 'admin' , `create_time` = 1681797831 , `uri` = '/admin/goods.goods/edit.html' , `type` = 'GET' , `param` = '{\"goods_id\":\"12\"}' , `ip` = '127.0.0.1' [ RunTime:0.000000s ]
[2023-04-18T14:03:51+08:00][sql] SHOW FULL COLUMNS FROM `ls_goods_category` [ RunTime:0.003000s ]
[2023-04-18T14:03:51+08:00][sql] SELECT `id`,`name` FROM `ls_goods_category` WHERE  `del` = 0 [ RunTime:0.000000s ]
[2023-04-18T14:03:51+08:00][sql] SHOW FULL COLUMNS FROM `ls_goods` [ RunTime:0.001000s ]
[2023-04-18T14:03:51+08:00][sql] SELECT * FROM `ls_goods` WHERE  `id` = 12 LIMIT 1 [ RunTime:0.000000s ]
[2023-04-18T14:03:51+08:00][sql] SHOW FULL COLUMNS FROM `ls_goods_item` [ RunTime:0.001000s ]
[2023-04-18T14:03:51+08:00][sql] SELECT * FROM `ls_goods_item` WHERE  `goods_id` = 12 [ RunTime:0.000000s ]
[2023-04-18T14:03:51+08:00][sql] SHOW FULL COLUMNS FROM `ls_goods_spec` [ RunTime:0.003000s ]
[2023-04-18T14:03:51+08:00][sql] SELECT * FROM `ls_goods_spec` WHERE  `goods_id` = 12 [ RunTime:0.001000s ]
[2023-04-18T14:03:51+08:00][sql] SHOW FULL COLUMNS FROM `ls_goods_spec_value` [ RunTime:0.003000s ]
[2023-04-18T14:03:51+08:00][sql] SELECT * FROM `ls_goods_spec_value` WHERE  `goods_id` = 12 [ RunTime:0.001000s ]
[2023-04-18T14:03:51+08:00][sql] SELECT * FROM `ls_goods` WHERE  `id` = 12 LIMIT 1 [ RunTime:0.000000s ]
[2023-04-18T14:03:51+08:00][sql] SELECT * FROM `ls_goods_item` WHERE  `goods_id` = 12 [ RunTime:0.001000s ]
[2023-04-18T14:03:51+08:00][sql] SELECT * FROM `ls_goods_spec` WHERE  `goods_id` = 12 [ RunTime:0.000000s ]
[2023-04-18T14:03:51+08:00][sql] SELECT * FROM `ls_goods_spec_value` WHERE  `goods_id` = 12 [ RunTime:0.001000s ]
[2023-04-18T14:03:51+08:00][sql] SHOW FULL COLUMNS FROM `ls_material_category` [ RunTime:0.001000s ]
[2023-04-18T14:03:51+08:00][sql] SELECT `id`,`name` FROM `ls_material_category` WHERE  `del` = 0 [ RunTime:0.001000s ]
[2023-04-18T14:03:51+08:00][sql] SHOW FULL COLUMNS FROM `ls_material` [ RunTime:0.001000s ]
[2023-04-18T14:03:51+08:00][sql] SELECT * FROM `ls_material` WHERE  `del` = 0  AND `material_category_id` IN (1,4,5,6,7) [ RunTime:0.000000s ]
[2023-04-18T14:03:51+08:00][sql] SHOW FULL COLUMNS FROM `ls_goods_material` [ RunTime:0.001000s ]
[2023-04-18T14:03:51+08:00][sql] SELECT * FROM `ls_goods_material` WHERE  `goods_id` = 12 [ RunTime:0.001000s ]
[2023-04-18T14:03:51+08:00][sql] SHOW FULL COLUMNS FROM `ls_goods_material_category` [ RunTime:0.001000s ]
[2023-04-18T14:03:51+08:00][sql] SELECT * FROM `ls_goods_material_category` WHERE  `goods_id` = 12 [ RunTime:0.000000s ]
[2023-04-18T14:04:28+08:00][sql] CONNECT:[ UseTime:0.001000s ] mysql:host=127.0.0.1;port=3306;dbname=cdiancan;charset=utf8mb4
[2023-04-18T14:04:28+08:00][sql] SHOW FULL COLUMNS FROM `ls_config` [ RunTime:0.001000s ]
[2023-04-18T14:04:28+08:00][sql] SELECT `value` FROM `ls_config` WHERE  `type` = 'copyright'  AND `name` = 'company_name'  AND `shop_id` = 0 LIMIT 1 [ RunTime:0.000000s ]
[2023-04-18T14:04:28+08:00][sql] SHOW FULL COLUMNS FROM `ls_system_log` [ RunTime:0.003000s ]
[2023-04-18T14:04:28+08:00][sql] INSERT INTO `ls_system_log` SET `admin_id` = 1 , `name` = 'admin' , `account` = 'admin' , `create_time` = 1681797868 , `uri` = '/admin/goods.goods/edit.html' , `type` = 'POST' , `param` = '{\"code\":\"202110191223\",\"goods_id\":\"12\",\"name\":\"\",\"remark\":\"Q \",\"goods_category_id\":\"4\",\"image\":\"http:\\/\\/cdiancan.net\\/uploads\\/images\\/20211019144329626799779.jpg\",\"spec_type\":\"1\",\"one_market_price\":\"13.00\",\"one_price\":\"13.00\",\"material_category\":[{\"material_category_id\":\"1\",\"material\":{\"2\":\"3\",\"3\":\"4\"}},{\"material_category_id\":\"6\",\"material\":[\"11\"]},{\"material_category_id\":\"5\",\"material\":[\"8\",\"9\",\"10\"]},{\"material_category_id\":\"4\",\"choice\":\"on\",\"material\":[\"5\",\"6\",\"7\"]}],\"sort\":\"0\",\"status\":\"0\"}' , `ip` = '127.0.0.1' [ RunTime:0.001000s ]
[2023-04-18T14:04:28+08:00][sql] SHOW FULL COLUMNS FROM `ls_goods` [ RunTime:0.001000s ]
[2023-04-18T14:04:28+08:00][sql] SELECT * FROM `ls_goods` WHERE  `name` = ''  AND `del` = 0  AND `id` <> 12 LIMIT 1 [ RunTime:0.001000s ]
[2023-04-18T14:04:28+08:00][sql] SELECT * FROM `ls_goods` WHERE  `code` = '202110191223'  AND `del` = 0  AND `id` <> 12 LIMIT 1 [ RunTime:0.001000s ]
[2023-04-18T14:04:28+08:00][sql] SHOW FULL COLUMNS FROM `ls_goods_category` [ RunTime:0.003000s ]
[2023-04-18T14:04:28+08:00][sql] SELECT * FROM `ls_goods_category` WHERE  `del` = 0  AND `id` = 4 LIMIT 1 [ RunTime:0.000000s ]
[2023-04-18T14:04:28+08:00][sql] SHOW FULL COLUMNS FROM `ls_material_category` [ RunTime:0.000000s ]
[2023-04-18T14:04:28+08:00][sql] SELECT * FROM `ls_material_category` WHERE  `id` = 1 LIMIT 1 [ RunTime:0.000000s ]
[2023-04-18T14:04:28+08:00][sql] SELECT * FROM `ls_material_category` WHERE  `id` = 6 LIMIT 1 [ RunTime:0.000000s ]
[2023-04-18T14:04:28+08:00][sql] SELECT * FROM `ls_material_category` WHERE  `id` = 5 LIMIT 1 [ RunTime:0.000000s ]
[2023-04-18T14:04:28+08:00][sql] SELECT * FROM `ls_material_category` WHERE  `id` = 4 LIMIT 1 [ RunTime:0.001000s ]
[2023-04-18T14:04:28+08:00][sql] SELECT * FROM `ls_goods` WHERE  `id` = 12 LIMIT 1 [ RunTime:0.000000s ]
[2023-04-18T14:04:28+08:00][sql] UPDATE `ls_goods`  SET `status` = 0 , `sort` = 0 , `update_time` = 1681797868  WHERE  `id` = 12 [ RunTime:0.000000s ]
[2023-04-18T14:04:28+08:00][sql] SHOW FULL COLUMNS FROM `ls_goods_item` [ RunTime:0.001000s ]
[2023-04-18T14:04:28+08:00][sql] UPDATE `ls_goods_item`  SET `market_price` = '13.00' , `price` = '13.00'  WHERE  `goods_id` = 12 [ RunTime:0.000000s ]
[2023-04-18T14:04:28+08:00][sql] SHOW FULL COLUMNS FROM `ls_goods_material` [ RunTime:0.000000s ]
[2023-04-18T14:04:28+08:00][sql] DELETE FROM `ls_goods_material` WHERE  `goods_id` = 12 [ RunTime:0.001000s ]
[2023-04-18T14:04:28+08:00][sql] SHOW FULL COLUMNS FROM `ls_goods_material_category` [ RunTime:0.001000s ]
[2023-04-18T14:04:28+08:00][sql] DELETE FROM `ls_goods_material_category` WHERE  `goods_id` = 12 [ RunTime:0.001000s ]
[2023-04-18T14:04:28+08:00][sql] INSERT INTO `ls_goods_material_category` SET `goods_id` = 12 , `category_id` = 1 , `all_choice` = 0 [ RunTime:0.000000s ]
[2023-04-18T14:04:28+08:00][sql] INSERT INTO `ls_goods_material_category` SET `goods_id` = 12 , `category_id` = 6 , `all_choice` = 0 [ RunTime:0.000000s ]
[2023-04-18T14:04:28+08:00][sql] INSERT INTO `ls_goods_material_category` SET `goods_id` = 12 , `category_id` = 5 , `all_choice` = 0 [ RunTime:0.001000s ]
[2023-04-18T14:04:28+08:00][sql] INSERT INTO `ls_goods_material_category` SET `goods_id` = 12 , `category_id` = 4 , `all_choice` = 1 [ RunTime:0.000000s ]
[2023-04-18T14:04:28+08:00][sql] INSERT INTO `ls_goods_material` SET `goods_id` = 12 , `material_id` = 3 , `material_category_id` = 26 [ RunTime:0.000000s ]
[2023-04-18T14:04:28+08:00][sql] INSERT INTO `ls_goods_material` SET `goods_id` = 12 , `material_id` = 4 , `material_category_id` = 26 [ RunTime:0.001000s ]
[2023-04-18T14:04:28+08:00][sql] INSERT INTO `ls_goods_material` SET `goods_id` = 12 , `material_id` = 11 , `material_category_id` = 27 [ RunTime:0.000000s ]
[2023-04-18T14:04:28+08:00][sql] INSERT INTO `ls_goods_material` SET `goods_id` = 12 , `material_id` = 8 , `material_category_id` = 28 [ RunTime:0.001000s ]
[2023-04-18T14:04:28+08:00][sql] INSERT INTO `ls_goods_material` SET `goods_id` = 12 , `material_id` = 9 , `material_category_id` = 28 [ RunTime:0.000000s ]
[2023-04-18T14:04:28+08:00][sql] INSERT INTO `ls_goods_material` SET `goods_id` = 12 , `material_id` = 10 , `material_category_id` = 28 [ RunTime:0.000000s ]
[2023-04-18T14:04:28+08:00][sql] INSERT INTO `ls_goods_material` SET `goods_id` = 12 , `material_id` = 5 , `material_category_id` = 29 [ RunTime:0.000000s ]
[2023-04-18T14:04:28+08:00][sql] INSERT INTO `ls_goods_material` SET `goods_id` = 12 , `material_id` = 6 , `material_category_id` = 29 [ RunTime:0.000000s ]
[2023-04-18T14:04:28+08:00][sql] INSERT INTO `ls_goods_material` SET `goods_id` = 12 , `material_id` = 7 , `material_category_id` = 29 [ RunTime:0.001000s ]
[2023-04-18T14:04:29+08:00][sql] CONNECT:[ UseTime:0.001000s ] mysql:host=127.0.0.1;port=3306;dbname=cdiancan;charset=utf8mb4
[2023-04-18T14:04:29+08:00][sql] SHOW FULL COLUMNS FROM `ls_config` [ RunTime:0.001000s ]
[2023-04-18T14:04:29+08:00][sql] SELECT `value` FROM `ls_config` WHERE  `type` = 'copyright'  AND `name` = 'company_name'  AND `shop_id` = 0 LIMIT 1 [ RunTime:0.001000s ]
[2023-04-18T14:04:29+08:00][sql] SHOW FULL COLUMNS FROM `ls_system_log` [ RunTime:0.003000s ]
[2023-04-18T14:04:29+08:00][sql] INSERT INTO `ls_system_log` SET `admin_id` = 1 , `name` = 'admin' , `account` = 'admin' , `create_time` = 1681797869 , `uri` = '/admin/goods.Goods/lists.html' , `type` = 'GET' , `param` = '[]' , `ip` = '127.0.0.1' [ RunTime:0.000000s ]
[2023-04-18T14:04:29+08:00][sql] SHOW FULL COLUMNS FROM `ls_goods_category` [ RunTime:0.003001s ]
[2023-04-18T14:04:29+08:00][sql] SELECT `id`,`name` FROM `ls_goods_category` WHERE  `del` = 0 [ RunTime:0.001000s ]
[2023-04-18T14:04:29+08:00][sql] SHOW FULL COLUMNS FROM `ls_goods` [ RunTime:0.000000s ]
[2023-04-18T14:04:29+08:00][sql] SELECT `g`.`status` FROM `ls_goods` `g` INNER JOIN `ls_goods_category` `gc` ON `gc`.`id`=`g`.`goods_category_id` WHERE  `g`.`del` = 0 [ RunTime:0.000000s ]
[2023-04-18T14:04:29+08:00][sql] CONNECT:[ UseTime:0.001000s ] mysql:host=127.0.0.1;port=3306;dbname=cdiancan;charset=utf8mb4
[2023-04-18T14:04:29+08:00][sql] SHOW FULL COLUMNS FROM `ls_config` [ RunTime:0.001000s ]
[2023-04-18T14:04:29+08:00][sql] SELECT `value` FROM `ls_config` WHERE  `type` = 'copyright'  AND `name` = 'company_name'  AND `shop_id` = 0 LIMIT 1 [ RunTime:0.001000s ]
[2023-04-18T14:04:29+08:00][sql] SHOW FULL COLUMNS FROM `ls_system_log` [ RunTime:0.001000s ]
[2023-04-18T14:04:29+08:00][sql] INSERT INTO `ls_system_log` SET `admin_id` = 1 , `name` = 'admin' , `account` = 'admin' , `create_time` = 1681797869 , `uri` = '/admin/goods.goods/lists.html' , `type` = 'GET' , `param` = '{\"type\":\"1\",\"page\":\"1\",\"limit\":\"10\"}' , `ip` = '127.0.0.1' [ RunTime:0.000000s ]
[2023-04-18T14:04:29+08:00][sql] SHOW FULL COLUMNS FROM `ls_goods` [ RunTime:0.002000s ]
[2023-04-18T14:04:29+08:00][sql] SELECT `g`.`id`,`g`.`image`,`g`.`name`,gc.name as goods_category_name,`g`.`min_price`,`g`.`max_price`,`g`.`status`,`g`.`sort`,`g`.`create_time` FROM `ls_goods` `g` INNER JOIN `ls_goods_category` `gc` ON `gc`.`id`=`g`.`goods_category_id` WHERE  `g`.`del` = 0 ORDER BY `g`.`sort` ASC,`g`.`id` DESC LIMIT 0,10 [ RunTime:0.003001s ]
[2023-04-18T14:04:29+08:00][sql] SELECT COUNT(*) AS think_count FROM `ls_goods` `g` INNER JOIN `ls_goods_category` `gc` ON `gc`.`id`=`g`.`goods_category_id` WHERE  `g`.`del` = 0 [ RunTime:0.001000s ]
[2023-04-18T14:04:29+08:00][sql] SHOW FULL COLUMNS FROM `ls_shop_goods` [ RunTime:0.000000s ]
[2023-04-18T14:04:29+08:00][sql] SELECT SUM(`sales_sum`) AS think_sum FROM `ls_shop_goods` WHERE  `goods_id` = 12 [ RunTime:0.000000s ]
[2023-04-18T14:04:29+08:00][sql] SELECT SUM(`sales_sum`) AS think_sum FROM `ls_shop_goods` WHERE  `goods_id` = 11 [ RunTime:0.001000s ]
[2023-04-18T14:04:29+08:00][sql] SELECT SUM(`sales_sum`) AS think_sum FROM `ls_shop_goods` WHERE  `goods_id` = 10 [ RunTime:0.000000s ]
[2023-04-18T14:04:29+08:00][sql] SELECT SUM(`sales_sum`) AS think_sum FROM `ls_shop_goods` WHERE  `goods_id` = 9 [ RunTime:0.001000s ]
[2023-04-18T14:04:29+08:00][sql] SELECT SUM(`sales_sum`) AS think_sum FROM `ls_shop_goods` WHERE  `goods_id` = 8 [ RunTime:0.000000s ]
[2023-04-18T14:04:29+08:00][sql] SELECT SUM(`sales_sum`) AS think_sum FROM `ls_shop_goods` WHERE  `goods_id` = 7 [ RunTime:0.001000s ]
[2023-04-18T14:04:29+08:00][sql] SELECT SUM(`sales_sum`) AS think_sum FROM `ls_shop_goods` WHERE  `goods_id` = 6 [ RunTime:0.000000s ]
[2023-04-18T14:04:29+08:00][sql] SELECT SUM(`sales_sum`) AS think_sum FROM `ls_shop_goods` WHERE  `goods_id` = 5 [ RunTime:0.001000s ]
[2023-04-18T14:04:29+08:00][sql] SELECT SUM(`sales_sum`) AS think_sum FROM `ls_shop_goods` WHERE  `goods_id` = 4 [ RunTime:0.000000s ]
[2023-04-18T14:04:29+08:00][sql] SELECT SUM(`sales_sum`) AS think_sum FROM `ls_shop_goods` WHERE  `goods_id` = 3 [ RunTime:0.001000s ]
[2023-04-18T14:04:32+08:00][sql] CONNECT:[ UseTime:0.001000s ] mysql:host=127.0.0.1;port=3306;dbname=cdiancan;charset=utf8mb4
[2023-04-18T14:04:32+08:00][sql] SHOW FULL COLUMNS FROM `ls_config` [ RunTime:0.001000s ]
[2023-04-18T14:04:32+08:00][sql] SELECT `value` FROM `ls_config` WHERE  `type` = 'copyright'  AND `name` = 'company_name'  AND `shop_id` = 0 LIMIT 1 [ RunTime:0.001000s ]
[2023-04-18T14:04:32+08:00][sql] SHOW FULL COLUMNS FROM `ls_system_log` [ RunTime:0.001000s ]
[2023-04-18T14:04:32+08:00][sql] INSERT INTO `ls_system_log` SET `admin_id` = 1 , `name` = 'admin' , `account` = 'admin' , `create_time` = 1681797872 , `uri` = '/admin/goods.goods/edit.html' , `type` = 'GET' , `param` = '{\"goods_id\":\"12\"}' , `ip` = '127.0.0.1' [ RunTime:0.001000s ]
[2023-04-18T14:04:32+08:00][sql] SHOW FULL COLUMNS FROM `ls_goods_category` [ RunTime:0.004000s ]
[2023-04-18T14:04:32+08:00][sql] SELECT `id`,`name` FROM `ls_goods_category` WHERE  `del` = 0 [ RunTime:0.000000s ]
[2023-04-18T14:04:32+08:00][sql] SHOW FULL COLUMNS FROM `ls_goods` [ RunTime:0.001001s ]
[2023-04-18T14:04:32+08:00][sql] SELECT * FROM `ls_goods` WHERE  `id` = 12 LIMIT 1 [ RunTime:0.001000s ]
[2023-04-18T14:04:32+08:00][sql] SHOW FULL COLUMNS FROM `ls_goods_item` [ RunTime:0.001000s ]
[2023-04-18T14:04:32+08:00][sql] SELECT * FROM `ls_goods_item` WHERE  `goods_id` = 12 [ RunTime:0.000000s ]
[2023-04-18T14:04:32+08:00][sql] SHOW FULL COLUMNS FROM `ls_goods_spec` [ RunTime:0.004000s ]
[2023-04-18T14:04:32+08:00][sql] SELECT * FROM `ls_goods_spec` WHERE  `goods_id` = 12 [ RunTime:0.000000s ]
[2023-04-18T14:04:32+08:00][sql] SHOW FULL COLUMNS FROM `ls_goods_spec_value` [ RunTime:0.003000s ]
[2023-04-18T14:04:32+08:00][sql] SELECT * FROM `ls_goods_spec_value` WHERE  `goods_id` = 12 [ RunTime:0.000000s ]
[2023-04-18T14:04:32+08:00][sql] SELECT * FROM `ls_goods` WHERE  `id` = 12 LIMIT 1 [ RunTime:0.000000s ]
[2023-04-18T14:04:32+08:00][sql] SELECT * FROM `ls_goods_item` WHERE  `goods_id` = 12 [ RunTime:0.000000s ]
[2023-04-18T14:04:32+08:00][sql] SELECT * FROM `ls_goods_spec` WHERE  `goods_id` = 12 [ RunTime:0.000000s ]
[2023-04-18T14:04:32+08:00][sql] SELECT * FROM `ls_goods_spec_value` WHERE  `goods_id` = 12 [ RunTime:0.000000s ]
[2023-04-18T14:04:32+08:00][sql] SHOW FULL COLUMNS FROM `ls_material_category` [ RunTime:0.000000s ]
[2023-04-18T14:04:32+08:00][sql] SELECT `id`,`name` FROM `ls_material_category` WHERE  `del` = 0 [ RunTime:0.000000s ]
[2023-04-18T14:04:32+08:00][sql] SHOW FULL COLUMNS FROM `ls_material` [ RunTime:0.001000s ]
[2023-04-18T14:04:32+08:00][sql] SELECT * FROM `ls_material` WHERE  `del` = 0  AND `material_category_id` IN (1,4,5,6,7) [ RunTime:0.001000s ]
[2023-04-18T14:04:32+08:00][sql] SHOW FULL COLUMNS FROM `ls_goods_material` [ RunTime:0.001000s ]
[2023-04-18T14:04:32+08:00][sql] SELECT * FROM `ls_goods_material` WHERE  `goods_id` = 12 [ RunTime:0.001000s ]
[2023-04-18T14:04:32+08:00][sql] SHOW FULL COLUMNS FROM `ls_goods_material_category` [ RunTime:0.001000s ]
[2023-04-18T14:04:32+08:00][sql] SELECT * FROM `ls_goods_material_category` WHERE  `goods_id` = 12 [ RunTime:0.001000s ]
[2023-04-18T14:04:45+08:00][sql] CONNECT:[ UseTime:0.001000s ] mysql:host=127.0.0.1;port=3306;dbname=cdiancan;charset=utf8mb4
[2023-04-18T14:04:45+08:00][sql] SHOW FULL COLUMNS FROM `ls_config` [ RunTime:0.001000s ]
[2023-04-18T14:04:45+08:00][sql] SELECT `value` FROM `ls_config` WHERE  `type` = 'copyright'  AND `name` = 'company_name'  AND `shop_id` = 0 LIMIT 1 [ RunTime:0.000000s ]
[2023-04-18T14:04:45+08:00][sql] SHOW FULL COLUMNS FROM `ls_system_log` [ RunTime:0.000000s ]
[2023-04-18T14:04:45+08:00][sql] INSERT INTO `ls_system_log` SET `admin_id` = 1 , `name` = 'admin' , `account` = 'admin' , `create_time` = 1681797885 , `uri` = '/admin/goods.goods/changeStatus.html' , `type` = 'POST' , `param` = '{\"goods_ids\":[\"12\"],\"status\":\"1\"}' , `ip` = '127.0.0.1' [ RunTime:0.000000s ]
[2023-04-18T14:04:45+08:00][sql] SHOW FULL COLUMNS FROM `ls_goods` [ RunTime:0.001000s ]
[2023-04-18T14:04:45+08:00][sql] UPDATE `ls_goods`  SET `status` = 1 , `update_time` = 1681797885  WHERE  `id` = 12 [ RunTime:0.001001s ]
[2023-04-18T14:04:45+08:00][sql] CONNECT:[ UseTime:0.001000s ] mysql:host=127.0.0.1;port=3306;dbname=cdiancan;charset=utf8mb4
[2023-04-18T14:04:45+08:00][sql] SHOW FULL COLUMNS FROM `ls_config` [ RunTime:0.001000s ]
[2023-04-18T14:04:45+08:00][sql] SELECT `value` FROM `ls_config` WHERE  `type` = 'copyright'  AND `name` = 'company_name'  AND `shop_id` = 0 LIMIT 1 [ RunTime:0.000000s ]
[2023-04-18T14:04:45+08:00][sql] SHOW FULL COLUMNS FROM `ls_system_log` [ RunTime:0.001000s ]
[2023-04-18T14:04:45+08:00][sql] INSERT INTO `ls_system_log` SET `admin_id` = 1 , `name` = 'admin' , `account` = 'admin' , `create_time` = 1681797885 , `uri` = '/admin/goods.goods/totalCount.html' , `type` = 'GET' , `param` = '[]' , `ip` = '127.0.0.1' [ RunTime:0.001000s ]
[2023-04-18T14:04:45+08:00][sql] SHOW FULL COLUMNS FROM `ls_goods` [ RunTime:0.001000s ]
[2023-04-18T14:04:45+08:00][sql] SELECT `g`.`status` FROM `ls_goods` `g` INNER JOIN `ls_goods_category` `gc` ON `gc`.`id`=`g`.`goods_category_id` WHERE  `g`.`del` = 0 [ RunTime:0.004000s ]
[2023-04-18T14:04:45+08:00][sql] CONNECT:[ UseTime:0.001000s ] mysql:host=127.0.0.1;port=3306;dbname=cdiancan;charset=utf8mb4
[2023-04-18T14:04:45+08:00][sql] SHOW FULL COLUMNS FROM `ls_config` [ RunTime:0.001000s ]
[2023-04-18T14:04:45+08:00][sql] SELECT `value` FROM `ls_config` WHERE  `type` = 'copyright'  AND `name` = 'company_name'  AND `shop_id` = 0 LIMIT 1 [ RunTime:0.000000s ]
[2023-04-18T14:04:45+08:00][sql] SHOW FULL COLUMNS FROM `ls_system_log` [ RunTime:0.001000s ]
[2023-04-18T14:04:45+08:00][sql] INSERT INTO `ls_system_log` SET `admin_id` = 1 , `name` = 'admin' , `account` = 'admin' , `create_time` = 1681797885 , `uri` = '/admin/goods.goods/lists.html' , `type` = 'GET' , `param` = '{\"type\":\"1\",\"page\":\"1\",\"limit\":\"10\"}' , `ip` = '127.0.0.1' [ RunTime:0.001000s ]
[2023-04-18T14:04:45+08:00][sql] SHOW FULL COLUMNS FROM `ls_goods` [ RunTime:0.002000s ]
[2023-04-18T14:04:45+08:00][sql] SELECT `g`.`id`,`g`.`image`,`g`.`name`,gc.name as goods_category_name,`g`.`min_price`,`g`.`max_price`,`g`.`status`,`g`.`sort`,`g`.`create_time` FROM `ls_goods` `g` INNER JOIN `ls_goods_category` `gc` ON `gc`.`id`=`g`.`goods_category_id` WHERE  `g`.`del` = 0 ORDER BY `g`.`sort` ASC,`g`.`id` DESC LIMIT 0,10 [ RunTime:0.003000s ]
[2023-04-18T14:04:45+08:00][sql] SELECT COUNT(*) AS think_count FROM `ls_goods` `g` INNER JOIN `ls_goods_category` `gc` ON `gc`.`id`=`g`.`goods_category_id` WHERE  `g`.`del` = 0 [ RunTime:0.000000s ]
[2023-04-18T14:04:45+08:00][sql] SHOW FULL COLUMNS FROM `ls_shop_goods` [ RunTime:0.004000s ]
[2023-04-18T14:04:45+08:00][sql] SELECT SUM(`sales_sum`) AS think_sum FROM `ls_shop_goods` WHERE  `goods_id` = 12 [ RunTime:0.001000s ]
[2023-04-18T14:04:45+08:00][sql] SELECT SUM(`sales_sum`) AS think_sum FROM `ls_shop_goods` WHERE  `goods_id` = 11 [ RunTime:0.000000s ]
[2023-04-18T14:04:45+08:00][sql] SELECT SUM(`sales_sum`) AS think_sum FROM `ls_shop_goods` WHERE  `goods_id` = 10 [ RunTime:0.001000s ]
[2023-04-18T14:04:45+08:00][sql] SELECT SUM(`sales_sum`) AS think_sum FROM `ls_shop_goods` WHERE  `goods_id` = 9 [ RunTime:0.000000s ]
[2023-04-18T14:04:45+08:00][sql] SELECT SUM(`sales_sum`) AS think_sum FROM `ls_shop_goods` WHERE  `goods_id` = 8 [ RunTime:0.001000s ]
[2023-04-18T14:04:45+08:00][sql] SELECT SUM(`sales_sum`) AS think_sum FROM `ls_shop_goods` WHERE  `goods_id` = 7 [ RunTime:0.000000s ]
[2023-04-18T14:04:45+08:00][sql] SELECT SUM(`sales_sum`) AS think_sum FROM `ls_shop_goods` WHERE  `goods_id` = 6 [ RunTime:0.001001s ]
[2023-04-18T14:04:45+08:00][sql] SELECT SUM(`sales_sum`) AS think_sum FROM `ls_shop_goods` WHERE  `goods_id` = 5 [ RunTime:0.000000s ]
[2023-04-18T14:04:45+08:00][sql] SELECT SUM(`sales_sum`) AS think_sum FROM `ls_shop_goods` WHERE  `goods_id` = 4 [ RunTime:0.001000s ]
[2023-04-18T14:04:45+08:00][sql] SELECT SUM(`sales_sum`) AS think_sum FROM `ls_shop_goods` WHERE  `goods_id` = 3 [ RunTime:0.000000s ]
[2023-04-18T14:04:49+08:00][sql] CONNECT:[ UseTime:0.001000s ] mysql:host=127.0.0.1;port=3306;dbname=cdiancan;charset=utf8mb4
[2023-04-18T14:04:49+08:00][sql] SHOW FULL COLUMNS FROM `ls_config` [ RunTime:0.001000s ]
[2023-04-18T14:04:49+08:00][sql] SELECT `value` FROM `ls_config` WHERE  `type` = 'copyright'  AND `name` = 'company_name'  AND `shop_id` = 0 LIMIT 1 [ RunTime:0.000000s ]
[2023-04-18T14:04:49+08:00][sql] SHOW FULL COLUMNS FROM `ls_system_log` [ RunTime:0.000000s ]
[2023-04-18T14:04:49+08:00][sql] INSERT INTO `ls_system_log` SET `admin_id` = 1 , `name` = 'admin' , `account` = 'admin' , `create_time` = 1681797889 , `uri` = '/admin/shop.shop/lists.html' , `type` = 'GET' , `param` = '[]' , `ip` = '127.0.0.1' [ RunTime:0.000000s ]
[2023-04-18T14:04:49+08:00][sql] CONNECT:[ UseTime:0.002001s ] mysql:host=127.0.0.1;port=3306;dbname=cdiancan;charset=utf8mb4
[2023-04-18T14:04:49+08:00][sql] SHOW FULL COLUMNS FROM `ls_config` [ RunTime:0.001000s ]
[2023-04-18T14:04:49+08:00][sql] SELECT `value` FROM `ls_config` WHERE  `type` = 'copyright'  AND `name` = 'company_name'  AND `shop_id` = 0 LIMIT 1 [ RunTime:0.001000s ]
[2023-04-18T14:04:49+08:00][sql] SHOW FULL COLUMNS FROM `ls_system_log` [ RunTime:0.001000s ]
[2023-04-18T14:04:49+08:00][sql] INSERT INTO `ls_system_log` SET `admin_id` = 1 , `name` = 'admin' , `account` = 'admin' , `create_time` = 1681797889 , `uri` = '/admin/shop.Shop/lists.html' , `type` = 'GET' , `param` = '{\"page\":\"1\",\"limit\":\"10\"}' , `ip` = '127.0.0.1' [ RunTime:0.001000s ]
[2023-04-18T14:04:49+08:00][sql] SHOW FULL COLUMNS FROM `ls_shop` [ RunTime:0.000000s ]
[2023-04-18T14:04:49+08:00][sql] SELECT COUNT(*) AS think_count FROM `ls_shop` [ RunTime:0.000000s ]
[2023-04-18T14:04:49+08:00][sql] SELECT `id`,`shop_sn`,`name`,`status`,`pricing_policy`,`create_time` FROM `ls_shop` ORDER BY `id` DESC LIMIT 0,10 [ RunTime:0.001000s ]
[2023-04-18T14:04:49+08:00][sql] SHOW FULL COLUMNS FROM `ls_shop_admin` [ RunTime:0.006001s ]
[2023-04-18T14:04:49+08:00][sql] SELECT `shop_id`,`id`,`account` FROM `ls_shop_admin` WHERE  `root` = 1 [ RunTime:0.000000s ]
[2023-04-18T14:04:58+08:00][sql] CONNECT:[ UseTime:0.001000s ] mysql:host=127.0.0.1;port=3306;dbname=cdiancan;charset=utf8mb4
[2023-04-18T14:04:58+08:00][sql] SHOW FULL COLUMNS FROM `ls_config` [ RunTime:0.001000s ]
[2023-04-18T14:04:58+08:00][sql] SELECT `value` FROM `ls_config` WHERE  `type` = 'copyright'  AND `name` = 'company_name'  AND `shop_id` = 0 LIMIT 1 [ RunTime:0.000000s ]
[2023-04-18T14:04:58+08:00][sql] SHOW FULL COLUMNS FROM `ls_system_log` [ RunTime:0.001000s ]
[2023-04-18T14:04:58+08:00][sql] INSERT INTO `ls_system_log` SET `admin_id` = 1 , `name` = 'admin' , `account` = 'admin' , `create_time` = 1681797898 , `uri` = '/admin/shop.shop/shopSso.html' , `type` = 'GET' , `param` = '{\"id\":\"2\"}' , `ip` = '127.0.0.1' [ RunTime:0.001001s ]
