[2023-03-18T12:34:10+08:00][sql] CONNECT:[ UseTime:0.001001s ] mysql:host=127.0.0.1;port=3306;dbname=cdiancan;charset=utf8mb4
[2023-03-18T12:34:10+08:00][sql] SHOW FULL COLUMNS FROM `ls_config` [ RunTime:0.004000s ]
[2023-03-18T12:34:10+08:00][sql] SELECT `value` FROM `ls_config` WHERE  `type` = 'copyright'  AND `name` = 'company_name'  AND `shop_id` = 0 LIMIT 1 [ RunTime:0.000000s ]
[2023-03-18T12:34:10+08:00][sql] SHOW FULL COLUMNS FROM `ls_shop_admin` [ RunTime:0.004000s ]
[2023-03-18T12:34:10+08:00][sql] SELECT `S`.`id`,`SA`.`account`,`SA`.`name`,`SA`.`role_id`,`SA`.`shop_id`,S.name as shop_name FROM `ls_shop_admin` `SA` INNER JOIN `ls_shop` `S` ON `S`.`id`=`SA`.`shop_id` WHERE  `SA`.`shop_id` = '2'  AND `SA`.`root` = 1  AND `SA`.`del` = 0 LIMIT 1 [ RunTime:0.003001s ]
[2023-03-18T12:34:10+08:00][sql] CONNECT:[ UseTime:0.001000s ] mysql:host=127.0.0.1;port=3306;dbname=cdiancan;charset=utf8mb4
[2023-03-18T12:34:10+08:00][sql] SHOW FULL COLUMNS FROM `ls_dev_shop_auth` [ RunTime:0.006001s ]
[2023-03-18T12:34:10+08:00][sql] SELECT `uri` FROM `ls_dev_shop_auth` WHERE  `id` IN ('') [ RunTime:0.001000s ]
[2023-03-18T12:34:10+08:00][sql] SHOW FULL COLUMNS FROM `ls_config` [ RunTime:0.003000s ]
[2023-03-18T12:34:10+08:00][sql] SELECT `value` FROM `ls_config` WHERE  `type` = 'copyright'  AND `name` = 'company_name'  AND `shop_id` = 0 LIMIT 1 [ RunTime:0.000000s ]
[2023-03-18T12:34:10+08:00][sql] SELECT `value` FROM `ls_config` WHERE  `type` = 'website'  AND `name` = 'shop_name'  AND `shop_id` = 0 LIMIT 1 [ RunTime:0.000000s ]
[2023-03-18T12:34:10+08:00][sql] SELECT `value` FROM `ls_config` WHERE  `type` = 'website'  AND `name` = 'web_favicon'  AND `shop_id` = 0 LIMIT 1 [ RunTime:0.001000s ]
[2023-03-18T12:34:10+08:00][sql] SELECT `value` FROM `ls_config` WHERE  `type` = 'website'  AND `name` = 'shop_logo'  AND `shop_id` = 0 LIMIT 1 [ RunTime:0.000000s ]
[2023-03-18T12:34:10+08:00][sql] SELECT * FROM `ls_dev_shop_auth` WHERE  `type` = 1  AND `del` = 0  AND `disable` = 0 ORDER BY `sort` DESC [ RunTime:0.001000s ]
[2023-03-18T12:34:10+08:00][sql] SHOW FULL COLUMNS FROM `ls_shop_role` [ RunTime:0.005000s ]
[2023-03-18T12:34:10+08:00][sql] SELECT `name` FROM `ls_shop_role` WHERE  `id` = 0 LIMIT 1 [ RunTime:0.001000s ]
[2023-03-18T12:34:10+08:00][sql] CONNECT:[ UseTime:0.001000s ] mysql:host=127.0.0.1;port=3306;dbname=cdiancan;charset=utf8mb4
[2023-03-18T12:34:10+08:00][sql] SHOW FULL COLUMNS FROM `ls_dev_shop_auth` [ RunTime:0.004000s ]
[2023-03-18T12:34:10+08:00][sql] SELECT `uri` FROM `ls_dev_shop_auth` WHERE  `id` IN ('') [ RunTime:0.000000s ]
[2023-03-18T12:34:10+08:00][sql] SHOW FULL COLUMNS FROM `ls_config` [ RunTime:0.003001s ]
[2023-03-18T12:34:10+08:00][sql] SELECT `value` FROM `ls_config` WHERE  `type` = 'copyright'  AND `name` = 'company_name'  AND `shop_id` = 0 LIMIT 1 [ RunTime:0.001000s ]
[2023-03-18T12:34:10+08:00][sql] SHOW FULL COLUMNS FROM `ls_order` [ RunTime:0.004000s ]
[2023-03-18T12:34:10+08:00][sql] SELECT * FROM `ls_order` WHERE  `del` = 0  AND `shop_id` = 2  AND `pay_status` = 1  AND `create_time` BETWEEN 1679068800 AND 1679155199 [ RunTime:0.000000s ]
[2023-03-18T12:34:11+08:00][sql] CONNECT:[ UseTime:0.001000s ] mysql:host=127.0.0.1;port=3306;dbname=cdiancan;charset=utf8mb4
[2023-03-18T12:34:11+08:00][sql] SHOW FULL COLUMNS FROM `ls_dev_shop_auth` [ RunTime:0.004001s ]
[2023-03-18T12:34:11+08:00][sql] SELECT `uri` FROM `ls_dev_shop_auth` WHERE  `id` IN ('') [ RunTime:0.000000s ]
[2023-03-18T12:34:11+08:00][sql] SHOW FULL COLUMNS FROM `ls_config` [ RunTime:0.004000s ]
[2023-03-18T12:34:11+08:00][sql] SELECT `value` FROM `ls_config` WHERE  `type` = 'copyright'  AND `name` = 'company_name'  AND `shop_id` = 0 LIMIT 1 [ RunTime:0.001000s ]
[2023-03-18T12:34:11+08:00][sql] SHOW FULL COLUMNS FROM `ls_order` [ RunTime:0.004001s ]
[2023-03-18T12:34:11+08:00][sql] SELECT SUM(`order_amount`) AS think_sum FROM `ls_order` WHERE  `shop_id` = 2  AND `create_time` BETWEEN 1677772800 AND 1677859199   AND `pay_status` = 1 [ RunTime:0.001000s ]
[2023-03-18T12:34:11+08:00][sql] SELECT COUNT(`id`) AS think_count FROM `ls_order` WHERE  `shop_id` = 2  AND `create_time` BETWEEN 1677772800 AND 1677859199   AND `pay_status` = 1 [ RunTime:0.000000s ]
[2023-03-18T12:34:11+08:00][sql] SELECT SUM(`order_amount`) AS think_sum FROM `ls_order` WHERE  `shop_id` = 2  AND `create_time` BETWEEN 1677859200 AND 1677945599   AND `pay_status` = 1 [ RunTime:0.001000s ]
[2023-03-18T12:34:11+08:00][sql] SELECT COUNT(`id`) AS think_count FROM `ls_order` WHERE  `shop_id` = 2  AND `create_time` BETWEEN 1677859200 AND 1677945599   AND `pay_status` = 1 [ RunTime:0.001000s ]
[2023-03-18T12:34:11+08:00][sql] SELECT SUM(`order_amount`) AS think_sum FROM `ls_order` WHERE  `shop_id` = 2  AND `create_time` BETWEEN 1677945600 AND 1678031999   AND `pay_status` = 1 [ RunTime:0.000000s ]
[2023-03-18T12:34:11+08:00][sql] SELECT COUNT(`id`) AS think_count FROM `ls_order` WHERE  `shop_id` = 2  AND `create_time` BETWEEN 1677945600 AND 1678031999   AND `pay_status` = 1 [ RunTime:0.001000s ]
[2023-03-18T12:34:11+08:00][sql] SELECT SUM(`order_amount`) AS think_sum FROM `ls_order` WHERE  `shop_id` = 2  AND `create_time` BETWEEN 1678032000 AND 1678118399   AND `pay_status` = 1 [ RunTime:0.000000s ]
[2023-03-18T12:34:11+08:00][sql] SELECT COUNT(`id`) AS think_count FROM `ls_order` WHERE  `shop_id` = 2  AND `create_time` BETWEEN 1678032000 AND 1678118399   AND `pay_status` = 1 [ RunTime:0.001000s ]
[2023-03-18T12:34:11+08:00][sql] SELECT SUM(`order_amount`) AS think_sum FROM `ls_order` WHERE  `shop_id` = 2  AND `create_time` BETWEEN 1678118400 AND 1678204799   AND `pay_status` = 1 [ RunTime:0.000000s ]
[2023-03-18T12:34:11+08:00][sql] SELECT COUNT(`id`) AS think_count FROM `ls_order` WHERE  `shop_id` = 2  AND `create_time` BETWEEN 1678118400 AND 1678204799   AND `pay_status` = 1 [ RunTime:0.001000s ]
[2023-03-18T12:34:11+08:00][sql] SELECT SUM(`order_amount`) AS think_sum FROM `ls_order` WHERE  `shop_id` = 2  AND `create_time` BETWEEN 1678204800 AND 1678291199   AND `pay_status` = 1 [ RunTime:0.000000s ]
[2023-03-18T12:34:11+08:00][sql] SELECT COUNT(`id`) AS think_count FROM `ls_order` WHERE  `shop_id` = 2  AND `create_time` BETWEEN 1678204800 AND 1678291199   AND `pay_status` = 1 [ RunTime:0.000000s ]
[2023-03-18T12:34:11+08:00][sql] SELECT SUM(`order_amount`) AS think_sum FROM `ls_order` WHERE  `shop_id` = 2  AND `create_time` BETWEEN 1678291200 AND 1678377599   AND `pay_status` = 1 [ RunTime:0.000000s ]
[2023-03-18T12:34:11+08:00][sql] SELECT COUNT(`id`) AS think_count FROM `ls_order` WHERE  `shop_id` = 2  AND `create_time` BETWEEN 1678291200 AND 1678377599   AND `pay_status` = 1 [ RunTime:0.000000s ]
[2023-03-18T12:34:11+08:00][sql] SELECT SUM(`order_amount`) AS think_sum FROM `ls_order` WHERE  `shop_id` = 2  AND `create_time` BETWEEN 1678377600 AND 1678463999   AND `pay_status` = 1 [ RunTime:0.001000s ]
[2023-03-18T12:34:11+08:00][sql] SELECT COUNT(`id`) AS think_count FROM `ls_order` WHERE  `shop_id` = 2  AND `create_time` BETWEEN 1678377600 AND 1678463999   AND `pay_status` = 1 [ RunTime:0.000000s ]
[2023-03-18T12:34:11+08:00][sql] SELECT SUM(`order_amount`) AS think_sum FROM `ls_order` WHERE  `shop_id` = 2  AND `create_time` BETWEEN 1678464000 AND 1678550399   AND `pay_status` = 1 [ RunTime:0.001000s ]
[2023-03-18T12:34:11+08:00][sql] SELECT COUNT(`id`) AS think_count FROM `ls_order` WHERE  `shop_id` = 2  AND `create_time` BETWEEN 1678464000 AND 1678550399   AND `pay_status` = 1 [ RunTime:0.000000s ]
[2023-03-18T12:34:11+08:00][sql] SELECT SUM(`order_amount`) AS think_sum FROM `ls_order` WHERE  `shop_id` = 2  AND `create_time` BETWEEN 1678550400 AND 1678636799   AND `pay_status` = 1 [ RunTime:0.001000s ]
[2023-03-18T12:34:11+08:00][sql] SELECT COUNT(`id`) AS think_count FROM `ls_order` WHERE  `shop_id` = 2  AND `create_time` BETWEEN 1678550400 AND 1678636799   AND `pay_status` = 1 [ RunTime:0.000000s ]
[2023-03-18T12:34:11+08:00][sql] SELECT SUM(`order_amount`) AS think_sum FROM `ls_order` WHERE  `shop_id` = 2  AND `create_time` BETWEEN 1678636800 AND 1678723199   AND `pay_status` = 1 [ RunTime:0.001000s ]
[2023-03-18T12:34:11+08:00][sql] SELECT COUNT(`id`) AS think_count FROM `ls_order` WHERE  `shop_id` = 2  AND `create_time` BETWEEN 1678636800 AND 1678723199   AND `pay_status` = 1 [ RunTime:0.000000s ]
[2023-03-18T12:34:11+08:00][sql] SELECT SUM(`order_amount`) AS think_sum FROM `ls_order` WHERE  `shop_id` = 2  AND `create_time` BETWEEN 1678723200 AND 1678809599   AND `pay_status` = 1 [ RunTime:0.000000s ]
[2023-03-18T12:34:11+08:00][sql] SELECT COUNT(`id`) AS think_count FROM `ls_order` WHERE  `shop_id` = 2  AND `create_time` BETWEEN 1678723200 AND 1678809599   AND `pay_status` = 1 [ RunTime:0.001001s ]
[2023-03-18T12:34:11+08:00][sql] SELECT SUM(`order_amount`) AS think_sum FROM `ls_order` WHERE  `shop_id` = 2  AND `create_time` BETWEEN 1678809600 AND 1678895999   AND `pay_status` = 1 [ RunTime:0.000000s ]
[2023-03-18T12:34:11+08:00][sql] SELECT COUNT(`id`) AS think_count FROM `ls_order` WHERE  `shop_id` = 2  AND `create_time` BETWEEN 1678809600 AND 1678895999   AND `pay_status` = 1 [ RunTime:0.001000s ]
[2023-03-18T12:34:11+08:00][sql] SELECT SUM(`order_amount`) AS think_sum FROM `ls_order` WHERE  `shop_id` = 2  AND `create_time` BETWEEN 1678896000 AND 1678982399   AND `pay_status` = 1 [ RunTime:0.000000s ]
[2023-03-18T12:34:11+08:00][sql] SELECT COUNT(`id`) AS think_count FROM `ls_order` WHERE  `shop_id` = 2  AND `create_time` BETWEEN 1678896000 AND 1678982399   AND `pay_status` = 1 [ RunTime:0.001000s ]
[2023-03-18T12:34:11+08:00][sql] SELECT SUM(`order_amount`) AS think_sum FROM `ls_order` WHERE  `shop_id` = 2  AND `create_time` BETWEEN 1678982400 AND 1679068799   AND `pay_status` = 1 [ RunTime:0.000000s ]
[2023-03-18T12:34:11+08:00][sql] SELECT COUNT(`id`) AS think_count FROM `ls_order` WHERE  `shop_id` = 2  AND `create_time` BETWEEN 1678982400 AND 1679068799   AND `pay_status` = 1 [ RunTime:0.001000s ]
[2023-03-18T12:34:14+08:00][sql] CONNECT:[ UseTime:0.001000s ] mysql:host=127.0.0.1;port=3306;dbname=cdiancan;charset=utf8mb4
[2023-03-18T12:34:14+08:00][sql] SHOW FULL COLUMNS FROM `ls_dev_shop_auth` [ RunTime:0.004000s ]
[2023-03-18T12:34:14+08:00][sql] SELECT `uri` FROM `ls_dev_shop_auth` WHERE  `id` IN ('') [ RunTime:0.001000s ]
[2023-03-18T12:34:14+08:00][sql] SHOW FULL COLUMNS FROM `ls_config` [ RunTime:0.004001s ]
[2023-03-18T12:34:14+08:00][sql] SELECT `value` FROM `ls_config` WHERE  `type` = 'copyright'  AND `name` = 'company_name'  AND `shop_id` = 0 LIMIT 1 [ RunTime:0.001000s ]
[2023-03-18T12:34:14+08:00][sql] CONNECT:[ UseTime:0.003000s ] mysql:host=127.0.0.1;port=3306;dbname=cdiancan;charset=utf8mb4
[2023-03-18T12:34:14+08:00][sql] SHOW FULL COLUMNS FROM `ls_dev_shop_auth` [ RunTime:0.004000s ]
[2023-03-18T12:34:14+08:00][sql] SELECT `uri` FROM `ls_dev_shop_auth` WHERE  `id` IN ('') [ RunTime:0.001000s ]
[2023-03-18T12:34:14+08:00][sql] SHOW FULL COLUMNS FROM `ls_config` [ RunTime:0.003000s ]
[2023-03-18T12:34:14+08:00][sql] SELECT `value` FROM `ls_config` WHERE  `type` = 'copyright'  AND `name` = 'company_name'  AND `shop_id` = 0 LIMIT 1 [ RunTime:0.001000s ]
[2023-03-18T12:34:14+08:00][sql] SHOW FULL COLUMNS FROM `ls_zhuohao` [ RunTime:0.002000s ]
[2023-03-18T12:34:14+08:00][sql] SELECT * FROM `ls_zhuohao` `p` WHERE  `p`.`del` = 0  AND `p`.`shop_id` = 2 ORDER BY `p`.`id` DESC [ RunTime:0.001000s ]
[2023-03-18T12:34:18+08:00][sql] CONNECT:[ UseTime:0.001000s ] mysql:host=127.0.0.1;port=3306;dbname=cdiancan;charset=utf8mb4
[2023-03-18T12:34:18+08:00][sql] SHOW FULL COLUMNS FROM `ls_dev_shop_auth` [ RunTime:0.005000s ]
[2023-03-18T12:34:18+08:00][sql] SELECT `uri` FROM `ls_dev_shop_auth` WHERE  `id` IN ('') [ RunTime:0.001000s ]
[2023-03-18T12:34:18+08:00][sql] SHOW FULL COLUMNS FROM `ls_config` [ RunTime:0.001000s ]
[2023-03-18T12:34:18+08:00][sql] SELECT `value` FROM `ls_config` WHERE  `type` = 'copyright'  AND `name` = 'company_name'  AND `shop_id` = 0 LIMIT 1 [ RunTime:0.000000s ]
[2023-03-18T12:34:28+08:00][sql] CONNECT:[ UseTime:0.001001s ] mysql:host=127.0.0.1;port=3306;dbname=cdiancan;charset=utf8mb4
[2023-03-18T12:34:28+08:00][sql] SHOW FULL COLUMNS FROM `ls_config` [ RunTime:0.001000s ]
[2023-03-18T12:34:28+08:00][sql] SELECT `value` FROM `ls_config` WHERE  `type` = 'copyright'  AND `name` = 'company_name'  AND `shop_id` = 0 LIMIT 1 [ RunTime:0.001000s ]
[2023-03-18T12:34:28+08:00][sql] SHOW FULL COLUMNS FROM `ls_shop_admin` [ RunTime:0.004000s ]
[2023-03-18T12:34:28+08:00][sql] SELECT `S`.`id`,`SA`.`account`,`SA`.`name`,`SA`.`role_id`,`SA`.`shop_id`,S.name as shop_name FROM `ls_shop_admin` `SA` INNER JOIN `ls_shop` `S` ON `S`.`id`=`SA`.`shop_id` WHERE  `SA`.`shop_id` = '1'  AND `SA`.`root` = 1  AND `SA`.`del` = 0 LIMIT 1 [ RunTime:0.003000s ]
[2023-03-18T12:34:28+08:00][sql] CONNECT:[ UseTime:0.001000s ] mysql:host=127.0.0.1;port=3306;dbname=cdiancan;charset=utf8mb4
[2023-03-18T12:34:28+08:00][sql] SHOW FULL COLUMNS FROM `ls_config` [ RunTime:0.001000s ]
[2023-03-18T12:34:28+08:00][sql] SELECT `value` FROM `ls_config` WHERE  `type` = 'copyright'  AND `name` = 'company_name'  AND `shop_id` = 0 LIMIT 1 [ RunTime:0.001000s ]
[2023-03-18T12:34:28+08:00][sql] SELECT `value` FROM `ls_config` WHERE  `type` = 'website'  AND `name` = 'shop_name'  AND `shop_id` = 0 LIMIT 1 [ RunTime:0.000000s ]
[2023-03-18T12:34:28+08:00][sql] SELECT `value` FROM `ls_config` WHERE  `type` = 'website'  AND `name` = 'web_favicon'  AND `shop_id` = 0 LIMIT 1 [ RunTime:0.001000s ]
[2023-03-18T12:34:28+08:00][sql] SELECT `value` FROM `ls_config` WHERE  `type` = 'website'  AND `name` = 'shop_logo'  AND `shop_id` = 0 LIMIT 1 [ RunTime:0.000000s ]
[2023-03-18T12:34:28+08:00][sql] SHOW FULL COLUMNS FROM `ls_dev_shop_auth` [ RunTime:0.004000s ]
[2023-03-18T12:34:28+08:00][sql] SELECT * FROM `ls_dev_shop_auth` WHERE  `type` = 1  AND `del` = 0  AND `disable` = 0 ORDER BY `sort` DESC [ RunTime:0.001000s ]
[2023-03-18T12:34:28+08:00][sql] SHOW FULL COLUMNS FROM `ls_shop_role` [ RunTime:0.003000s ]
[2023-03-18T12:34:28+08:00][sql] SELECT `name` FROM `ls_shop_role` WHERE  `id` = 0 LIMIT 1 [ RunTime:0.001000s ]
[2023-03-18T12:34:28+08:00][sql] CONNECT:[ UseTime:0.002001s ] mysql:host=127.0.0.1;port=3306;dbname=cdiancan;charset=utf8mb4
[2023-03-18T12:34:28+08:00][sql] SHOW FULL COLUMNS FROM `ls_config` [ RunTime:0.001000s ]
[2023-03-18T12:34:28+08:00][sql] SELECT `value` FROM `ls_config` WHERE  `type` = 'copyright'  AND `name` = 'company_name'  AND `shop_id` = 0 LIMIT 1 [ RunTime:0.001000s ]
[2023-03-18T12:34:28+08:00][sql] SHOW FULL COLUMNS FROM `ls_order` [ RunTime:0.001000s ]
[2023-03-18T12:34:28+08:00][sql] SELECT * FROM `ls_order` WHERE  `del` = 0  AND `shop_id` = 1  AND `pay_status` = 1  AND `create_time` BETWEEN 1679068800 AND 1679155199 [ RunTime:0.001000s ]
[2023-03-18T12:34:28+08:00][sql] CONNECT:[ UseTime:0.001000s ] mysql:host=127.0.0.1;port=3306;dbname=cdiancan;charset=utf8mb4
[2023-03-18T12:34:28+08:00][sql] SHOW FULL COLUMNS FROM `ls_config` [ RunTime:0.001000s ]
[2023-03-18T12:34:28+08:00][sql] SELECT `value` FROM `ls_config` WHERE  `type` = 'copyright'  AND `name` = 'company_name'  AND `shop_id` = 0 LIMIT 1 [ RunTime:0.000000s ]
[2023-03-18T12:34:28+08:00][sql] SHOW FULL COLUMNS FROM `ls_order` [ RunTime:0.001000s ]
[2023-03-18T12:34:28+08:00][sql] SELECT SUM(`order_amount`) AS think_sum FROM `ls_order` WHERE  `shop_id` = 1  AND `create_time` BETWEEN 1677772800 AND 1677859199   AND `pay_status` = 1 [ RunTime:0.001000s ]
[2023-03-18T12:34:28+08:00][sql] SELECT COUNT(`id`) AS think_count FROM `ls_order` WHERE  `shop_id` = 1  AND `create_time` BETWEEN 1677772800 AND 1677859199   AND `pay_status` = 1 [ RunTime:0.000000s ]
[2023-03-18T12:34:28+08:00][sql] SELECT SUM(`order_amount`) AS think_sum FROM `ls_order` WHERE  `shop_id` = 1  AND `create_time` BETWEEN 1677859200 AND 1677945599   AND `pay_status` = 1 [ RunTime:0.001000s ]
[2023-03-18T12:34:28+08:00][sql] SELECT COUNT(`id`) AS think_count FROM `ls_order` WHERE  `shop_id` = 1  AND `create_time` BETWEEN 1677859200 AND 1677945599   AND `pay_status` = 1 [ RunTime:0.000000s ]
[2023-03-18T12:34:28+08:00][sql] SELECT SUM(`order_amount`) AS think_sum FROM `ls_order` WHERE  `shop_id` = 1  AND `create_time` BETWEEN 1677945600 AND 1678031999   AND `pay_status` = 1 [ RunTime:0.000000s ]
[2023-03-18T12:34:28+08:00][sql] SELECT COUNT(`id`) AS think_count FROM `ls_order` WHERE  `shop_id` = 1  AND `create_time` BETWEEN 1677945600 AND 1678031999   AND `pay_status` = 1 [ RunTime:0.000000s ]
[2023-03-18T12:34:28+08:00][sql] SELECT SUM(`order_amount`) AS think_sum FROM `ls_order` WHERE  `shop_id` = 1  AND `create_time` BETWEEN 1678032000 AND 1678118399   AND `pay_status` = 1 [ RunTime:0.000000s ]
[2023-03-18T12:34:28+08:00][sql] SELECT COUNT(`id`) AS think_count FROM `ls_order` WHERE  `shop_id` = 1  AND `create_time` BETWEEN 1678032000 AND 1678118399   AND `pay_status` = 1 [ RunTime:0.001000s ]
[2023-03-18T12:34:28+08:00][sql] SELECT SUM(`order_amount`) AS think_sum FROM `ls_order` WHERE  `shop_id` = 1  AND `create_time` BETWEEN 1678118400 AND 1678204799   AND `pay_status` = 1 [ RunTime:0.000000s ]
[2023-03-18T12:34:28+08:00][sql] SELECT COUNT(`id`) AS think_count FROM `ls_order` WHERE  `shop_id` = 1  AND `create_time` BETWEEN 1678118400 AND 1678204799   AND `pay_status` = 1 [ RunTime:0.001000s ]
[2023-03-18T12:34:28+08:00][sql] SELECT SUM(`order_amount`) AS think_sum FROM `ls_order` WHERE  `shop_id` = 1  AND `create_time` BETWEEN 1678204800 AND 1678291199   AND `pay_status` = 1 [ RunTime:0.000000s ]
[2023-03-18T12:34:28+08:00][sql] SELECT COUNT(`id`) AS think_count FROM `ls_order` WHERE  `shop_id` = 1  AND `create_time` BETWEEN 1678204800 AND 1678291199   AND `pay_status` = 1 [ RunTime:0.001000s ]
[2023-03-18T12:34:28+08:00][sql] SELECT SUM(`order_amount`) AS think_sum FROM `ls_order` WHERE  `shop_id` = 1  AND `create_time` BETWEEN 1678291200 AND 1678377599   AND `pay_status` = 1 [ RunTime:0.000000s ]
[2023-03-18T12:34:28+08:00][sql] SELECT COUNT(`id`) AS think_count FROM `ls_order` WHERE  `shop_id` = 1  AND `create_time` BETWEEN 1678291200 AND 1678377599   AND `pay_status` = 1 [ RunTime:0.001000s ]
[2023-03-18T12:34:28+08:00][sql] SELECT SUM(`order_amount`) AS think_sum FROM `ls_order` WHERE  `shop_id` = 1  AND `create_time` BETWEEN 1678377600 AND 1678463999   AND `pay_status` = 1 [ RunTime:0.000000s ]
[2023-03-18T12:34:28+08:00][sql] SELECT COUNT(`id`) AS think_count FROM `ls_order` WHERE  `shop_id` = 1  AND `create_time` BETWEEN 1678377600 AND 1678463999   AND `pay_status` = 1 [ RunTime:0.000000s ]
[2023-03-18T12:34:28+08:00][sql] SELECT SUM(`order_amount`) AS think_sum FROM `ls_order` WHERE  `shop_id` = 1  AND `create_time` BETWEEN 1678464000 AND 1678550399   AND `pay_status` = 1 [ RunTime:0.000000s ]
[2023-03-18T12:34:28+08:00][sql] SELECT COUNT(`id`) AS think_count FROM `ls_order` WHERE  `shop_id` = 1  AND `create_time` BETWEEN 1678464000 AND 1678550399   AND `pay_status` = 1 [ RunTime:0.000000s ]
[2023-03-18T12:34:28+08:00][sql] SELECT SUM(`order_amount`) AS think_sum FROM `ls_order` WHERE  `shop_id` = 1  AND `create_time` BETWEEN 1678550400 AND 1678636799   AND `pay_status` = 1 [ RunTime:0.001000s ]
[2023-03-18T12:34:28+08:00][sql] SELECT COUNT(`id`) AS think_count FROM `ls_order` WHERE  `shop_id` = 1  AND `create_time` BETWEEN 1678550400 AND 1678636799   AND `pay_status` = 1 [ RunTime:0.000000s ]
[2023-03-18T12:34:28+08:00][sql] SELECT SUM(`order_amount`) AS think_sum FROM `ls_order` WHERE  `shop_id` = 1  AND `create_time` BETWEEN 1678636800 AND 1678723199   AND `pay_status` = 1 [ RunTime:0.001000s ]
[2023-03-18T12:34:28+08:00][sql] SELECT COUNT(`id`) AS think_count FROM `ls_order` WHERE  `shop_id` = 1  AND `create_time` BETWEEN 1678636800 AND 1678723199   AND `pay_status` = 1 [ RunTime:0.000000s ]
[2023-03-18T12:34:28+08:00][sql] SELECT SUM(`order_amount`) AS think_sum FROM `ls_order` WHERE  `shop_id` = 1  AND `create_time` BETWEEN 1678723200 AND 1678809599   AND `pay_status` = 1 [ RunTime:0.001000s ]
[2023-03-18T12:34:28+08:00][sql] SELECT COUNT(`id`) AS think_count FROM `ls_order` WHERE  `shop_id` = 1  AND `create_time` BETWEEN 1678723200 AND 1678809599   AND `pay_status` = 1 [ RunTime:0.000000s ]
[2023-03-18T12:34:28+08:00][sql] SELECT SUM(`order_amount`) AS think_sum FROM `ls_order` WHERE  `shop_id` = 1  AND `create_time` BETWEEN 1678809600 AND 1678895999   AND `pay_status` = 1 [ RunTime:0.000000s ]
[2023-03-18T12:34:28+08:00][sql] SELECT COUNT(`id`) AS think_count FROM `ls_order` WHERE  `shop_id` = 1  AND `create_time` BETWEEN 1678809600 AND 1678895999   AND `pay_status` = 1 [ RunTime:0.001000s ]
[2023-03-18T12:34:28+08:00][sql] SELECT SUM(`order_amount`) AS think_sum FROM `ls_order` WHERE  `shop_id` = 1  AND `create_time` BETWEEN 1678896000 AND 1678982399   AND `pay_status` = 1 [ RunTime:0.000000s ]
[2023-03-18T12:34:28+08:00][sql] SELECT COUNT(`id`) AS think_count FROM `ls_order` WHERE  `shop_id` = 1  AND `create_time` BETWEEN 1678896000 AND 1678982399   AND `pay_status` = 1 [ RunTime:0.001000s ]
[2023-03-18T12:34:28+08:00][sql] SELECT SUM(`order_amount`) AS think_sum FROM `ls_order` WHERE  `shop_id` = 1  AND `create_time` BETWEEN 1678982400 AND 1679068799   AND `pay_status` = 1 [ RunTime:0.000000s ]
[2023-03-18T12:34:28+08:00][sql] SELECT COUNT(`id`) AS think_count FROM `ls_order` WHERE  `shop_id` = 1  AND `create_time` BETWEEN 1678982400 AND 1679068799   AND `pay_status` = 1 [ RunTime:0.001000s ]
[2023-03-18T12:34:31+08:00][sql] CONNECT:[ UseTime:0.001000s ] mysql:host=127.0.0.1;port=3306;dbname=cdiancan;charset=utf8mb4
[2023-03-18T12:34:31+08:00][sql] SHOW FULL COLUMNS FROM `ls_config` [ RunTime:0.001000s ]
[2023-03-18T12:34:31+08:00][sql] SELECT `value` FROM `ls_config` WHERE  `type` = 'copyright'  AND `name` = 'company_name'  AND `shop_id` = 0 LIMIT 1 [ RunTime:0.001000s ]
[2023-03-18T12:34:31+08:00][sql] CONNECT:[ UseTime:0.001000s ] mysql:host=127.0.0.1;port=3306;dbname=cdiancan;charset=utf8mb4
[2023-03-18T12:34:31+08:00][sql] SHOW FULL COLUMNS FROM `ls_config` [ RunTime:0.001000s ]
[2023-03-18T12:34:31+08:00][sql] SELECT `value` FROM `ls_config` WHERE  `type` = 'copyright'  AND `name` = 'company_name'  AND `shop_id` = 0 LIMIT 1 [ RunTime:0.000000s ]
[2023-03-18T12:34:31+08:00][sql] SHOW FULL COLUMNS FROM `ls_zhuohao` [ RunTime:0.001000s ]
[2023-03-18T12:34:31+08:00][sql] SELECT * FROM `ls_zhuohao` `p` WHERE  `p`.`del` = 0  AND `p`.`shop_id` = 1 ORDER BY `p`.`id` DESC [ RunTime:0.001000s ]
[2023-03-18T12:34:39+08:00][sql] CONNECT:[ UseTime:0.002000s ] mysql:host=127.0.0.1;port=3306;dbname=cdiancan;charset=utf8mb4
[2023-03-18T12:34:39+08:00][sql] SHOW FULL COLUMNS FROM `ls_config` [ RunTime:0.001000s ]
[2023-03-18T12:34:39+08:00][sql] SELECT `value` FROM `ls_config` WHERE  `type` = 'copyright'  AND `name` = 'company_name'  AND `shop_id` = 0 LIMIT 1 [ RunTime:0.000000s ]
[2023-03-18T12:34:39+08:00][sql] SHOW FULL COLUMNS FROM `ls_zhuohao` [ RunTime:0.001000s ]
[2023-03-18T12:34:39+08:00][sql] SELECT * FROM `ls_zhuohao` WHERE  `del` = 0  AND `id` = 2 LIMIT 1 [ RunTime:0.001000s ]
[2023-03-18T12:37:53+08:00][sql] CONNECT:[ UseTime:0.002000s ] mysql:host=127.0.0.1;port=3306;dbname=cdiancan;charset=utf8mb4
[2023-03-18T12:37:53+08:00][sql] SHOW FULL COLUMNS FROM `ls_config` [ RunTime:0.002000s ]
[2023-03-18T12:37:53+08:00][sql] SELECT `value` FROM `ls_config` WHERE  `type` = 'copyright'  AND `name` = 'company_name'  AND `shop_id` = 0 LIMIT 1 [ RunTime:0.001000s ]
[2023-03-18T12:38:11+08:00][sql] CONNECT:[ UseTime:0.001000s ] mysql:host=127.0.0.1;port=3306;dbname=cdiancan;charset=utf8mb4
[2023-03-18T12:38:11+08:00][sql] SHOW FULL COLUMNS FROM `ls_config` [ RunTime:0.001000s ]
[2023-03-18T12:38:11+08:00][sql] SELECT `value` FROM `ls_config` WHERE  `type` = 'copyright'  AND `name` = 'company_name'  AND `shop_id` = 0 LIMIT 1 [ RunTime:0.000000s ]
[2023-03-18T12:38:11+08:00][sql] SHOW FULL COLUMNS FROM `ls_zhuohao` [ RunTime:0.001000s ]
[2023-03-18T12:38:11+08:00][sql] INSERT INTO `ls_zhuohao` SET `shop_id` = 1 , `name` = '二楼021' , `number` = '021' , `create_time` = 1679114291 , `update_time` = 1679114291 [ RunTime:0.002000s ]
[2023-03-18T12:38:12+08:00][sql] CONNECT:[ UseTime:0.001000s ] mysql:host=127.0.0.1;port=3306;dbname=cdiancan;charset=utf8mb4
[2023-03-18T12:38:12+08:00][sql] SHOW FULL COLUMNS FROM `ls_config` [ RunTime:0.001000s ]
[2023-03-18T12:38:12+08:00][sql] SELECT `value` FROM `ls_config` WHERE  `type` = 'copyright'  AND `name` = 'company_name'  AND `shop_id` = 0 LIMIT 1 [ RunTime:0.001001s ]
[2023-03-18T12:38:12+08:00][sql] CONNECT:[ UseTime:0.001000s ] mysql:host=127.0.0.1;port=3306;dbname=cdiancan;charset=utf8mb4
[2023-03-18T12:38:12+08:00][sql] SHOW FULL COLUMNS FROM `ls_config` [ RunTime:0.001000s ]
[2023-03-18T12:38:12+08:00][sql] SELECT `value` FROM `ls_config` WHERE  `type` = 'copyright'  AND `name` = 'company_name'  AND `shop_id` = 0 LIMIT 1 [ RunTime:0.000000s ]
[2023-03-18T12:38:12+08:00][sql] SHOW FULL COLUMNS FROM `ls_zhuohao` [ RunTime:0.001000s ]
[2023-03-18T12:38:12+08:00][sql] SELECT * FROM `ls_zhuohao` `p` WHERE  `p`.`del` = 0  AND `p`.`shop_id` = 1 ORDER BY `p`.`id` DESC [ RunTime:0.001000s ]
[2023-03-18T12:47:12+08:00][sql] CONNECT:[ UseTime:0.002000s ] mysql:host=127.0.0.1;port=3306;dbname=cdiancan;charset=utf8mb4
[2023-03-18T12:47:12+08:00][sql] SHOW FULL COLUMNS FROM `ls_config` [ RunTime:0.001000s ]
[2023-03-18T12:47:12+08:00][sql] SELECT `value` FROM `ls_config` WHERE  `type` = 'copyright'  AND `name` = 'company_name'  AND `shop_id` = 0 LIMIT 1 [ RunTime:0.000000s ]
[2023-03-18T12:47:21+08:00][sql] CONNECT:[ UseTime:0.002000s ] mysql:host=127.0.0.1;port=3306;dbname=cdiancan;charset=utf8mb4
[2023-03-18T12:47:21+08:00][sql] SHOW FULL COLUMNS FROM `ls_config` [ RunTime:0.001000s ]
[2023-03-18T12:47:21+08:00][sql] SELECT `value` FROM `ls_config` WHERE  `type` = 'copyright'  AND `name` = 'company_name'  AND `shop_id` = 0 LIMIT 1 [ RunTime:0.000000s ]
[2023-03-18T12:47:21+08:00][sql] SHOW FULL COLUMNS FROM `ls_zhuohao` [ RunTime:0.001000s ]
[2023-03-18T12:47:21+08:00][sql] INSERT INTO `ls_zhuohao` SET `shop_id` = 1 , `name` = '二维022' , `number` = '022' , `create_time` = 1679114840 , `update_time` = 1679114840 [ RunTime:0.001000s ]
[2023-03-18T12:47:21+08:00][sql] SELECT `value` FROM `ls_config` WHERE  `type` = 'mnp'  AND `name` = 'app_id'  AND `shop_id` = 0 LIMIT 1 [ RunTime:0.001000s ]
[2023-03-18T12:47:21+08:00][sql] SELECT `value` FROM `ls_config` WHERE  `type` = 'mnp'  AND `name` = 'secret'  AND `shop_id` = 0 LIMIT 1 [ RunTime:0.000000s ]
[2023-03-18T12:47:21+08:00][sql] SELECT `value` FROM `ls_config` WHERE  `type` = 'mnp'  AND `name` = 'mch_id'  AND `shop_id` = 0 LIMIT 1 [ RunTime:0.001000s ]
[2023-03-18T12:47:21+08:00][sql] SELECT `value` FROM `ls_config` WHERE  `type` = 'mnp'  AND `name` = 'key'  AND `shop_id` = 0 LIMIT 1 [ RunTime:0.000000s ]
[2023-03-18T12:47:22+08:00][sql] CONNECT:[ UseTime:0.001000s ] mysql:host=127.0.0.1;port=3306;dbname=cdiancan;charset=utf8mb4
[2023-03-18T12:47:22+08:00][sql] SHOW FULL COLUMNS FROM `ls_config` [ RunTime:0.001000s ]
[2023-03-18T12:47:22+08:00][sql] SELECT `value` FROM `ls_config` WHERE  `type` = 'copyright'  AND `name` = 'company_name'  AND `shop_id` = 0 LIMIT 1 [ RunTime:0.000000s ]
[2023-03-18T12:47:22+08:00][sql] CONNECT:[ UseTime:0.001000s ] mysql:host=127.0.0.1;port=3306;dbname=cdiancan;charset=utf8mb4
[2023-03-18T12:47:22+08:00][sql] SHOW FULL COLUMNS FROM `ls_config` [ RunTime:0.001000s ]
[2023-03-18T12:47:22+08:00][sql] SELECT `value` FROM `ls_config` WHERE  `type` = 'copyright'  AND `name` = 'company_name'  AND `shop_id` = 0 LIMIT 1 [ RunTime:0.000000s ]
[2023-03-18T12:47:22+08:00][sql] SHOW FULL COLUMNS FROM `ls_zhuohao` [ RunTime:0.001000s ]
[2023-03-18T12:47:22+08:00][sql] SELECT * FROM `ls_zhuohao` `p` WHERE  `p`.`del` = 0  AND `p`.`shop_id` = 1 ORDER BY `p`.`id` DESC [ RunTime:0.000000s ]
[2023-03-18T12:50:46+08:00][sql] CONNECT:[ UseTime:0.002000s ] mysql:host=127.0.0.1;port=3306;dbname=cdiancan;charset=utf8mb4
[2023-03-18T12:50:46+08:00][sql] SHOW FULL COLUMNS FROM `ls_config` [ RunTime:0.001000s ]
[2023-03-18T12:50:46+08:00][sql] SELECT `value` FROM `ls_config` WHERE  `type` = 'copyright'  AND `name` = 'company_name'  AND `shop_id` = 0 LIMIT 1 [ RunTime:0.001000s ]
[2023-03-18T12:50:50+08:00][sql] CONNECT:[ UseTime:0.001000s ] mysql:host=127.0.0.1;port=3306;dbname=cdiancan;charset=utf8mb4
[2023-03-18T12:50:50+08:00][sql] SHOW FULL COLUMNS FROM `ls_config` [ RunTime:0.001000s ]
[2023-03-18T12:50:50+08:00][sql] SELECT `value` FROM `ls_config` WHERE  `type` = 'copyright'  AND `name` = 'company_name'  AND `shop_id` = 0 LIMIT 1 [ RunTime:0.001000s ]
[2023-03-18T12:50:50+08:00][sql] SHOW FULL COLUMNS FROM `ls_zhuohao` [ RunTime:0.001000s ]
[2023-03-18T12:50:50+08:00][sql] INSERT INTO `ls_zhuohao` SET `shop_id` = 1 , `name` = '55' , `number` = '55' , `create_time` = 1679115049 , `update_time` = 1679115049 [ RunTime:0.001000s ]
[2023-03-18T12:50:50+08:00][sql] SELECT `value` FROM `ls_config` WHERE  `type` = 'mnp'  AND `name` = 'app_id'  AND `shop_id` = 0 LIMIT 1 [ RunTime:0.001000s ]
[2023-03-18T12:50:50+08:00][sql] SELECT `value` FROM `ls_config` WHERE  `type` = 'mnp'  AND `name` = 'secret'  AND `shop_id` = 0 LIMIT 1 [ RunTime:0.000000s ]
[2023-03-18T12:50:50+08:00][sql] SELECT `value` FROM `ls_config` WHERE  `type` = 'mnp'  AND `name` = 'mch_id'  AND `shop_id` = 0 LIMIT 1 [ RunTime:0.001000s ]
[2023-03-18T12:50:50+08:00][sql] SELECT `value` FROM `ls_config` WHERE  `type` = 'mnp'  AND `name` = 'key'  AND `shop_id` = 0 LIMIT 1 [ RunTime:0.000000s ]
[2023-03-18T12:54:28+08:00][sql] CONNECT:[ UseTime:0.002000s ] mysql:host=127.0.0.1;port=3306;dbname=cdiancan;charset=utf8mb4
[2023-03-18T12:54:28+08:00][sql] SHOW FULL COLUMNS FROM `ls_config` [ RunTime:0.001000s ]
[2023-03-18T12:54:28+08:00][sql] SELECT `value` FROM `ls_config` WHERE  `type` = 'copyright'  AND `name` = 'company_name'  AND `shop_id` = 0 LIMIT 1 [ RunTime:0.000000s ]
[2023-03-18T12:54:28+08:00][sql] SHOW FULL COLUMNS FROM `ls_zhuohao` [ RunTime:0.001000s ]
[2023-03-18T12:54:28+08:00][sql] INSERT INTO `ls_zhuohao` SET `shop_id` = 1 , `name` = '55' , `number` = '55' , `create_time` = 1679115268 , `update_time` = 1679115268 [ RunTime:0.002000s ]
[2023-03-18T12:54:28+08:00][sql] SELECT `value` FROM `ls_config` WHERE  `type` = 'mnp'  AND `name` = 'app_id'  AND `shop_id` = 0 LIMIT 1 [ RunTime:0.000000s ]
[2023-03-18T12:54:28+08:00][sql] SELECT `value` FROM `ls_config` WHERE  `type` = 'mnp'  AND `name` = 'secret'  AND `shop_id` = 0 LIMIT 1 [ RunTime:0.000000s ]
[2023-03-18T12:54:28+08:00][sql] SELECT `value` FROM `ls_config` WHERE  `type` = 'mnp'  AND `name` = 'mch_id'  AND `shop_id` = 0 LIMIT 1 [ RunTime:0.000000s ]
[2023-03-18T12:54:28+08:00][sql] SELECT `value` FROM `ls_config` WHERE  `type` = 'mnp'  AND `name` = 'key'  AND `shop_id` = 0 LIMIT 1 [ RunTime:0.000000s ]
[2023-03-18T12:55:29+08:00][sql] CONNECT:[ UseTime:0.002000s ] mysql:host=127.0.0.1;port=3306;dbname=cdiancan;charset=utf8mb4
[2023-03-18T12:55:29+08:00][sql] SHOW FULL COLUMNS FROM `ls_config` [ RunTime:0.001001s ]
[2023-03-18T12:55:29+08:00][sql] SELECT `value` FROM `ls_config` WHERE  `type` = 'copyright'  AND `name` = 'company_name'  AND `shop_id` = 0 LIMIT 1 [ RunTime:0.000000s ]
[2023-03-18T12:55:29+08:00][sql] SHOW FULL COLUMNS FROM `ls_zhuohao` [ RunTime:0.002000s ]
[2023-03-18T12:55:29+08:00][sql] INSERT INTO `ls_zhuohao` SET `shop_id` = 1 , `name` = '55' , `number` = '55' , `create_time` = 1679115329 , `update_time` = 1679115329 [ RunTime:0.001000s ]
[2023-03-18T12:55:29+08:00][sql] SELECT `value` FROM `ls_config` WHERE  `type` = 'mnp'  AND `name` = 'app_id'  AND `shop_id` = 0 LIMIT 1 [ RunTime:0.000000s ]
[2023-03-18T12:55:29+08:00][sql] SELECT `value` FROM `ls_config` WHERE  `type` = 'mnp'  AND `name` = 'secret'  AND `shop_id` = 0 LIMIT 1 [ RunTime:0.001000s ]
[2023-03-18T12:55:29+08:00][sql] SELECT `value` FROM `ls_config` WHERE  `type` = 'mnp'  AND `name` = 'mch_id'  AND `shop_id` = 0 LIMIT 1 [ RunTime:0.000000s ]
[2023-03-18T12:55:29+08:00][sql] SELECT `value` FROM `ls_config` WHERE  `type` = 'mnp'  AND `name` = 'key'  AND `shop_id` = 0 LIMIT 1 [ RunTime:0.001000s ]
[2023-03-18T12:55:39+08:00][sql] CONNECT:[ UseTime:0.001000s ] mysql:host=127.0.0.1;port=3306;dbname=cdiancan;charset=utf8mb4
[2023-03-18T12:55:39+08:00][sql] SHOW FULL COLUMNS FROM `ls_config` [ RunTime:0.001000s ]
[2023-03-18T12:55:39+08:00][sql] SELECT `value` FROM `ls_config` WHERE  `type` = 'copyright'  AND `name` = 'company_name'  AND `shop_id` = 0 LIMIT 1 [ RunTime:0.000000s ]
[2023-03-18T12:55:39+08:00][sql] SHOW FULL COLUMNS FROM `ls_zhuohao` [ RunTime:0.001000s ]
[2023-03-18T12:55:39+08:00][sql] INSERT INTO `ls_zhuohao` SET `shop_id` = 1 , `name` = '55' , `number` = '55' , `create_time` = 1679115339 , `update_time` = 1679115339 [ RunTime:0.001000s ]
[2023-03-18T12:55:39+08:00][sql] SELECT `value` FROM `ls_config` WHERE  `type` = 'mnp'  AND `name` = 'app_id'  AND `shop_id` = 0 LIMIT 1 [ RunTime:0.001000s ]
[2023-03-18T12:55:39+08:00][sql] SELECT `value` FROM `ls_config` WHERE  `type` = 'mnp'  AND `name` = 'secret'  AND `shop_id` = 0 LIMIT 1 [ RunTime:0.000000s ]
[2023-03-18T12:55:39+08:00][sql] SELECT `value` FROM `ls_config` WHERE  `type` = 'mnp'  AND `name` = 'mch_id'  AND `shop_id` = 0 LIMIT 1 [ RunTime:0.001000s ]
[2023-03-18T12:55:39+08:00][sql] SELECT `value` FROM `ls_config` WHERE  `type` = 'mnp'  AND `name` = 'key'  AND `shop_id` = 0 LIMIT 1 [ RunTime:0.000000s ]
[2023-03-18T12:55:50+08:00][sql] CONNECT:[ UseTime:0.001000s ] mysql:host=127.0.0.1;port=3306;dbname=cdiancan;charset=utf8mb4
[2023-03-18T12:55:50+08:00][sql] SHOW FULL COLUMNS FROM `ls_config` [ RunTime:0.001000s ]
[2023-03-18T12:55:50+08:00][sql] SELECT `value` FROM `ls_config` WHERE  `type` = 'copyright'  AND `name` = 'company_name'  AND `shop_id` = 0 LIMIT 1 [ RunTime:0.001000s ]
[2023-03-18T12:55:50+08:00][sql] SHOW FULL COLUMNS FROM `ls_zhuohao` [ RunTime:0.001000s ]
[2023-03-18T12:55:50+08:00][sql] INSERT INTO `ls_zhuohao` SET `shop_id` = 1 , `name` = '55' , `number` = '55' , `create_time` = 1679115349 , `update_time` = 1679115349 [ RunTime:0.002000s ]
[2023-03-18T12:55:50+08:00][sql] SELECT `value` FROM `ls_config` WHERE  `type` = 'mnp'  AND `name` = 'app_id'  AND `shop_id` = 0 LIMIT 1 [ RunTime:0.000000s ]
[2023-03-18T12:55:50+08:00][sql] SELECT `value` FROM `ls_config` WHERE  `type` = 'mnp'  AND `name` = 'secret'  AND `shop_id` = 0 LIMIT 1 [ RunTime:0.001000s ]
[2023-03-18T12:55:50+08:00][sql] SELECT `value` FROM `ls_config` WHERE  `type` = 'mnp'  AND `name` = 'mch_id'  AND `shop_id` = 0 LIMIT 1 [ RunTime:0.000000s ]
[2023-03-18T12:55:50+08:00][sql] SELECT `value` FROM `ls_config` WHERE  `type` = 'mnp'  AND `name` = 'key'  AND `shop_id` = 0 LIMIT 1 [ RunTime:0.000000s ]
[2023-03-18T12:56:00+08:00][sql] CONNECT:[ UseTime:0.002000s ] mysql:host=127.0.0.1;port=3306;dbname=cdiancan;charset=utf8mb4
[2023-03-18T12:56:00+08:00][sql] SHOW FULL COLUMNS FROM `ls_config` [ RunTime:0.001000s ]
[2023-03-18T12:56:00+08:00][sql] SELECT `value` FROM `ls_config` WHERE  `type` = 'copyright'  AND `name` = 'company_name'  AND `shop_id` = 0 LIMIT 1 [ RunTime:0.001000s ]
[2023-03-18T12:56:00+08:00][sql] SHOW FULL COLUMNS FROM `ls_zhuohao` [ RunTime:0.001000s ]
[2023-03-18T12:56:00+08:00][sql] INSERT INTO `ls_zhuohao` SET `shop_id` = 1 , `name` = '55' , `number` = '55' , `create_time` = 1679115360 , `update_time` = 1679115360 [ RunTime:0.001001s ]
[2023-03-18T12:56:00+08:00][sql] SELECT `value` FROM `ls_config` WHERE  `type` = 'mnp'  AND `name` = 'app_id'  AND `shop_id` = 0 LIMIT 1 [ RunTime:0.000000s ]
[2023-03-18T12:56:00+08:00][sql] SELECT `value` FROM `ls_config` WHERE  `type` = 'mnp'  AND `name` = 'secret'  AND `shop_id` = 0 LIMIT 1 [ RunTime:0.001000s ]
[2023-03-18T12:56:00+08:00][sql] SELECT `value` FROM `ls_config` WHERE  `type` = 'mnp'  AND `name` = 'mch_id'  AND `shop_id` = 0 LIMIT 1 [ RunTime:0.000000s ]
[2023-03-18T12:56:00+08:00][sql] SELECT `value` FROM `ls_config` WHERE  `type` = 'mnp'  AND `name` = 'key'  AND `shop_id` = 0 LIMIT 1 [ RunTime:0.001000s ]
[2023-03-18T12:57:44+08:00][sql] CONNECT:[ UseTime:0.001000s ] mysql:host=127.0.0.1;port=3306;dbname=cdiancan;charset=utf8mb4
[2023-03-18T12:57:44+08:00][sql] SHOW FULL COLUMNS FROM `ls_config` [ RunTime:0.001000s ]
[2023-03-18T12:57:44+08:00][sql] SELECT `value` FROM `ls_config` WHERE  `type` = 'copyright'  AND `name` = 'company_name'  AND `shop_id` = 0 LIMIT 1 [ RunTime:0.001000s ]
[2023-03-18T12:57:44+08:00][sql] SHOW FULL COLUMNS FROM `ls_zhuohao` [ RunTime:0.001000s ]
[2023-03-18T12:57:44+08:00][sql] INSERT INTO `ls_zhuohao` SET `shop_id` = 1 , `name` = '55' , `number` = '55' , `create_time` = 1679115463 , `update_time` = 1679115463 [ RunTime:0.001000s ]
[2023-03-18T12:57:44+08:00][sql] SELECT `value` FROM `ls_config` WHERE  `type` = 'mnp'  AND `name` = 'app_id'  AND `shop_id` = 0 LIMIT 1 [ RunTime:0.000000s ]
[2023-03-18T12:57:44+08:00][sql] SELECT `value` FROM `ls_config` WHERE  `type` = 'mnp'  AND `name` = 'secret'  AND `shop_id` = 0 LIMIT 1 [ RunTime:0.001000s ]
[2023-03-18T12:57:44+08:00][sql] SELECT `value` FROM `ls_config` WHERE  `type` = 'mnp'  AND `name` = 'mch_id'  AND `shop_id` = 0 LIMIT 1 [ RunTime:0.000000s ]
[2023-03-18T12:57:44+08:00][sql] SELECT `value` FROM `ls_config` WHERE  `type` = 'mnp'  AND `name` = 'key'  AND `shop_id` = 0 LIMIT 1 [ RunTime:0.001000s ]
[2023-03-18T12:58:21+08:00][sql] CONNECT:[ UseTime:0.001000s ] mysql:host=127.0.0.1;port=3306;dbname=cdiancan;charset=utf8mb4
[2023-03-18T12:58:21+08:00][sql] SHOW FULL COLUMNS FROM `ls_config` [ RunTime:0.001000s ]
[2023-03-18T12:58:21+08:00][sql] SELECT `value` FROM `ls_config` WHERE  `type` = 'copyright'  AND `name` = 'company_name'  AND `shop_id` = 0 LIMIT 1 [ RunTime:0.001000s ]
[2023-03-18T12:58:21+08:00][sql] SHOW FULL COLUMNS FROM `ls_zhuohao` [ RunTime:0.001000s ]
[2023-03-18T12:58:21+08:00][sql] INSERT INTO `ls_zhuohao` SET `shop_id` = 1 , `name` = '55' , `number` = '55' , `create_time` = 1679115501 , `update_time` = 1679115501 [ RunTime:0.000000s ]
[2023-03-18T12:58:21+08:00][sql] SELECT `value` FROM `ls_config` WHERE  `type` = 'mnp'  AND `name` = 'app_id'  AND `shop_id` = 0 LIMIT 1 [ RunTime:0.001000s ]
[2023-03-18T12:58:21+08:00][sql] SELECT `value` FROM `ls_config` WHERE  `type` = 'mnp'  AND `name` = 'secret'  AND `shop_id` = 0 LIMIT 1 [ RunTime:0.000000s ]
[2023-03-18T12:58:21+08:00][sql] SELECT `value` FROM `ls_config` WHERE  `type` = 'mnp'  AND `name` = 'mch_id'  AND `shop_id` = 0 LIMIT 1 [ RunTime:0.000000s ]
[2023-03-18T12:58:21+08:00][sql] SELECT `value` FROM `ls_config` WHERE  `type` = 'mnp'  AND `name` = 'key'  AND `shop_id` = 0 LIMIT 1 [ RunTime:0.001000s ]
[2023-03-18T12:58:29+08:00][sql] CONNECT:[ UseTime:0.001001s ] mysql:host=127.0.0.1;port=3306;dbname=cdiancan;charset=utf8mb4
[2023-03-18T12:58:29+08:00][sql] SHOW FULL COLUMNS FROM `ls_config` [ RunTime:0.001000s ]
[2023-03-18T12:58:29+08:00][sql] SELECT `value` FROM `ls_config` WHERE  `type` = 'copyright'  AND `name` = 'company_name'  AND `shop_id` = 0 LIMIT 1 [ RunTime:0.001000s ]
[2023-03-18T12:58:29+08:00][sql] SHOW FULL COLUMNS FROM `ls_zhuohao` [ RunTime:0.001000s ]
[2023-03-18T12:58:29+08:00][sql] INSERT INTO `ls_zhuohao` SET `shop_id` = 1 , `name` = '55' , `number` = '55' , `create_time` = 1679115508 , `update_time` = 1679115508 [ RunTime:0.001000s ]
[2023-03-18T12:58:29+08:00][sql] SELECT `value` FROM `ls_config` WHERE  `type` = 'mnp'  AND `name` = 'app_id'  AND `shop_id` = 0 LIMIT 1 [ RunTime:0.000000s ]
[2023-03-18T12:58:29+08:00][sql] SELECT `value` FROM `ls_config` WHERE  `type` = 'mnp'  AND `name` = 'secret'  AND `shop_id` = 0 LIMIT 1 [ RunTime:0.000000s ]
[2023-03-18T12:58:29+08:00][sql] SELECT `value` FROM `ls_config` WHERE  `type` = 'mnp'  AND `name` = 'mch_id'  AND `shop_id` = 0 LIMIT 1 [ RunTime:0.001000s ]
[2023-03-18T12:58:29+08:00][sql] SELECT `value` FROM `ls_config` WHERE  `type` = 'mnp'  AND `name` = 'key'  AND `shop_id` = 0 LIMIT 1 [ RunTime:0.000000s ]
[2023-03-18T12:58:56+08:00][sql] CONNECT:[ UseTime:0.001000s ] mysql:host=127.0.0.1;port=3306;dbname=cdiancan;charset=utf8mb4
[2023-03-18T12:58:56+08:00][sql] SHOW FULL COLUMNS FROM `ls_config` [ RunTime:0.001001s ]
[2023-03-18T12:58:56+08:00][sql] SELECT `value` FROM `ls_config` WHERE  `type` = 'copyright'  AND `name` = 'company_name'  AND `shop_id` = 0 LIMIT 1 [ RunTime:0.000000s ]
[2023-03-18T12:58:57+08:00][sql] CONNECT:[ UseTime:0.002000s ] mysql:host=127.0.0.1;port=3306;dbname=cdiancan;charset=utf8mb4
[2023-03-18T12:58:57+08:00][sql] SHOW FULL COLUMNS FROM `ls_config` [ RunTime:0.001000s ]
[2023-03-18T12:58:57+08:00][sql] SELECT `value` FROM `ls_config` WHERE  `type` = 'copyright'  AND `name` = 'company_name'  AND `shop_id` = 0 LIMIT 1 [ RunTime:0.000000s ]
[2023-03-18T12:58:57+08:00][sql] SHOW FULL COLUMNS FROM `ls_printer` [ RunTime:0.006001s ]
[2023-03-18T12:58:57+08:00][sql] SELECT `p`.*,pc.name as type_name FROM `ls_printer` `p` INNER JOIN `ls_printer_config` `pc` ON `p`.`printer_config_id`=`pc`.`id` WHERE  `p`.`del` = 0  AND `p`.`shop_id` = 1 ORDER BY `p`.`id` DESC [ RunTime:0.005000s ]
[2023-03-18T12:58:59+08:00][sql] CONNECT:[ UseTime:0.001000s ] mysql:host=127.0.0.1;port=3306;dbname=cdiancan;charset=utf8mb4
[2023-03-18T12:58:59+08:00][sql] SHOW FULL COLUMNS FROM `ls_config` [ RunTime:0.001000s ]
[2023-03-18T12:58:59+08:00][sql] SELECT `value` FROM `ls_config` WHERE  `type` = 'copyright'  AND `name` = 'company_name'  AND `shop_id` = 0 LIMIT 1 [ RunTime:0.001000s ]
[2023-03-18T12:58:59+08:00][sql] CONNECT:[ UseTime:0.001000s ] mysql:host=127.0.0.1;port=3306;dbname=cdiancan;charset=utf8mb4
[2023-03-18T12:58:59+08:00][sql] SHOW FULL COLUMNS FROM `ls_config` [ RunTime:0.001000s ]
[2023-03-18T12:58:59+08:00][sql] SELECT `value` FROM `ls_config` WHERE  `type` = 'copyright'  AND `name` = 'company_name'  AND `shop_id` = 0 LIMIT 1 [ RunTime:0.001000s ]
[2023-03-18T12:58:59+08:00][sql] SHOW FULL COLUMNS FROM `ls_zhuohao` [ RunTime:0.001000s ]
[2023-03-18T12:58:59+08:00][sql] SELECT * FROM `ls_zhuohao` `p` WHERE  `p`.`del` = 0  AND `p`.`shop_id` = 1 ORDER BY `p`.`id` DESC [ RunTime:0.001001s ]
[2023-03-18T12:59:11+08:00][sql] CONNECT:[ UseTime:0.001000s ] mysql:host=127.0.0.1;port=3306;dbname=cdiancan;charset=utf8mb4
[2023-03-18T12:59:11+08:00][sql] SHOW FULL COLUMNS FROM `ls_config` [ RunTime:0.001000s ]
[2023-03-18T12:59:11+08:00][sql] SELECT `value` FROM `ls_config` WHERE  `type` = 'copyright'  AND `name` = 'company_name'  AND `shop_id` = 0 LIMIT 1 [ RunTime:0.001000s ]
[2023-03-18T12:59:19+08:00][sql] CONNECT:[ UseTime:0.002000s ] mysql:host=127.0.0.1;port=3306;dbname=cdiancan;charset=utf8mb4
[2023-03-18T12:59:19+08:00][sql] SHOW FULL COLUMNS FROM `ls_config` [ RunTime:0.001000s ]
[2023-03-18T12:59:19+08:00][sql] SELECT `value` FROM `ls_config` WHERE  `type` = 'copyright'  AND `name` = 'company_name'  AND `shop_id` = 0 LIMIT 1 [ RunTime:0.001000s ]
[2023-03-18T12:59:19+08:00][sql] SHOW FULL COLUMNS FROM `ls_zhuohao` [ RunTime:0.002000s ]
[2023-03-18T12:59:19+08:00][sql] INSERT INTO `ls_zhuohao` SET `shop_id` = 1 , `name` = '是否回留念' , `number` = '0555' , `create_time` = 1679115558 , `update_time` = 1679115558 [ RunTime:0.001000s ]
[2023-03-18T12:59:19+08:00][sql] SELECT `value` FROM `ls_config` WHERE  `type` = 'mnp'  AND `name` = 'app_id'  AND `shop_id` = 0 LIMIT 1 [ RunTime:0.000000s ]
[2023-03-18T12:59:19+08:00][sql] SELECT `value` FROM `ls_config` WHERE  `type` = 'mnp'  AND `name` = 'secret'  AND `shop_id` = 0 LIMIT 1 [ RunTime:0.001001s ]
[2023-03-18T12:59:19+08:00][sql] SELECT `value` FROM `ls_config` WHERE  `type` = 'mnp'  AND `name` = 'mch_id'  AND `shop_id` = 0 LIMIT 1 [ RunTime:0.000000s ]
[2023-03-18T12:59:19+08:00][sql] SELECT `value` FROM `ls_config` WHERE  `type` = 'mnp'  AND `name` = 'key'  AND `shop_id` = 0 LIMIT 1 [ RunTime:0.001000s ]
[2023-03-18T12:59:22+08:00][sql] CONNECT:[ UseTime:0.001000s ] mysql:host=127.0.0.1;port=3306;dbname=cdiancan;charset=utf8mb4
[2023-03-18T12:59:22+08:00][sql] SHOW FULL COLUMNS FROM `ls_config` [ RunTime:0.001000s ]
[2023-03-18T12:59:22+08:00][sql] SELECT `value` FROM `ls_config` WHERE  `type` = 'copyright'  AND `name` = 'company_name'  AND `shop_id` = 0 LIMIT 1 [ RunTime:0.000000s ]
[2023-03-18T12:59:22+08:00][sql] CONNECT:[ UseTime:0.001000s ] mysql:host=127.0.0.1;port=3306;dbname=cdiancan;charset=utf8mb4
[2023-03-18T12:59:22+08:00][sql] SHOW FULL COLUMNS FROM `ls_config` [ RunTime:0.001000s ]
[2023-03-18T12:59:22+08:00][sql] SELECT `value` FROM `ls_config` WHERE  `type` = 'copyright'  AND `name` = 'company_name'  AND `shop_id` = 0 LIMIT 1 [ RunTime:0.000000s ]
[2023-03-18T12:59:22+08:00][sql] SHOW FULL COLUMNS FROM `ls_zhuohao` [ RunTime:0.000000s ]
[2023-03-18T12:59:22+08:00][sql] SELECT * FROM `ls_zhuohao` `p` WHERE  `p`.`del` = 0  AND `p`.`shop_id` = 1 ORDER BY `p`.`id` DESC [ RunTime:0.000000s ]
[2023-03-18T13:00:51+08:00][sql] CONNECT:[ UseTime:0.002000s ] mysql:host=127.0.0.1;port=3306;dbname=cdiancan;charset=utf8mb4
[2023-03-18T13:00:51+08:00][sql] SHOW FULL COLUMNS FROM `ls_config` [ RunTime:0.001000s ]
[2023-03-18T13:00:51+08:00][sql] SELECT `value` FROM `ls_config` WHERE  `type` = 'copyright'  AND `name` = 'company_name'  AND `shop_id` = 0 LIMIT 1 [ RunTime:0.001000s ]
[2023-03-18T13:01:02+08:00][sql] CONNECT:[ UseTime:0.001000s ] mysql:host=127.0.0.1;port=3306;dbname=cdiancan;charset=utf8mb4
[2023-03-18T13:01:02+08:00][sql] SHOW FULL COLUMNS FROM `ls_config` [ RunTime:0.002000s ]
[2023-03-18T13:01:02+08:00][sql] SELECT `value` FROM `ls_config` WHERE  `type` = 'copyright'  AND `name` = 'company_name'  AND `shop_id` = 0 LIMIT 1 [ RunTime:0.000000s ]
[2023-03-18T13:01:02+08:00][sql] SHOW FULL COLUMNS FROM `ls_zhuohao` [ RunTime:0.003000s ]
[2023-03-18T13:01:02+08:00][sql] INSERT INTO `ls_zhuohao` SET `shop_id` = 1 , `name` = '赂In成功' , `number` = '8888' , `create_time` = 1679115662 , `update_time` = 1679115662 [ RunTime:0.000000s ]
[2023-03-18T13:01:02+08:00][sql] SELECT `value` FROM `ls_config` WHERE  `type` = 'mnp'  AND `name` = 'app_id'  AND `shop_id` = 0 LIMIT 1 [ RunTime:0.001000s ]
[2023-03-18T13:01:02+08:00][sql] SELECT `value` FROM `ls_config` WHERE  `type` = 'mnp'  AND `name` = 'secret'  AND `shop_id` = 0 LIMIT 1 [ RunTime:0.001000s ]
[2023-03-18T13:01:02+08:00][sql] SELECT `value` FROM `ls_config` WHERE  `type` = 'mnp'  AND `name` = 'mch_id'  AND `shop_id` = 0 LIMIT 1 [ RunTime:0.000000s ]
[2023-03-18T13:01:02+08:00][sql] SELECT `value` FROM `ls_config` WHERE  `type` = 'mnp'  AND `name` = 'key'  AND `shop_id` = 0 LIMIT 1 [ RunTime:0.001000s ]
[2023-03-18T13:01:07+08:00][sql] CONNECT:[ UseTime:0.001000s ] mysql:host=127.0.0.1;port=3306;dbname=cdiancan;charset=utf8mb4
[2023-03-18T13:01:07+08:00][sql] SHOW FULL COLUMNS FROM `ls_config` [ RunTime:0.001000s ]
[2023-03-18T13:01:07+08:00][sql] SELECT `value` FROM `ls_config` WHERE  `type` = 'copyright'  AND `name` = 'company_name'  AND `shop_id` = 0 LIMIT 1 [ RunTime:0.001001s ]
[2023-03-18T13:01:07+08:00][sql] CONNECT:[ UseTime:0.001000s ] mysql:host=127.0.0.1;port=3306;dbname=cdiancan;charset=utf8mb4
[2023-03-18T13:01:07+08:00][sql] SHOW FULL COLUMNS FROM `ls_config` [ RunTime:0.001000s ]
[2023-03-18T13:01:07+08:00][sql] SELECT `value` FROM `ls_config` WHERE  `type` = 'copyright'  AND `name` = 'company_name'  AND `shop_id` = 0 LIMIT 1 [ RunTime:0.000000s ]
[2023-03-18T13:01:07+08:00][sql] SHOW FULL COLUMNS FROM `ls_zhuohao` [ RunTime:0.004001s ]
[2023-03-18T13:01:07+08:00][sql] SELECT * FROM `ls_zhuohao` `p` WHERE  `p`.`del` = 0  AND `p`.`shop_id` = 1 ORDER BY `p`.`id` DESC [ RunTime:0.001000s ]
[2023-03-18T13:03:03+08:00][sql] CONNECT:[ UseTime:0.001000s ] mysql:host=127.0.0.1;port=3306;dbname=cdiancan;charset=utf8mb4
[2023-03-18T13:03:03+08:00][sql] SHOW FULL COLUMNS FROM `ls_config` [ RunTime:0.001000s ]
[2023-03-18T13:03:03+08:00][sql] SELECT `value` FROM `ls_config` WHERE  `type` = 'copyright'  AND `name` = 'company_name'  AND `shop_id` = 0 LIMIT 1 [ RunTime:0.000000s ]
[2023-03-18T13:03:12+08:00][sql] CONNECT:[ UseTime:0.001000s ] mysql:host=127.0.0.1;port=3306;dbname=cdiancan;charset=utf8mb4
[2023-03-18T13:03:12+08:00][sql] SHOW FULL COLUMNS FROM `ls_config` [ RunTime:0.001000s ]
[2023-03-18T13:03:12+08:00][sql] SELECT `value` FROM `ls_config` WHERE  `type` = 'copyright'  AND `name` = 'company_name'  AND `shop_id` = 0 LIMIT 1 [ RunTime:0.000000s ]
[2023-03-18T13:03:12+08:00][sql] SHOW FULL COLUMNS FROM `ls_zhuohao` [ RunTime:0.003000s ]
[2023-03-18T13:03:12+08:00][sql] INSERT INTO `ls_zhuohao` SET `shop_id` = 1 , `name` = '正式增加' , `number` = '021' , `create_time` = 1679115791 , `update_time` = 1679115791 , `code` = 'uploads/qr_code/shop_id=1_zhuohao=021.png' [ RunTime:0.000000s ]
[2023-03-18T13:03:12+08:00][sql] SELECT `value` FROM `ls_config` WHERE  `type` = 'mnp'  AND `name` = 'app_id'  AND `shop_id` = 0 LIMIT 1 [ RunTime:0.000000s ]
[2023-03-18T13:03:12+08:00][sql] SELECT `value` FROM `ls_config` WHERE  `type` = 'mnp'  AND `name` = 'secret'  AND `shop_id` = 0 LIMIT 1 [ RunTime:0.001000s ]
[2023-03-18T13:03:12+08:00][sql] SELECT `value` FROM `ls_config` WHERE  `type` = 'mnp'  AND `name` = 'mch_id'  AND `shop_id` = 0 LIMIT 1 [ RunTime:0.000000s ]
[2023-03-18T13:03:12+08:00][sql] SELECT `value` FROM `ls_config` WHERE  `type` = 'mnp'  AND `name` = 'key'  AND `shop_id` = 0 LIMIT 1 [ RunTime:0.001000s ]
[2023-03-18T13:03:14+08:00][sql] CONNECT:[ UseTime:0.002001s ] mysql:host=127.0.0.1;port=3306;dbname=cdiancan;charset=utf8mb4
[2023-03-18T13:03:14+08:00][sql] SHOW FULL COLUMNS FROM `ls_config` [ RunTime:0.001000s ]
[2023-03-18T13:03:14+08:00][sql] SELECT `value` FROM `ls_config` WHERE  `type` = 'copyright'  AND `name` = 'company_name'  AND `shop_id` = 0 LIMIT 1 [ RunTime:0.001000s ]
[2023-03-18T13:03:14+08:00][sql] CONNECT:[ UseTime:0.001000s ] mysql:host=127.0.0.1;port=3306;dbname=cdiancan;charset=utf8mb4
[2023-03-18T13:03:14+08:00][sql] SHOW FULL COLUMNS FROM `ls_config` [ RunTime:0.001001s ]
[2023-03-18T13:03:14+08:00][sql] SELECT `value` FROM `ls_config` WHERE  `type` = 'copyright'  AND `name` = 'company_name'  AND `shop_id` = 0 LIMIT 1 [ RunTime:0.001000s ]
[2023-03-18T13:03:14+08:00][sql] SHOW FULL COLUMNS FROM `ls_zhuohao` [ RunTime:0.004000s ]
[2023-03-18T13:03:14+08:00][sql] SELECT * FROM `ls_zhuohao` `p` WHERE  `p`.`del` = 0  AND `p`.`shop_id` = 1 ORDER BY `p`.`id` DESC [ RunTime:0.001000s ]
[2023-03-18T13:07:02+08:00][sql] CONNECT:[ UseTime:0.001000s ] mysql:host=127.0.0.1;port=3306;dbname=cdiancan;charset=utf8mb4
[2023-03-18T13:07:02+08:00][sql] SHOW FULL COLUMNS FROM `ls_config` [ RunTime:0.001000s ]
[2023-03-18T13:07:02+08:00][sql] SELECT `value` FROM `ls_config` WHERE  `type` = 'copyright'  AND `name` = 'company_name'  AND `shop_id` = 0 LIMIT 1 [ RunTime:0.000000s ]
[2023-03-18T13:07:02+08:00][sql] CONNECT:[ UseTime:0.001000s ] mysql:host=127.0.0.1;port=3306;dbname=cdiancan;charset=utf8mb4
[2023-03-18T13:07:02+08:00][sql] SHOW FULL COLUMNS FROM `ls_config` [ RunTime:0.001000s ]
[2023-03-18T13:07:02+08:00][sql] SELECT `value` FROM `ls_config` WHERE  `type` = 'copyright'  AND `name` = 'company_name'  AND `shop_id` = 0 LIMIT 1 [ RunTime:0.000000s ]
[2023-03-18T13:07:02+08:00][sql] SHOW FULL COLUMNS FROM `ls_zhuohao` [ RunTime:0.004000s ]
[2023-03-18T13:07:02+08:00][sql] SELECT * FROM `ls_zhuohao` `p` WHERE  `p`.`del` = 0  AND `p`.`shop_id` = 1 ORDER BY `p`.`id` DESC [ RunTime:0.000000s ]
[2023-03-18T13:07:02+08:00][sql] CONNECT:[ UseTime:0.001000s ] mysql:host=127.0.0.1;port=3306;dbname=cdiancan;charset=utf8mb4
[2023-03-18T13:07:02+08:00][sql] SHOW FULL COLUMNS FROM `ls_config` [ RunTime:0.001000s ]
[2023-03-18T13:07:02+08:00][sql] SELECT `value` FROM `ls_config` WHERE  `type` = 'copyright'  AND `name` = 'company_name'  AND `shop_id` = 0 LIMIT 1 [ RunTime:0.000000s ]
[2023-03-18T13:07:02+08:00][sql] CONNECT:[ UseTime:0.001000s ] mysql:host=127.0.0.1;port=3306;dbname=cdiancan;charset=utf8mb4
[2023-03-18T13:07:02+08:00][sql] SHOW FULL COLUMNS FROM `ls_config` [ RunTime:0.001000s ]
[2023-03-18T13:07:02+08:00][sql] SELECT `value` FROM `ls_config` WHERE  `type` = 'copyright'  AND `name` = 'company_name'  AND `shop_id` = 0 LIMIT 1 [ RunTime:0.001000s ]
[2023-03-18T13:07:33+08:00][sql] CONNECT:[ UseTime:0.002000s ] mysql:host=127.0.0.1;port=3306;dbname=cdiancan;charset=utf8mb4
[2023-03-18T13:07:33+08:00][sql] SHOW FULL COLUMNS FROM `ls_config` [ RunTime:0.001000s ]
[2023-03-18T13:07:33+08:00][sql] SELECT `value` FROM `ls_config` WHERE  `type` = 'copyright'  AND `name` = 'company_name'  AND `shop_id` = 0 LIMIT 1 [ RunTime:0.001001s ]
[2023-03-18T13:07:34+08:00][sql] CONNECT:[ UseTime:0.001000s ] mysql:host=127.0.0.1;port=3306;dbname=cdiancan;charset=utf8mb4
[2023-03-18T13:07:34+08:00][sql] SHOW FULL COLUMNS FROM `ls_config` [ RunTime:0.001000s ]
[2023-03-18T13:07:34+08:00][sql] SELECT `value` FROM `ls_config` WHERE  `type` = 'copyright'  AND `name` = 'company_name'  AND `shop_id` = 0 LIMIT 1 [ RunTime:0.000000s ]
[2023-03-18T13:07:34+08:00][sql] SHOW FULL COLUMNS FROM `ls_zhuohao` [ RunTime:0.004000s ]
[2023-03-18T13:07:34+08:00][sql] SELECT * FROM `ls_zhuohao` `p` WHERE  `p`.`del` = 0  AND `p`.`shop_id` = 1 ORDER BY `p`.`id` DESC [ RunTime:0.000000s ]
[2023-03-18T13:55:06+08:00][sql] CONNECT:[ UseTime:0.001000s ] mysql:host=127.0.0.1;port=3306;dbname=cdiancan;charset=utf8mb4
[2023-03-18T13:55:06+08:00][sql] SHOW FULL COLUMNS FROM `ls_config` [ RunTime:0.001001s ]
[2023-03-18T13:55:06+08:00][sql] SELECT `value` FROM `ls_config` WHERE  `type` = 'copyright'  AND `name` = 'company_name'  AND `shop_id` = 0 LIMIT 1 [ RunTime:0.000000s ]
