[2023-03-29T13:55:13+08:00][sql] CONNECT:[ UseTime:0.001000s ] mysql:host=127.0.0.1;port=3306;dbname=cdiancan;charset=utf8mb4
[2023-03-29T13:55:13+08:00][sql] SHOW FULL COLUMNS FROM `ls_config` [ RunTime:0.001000s ]
[2023-03-29T13:55:13+08:00][sql] SELECT `value` FROM `ls_config` WHERE  `type` = 'copyright'  AND `name` = 'company_name'  AND `shop_id` = 0 LIMIT 1 [ RunTime:0.001001s ]
[2023-03-29T13:55:13+08:00][sql] SHOW FULL COLUMNS FROM `ls_shop_admin` [ RunTime:0.003000s ]
[2023-03-29T13:55:13+08:00][sql] SELECT `S`.`id`,`SA`.`account`,`SA`.`name`,`SA`.`role_id`,`SA`.`shop_id`,S.name as shop_name FROM `ls_shop_admin` `SA` INNER JOIN `ls_shop` `S` ON `S`.`id`=`SA`.`shop_id` WHERE  `SA`.`shop_id` = '2'  AND `SA`.`root` = 1  AND `SA`.`del` = 0 LIMIT 1 [ RunTime:0.003000s ]
[2023-03-29T13:55:13+08:00][sql] CONNECT:[ UseTime:0.001000s ] mysql:host=127.0.0.1;port=3306;dbname=cdiancan;charset=utf8mb4
[2023-03-29T13:55:13+08:00][sql] SHOW FULL COLUMNS FROM `ls_dev_shop_auth` [ RunTime:0.006001s ]
[2023-03-29T13:55:13+08:00][sql] SELECT `uri` FROM `ls_dev_shop_auth` WHERE  `id` IN ('') [ RunTime:0.001000s ]
[2023-03-29T13:55:13+08:00][sql] SHOW FULL COLUMNS FROM `ls_config` [ RunTime:0.001000s ]
[2023-03-29T13:55:13+08:00][sql] SELECT `value` FROM `ls_config` WHERE  `type` = 'copyright'  AND `name` = 'company_name'  AND `shop_id` = 0 LIMIT 1 [ RunTime:0.000000s ]
[2023-03-29T13:55:13+08:00][sql] SELECT `value` FROM `ls_config` WHERE  `type` = 'website'  AND `name` = 'shop_name'  AND `shop_id` = 0 LIMIT 1 [ RunTime:0.001000s ]
[2023-03-29T13:55:13+08:00][sql] SELECT `value` FROM `ls_config` WHERE  `type` = 'website'  AND `name` = 'web_favicon'  AND `shop_id` = 0 LIMIT 1 [ RunTime:0.000000s ]
[2023-03-29T13:55:13+08:00][sql] SELECT `value` FROM `ls_config` WHERE  `type` = 'website'  AND `name` = 'shop_logo'  AND `shop_id` = 0 LIMIT 1 [ RunTime:0.001000s ]
[2023-03-29T13:55:13+08:00][sql] SELECT * FROM `ls_dev_shop_auth` WHERE  `type` = 1  AND `del` = 0  AND `disable` = 0 ORDER BY `sort` DESC [ RunTime:0.000000s ]
[2023-03-29T13:55:13+08:00][sql] SHOW FULL COLUMNS FROM `ls_shop_role` [ RunTime:0.004000s ]
[2023-03-29T13:55:13+08:00][sql] SELECT `name` FROM `ls_shop_role` WHERE  `id` = 0 LIMIT 1 [ RunTime:0.000000s ]
[2023-03-29T13:55:14+08:00][sql] CONNECT:[ UseTime:0.002000s ] mysql:host=127.0.0.1;port=3306;dbname=cdiancan;charset=utf8mb4
[2023-03-29T13:55:14+08:00][sql] SHOW FULL COLUMNS FROM `ls_dev_shop_auth` [ RunTime:0.004001s ]
[2023-03-29T13:55:14+08:00][sql] SELECT `uri` FROM `ls_dev_shop_auth` WHERE  `id` IN ('') [ RunTime:0.000000s ]
[2023-03-29T13:55:14+08:00][sql] SHOW FULL COLUMNS FROM `ls_config` [ RunTime:0.001000s ]
[2023-03-29T13:55:14+08:00][sql] SELECT `value` FROM `ls_config` WHERE  `type` = 'copyright'  AND `name` = 'company_name'  AND `shop_id` = 0 LIMIT 1 [ RunTime:0.000000s ]
[2023-03-29T13:55:14+08:00][sql] SHOW FULL COLUMNS FROM `ls_order` [ RunTime:0.004000s ]
[2023-03-29T13:55:14+08:00][sql] SELECT * FROM `ls_order` WHERE  `del` = 0  AND `shop_id` = 2  AND `pay_status` = 1  AND `create_time` BETWEEN 1680019200 AND 1680105599 [ RunTime:0.000000s ]
[2023-03-29T13:55:14+08:00][sql] CONNECT:[ UseTime:0.001000s ] mysql:host=127.0.0.1;port=3306;dbname=cdiancan;charset=utf8mb4
[2023-03-29T13:55:14+08:00][sql] SHOW FULL COLUMNS FROM `ls_dev_shop_auth` [ RunTime:0.004000s ]
[2023-03-29T13:55:14+08:00][sql] SELECT `uri` FROM `ls_dev_shop_auth` WHERE  `id` IN ('') [ RunTime:0.000000s ]
[2023-03-29T13:55:14+08:00][sql] SHOW FULL COLUMNS FROM `ls_config` [ RunTime:0.001000s ]
[2023-03-29T13:55:14+08:00][sql] SELECT `value` FROM `ls_config` WHERE  `type` = 'copyright'  AND `name` = 'company_name'  AND `shop_id` = 0 LIMIT 1 [ RunTime:0.001000s ]
[2023-03-29T13:55:14+08:00][sql] SHOW FULL COLUMNS FROM `ls_order` [ RunTime:0.004000s ]
[2023-03-29T13:55:14+08:00][sql] SELECT SUM(`order_amount`) AS think_sum FROM `ls_order` WHERE  `shop_id` = 2  AND `create_time` BETWEEN 1678723200 AND 1678809599   AND `pay_status` = 1 [ RunTime:0.001000s ]
[2023-03-29T13:55:14+08:00][sql] SELECT COUNT(`id`) AS think_count FROM `ls_order` WHERE  `shop_id` = 2  AND `create_time` BETWEEN 1678723200 AND 1678809599   AND `pay_status` = 1 [ RunTime:0.000000s ]
[2023-03-29T13:55:14+08:00][sql] SELECT SUM(`order_amount`) AS think_sum FROM `ls_order` WHERE  `shop_id` = 2  AND `create_time` BETWEEN 1678809600 AND 1678895999   AND `pay_status` = 1 [ RunTime:0.001000s ]
[2023-03-29T13:55:14+08:00][sql] SELECT COUNT(`id`) AS think_count FROM `ls_order` WHERE  `shop_id` = 2  AND `create_time` BETWEEN 1678809600 AND 1678895999   AND `pay_status` = 1 [ RunTime:0.000000s ]
[2023-03-29T13:55:14+08:00][sql] SELECT SUM(`order_amount`) AS think_sum FROM `ls_order` WHERE  `shop_id` = 2  AND `create_time` BETWEEN 1678896000 AND 1678982399   AND `pay_status` = 1 [ RunTime:0.000000s ]
[2023-03-29T13:55:14+08:00][sql] SELECT COUNT(`id`) AS think_count FROM `ls_order` WHERE  `shop_id` = 2  AND `create_time` BETWEEN 1678896000 AND 1678982399   AND `pay_status` = 1 [ RunTime:0.001000s ]
[2023-03-29T13:55:14+08:00][sql] SELECT SUM(`order_amount`) AS think_sum FROM `ls_order` WHERE  `shop_id` = 2  AND `create_time` BETWEEN 1678982400 AND 1679068799   AND `pay_status` = 1 [ RunTime:0.000000s ]
[2023-03-29T13:55:14+08:00][sql] SELECT COUNT(`id`) AS think_count FROM `ls_order` WHERE  `shop_id` = 2  AND `create_time` BETWEEN 1678982400 AND 1679068799   AND `pay_status` = 1 [ RunTime:0.001000s ]
[2023-03-29T13:55:14+08:00][sql] SELECT SUM(`order_amount`) AS think_sum FROM `ls_order` WHERE  `shop_id` = 2  AND `create_time` BETWEEN 1679068800 AND 1679155199   AND `pay_status` = 1 [ RunTime:0.000000s ]
[2023-03-29T13:55:14+08:00][sql] SELECT COUNT(`id`) AS think_count FROM `ls_order` WHERE  `shop_id` = 2  AND `create_time` BETWEEN 1679068800 AND 1679155199   AND `pay_status` = 1 [ RunTime:0.001001s ]
[2023-03-29T13:55:14+08:00][sql] SELECT SUM(`order_amount`) AS think_sum FROM `ls_order` WHERE  `shop_id` = 2  AND `create_time` BETWEEN 1679155200 AND 1679241599   AND `pay_status` = 1 [ RunTime:0.000000s ]
[2023-03-29T13:55:14+08:00][sql] SELECT COUNT(`id`) AS think_count FROM `ls_order` WHERE  `shop_id` = 2  AND `create_time` BETWEEN 1679155200 AND 1679241599   AND `pay_status` = 1 [ RunTime:0.000000s ]
[2023-03-29T13:55:14+08:00][sql] SELECT SUM(`order_amount`) AS think_sum FROM `ls_order` WHERE  `shop_id` = 2  AND `create_time` BETWEEN 1679241600 AND 1679327999   AND `pay_status` = 1 [ RunTime:0.000000s ]
[2023-03-29T13:55:14+08:00][sql] SELECT COUNT(`id`) AS think_count FROM `ls_order` WHERE  `shop_id` = 2  AND `create_time` BETWEEN 1679241600 AND 1679327999   AND `pay_status` = 1 [ RunTime:0.000000s ]
[2023-03-29T13:55:14+08:00][sql] SELECT SUM(`order_amount`) AS think_sum FROM `ls_order` WHERE  `shop_id` = 2  AND `create_time` BETWEEN 1679328000 AND 1679414399   AND `pay_status` = 1 [ RunTime:0.001000s ]
[2023-03-29T13:55:14+08:00][sql] SELECT COUNT(`id`) AS think_count FROM `ls_order` WHERE  `shop_id` = 2  AND `create_time` BETWEEN 1679328000 AND 1679414399   AND `pay_status` = 1 [ RunTime:0.000000s ]
[2023-03-29T13:55:14+08:00][sql] SELECT SUM(`order_amount`) AS think_sum FROM `ls_order` WHERE  `shop_id` = 2  AND `create_time` BETWEEN 1679414400 AND 1679500799   AND `pay_status` = 1 [ RunTime:0.001000s ]
[2023-03-29T13:55:14+08:00][sql] SELECT COUNT(`id`) AS think_count FROM `ls_order` WHERE  `shop_id` = 2  AND `create_time` BETWEEN 1679414400 AND 1679500799   AND `pay_status` = 1 [ RunTime:0.000000s ]
[2023-03-29T13:55:14+08:00][sql] SELECT SUM(`order_amount`) AS think_sum FROM `ls_order` WHERE  `shop_id` = 2  AND `create_time` BETWEEN 1679500800 AND 1679587199   AND `pay_status` = 1 [ RunTime:0.001000s ]
[2023-03-29T13:55:14+08:00][sql] SELECT COUNT(`id`) AS think_count FROM `ls_order` WHERE  `shop_id` = 2  AND `create_time` BETWEEN 1679500800 AND 1679587199   AND `pay_status` = 1 [ RunTime:0.000000s ]
[2023-03-29T13:55:14+08:00][sql] SELECT SUM(`order_amount`) AS think_sum FROM `ls_order` WHERE  `shop_id` = 2  AND `create_time` BETWEEN 1679587200 AND 1679673599   AND `pay_status` = 1 [ RunTime:0.001000s ]
[2023-03-29T13:55:14+08:00][sql] SELECT COUNT(`id`) AS think_count FROM `ls_order` WHERE  `shop_id` = 2  AND `create_time` BETWEEN 1679587200 AND 1679673599   AND `pay_status` = 1 [ RunTime:0.000000s ]
[2023-03-29T13:55:14+08:00][sql] SELECT SUM(`order_amount`) AS think_sum FROM `ls_order` WHERE  `shop_id` = 2  AND `create_time` BETWEEN 1679673600 AND 1679759999   AND `pay_status` = 1 [ RunTime:0.001000s ]
[2023-03-29T13:55:14+08:00][sql] SELECT COUNT(`id`) AS think_count FROM `ls_order` WHERE  `shop_id` = 2  AND `create_time` BETWEEN 1679673600 AND 1679759999   AND `pay_status` = 1 [ RunTime:0.000000s ]
[2023-03-29T13:55:14+08:00][sql] SELECT SUM(`order_amount`) AS think_sum FROM `ls_order` WHERE  `shop_id` = 2  AND `create_time` BETWEEN 1679760000 AND 1679846399   AND `pay_status` = 1 [ RunTime:0.000000s ]
[2023-03-29T13:55:14+08:00][sql] SELECT COUNT(`id`) AS think_count FROM `ls_order` WHERE  `shop_id` = 2  AND `create_time` BETWEEN 1679760000 AND 1679846399   AND `pay_status` = 1 [ RunTime:0.000000s ]
[2023-03-29T13:55:14+08:00][sql] SELECT SUM(`order_amount`) AS think_sum FROM `ls_order` WHERE  `shop_id` = 2  AND `create_time` BETWEEN 1679846400 AND 1679932799   AND `pay_status` = 1 [ RunTime:0.000000s ]
[2023-03-29T13:55:14+08:00][sql] SELECT COUNT(`id`) AS think_count FROM `ls_order` WHERE  `shop_id` = 2  AND `create_time` BETWEEN 1679846400 AND 1679932799   AND `pay_status` = 1 [ RunTime:0.001000s ]
[2023-03-29T13:55:14+08:00][sql] SELECT SUM(`order_amount`) AS think_sum FROM `ls_order` WHERE  `shop_id` = 2  AND `create_time` BETWEEN 1679932800 AND 1680019199   AND `pay_status` = 1 [ RunTime:0.000000s ]
[2023-03-29T13:55:14+08:00][sql] SELECT COUNT(`id`) AS think_count FROM `ls_order` WHERE  `shop_id` = 2  AND `create_time` BETWEEN 1679932800 AND 1680019199   AND `pay_status` = 1 [ RunTime:0.001000s ]
[2023-03-29T13:55:17+08:00][sql] CONNECT:[ UseTime:0.001000s ] mysql:host=127.0.0.1;port=3306;dbname=cdiancan;charset=utf8mb4
[2023-03-29T13:55:17+08:00][sql] SHOW FULL COLUMNS FROM `ls_dev_shop_auth` [ RunTime:0.004000s ]
[2023-03-29T13:55:17+08:00][sql] SELECT `uri` FROM `ls_dev_shop_auth` WHERE  `id` IN ('') [ RunTime:0.000000s ]
[2023-03-29T13:55:17+08:00][sql] SHOW FULL COLUMNS FROM `ls_config` [ RunTime:0.001000s ]
[2023-03-29T13:55:17+08:00][sql] SELECT `value` FROM `ls_config` WHERE  `type` = 'copyright'  AND `name` = 'company_name'  AND `shop_id` = 0 LIMIT 1 [ RunTime:0.000000s ]
[2023-03-29T13:55:17+08:00][sql] CONNECT:[ UseTime:0.001000s ] mysql:host=127.0.0.1;port=3306;dbname=cdiancan;charset=utf8mb4
[2023-03-29T13:55:17+08:00][sql] SHOW FULL COLUMNS FROM `ls_dev_shop_auth` [ RunTime:0.003000s ]
[2023-03-29T13:55:17+08:00][sql] SELECT `uri` FROM `ls_dev_shop_auth` WHERE  `id` IN ('') [ RunTime:0.000000s ]
[2023-03-29T13:55:17+08:00][sql] SHOW FULL COLUMNS FROM `ls_config` [ RunTime:0.003001s ]
[2023-03-29T13:55:17+08:00][sql] SELECT `value` FROM `ls_config` WHERE  `type` = 'copyright'  AND `name` = 'company_name'  AND `shop_id` = 0 LIMIT 1 [ RunTime:0.001000s ]
[2023-03-29T13:55:17+08:00][sql] SHOW FULL COLUMNS FROM `ls_zhuohao` [ RunTime:0.004000s ]
[2023-03-29T13:55:17+08:00][sql] SELECT * FROM `ls_zhuohao` `p` WHERE  `p`.`del` = 0  AND `p`.`shop_id` = 2 ORDER BY `p`.`id` DESC [ RunTime:0.001000s ]
[2023-03-29T13:55:19+08:00][sql] CONNECT:[ UseTime:0.002000s ] mysql:host=127.0.0.1;port=3306;dbname=cdiancan;charset=utf8mb4
[2023-03-29T13:55:19+08:00][sql] SHOW FULL COLUMNS FROM `ls_dev_shop_auth` [ RunTime:0.004000s ]
[2023-03-29T13:55:19+08:00][sql] SELECT `uri` FROM `ls_dev_shop_auth` WHERE  `id` IN ('') [ RunTime:0.000000s ]
[2023-03-29T13:55:19+08:00][sql] SHOW FULL COLUMNS FROM `ls_config` [ RunTime:0.001000s ]
[2023-03-29T13:55:19+08:00][sql] SELECT `value` FROM `ls_config` WHERE  `type` = 'copyright'  AND `name` = 'company_name'  AND `shop_id` = 0 LIMIT 1 [ RunTime:0.000000s ]
[2023-03-29T13:55:48+08:00][sql] CONNECT:[ UseTime:0.001000s ] mysql:host=127.0.0.1;port=3306;dbname=cdiancan;charset=utf8mb4
[2023-03-29T13:55:48+08:00][sql] SHOW FULL COLUMNS FROM `ls_dev_shop_auth` [ RunTime:0.004000s ]
[2023-03-29T13:55:48+08:00][sql] SELECT `uri` FROM `ls_dev_shop_auth` WHERE  `id` IN ('') [ RunTime:0.001001s ]
[2023-03-29T13:55:48+08:00][sql] SHOW FULL COLUMNS FROM `ls_config` [ RunTime:0.001000s ]
[2023-03-29T13:55:48+08:00][sql] SELECT `value` FROM `ls_config` WHERE  `type` = 'copyright'  AND `name` = 'company_name'  AND `shop_id` = 0 LIMIT 1 [ RunTime:0.000000s ]
[2023-03-29T13:55:48+08:00][sql] SELECT `value` FROM `ls_config` WHERE  `type` = 'storage'  AND `name` = 'default'  AND `shop_id` = 0 LIMIT 1 [ RunTime:0.000000s ]
[2023-03-29T13:55:48+08:00][sql] SELECT `name`,`value` FROM `ls_config` WHERE  `type` = 'storage_engine'  AND `shop_id` = 0 [ RunTime:0.000000s ]
[2023-03-29T13:55:48+08:00][sql] SHOW FULL COLUMNS FROM `ls_zhuohao` [ RunTime:0.004000s ]
[2023-03-29T13:55:48+08:00][sql] INSERT INTO `ls_zhuohao` SET `shop_id` = 2 , `name` = 'ef' , `number` = '55' , `create_time` = 1680069348 , `update_time` = 1680069348 , `code` = 'uploads/qr_code/shop_id=2_zhuohao=55.png' [ RunTime:0.001000s ]
[2023-03-29T13:55:48+08:00][sql] SELECT `value` FROM `ls_config` WHERE  `type` = 'mnp'  AND `name` = 'app_id'  AND `shop_id` = 0 LIMIT 1 [ RunTime:0.000000s ]
[2023-03-29T13:55:48+08:00][sql] SELECT `value` FROM `ls_config` WHERE  `type` = 'mnp'  AND `name` = 'secret'  AND `shop_id` = 0 LIMIT 1 [ RunTime:0.001000s ]
[2023-03-29T13:55:48+08:00][sql] SELECT `value` FROM `ls_config` WHERE  `type` = 'mnp'  AND `name` = 'mch_id'  AND `shop_id` = 0 LIMIT 1 [ RunTime:0.000000s ]
[2023-03-29T13:55:48+08:00][sql] SELECT `value` FROM `ls_config` WHERE  `type` = 'mnp'  AND `name` = 'key'  AND `shop_id` = 0 LIMIT 1 [ RunTime:0.001000s ]
[2023-03-29T13:59:25+08:00][sql] CONNECT:[ UseTime:0.001000s ] mysql:host=127.0.0.1;port=3306;dbname=cdiancan;charset=utf8mb4
[2023-03-29T13:59:25+08:00][sql] SHOW FULL COLUMNS FROM `ls_dev_shop_auth` [ RunTime:0.005000s ]
[2023-03-29T13:59:25+08:00][sql] SELECT `uri` FROM `ls_dev_shop_auth` WHERE  `id` IN ('') [ RunTime:0.000000s ]
[2023-03-29T13:59:25+08:00][sql] SHOW FULL COLUMNS FROM `ls_config` [ RunTime:0.001000s ]
[2023-03-29T13:59:25+08:00][sql] SELECT `value` FROM `ls_config` WHERE  `type` = 'copyright'  AND `name` = 'company_name'  AND `shop_id` = 0 LIMIT 1 [ RunTime:0.001000s ]
[2023-03-29T13:59:25+08:00][sql] SHOW FULL COLUMNS FROM `ls_zhuohao` [ RunTime:0.003000s ]
[2023-03-29T13:59:25+08:00][sql] INSERT INTO `ls_zhuohao` SET `shop_id` = 2 , `name` = 'ef' , `number` = '089' , `create_time` = 1680069564 , `update_time` = 1680069564 , `code` = 'uploads/qr_code/shop_id=2_zhuohao=089.png' [ RunTime:0.000000s ]
[2023-03-29T13:59:25+08:00][sql] SELECT `value` FROM `ls_config` WHERE  `type` = 'mnp'  AND `name` = 'app_id'  AND `shop_id` = 0 LIMIT 1 [ RunTime:0.001000s ]
[2023-03-29T13:59:25+08:00][sql] SELECT `value` FROM `ls_config` WHERE  `type` = 'mnp'  AND `name` = 'secret'  AND `shop_id` = 0 LIMIT 1 [ RunTime:0.000000s ]
[2023-03-29T13:59:25+08:00][sql] SELECT `value` FROM `ls_config` WHERE  `type` = 'mnp'  AND `name` = 'mch_id'  AND `shop_id` = 0 LIMIT 1 [ RunTime:0.000000s ]
[2023-03-29T13:59:25+08:00][sql] SELECT `value` FROM `ls_config` WHERE  `type` = 'mnp'  AND `name` = 'key'  AND `shop_id` = 0 LIMIT 1 [ RunTime:0.001000s ]
[2023-03-29T13:59:26+08:00][sql] CONNECT:[ UseTime:0.001000s ] mysql:host=127.0.0.1;port=3306;dbname=cdiancan;charset=utf8mb4
[2023-03-29T13:59:26+08:00][sql] SHOW FULL COLUMNS FROM `ls_dev_shop_auth` [ RunTime:0.004000s ]
[2023-03-29T13:59:26+08:00][sql] SELECT `uri` FROM `ls_dev_shop_auth` WHERE  `id` IN ('') [ RunTime:0.000000s ]
[2023-03-29T13:59:26+08:00][sql] SHOW FULL COLUMNS FROM `ls_config` [ RunTime:0.000000s ]
[2023-03-29T13:59:26+08:00][sql] SELECT `value` FROM `ls_config` WHERE  `type` = 'copyright'  AND `name` = 'company_name'  AND `shop_id` = 0 LIMIT 1 [ RunTime:0.000000s ]
[2023-03-29T13:59:26+08:00][sql] CONNECT:[ UseTime:0.002001s ] mysql:host=127.0.0.1;port=3306;dbname=cdiancan;charset=utf8mb4
[2023-03-29T13:59:26+08:00][sql] SHOW FULL COLUMNS FROM `ls_dev_shop_auth` [ RunTime:0.004000s ]
[2023-03-29T13:59:26+08:00][sql] SELECT `uri` FROM `ls_dev_shop_auth` WHERE  `id` IN ('') [ RunTime:0.001000s ]
[2023-03-29T13:59:26+08:00][sql] SHOW FULL COLUMNS FROM `ls_config` [ RunTime:0.001000s ]
[2023-03-29T13:59:26+08:00][sql] SELECT `value` FROM `ls_config` WHERE  `type` = 'copyright'  AND `name` = 'company_name'  AND `shop_id` = 0 LIMIT 1 [ RunTime:0.001000s ]
[2023-03-29T13:59:26+08:00][sql] SHOW FULL COLUMNS FROM `ls_zhuohao` [ RunTime:0.004001s ]
[2023-03-29T13:59:26+08:00][sql] SELECT * FROM `ls_zhuohao` `p` WHERE  `p`.`del` = 0  AND `p`.`shop_id` = 2 ORDER BY `p`.`id` DESC [ RunTime:0.000000s ]
