[2023-02-18T14:07:00+08:00][error] [10501]SQLSTATE[HY000] [1045] Access denied for user 'cdiancan'@'localhost' (using password: YES)[D:\phpstudy_pro\WWW\dcweb\vendor\topthink\think-orm\src\db\PDOConnection.php:768]
[2023-02-18T14:09:52+08:00][sql] CONNECT:[ UseTime:0.001000s ] mysql:host=127.0.0.1;port=3306;dbname=cdiancan;charset=utf8mb4
[2023-02-18T14:09:52+08:00][sql] SHOW FULL COLUMNS FROM `ls_config` [ RunTime:0.005000s ]
[2023-02-18T14:09:52+08:00][sql] SELECT `value` FROM `ls_config` WHERE  `type` = 'storage'  AND `name` = 'default'  AND `shop_id` = 0 LIMIT 1 [ RunTime:0.001000s ]
[2023-02-18T14:09:52+08:00][sql] SELECT `value` FROM `ls_config` WHERE  `type` = 'copyright'  AND `name` = 'company_name'  AND `shop_id` = 0 LIMIT 1 [ RunTime:0.000000s ]
[2023-02-18T14:09:52+08:00][sql] SELECT `value` FROM `ls_config` WHERE  `type` = 'copyright'  AND `name` = 'company_name'  AND `shop_id` = 0 LIMIT 1 [ RunTime:0.000000s ]
[2023-02-18T14:09:52+08:00][sql] SELECT `value` FROM `ls_config` WHERE  `type` = 'copyright'  AND `name` = 'number'  AND `shop_id` = 0 LIMIT 1 [ RunTime:0.001000s ]
[2023-02-18T14:09:52+08:00][sql] SELECT `value` FROM `ls_config` WHERE  `type` = 'copyright'  AND `name` = 'link'  AND `shop_id` = 0 LIMIT 1 [ RunTime:0.000000s ]
[2023-02-18T14:09:52+08:00][sql] SELECT `value` FROM `ls_config` WHERE  `type` = 'website_platform'  AND `name` = 'platform_login_image'  AND `shop_id` = 0 LIMIT 1 [ RunTime:0.001001s ]
[2023-02-18T14:09:52+08:00][sql] SELECT `value` FROM `ls_config` WHERE  `type` = 'website_platform'  AND `name` = 'platform_login_title'  AND `shop_id` = 0 LIMIT 1 [ RunTime:0.001000s ]
[2023-02-18T14:09:52+08:00][sql] SELECT `value` FROM `ls_config` WHERE  `type` = 'website'  AND `name` = 'shop_name'  AND `shop_id` = 0 LIMIT 1 [ RunTime:0.000000s ]
[2023-02-18T14:10:04+08:00][sql] CONNECT:[ UseTime:0.001000s ] mysql:host=127.0.0.1;port=3306;dbname=cdiancan;charset=utf8mb4
[2023-02-18T14:10:04+08:00][sql] SHOW FULL COLUMNS FROM `ls_config` [ RunTime:0.003000s ]
[2023-02-18T14:10:04+08:00][sql] SELECT `value` FROM `ls_config` WHERE  `type` = 'copyright'  AND `name` = 'company_name'  AND `shop_id` = 0 LIMIT 1 [ RunTime:0.000000s ]
[2023-02-18T14:10:04+08:00][sql] SHOW FULL COLUMNS FROM `ls_admin` [ RunTime:0.003000s ]
[2023-02-18T14:10:04+08:00][sql] SELECT * FROM `ls_admin` WHERE  `account` = 'admin'  AND `del` = 0 LIMIT 1 [ RunTime:0.000000s ]
[2023-02-18T14:10:04+08:00][sql] SELECT `id`,`root`,`account`,`name`,`role_id` FROM `ls_admin` WHERE  `account` = 'admin'  AND `del` = 0 LIMIT 1 [ RunTime:0.000000s ]
[2023-02-18T14:10:04+08:00][sql] UPDATE `ls_admin`  SET `login_ip` = '127.0.0.1' , `login_time` = 1676700604  WHERE  `account` = 'admin' [ RunTime:0.002000s ]
[2023-02-18T14:10:05+08:00][sql] CONNECT:[ UseTime:0.001000s ] mysql:host=127.0.0.1;port=3306;dbname=cdiancan;charset=utf8mb4
[2023-02-18T14:10:05+08:00][sql] SHOW FULL COLUMNS FROM `ls_config` [ RunTime:0.004000s ]
[2023-02-18T14:10:05+08:00][sql] SELECT `value` FROM `ls_config` WHERE  `type` = 'copyright'  AND `name` = 'company_name'  AND `shop_id` = 0 LIMIT 1 [ RunTime:0.000000s ]
[2023-02-18T14:10:05+08:00][sql] SHOW FULL COLUMNS FROM `ls_system_log` [ RunTime:0.003000s ]
[2023-02-18T14:10:05+08:00][sql] INSERT INTO `ls_system_log` SET `admin_id` = 1 , `name` = 'admin' , `account` = 'admin' , `create_time` = 1676700605 , `uri` = '/admin/' , `type` = 'GET' , `param` = '[]' , `ip` = '127.0.0.1' [ RunTime:0.000000s ]
[2023-02-18T14:10:05+08:00][sql] SELECT `value` FROM `ls_config` WHERE  `type` = 'website'  AND `name` = 'shop_name'  AND `shop_id` = 0 LIMIT 1 [ RunTime:0.001000s ]
[2023-02-18T14:10:05+08:00][sql] SELECT `value` FROM `ls_config` WHERE  `type` = 'website'  AND `name` = 'web_favicon'  AND `shop_id` = 0 LIMIT 1 [ RunTime:0.001000s ]
[2023-02-18T14:10:05+08:00][sql] SELECT `value` FROM `ls_config` WHERE  `type` = 'website'  AND `name` = 'shop_logo'  AND `shop_id` = 0 LIMIT 1 [ RunTime:0.000000s ]
[2023-02-18T14:10:05+08:00][sql] SHOW FULL COLUMNS FROM `ls_dev_auth` [ RunTime:0.003000s ]
[2023-02-18T14:10:05+08:00][sql] SELECT * FROM `ls_dev_auth` WHERE  `type` = 1  AND `del` = 0  AND `disable` = 0 ORDER BY `sort` DESC [ RunTime:0.001000s ]
[2023-02-18T14:10:05+08:00][sql] SHOW FULL COLUMNS FROM `ls_role` [ RunTime:0.004001s ]
[2023-02-18T14:10:05+08:00][sql] SELECT `name` FROM `ls_role` WHERE  `id` = 0 LIMIT 1 [ RunTime:0.001000s ]
[2023-02-18T14:10:05+08:00][sql] CONNECT:[ UseTime:0.002000s ] mysql:host=127.0.0.1;port=3306;dbname=cdiancan;charset=utf8mb4
[2023-02-18T14:10:05+08:00][sql] SHOW FULL COLUMNS FROM `ls_config` [ RunTime:0.004000s ]
[2023-02-18T14:10:05+08:00][sql] SELECT `value` FROM `ls_config` WHERE  `type` = 'copyright'  AND `name` = 'company_name'  AND `shop_id` = 0 LIMIT 1 [ RunTime:0.001000s ]
[2023-02-18T14:10:05+08:00][sql] SHOW FULL COLUMNS FROM `ls_system_log` [ RunTime:0.003001s ]
[2023-02-18T14:10:05+08:00][sql] INSERT INTO `ls_system_log` SET `admin_id` = 1 , `name` = 'admin' , `account` = 'admin' , `create_time` = 1676700605 , `uri` = '/admin/index/stat.html' , `type` = 'GET' , `param` = '[]' , `ip` = '127.0.0.1' [ RunTime:0.000000s ]
[2023-02-18T14:10:05+08:00][sql] SHOW FULL COLUMNS FROM `ls_order` [ RunTime:0.004000s ]
[2023-02-18T14:10:05+08:00][sql] SELECT * FROM `ls_order` WHERE  `del` = 0  AND `pay_status` = 1  AND `create_time` BETWEEN 1676649600 AND 1676735999 [ RunTime:0.000000s ]
[2023-02-18T14:10:06+08:00][sql] CONNECT:[ UseTime:0.001000s ] mysql:host=127.0.0.1;port=3306;dbname=cdiancan;charset=utf8mb4
[2023-02-18T14:10:06+08:00][sql] SHOW FULL COLUMNS FROM `ls_config` [ RunTime:0.004000s ]
[2023-02-18T14:10:06+08:00][sql] SELECT `value` FROM `ls_config` WHERE  `type` = 'copyright'  AND `name` = 'company_name'  AND `shop_id` = 0 LIMIT 1 [ RunTime:0.001000s ]
[2023-02-18T14:10:06+08:00][sql] SHOW FULL COLUMNS FROM `ls_system_log` [ RunTime:0.004000s ]
[2023-02-18T14:10:06+08:00][sql] INSERT INTO `ls_system_log` SET `admin_id` = 1 , `name` = 'admin' , `account` = 'admin' , `create_time` = 1676700606 , `uri` = '/admin/index/stat.html' , `type` = 'GET' , `param` = '[]' , `ip` = '127.0.0.1' [ RunTime:0.001000s ]
[2023-02-18T14:10:06+08:00][sql] SHOW FULL COLUMNS FROM `ls_order` [ RunTime:0.004001s ]
[2023-02-18T14:10:06+08:00][sql] SELECT SUM(`order_amount`) AS think_sum FROM `ls_order` WHERE  `create_time` BETWEEN 1675353600 AND 1675439999   AND `pay_status` = 1 [ RunTime:0.000000s ]
[2023-02-18T14:10:06+08:00][sql] SELECT COUNT(`id`) AS think_count FROM `ls_order` WHERE  `create_time` BETWEEN 1675353600 AND 1675439999   AND `pay_status` = 1 [ RunTime:0.000000s ]
[2023-02-18T14:10:06+08:00][sql] SELECT SUM(`order_amount`) AS think_sum FROM `ls_order` WHERE  `create_time` BETWEEN 1675440000 AND 1675526399   AND `pay_status` = 1 [ RunTime:0.001000s ]
[2023-02-18T14:10:06+08:00][sql] SELECT COUNT(`id`) AS think_count FROM `ls_order` WHERE  `create_time` BETWEEN 1675440000 AND 1675526399   AND `pay_status` = 1 [ RunTime:0.000000s ]
[2023-02-18T14:10:06+08:00][sql] SELECT SUM(`order_amount`) AS think_sum FROM `ls_order` WHERE  `create_time` BETWEEN 1675526400 AND 1675612799   AND `pay_status` = 1 [ RunTime:0.000000s ]
[2023-02-18T14:10:06+08:00][sql] SELECT COUNT(`id`) AS think_count FROM `ls_order` WHERE  `create_time` BETWEEN 1675526400 AND 1675612799   AND `pay_status` = 1 [ RunTime:0.001000s ]
[2023-02-18T14:10:06+08:00][sql] SELECT SUM(`order_amount`) AS think_sum FROM `ls_order` WHERE  `create_time` BETWEEN 1675612800 AND 1675699199   AND `pay_status` = 1 [ RunTime:0.000000s ]
[2023-02-18T14:10:06+08:00][sql] SELECT COUNT(`id`) AS think_count FROM `ls_order` WHERE  `create_time` BETWEEN 1675612800 AND 1675699199   AND `pay_status` = 1 [ RunTime:0.001000s ]
[2023-02-18T14:10:06+08:00][sql] SELECT SUM(`order_amount`) AS think_sum FROM `ls_order` WHERE  `create_time` BETWEEN 1675699200 AND 1675785599   AND `pay_status` = 1 [ RunTime:0.001000s ]
[2023-02-18T14:10:06+08:00][sql] SELECT COUNT(`id`) AS think_count FROM `ls_order` WHERE  `create_time` BETWEEN 1675699200 AND 1675785599   AND `pay_status` = 1 [ RunTime:0.000000s ]
[2023-02-18T14:10:06+08:00][sql] SELECT SUM(`order_amount`) AS think_sum FROM `ls_order` WHERE  `create_time` BETWEEN 1675785600 AND 1675871999   AND `pay_status` = 1 [ RunTime:0.001000s ]
[2023-02-18T14:10:06+08:00][sql] SELECT COUNT(`id`) AS think_count FROM `ls_order` WHERE  `create_time` BETWEEN 1675785600 AND 1675871999   AND `pay_status` = 1 [ RunTime:0.000000s ]
[2023-02-18T14:10:06+08:00][sql] SELECT SUM(`order_amount`) AS think_sum FROM `ls_order` WHERE  `create_time` BETWEEN 1675872000 AND 1675958399   AND `pay_status` = 1 [ RunTime:0.000000s ]
[2023-02-18T14:10:06+08:00][sql] SELECT COUNT(`id`) AS think_count FROM `ls_order` WHERE  `create_time` BETWEEN 1675872000 AND 1675958399   AND `pay_status` = 1 [ RunTime:0.001000s ]
[2023-02-18T14:10:06+08:00][sql] SELECT SUM(`order_amount`) AS think_sum FROM `ls_order` WHERE  `create_time` BETWEEN 1675958400 AND 1676044799   AND `pay_status` = 1 [ RunTime:0.000000s ]
[2023-02-18T14:10:06+08:00][sql] SELECT COUNT(`id`) AS think_count FROM `ls_order` WHERE  `create_time` BETWEEN 1675958400 AND 1676044799   AND `pay_status` = 1 [ RunTime:0.001000s ]
[2023-02-18T14:10:06+08:00][sql] SELECT SUM(`order_amount`) AS think_sum FROM `ls_order` WHERE  `create_time` BETWEEN 1676044800 AND 1676131199   AND `pay_status` = 1 [ RunTime:0.000000s ]
[2023-02-18T14:10:06+08:00][sql] SELECT COUNT(`id`) AS think_count FROM `ls_order` WHERE  `create_time` BETWEEN 1676044800 AND 1676131199   AND `pay_status` = 1 [ RunTime:0.001000s ]
[2023-02-18T14:10:06+08:00][sql] SELECT SUM(`order_amount`) AS think_sum FROM `ls_order` WHERE  `create_time` BETWEEN 1676131200 AND 1676217599   AND `pay_status` = 1 [ RunTime:0.000000s ]
[2023-02-18T14:10:06+08:00][sql] SELECT COUNT(`id`) AS think_count FROM `ls_order` WHERE  `create_time` BETWEEN 1676131200 AND 1676217599   AND `pay_status` = 1 [ RunTime:0.000000s ]
[2023-02-18T14:10:06+08:00][sql] SELECT SUM(`order_amount`) AS think_sum FROM `ls_order` WHERE  `create_time` BETWEEN 1676217600 AND 1676303999   AND `pay_status` = 1 [ RunTime:0.001000s ]
[2023-02-18T14:10:06+08:00][sql] SELECT COUNT(`id`) AS think_count FROM `ls_order` WHERE  `create_time` BETWEEN 1676217600 AND 1676303999   AND `pay_status` = 1 [ RunTime:0.000000s ]
[2023-02-18T14:10:06+08:00][sql] SELECT SUM(`order_amount`) AS think_sum FROM `ls_order` WHERE  `create_time` BETWEEN 1676304000 AND 1676390399   AND `pay_status` = 1 [ RunTime:0.001001s ]
[2023-02-18T14:10:06+08:00][sql] SELECT COUNT(`id`) AS think_count FROM `ls_order` WHERE  `create_time` BETWEEN 1676304000 AND 1676390399   AND `pay_status` = 1 [ RunTime:0.000000s ]
[2023-02-18T14:10:06+08:00][sql] SELECT SUM(`order_amount`) AS think_sum FROM `ls_order` WHERE  `create_time` BETWEEN 1676390400 AND 1676476799   AND `pay_status` = 1 [ RunTime:0.001000s ]
[2023-02-18T14:10:06+08:00][sql] SELECT COUNT(`id`) AS think_count FROM `ls_order` WHERE  `create_time` BETWEEN 1676390400 AND 1676476799   AND `pay_status` = 1 [ RunTime:0.000000s ]
[2023-02-18T14:10:06+08:00][sql] SELECT SUM(`order_amount`) AS think_sum FROM `ls_order` WHERE  `create_time` BETWEEN 1676476800 AND 1676563199   AND `pay_status` = 1 [ RunTime:0.000000s ]
[2023-02-18T14:10:06+08:00][sql] SELECT COUNT(`id`) AS think_count FROM `ls_order` WHERE  `create_time` BETWEEN 1676476800 AND 1676563199   AND `pay_status` = 1 [ RunTime:0.001000s ]
[2023-02-18T14:10:06+08:00][sql] SELECT SUM(`order_amount`) AS think_sum FROM `ls_order` WHERE  `create_time` BETWEEN 1676563200 AND 1676649599   AND `pay_status` = 1 [ RunTime:0.000000s ]
[2023-02-18T14:10:06+08:00][sql] SELECT COUNT(`id`) AS think_count FROM `ls_order` WHERE  `create_time` BETWEEN 1676563200 AND 1676649599   AND `pay_status` = 1 [ RunTime:0.001000s ]
[2023-02-18T14:10:06+08:00][sql] CONNECT:[ UseTime:0.001000s ] mysql:host=127.0.0.1;port=3306;dbname=cdiancan;charset=utf8mb4
[2023-02-18T14:10:06+08:00][sql] SHOW FULL COLUMNS FROM `ls_config` [ RunTime:0.004001s ]
[2023-02-18T14:10:06+08:00][sql] SELECT `value` FROM `ls_config` WHERE  `type` = 'copyright'  AND `name` = 'company_name'  AND `shop_id` = 0 LIMIT 1 [ RunTime:0.001000s ]
[2023-02-18T14:10:06+08:00][sql] SHOW FULL COLUMNS FROM `ls_system_log` [ RunTime:0.004000s ]
[2023-02-18T14:10:06+08:00][sql] INSERT INTO `ls_system_log` SET `admin_id` = 1 , `name` = 'admin' , `account` = 'admin' , `create_time` = 1676700606 , `uri` = '/admin/index/shop.html' , `type` = 'GET' , `param` = '{\"type\":\"1\",\"page\":\"1\",\"limit\":\"10\"}' , `ip` = '127.0.0.1' [ RunTime:0.000000s ]
[2023-02-18T14:10:06+08:00][sql] SHOW FULL COLUMNS FROM `ls_order` [ RunTime:0.004000s ]
[2023-02-18T14:10:06+08:00][sql] SELECT `s`.`name`,sum(o.order_amount) as sale_amount,count(o.id) as order_sum FROM `ls_order` `o` INNER JOIN `ls_shop` `s` ON `s`.`id`=`o`.`shop_id` WHERE  `o`.`del` = 0  AND `o`.`pay_status` = 1 GROUP BY `shop_id` ORDER BY `sale_amount` DESC,`s`.`id` DESC LIMIT 10 [ RunTime:0.003000s ]
[2023-02-18T14:10:06+08:00][sql] CONNECT:[ UseTime:0.001000s ] mysql:host=127.0.0.1;port=3306;dbname=cdiancan;charset=utf8mb4
[2023-02-18T14:10:06+08:00][sql] SHOW FULL COLUMNS FROM `ls_config` [ RunTime:0.005001s ]
[2023-02-18T14:10:06+08:00][sql] SELECT `value` FROM `ls_config` WHERE  `type` = 'copyright'  AND `name` = 'company_name'  AND `shop_id` = 0 LIMIT 1 [ RunTime:0.001000s ]
[2023-02-18T14:10:06+08:00][sql] SHOW FULL COLUMNS FROM `ls_system_log` [ RunTime:0.004000s ]
[2023-02-18T14:10:06+08:00][sql] INSERT INTO `ls_system_log` SET `admin_id` = 1 , `name` = 'admin' , `account` = 'admin' , `create_time` = 1676700606 , `uri` = '/admin/index/shop.html' , `type` = 'GET' , `param` = '{\"type\":\"2\",\"page\":\"1\",\"limit\":\"10\"}' , `ip` = '127.0.0.1' [ RunTime:0.001000s ]
[2023-02-18T14:10:06+08:00][sql] SHOW FULL COLUMNS FROM `ls_goods` [ RunTime:0.004001s ]
[2023-02-18T14:10:06+08:00][sql] SELECT `g`.`code`,`g`.`name`,sum(og.goods_price * og.goods_num) as sale_amount,sum(goods_num) as goods_num,count(o.id) as order_sum FROM `ls_goods` `g` INNER JOIN `ls_order_goods` `og` ON `g`.`id`=`og`.`goods_id` INNER JOIN `ls_order` `o` ON `o`.`id`=`og`.`order_id` WHERE  `o`.`del` = 0  AND `o`.`pay_status` = 1 GROUP BY `g`.`id` ORDER BY `sale_amount` DESC,`g`.`id` DESC LIMIT 10 [ RunTime:0.006000s ]
[2023-02-18T14:37:56+08:00][sql] CONNECT:[ UseTime:0.001000s ] mysql:host=127.0.0.1;port=3306;dbname=cdiancan;charset=utf8mb4
[2023-02-18T14:37:56+08:00][sql] SHOW FULL COLUMNS FROM `ls_config` [ RunTime:0.003000s ]
[2023-02-18T14:37:56+08:00][sql] SELECT `value` FROM `ls_config` WHERE  `type` = 'copyright'  AND `name` = 'company_name'  AND `shop_id` = 0 LIMIT 1 [ RunTime:0.000000s ]
[2023-02-18T14:37:56+08:00][sql] SHOW FULL COLUMNS FROM `ls_system_log` [ RunTime:0.005001s ]
[2023-02-18T14:37:56+08:00][sql] INSERT INTO `ls_system_log` SET `admin_id` = 1 , `name` = 'admin' , `account` = 'admin' , `create_time` = 1676702276 , `uri` = '/admin/setting.Transaction/index.html' , `type` = 'GET' , `param` = '[]' , `ip` = '127.0.0.1' [ RunTime:0.001000s ]
[2023-02-18T14:37:56+08:00][sql] SELECT `value` FROM `ls_config` WHERE  `type` = 'transaction'  AND `name` = 'is_show_stock'  AND `shop_id` = 0 LIMIT 1 [ RunTime:0.000000s ]
[2023-02-18T14:37:56+08:00][sql] SELECT `value` FROM `ls_config` WHERE  `type` = 'transaction'  AND `name` = 'dec_stock'  AND `shop_id` = 0 LIMIT 1 [ RunTime:0.001000s ]
[2023-02-18T14:37:56+08:00][sql] SELECT `value` FROM `ls_config` WHERE  `type` = 'transaction'  AND `name` = 'return_stock'  AND `shop_id` = 0 LIMIT 1 [ RunTime:0.000000s ]
[2023-02-18T14:37:56+08:00][sql] SELECT `value` FROM `ls_config` WHERE  `type` = 'transaction'  AND `name` = 'unpaid_order_cancel_time'  AND `shop_id` = 0 LIMIT 1 [ RunTime:0.001000s ]
[2023-02-18T14:37:56+08:00][sql] SELECT `value` FROM `ls_config` WHERE  `type` = 'transaction'  AND `name` = 'paid_order_cancel_time'  AND `shop_id` = 0 LIMIT 1 [ RunTime:0.000000s ]
[2023-02-18T14:37:56+08:00][sql] SELECT `value` FROM `ls_config` WHERE  `type` = 'transaction'  AND `name` = 'order_auto_receipt_days'  AND `shop_id` = 0 LIMIT 1 [ RunTime:0.000000s ]
[2023-02-18T15:20:24+08:00][sql] CONNECT:[ UseTime:0.001000s ] mysql:host=127.0.0.1;port=3306;dbname=cdiancan;charset=utf8mb4
[2023-02-18T15:20:24+08:00][sql] SHOW FULL COLUMNS FROM `ls_config` [ RunTime:0.001000s ]
[2023-02-18T15:20:24+08:00][sql] SELECT `value` FROM `ls_config` WHERE  `type` = 'copyright'  AND `name` = 'company_name'  AND `shop_id` = 0 LIMIT 1 [ RunTime:0.000000s ]
[2023-02-18T15:20:24+08:00][sql] SHOW FULL COLUMNS FROM `ls_system_log` [ RunTime:0.004000s ]
[2023-02-18T15:20:24+08:00][sql] INSERT INTO `ls_system_log` SET `admin_id` = 1 , `name` = 'admin' , `account` = 'admin' , `create_time` = 1676704824 , `uri` = '/admin/shop.Auth/lists.html' , `type` = 'GET' , `param` = '[]' , `ip` = '127.0.0.1' [ RunTime:0.001000s ]
[2023-02-18T15:20:24+08:00][sql] CONNECT:[ UseTime:0.001000s ] mysql:host=127.0.0.1;port=3306;dbname=cdiancan;charset=utf8mb4
[2023-02-18T15:20:24+08:00][sql] SHOW FULL COLUMNS FROM `ls_config` [ RunTime:0.001000s ]
[2023-02-18T15:20:24+08:00][sql] SELECT `value` FROM `ls_config` WHERE  `type` = 'copyright'  AND `name` = 'company_name'  AND `shop_id` = 0 LIMIT 1 [ RunTime:0.001000s ]
[2023-02-18T15:20:24+08:00][sql] SHOW FULL COLUMNS FROM `ls_system_log` [ RunTime:0.004000s ]
[2023-02-18T15:20:24+08:00][sql] INSERT INTO `ls_system_log` SET `admin_id` = 1 , `name` = 'admin' , `account` = 'admin' , `create_time` = 1676704824 , `uri` = '/admin/shop.auth/lists.html' , `type` = 'GET' , `param` = '[]' , `ip` = '127.0.0.1' [ RunTime:0.001000s ]
[2023-02-18T15:20:24+08:00][sql] SHOW FULL COLUMNS FROM `ls_dev_shop_auth` [ RunTime:0.005000s ]
[2023-02-18T15:20:24+08:00][sql] SELECT `id`,`type`,`system`,`pid`,`name`,`sort`,`icon`,`uri`,`disable` FROM `ls_dev_shop_auth` WHERE  `del` = 0 ORDER BY `sort` DESC,`type` ASC [ RunTime:0.001000s ]
[2023-02-18T15:20:24+08:00][sql] SELECT `pid` FROM `ls_dev_shop_auth` WHERE  `del` = 0  AND `type` = 1 [ RunTime:0.000000s ]
[2023-02-18T15:20:59+08:00][sql] CONNECT:[ UseTime:0.001000s ] mysql:host=127.0.0.1;port=3306;dbname=cdiancan;charset=utf8mb4
[2023-02-18T15:20:59+08:00][sql] SHOW FULL COLUMNS FROM `ls_config` [ RunTime:0.004000s ]
[2023-02-18T15:20:59+08:00][sql] SELECT `value` FROM `ls_config` WHERE  `type` = 'copyright'  AND `name` = 'company_name'  AND `shop_id` = 0 LIMIT 1 [ RunTime:0.001000s ]
[2023-02-18T15:20:59+08:00][sql] SHOW FULL COLUMNS FROM `ls_system_log` [ RunTime:0.004001s ]
[2023-02-18T15:20:59+08:00][sql] INSERT INTO `ls_system_log` SET `admin_id` = 1 , `name` = 'admin' , `account` = 'admin' , `create_time` = 1676704859 , `uri` = '/admin/Auth/lists.html' , `type` = 'GET' , `param` = '[]' , `ip` = '127.0.0.1' [ RunTime:0.001000s ]
[2023-02-18T15:20:59+08:00][sql] CONNECT:[ UseTime:0.001000s ] mysql:host=127.0.0.1;port=3306;dbname=cdiancan;charset=utf8mb4
[2023-02-18T15:20:59+08:00][sql] SHOW FULL COLUMNS FROM `ls_config` [ RunTime:0.001000s ]
[2023-02-18T15:20:59+08:00][sql] SELECT `value` FROM `ls_config` WHERE  `type` = 'copyright'  AND `name` = 'company_name'  AND `shop_id` = 0 LIMIT 1 [ RunTime:0.001000s ]
[2023-02-18T15:20:59+08:00][sql] SHOW FULL COLUMNS FROM `ls_system_log` [ RunTime:0.004000s ]
[2023-02-18T15:20:59+08:00][sql] INSERT INTO `ls_system_log` SET `admin_id` = 1 , `name` = 'admin' , `account` = 'admin' , `create_time` = 1676704859 , `uri` = '/admin/auth/lists.html' , `type` = 'GET' , `param` = '[]' , `ip` = '127.0.0.1' [ RunTime:0.001000s ]
[2023-02-18T15:20:59+08:00][sql] SHOW FULL COLUMNS FROM `ls_dev_auth` [ RunTime:0.006000s ]
[2023-02-18T15:20:59+08:00][sql] SELECT `id`,`type`,`system`,`pid`,`name`,`sort`,`icon`,`uri`,`disable` FROM `ls_dev_auth` WHERE  `del` = 0 ORDER BY `sort` DESC,`type` ASC [ RunTime:0.001000s ]
[2023-02-18T15:20:59+08:00][sql] SELECT `pid` FROM `ls_dev_auth` WHERE  `del` = 0  AND `type` = 1 [ RunTime:0.000000s ]
[2023-02-18T15:23:47+08:00][sql] CONNECT:[ UseTime:0.001000s ] mysql:host=127.0.0.1;port=3306;dbname=cdiancan;charset=utf8mb4
[2023-02-18T15:23:47+08:00][sql] SHOW FULL COLUMNS FROM `ls_config` [ RunTime:0.004000s ]
[2023-02-18T15:23:47+08:00][sql] SELECT `value` FROM `ls_config` WHERE  `type` = 'copyright'  AND `name` = 'company_name'  AND `shop_id` = 0 LIMIT 1 [ RunTime:0.000000s ]
[2023-02-18T15:23:47+08:00][sql] SHOW FULL COLUMNS FROM `ls_system_log` [ RunTime:0.003001s ]
[2023-02-18T15:23:47+08:00][sql] INSERT INTO `ls_system_log` SET `admin_id` = 1 , `name` = 'admin' , `account` = 'admin' , `create_time` = 1676705027 , `uri` = '/admin/shop.shop/lists.html' , `type` = 'GET' , `param` = '[]' , `ip` = '127.0.0.1' [ RunTime:0.000000s ]
[2023-02-18T15:23:48+08:00][sql] CONNECT:[ UseTime:0.001000s ] mysql:host=127.0.0.1;port=3306;dbname=cdiancan;charset=utf8mb4
[2023-02-18T15:23:48+08:00][sql] SHOW FULL COLUMNS FROM `ls_config` [ RunTime:0.004001s ]
[2023-02-18T15:23:48+08:00][sql] SELECT `value` FROM `ls_config` WHERE  `type` = 'copyright'  AND `name` = 'company_name'  AND `shop_id` = 0 LIMIT 1 [ RunTime:0.001000s ]
[2023-02-18T15:23:48+08:00][sql] SHOW FULL COLUMNS FROM `ls_system_log` [ RunTime:0.004000s ]
[2023-02-18T15:23:48+08:00][sql] INSERT INTO `ls_system_log` SET `admin_id` = 1 , `name` = 'admin' , `account` = 'admin' , `create_time` = 1676705028 , `uri` = '/admin/shop.Shop/lists.html' , `type` = 'GET' , `param` = '{\"page\":\"1\",\"limit\":\"10\"}' , `ip` = '127.0.0.1' [ RunTime:0.001000s ]
[2023-02-18T15:23:48+08:00][sql] SHOW FULL COLUMNS FROM `ls_shop` [ RunTime:0.001000s ]
[2023-02-18T15:23:48+08:00][sql] SELECT COUNT(*) AS think_count FROM `ls_shop` [ RunTime:0.000000s ]
[2023-02-18T15:23:48+08:00][sql] SELECT `id`,`shop_sn`,`name`,`status`,`pricing_policy`,`create_time` FROM `ls_shop` ORDER BY `id` DESC LIMIT 0,10 [ RunTime:0.001000s ]
[2023-02-18T15:23:48+08:00][sql] SHOW FULL COLUMNS FROM `ls_shop_admin` [ RunTime:0.005001s ]
[2023-02-18T15:23:48+08:00][sql] SELECT `shop_id`,`id`,`account` FROM `ls_shop_admin` WHERE  `root` = 1 [ RunTime:0.001000s ]
[2023-02-18T15:23:50+08:00][sql] CONNECT:[ UseTime:0.001001s ] mysql:host=127.0.0.1;port=3306;dbname=cdiancan;charset=utf8mb4
[2023-02-18T15:23:50+08:00][sql] SHOW FULL COLUMNS FROM `ls_config` [ RunTime:0.001000s ]
[2023-02-18T15:23:50+08:00][sql] SELECT `value` FROM `ls_config` WHERE  `type` = 'copyright'  AND `name` = 'company_name'  AND `shop_id` = 0 LIMIT 1 [ RunTime:0.000000s ]
[2023-02-18T15:23:50+08:00][sql] SHOW FULL COLUMNS FROM `ls_system_log` [ RunTime:0.004000s ]
[2023-02-18T15:23:50+08:00][sql] INSERT INTO `ls_system_log` SET `admin_id` = 1 , `name` = 'admin' , `account` = 'admin' , `create_time` = 1676705030 , `uri` = '/admin/shop.Shop/edit.html' , `type` = 'GET' , `param` = '{\"id\":\"2\"}' , `ip` = '127.0.0.1' [ RunTime:0.001000s ]
[2023-02-18T15:23:50+08:00][sql] SHOW FULL COLUMNS FROM `ls_shop` [ RunTime:0.001000s ]
[2023-02-18T15:23:50+08:00][sql] SELECT * FROM `ls_shop` WHERE  `id` = 2  AND `del` = 0 LIMIT 1 [ RunTime:0.001000s ]
[2023-02-18T15:23:50+08:00][sql] SELECT `value` FROM `ls_config` WHERE  `type` = 'map'  AND `name` = 'qq_map_key'  AND `shop_id` = 0 LIMIT 1 [ RunTime:0.001000s ]
