[2023-02-24T13:50:10+08:00][sql] CONNECT:[ UseTime:0.010000s ] mysql:host=127.0.0.1;port=3306;dbname=cdiancan;charset=utf8mb4
[2023-02-24T13:50:10+08:00][sql] SHOW FULL COLUMNS FROM `ls_config` [ RunTime:0.009001s ]
[2023-02-24T13:50:10+08:00][sql] SELECT `value` FROM `ls_config` WHERE  `type` = 'copyright'  AND `name` = 'company_name'  AND `shop_id` = 0 LIMIT 1 [ RunTime:0.001000s ]
[2023-02-24T13:50:10+08:00][sql] SELECT `value` FROM `ls_config` WHERE  `type` = 'copyright'  AND `name` = 'company_name'  AND `shop_id` = 0 LIMIT 1 [ RunTime:0.000000s ]
[2023-02-24T13:50:10+08:00][sql] SELECT `value` FROM `ls_config` WHERE  `type` = 'copyright'  AND `name` = 'number'  AND `shop_id` = 0 LIMIT 1 [ RunTime:0.001000s ]
[2023-02-24T13:50:10+08:00][sql] SELECT `value` FROM `ls_config` WHERE  `type` = 'copyright'  AND `name` = 'link'  AND `shop_id` = 0 LIMIT 1 [ RunTime:0.000000s ]
[2023-02-24T13:50:10+08:00][sql] SELECT `value` FROM `ls_config` WHERE  `type` = 'website_platform'  AND `name` = 'platform_login_image'  AND `shop_id` = 0 LIMIT 1 [ RunTime:0.000000s ]
[2023-02-24T13:50:10+08:00][sql] SELECT `value` FROM `ls_config` WHERE  `type` = 'website_platform'  AND `name` = 'platform_login_title'  AND `shop_id` = 0 LIMIT 1 [ RunTime:0.001000s ]
[2023-02-24T13:50:10+08:00][sql] SELECT `value` FROM `ls_config` WHERE  `type` = 'website'  AND `name` = 'shop_name'  AND `shop_id` = 0 LIMIT 1 [ RunTime:0.000000s ]
[2023-02-24T13:50:14+08:00][sql] CONNECT:[ UseTime:0.001000s ] mysql:host=127.0.0.1;port=3306;dbname=cdiancan;charset=utf8mb4
[2023-02-24T13:50:14+08:00][sql] SHOW FULL COLUMNS FROM `ls_config` [ RunTime:0.003000s ]
[2023-02-24T13:50:14+08:00][sql] SELECT `value` FROM `ls_config` WHERE  `type` = 'copyright'  AND `name` = 'company_name'  AND `shop_id` = 0 LIMIT 1 [ RunTime:0.000000s ]
[2023-02-24T13:50:14+08:00][sql] SHOW FULL COLUMNS FROM `ls_admin` [ RunTime:0.005000s ]
[2023-02-24T13:50:14+08:00][sql] SELECT * FROM `ls_admin` WHERE  `account` = 'admin'  AND `del` = 0 LIMIT 1 [ RunTime:0.000000s ]
[2023-02-24T13:50:14+08:00][sql] SELECT `id`,`root`,`account`,`name`,`role_id` FROM `ls_admin` WHERE  `account` = 'admin'  AND `del` = 0 LIMIT 1 [ RunTime:0.000000s ]
[2023-02-24T13:50:14+08:00][sql] UPDATE `ls_admin`  SET `login_ip` = '127.0.0.1' , `login_time` = 1677217814  WHERE  `account` = 'admin' [ RunTime:0.002000s ]
[2023-02-24T13:50:16+08:00][sql] CONNECT:[ UseTime:0.001000s ] mysql:host=127.0.0.1;port=3306;dbname=cdiancan;charset=utf8mb4
[2023-02-24T13:50:16+08:00][sql] SHOW FULL COLUMNS FROM `ls_config` [ RunTime:0.004000s ]
[2023-02-24T13:50:16+08:00][sql] SELECT `value` FROM `ls_config` WHERE  `type` = 'copyright'  AND `name` = 'company_name'  AND `shop_id` = 0 LIMIT 1 [ RunTime:0.000000s ]
[2023-02-24T13:50:16+08:00][sql] SHOW FULL COLUMNS FROM `ls_system_log` [ RunTime:0.004000s ]
[2023-02-24T13:50:16+08:00][sql] INSERT INTO `ls_system_log` SET `admin_id` = 1 , `name` = 'admin' , `account` = 'admin' , `create_time` = 1677217816 , `uri` = '/index.php/admin/' , `type` = 'GET' , `param` = '[]' , `ip` = '127.0.0.1' [ RunTime:0.000000s ]
[2023-02-24T13:50:16+08:00][sql] SELECT `value` FROM `ls_config` WHERE  `type` = 'website'  AND `name` = 'shop_name'  AND `shop_id` = 0 LIMIT 1 [ RunTime:0.001000s ]
[2023-02-24T13:50:16+08:00][sql] SELECT `value` FROM `ls_config` WHERE  `type` = 'website'  AND `name` = 'web_favicon'  AND `shop_id` = 0 LIMIT 1 [ RunTime:0.000000s ]
[2023-02-24T13:50:16+08:00][sql] SELECT `value` FROM `ls_config` WHERE  `type` = 'website'  AND `name` = 'shop_logo'  AND `shop_id` = 0 LIMIT 1 [ RunTime:0.001000s ]
[2023-02-24T13:50:16+08:00][sql] SHOW FULL COLUMNS FROM `ls_dev_auth` [ RunTime:0.005000s ]
[2023-02-24T13:50:16+08:00][sql] SELECT * FROM `ls_dev_auth` WHERE  `type` = 1  AND `del` = 0  AND `disable` = 0 ORDER BY `sort` DESC [ RunTime:0.001000s ]
[2023-02-24T13:50:16+08:00][sql] SHOW FULL COLUMNS FROM `ls_role` [ RunTime:0.005000s ]
[2023-02-24T13:50:16+08:00][sql] SELECT `name` FROM `ls_role` WHERE  `id` = 0 LIMIT 1 [ RunTime:0.000000s ]
[2023-02-24T13:50:16+08:00][sql] CONNECT:[ UseTime:0.001000s ] mysql:host=127.0.0.1;port=3306;dbname=cdiancan;charset=utf8mb4
[2023-02-24T13:50:16+08:00][sql] SHOW FULL COLUMNS FROM `ls_config` [ RunTime:0.003000s ]
[2023-02-24T13:50:16+08:00][sql] SELECT `value` FROM `ls_config` WHERE  `type` = 'copyright'  AND `name` = 'company_name'  AND `shop_id` = 0 LIMIT 1 [ RunTime:0.000000s ]
[2023-02-24T13:50:16+08:00][sql] SHOW FULL COLUMNS FROM `ls_system_log` [ RunTime:0.003000s ]
[2023-02-24T13:50:16+08:00][sql] INSERT INTO `ls_system_log` SET `admin_id` = 1 , `name` = 'admin' , `account` = 'admin' , `create_time` = 1677217816 , `uri` = '/index.php/admin/index/stat.html' , `type` = 'GET' , `param` = '[]' , `ip` = '127.0.0.1' [ RunTime:0.000000s ]
[2023-02-24T13:50:16+08:00][sql] SHOW FULL COLUMNS FROM `ls_order` [ RunTime:0.004001s ]
[2023-02-24T13:50:16+08:00][sql] SELECT * FROM `ls_order` WHERE  `del` = 0  AND `pay_status` = 1  AND `create_time` BETWEEN 1677168000 AND 1677254399 [ RunTime:0.001000s ]
[2023-02-24T13:50:16+08:00][sql] CONNECT:[ UseTime:0.001000s ] mysql:host=127.0.0.1;port=3306;dbname=cdiancan;charset=utf8mb4
[2023-02-24T13:50:16+08:00][sql] SHOW FULL COLUMNS FROM `ls_config` [ RunTime:0.004000s ]
[2023-02-24T13:50:16+08:00][sql] SELECT `value` FROM `ls_config` WHERE  `type` = 'copyright'  AND `name` = 'company_name'  AND `shop_id` = 0 LIMIT 1 [ RunTime:0.000000s ]
[2023-02-24T13:50:16+08:00][sql] SHOW FULL COLUMNS FROM `ls_system_log` [ RunTime:0.003000s ]
[2023-02-24T13:50:16+08:00][sql] INSERT INTO `ls_system_log` SET `admin_id` = 1 , `name` = 'admin' , `account` = 'admin' , `create_time` = 1677217816 , `uri` = '/index.php/admin/index/stat.html' , `type` = 'GET' , `param` = '[]' , `ip` = '127.0.0.1' [ RunTime:0.001000s ]
[2023-02-24T13:50:16+08:00][sql] SHOW FULL COLUMNS FROM `ls_order` [ RunTime:0.004001s ]
[2023-02-24T13:50:16+08:00][sql] SELECT SUM(`order_amount`) AS think_sum FROM `ls_order` WHERE  `create_time` BETWEEN 1675872000 AND 1675958399   AND `pay_status` = 1 [ RunTime:0.001000s ]
[2023-02-24T13:50:16+08:00][sql] SELECT COUNT(`id`) AS think_count FROM `ls_order` WHERE  `create_time` BETWEEN 1675872000 AND 1675958399   AND `pay_status` = 1 [ RunTime:0.000000s ]
[2023-02-24T13:50:16+08:00][sql] SELECT SUM(`order_amount`) AS think_sum FROM `ls_order` WHERE  `create_time` BETWEEN 1675958400 AND 1676044799   AND `pay_status` = 1 [ RunTime:0.001000s ]
[2023-02-24T13:50:16+08:00][sql] SELECT COUNT(`id`) AS think_count FROM `ls_order` WHERE  `create_time` BETWEEN 1675958400 AND 1676044799   AND `pay_status` = 1 [ RunTime:0.000000s ]
[2023-02-24T13:50:16+08:00][sql] SELECT SUM(`order_amount`) AS think_sum FROM `ls_order` WHERE  `create_time` BETWEEN 1676044800 AND 1676131199   AND `pay_status` = 1 [ RunTime:0.000000s ]
[2023-02-24T13:50:16+08:00][sql] SELECT COUNT(`id`) AS think_count FROM `ls_order` WHERE  `create_time` BETWEEN 1676044800 AND 1676131199   AND `pay_status` = 1 [ RunTime:0.000000s ]
[2023-02-24T13:50:16+08:00][sql] SELECT SUM(`order_amount`) AS think_sum FROM `ls_order` WHERE  `create_time` BETWEEN 1676131200 AND 1676217599   AND `pay_status` = 1 [ RunTime:0.000000s ]
[2023-02-24T13:50:16+08:00][sql] SELECT COUNT(`id`) AS think_count FROM `ls_order` WHERE  `create_time` BETWEEN 1676131200 AND 1676217599   AND `pay_status` = 1 [ RunTime:0.000000s ]
[2023-02-24T13:50:16+08:00][sql] SELECT SUM(`order_amount`) AS think_sum FROM `ls_order` WHERE  `create_time` BETWEEN 1676217600 AND 1676303999   AND `pay_status` = 1 [ RunTime:0.000000s ]
[2023-02-24T13:50:16+08:00][sql] SELECT COUNT(`id`) AS think_count FROM `ls_order` WHERE  `create_time` BETWEEN 1676217600 AND 1676303999   AND `pay_status` = 1 [ RunTime:0.001000s ]
[2023-02-24T13:50:16+08:00][sql] SELECT SUM(`order_amount`) AS think_sum FROM `ls_order` WHERE  `create_time` BETWEEN 1676304000 AND 1676390399   AND `pay_status` = 1 [ RunTime:0.000000s ]
[2023-02-24T13:50:16+08:00][sql] SELECT COUNT(`id`) AS think_count FROM `ls_order` WHERE  `create_time` BETWEEN 1676304000 AND 1676390399   AND `pay_status` = 1 [ RunTime:0.001000s ]
[2023-02-24T13:50:16+08:00][sql] SELECT SUM(`order_amount`) AS think_sum FROM `ls_order` WHERE  `create_time` BETWEEN 1676390400 AND 1676476799   AND `pay_status` = 1 [ RunTime:0.000000s ]
[2023-02-24T13:50:16+08:00][sql] SELECT COUNT(`id`) AS think_count FROM `ls_order` WHERE  `create_time` BETWEEN 1676390400 AND 1676476799   AND `pay_status` = 1 [ RunTime:0.001000s ]
[2023-02-24T13:50:16+08:00][sql] SELECT SUM(`order_amount`) AS think_sum FROM `ls_order` WHERE  `create_time` BETWEEN 1676476800 AND 1676563199   AND `pay_status` = 1 [ RunTime:0.000000s ]
[2023-02-24T13:50:16+08:00][sql] SELECT COUNT(`id`) AS think_count FROM `ls_order` WHERE  `create_time` BETWEEN 1676476800 AND 1676563199   AND `pay_status` = 1 [ RunTime:0.001000s ]
[2023-02-24T13:50:16+08:00][sql] SELECT SUM(`order_amount`) AS think_sum FROM `ls_order` WHERE  `create_time` BETWEEN 1676563200 AND 1676649599   AND `pay_status` = 1 [ RunTime:0.000000s ]
[2023-02-24T13:50:16+08:00][sql] SELECT COUNT(`id`) AS think_count FROM `ls_order` WHERE  `create_time` BETWEEN 1676563200 AND 1676649599   AND `pay_status` = 1 [ RunTime:0.000000s ]
[2023-02-24T13:50:16+08:00][sql] SELECT SUM(`order_amount`) AS think_sum FROM `ls_order` WHERE  `create_time` BETWEEN 1676649600 AND 1676735999   AND `pay_status` = 1 [ RunTime:0.001000s ]
[2023-02-24T13:50:16+08:00][sql] SELECT COUNT(`id`) AS think_count FROM `ls_order` WHERE  `create_time` BETWEEN 1676649600 AND 1676735999   AND `pay_status` = 1 [ RunTime:0.000000s ]
[2023-02-24T13:50:16+08:00][sql] SELECT SUM(`order_amount`) AS think_sum FROM `ls_order` WHERE  `create_time` BETWEEN 1676736000 AND 1676822399   AND `pay_status` = 1 [ RunTime:0.001000s ]
[2023-02-24T13:50:16+08:00][sql] SELECT COUNT(`id`) AS think_count FROM `ls_order` WHERE  `create_time` BETWEEN 1676736000 AND 1676822399   AND `pay_status` = 1 [ RunTime:0.000000s ]
[2023-02-24T13:50:16+08:00][sql] SELECT SUM(`order_amount`) AS think_sum FROM `ls_order` WHERE  `create_time` BETWEEN 1676822400 AND 1676908799   AND `pay_status` = 1 [ RunTime:0.001000s ]
[2023-02-24T13:50:16+08:00][sql] SELECT COUNT(`id`) AS think_count FROM `ls_order` WHERE  `create_time` BETWEEN 1676822400 AND 1676908799   AND `pay_status` = 1 [ RunTime:0.000000s ]
[2023-02-24T13:50:16+08:00][sql] SELECT SUM(`order_amount`) AS think_sum FROM `ls_order` WHERE  `create_time` BETWEEN 1676908800 AND 1676995199   AND `pay_status` = 1 [ RunTime:0.001000s ]
[2023-02-24T13:50:16+08:00][sql] SELECT COUNT(`id`) AS think_count FROM `ls_order` WHERE  `create_time` BETWEEN 1676908800 AND 1676995199   AND `pay_status` = 1 [ RunTime:0.000000s ]
[2023-02-24T13:50:16+08:00][sql] SELECT SUM(`order_amount`) AS think_sum FROM `ls_order` WHERE  `create_time` BETWEEN 1676995200 AND 1677081599   AND `pay_status` = 1 [ RunTime:0.001001s ]
[2023-02-24T13:50:16+08:00][sql] SELECT COUNT(`id`) AS think_count FROM `ls_order` WHERE  `create_time` BETWEEN 1676995200 AND 1677081599   AND `pay_status` = 1 [ RunTime:0.000000s ]
[2023-02-24T13:50:16+08:00][sql] SELECT SUM(`order_amount`) AS think_sum FROM `ls_order` WHERE  `create_time` BETWEEN 1677081600 AND 1677167999   AND `pay_status` = 1 [ RunTime:0.001000s ]
[2023-02-24T13:50:16+08:00][sql] SELECT COUNT(`id`) AS think_count FROM `ls_order` WHERE  `create_time` BETWEEN 1677081600 AND 1677167999   AND `pay_status` = 1 [ RunTime:0.000000s ]
[2023-02-24T13:50:16+08:00][sql] CONNECT:[ UseTime:0.001000s ] mysql:host=127.0.0.1;port=3306;dbname=cdiancan;charset=utf8mb4
[2023-02-24T13:50:16+08:00][sql] SHOW FULL COLUMNS FROM `ls_config` [ RunTime:0.004000s ]
[2023-02-24T13:50:16+08:00][sql] SELECT `value` FROM `ls_config` WHERE  `type` = 'copyright'  AND `name` = 'company_name'  AND `shop_id` = 0 LIMIT 1 [ RunTime:0.000000s ]
[2023-02-24T13:50:16+08:00][sql] SHOW FULL COLUMNS FROM `ls_system_log` [ RunTime:0.004000s ]
[2023-02-24T13:50:16+08:00][sql] INSERT INTO `ls_system_log` SET `admin_id` = 1 , `name` = 'admin' , `account` = 'admin' , `create_time` = 1677217816 , `uri` = '/index.php/admin/index/shop.html' , `type` = 'GET' , `param` = '{\"type\":\"1\",\"page\":\"1\",\"limit\":\"10\"}' , `ip` = '127.0.0.1' [ RunTime:0.001001s ]
[2023-02-24T13:50:16+08:00][sql] SHOW FULL COLUMNS FROM `ls_order` [ RunTime:0.004000s ]
[2023-02-24T13:50:16+08:00][sql] SELECT `s`.`name`,sum(o.order_amount) as sale_amount,count(o.id) as order_sum FROM `ls_order` `o` INNER JOIN `ls_shop` `s` ON `s`.`id`=`o`.`shop_id` WHERE  `o`.`del` = 0  AND `o`.`pay_status` = 1 GROUP BY `shop_id` ORDER BY `sale_amount` DESC,`s`.`id` DESC LIMIT 10 [ RunTime:0.005000s ]
[2023-02-24T13:50:16+08:00][sql] CONNECT:[ UseTime:0.001000s ] mysql:host=127.0.0.1;port=3306;dbname=cdiancan;charset=utf8mb4
[2023-02-24T13:50:16+08:00][sql] SHOW FULL COLUMNS FROM `ls_config` [ RunTime:0.003000s ]
[2023-02-24T13:50:16+08:00][sql] SELECT `value` FROM `ls_config` WHERE  `type` = 'copyright'  AND `name` = 'company_name'  AND `shop_id` = 0 LIMIT 1 [ RunTime:0.000000s ]
[2023-02-24T13:50:16+08:00][sql] SHOW FULL COLUMNS FROM `ls_system_log` [ RunTime:0.003000s ]
[2023-02-24T13:50:16+08:00][sql] INSERT INTO `ls_system_log` SET `admin_id` = 1 , `name` = 'admin' , `account` = 'admin' , `create_time` = 1677217816 , `uri` = '/index.php/admin/index/shop.html' , `type` = 'GET' , `param` = '{\"type\":\"2\",\"page\":\"1\",\"limit\":\"10\"}' , `ip` = '127.0.0.1' [ RunTime:0.000000s ]
[2023-02-24T13:50:16+08:00][sql] SHOW FULL COLUMNS FROM `ls_goods` [ RunTime:0.005000s ]
[2023-02-24T13:50:16+08:00][sql] SELECT `g`.`code`,`g`.`name`,sum(og.goods_price * og.goods_num) as sale_amount,sum(goods_num) as goods_num,count(o.id) as order_sum FROM `ls_goods` `g` INNER JOIN `ls_order_goods` `og` ON `g`.`id`=`og`.`goods_id` INNER JOIN `ls_order` `o` ON `o`.`id`=`og`.`order_id` WHERE  `o`.`del` = 0  AND `o`.`pay_status` = 1 GROUP BY `g`.`id` ORDER BY `sale_amount` DESC,`g`.`id` DESC LIMIT 10 [ RunTime:0.007000s ]
[2023-02-24T13:50:19+08:00][sql] CONNECT:[ UseTime:0.002000s ] mysql:host=127.0.0.1;port=3306;dbname=cdiancan;charset=utf8mb4
[2023-02-24T13:50:19+08:00][sql] SHOW FULL COLUMNS FROM `ls_config` [ RunTime:0.004000s ]
[2023-02-24T13:50:19+08:00][sql] SELECT `value` FROM `ls_config` WHERE  `type` = 'copyright'  AND `name` = 'company_name'  AND `shop_id` = 0 LIMIT 1 [ RunTime:0.001000s ]
[2023-02-24T13:50:19+08:00][sql] SHOW FULL COLUMNS FROM `ls_system_log` [ RunTime:0.003000s ]
[2023-02-24T13:50:19+08:00][sql] INSERT INTO `ls_system_log` SET `admin_id` = 1 , `name` = 'admin' , `account` = 'admin' , `create_time` = 1677217819 , `uri` = '/index.php/admin/order.profile/profile.html' , `type` = 'GET' , `param` = '[]' , `ip` = '127.0.0.1' [ RunTime:0.001001s ]
[2023-02-24T13:50:19+08:00][sql] SHOW FULL COLUMNS FROM `ls_order` [ RunTime:0.003000s ]
[2023-02-24T13:50:19+08:00][sql] SELECT COUNT(*) AS think_count FROM `ls_order` WHERE  `del` = 0  AND `pay_status` = 1  AND `order_status` = 3 [ RunTime:0.000000s ]
[2023-02-24T13:50:19+08:00][sql] SELECT COUNT(*) AS think_count FROM `ls_order` WHERE  `del` = 0  AND `pay_status` = 1  AND `order_type` = 1 [ RunTime:0.000000s ]
[2023-02-24T13:50:19+08:00][sql] SELECT COUNT(*) AS think_count FROM `ls_order` WHERE  `del` = 0  AND `pay_status` = 1  AND `order_type` = 2 [ RunTime:0.000000s ]
[2023-02-24T13:50:19+08:00][sql] SELECT COUNT(*) AS think_count FROM `ls_order` WHERE  `del` = 0  AND `pay_status` = 1  AND `order_type` = 1  AND `create_time` BETWEEN 1677168000 AND 1677254399 [ RunTime:0.000000s ]
[2023-02-24T13:50:19+08:00][sql] SELECT COUNT(*) AS think_count FROM `ls_order` WHERE  `del` = 0  AND `pay_status` = 1  AND `order_type` = 1  AND `order_status` = 1 [ RunTime:0.001000s ]
[2023-02-24T13:50:19+08:00][sql] SELECT COUNT(*) AS think_count FROM `ls_order` WHERE  `del` = 0  AND `pay_status` = 1  AND `order_type` = 1  AND `order_status` = 2 [ RunTime:0.000000s ]
[2023-02-24T13:50:19+08:00][sql] SELECT COUNT(*) AS think_count FROM `ls_order` WHERE  `del` = 0  AND `pay_status` = 1  AND `order_type` = 2  AND `create_time` BETWEEN 1677168000 AND 1677254399 [ RunTime:0.001000s ]
[2023-02-24T13:50:19+08:00][sql] SELECT COUNT(*) AS think_count FROM `ls_order` WHERE  `del` = 0  AND `pay_status` = 1  AND `order_type` = 2  AND `order_status` = 1 [ RunTime:0.000000s ]
[2023-02-24T13:50:19+08:00][sql] SELECT COUNT(*) AS think_count FROM `ls_order` WHERE  `del` = 0  AND `pay_status` = 1  AND `order_type` = 2  AND `order_status` = 2 [ RunTime:0.001000s ]
[2023-02-24T13:50:21+08:00][sql] CONNECT:[ UseTime:0.001000s ] mysql:host=127.0.0.1;port=3306;dbname=cdiancan;charset=utf8mb4
[2023-02-24T13:50:21+08:00][sql] SHOW FULL COLUMNS FROM `ls_config` [ RunTime:0.003000s ]
[2023-02-24T13:50:21+08:00][sql] SELECT `value` FROM `ls_config` WHERE  `type` = 'copyright'  AND `name` = 'company_name'  AND `shop_id` = 0 LIMIT 1 [ RunTime:0.000000s ]
[2023-02-24T13:50:21+08:00][sql] SHOW FULL COLUMNS FROM `ls_system_log` [ RunTime:0.004000s ]
[2023-02-24T13:50:21+08:00][sql] INSERT INTO `ls_system_log` SET `admin_id` = 1 , `name` = 'admin' , `account` = 'admin' , `create_time` = 1677217821 , `uri` = '/index.php/admin/order.shop_order/lists.html' , `type` = 'GET' , `param` = '[]' , `ip` = '127.0.0.1' [ RunTime:0.001001s ]
[2023-02-24T13:50:21+08:00][sql] SHOW FULL COLUMNS FROM `ls_order` [ RunTime:0.003000s ]
[2023-02-24T13:50:21+08:00][sql] SELECT `o`.`order_status`,`o`.`refund_status` FROM `ls_order` `o` INNER JOIN `ls_user` `u` ON `u`.`id`=`o`.`user_id` INNER JOIN `ls_order_goods` `og` ON `og`.`order_id`=`o`.`id` INNER JOIN `ls_shop` `s` ON `s`.`id`=`o`.`shop_id` WHERE  `o`.`del` = 0  AND `o`.`order_type` = 1 GROUP BY `o`.`id` ORDER BY `o`.`id` DESC [ RunTime:0.009000s ]
[2023-02-24T13:50:21+08:00][sql] CONNECT:[ UseTime:0.001000s ] mysql:host=127.0.0.1;port=3306;dbname=cdiancan;charset=utf8mb4
[2023-02-24T13:50:21+08:00][sql] SHOW FULL COLUMNS FROM `ls_config` [ RunTime:0.003000s ]
[2023-02-24T13:50:21+08:00][sql] SELECT `value` FROM `ls_config` WHERE  `type` = 'copyright'  AND `name` = 'company_name'  AND `shop_id` = 0 LIMIT 1 [ RunTime:0.000000s ]
[2023-02-24T13:50:21+08:00][sql] SHOW FULL COLUMNS FROM `ls_system_log` [ RunTime:0.004000s ]
[2023-02-24T13:50:21+08:00][sql] INSERT INTO `ls_system_log` SET `admin_id` = 1 , `name` = 'admin' , `account` = 'admin' , `create_time` = 1677217821 , `uri` = '/index.php/admin/order.shop_order/lists.html' , `type` = 'GET' , `param` = '{\"type\":\"\",\"page\":\"1\",\"limit\":\"10\"}' , `ip` = '127.0.0.1' [ RunTime:0.001001s ]
[2023-02-24T13:50:21+08:00][sql] SHOW FULL COLUMNS FROM `ls_order` [ RunTime:0.004000s ]
[2023-02-24T13:50:21+08:00][sql] SELECT COUNT(*) AS think_count FROM ( SELECT o.id,o.user_id,o.order_sn,o.order_status,o.create_time,o.total_num,o.dining_type,o.is_appoint,o.appoint_time,o.take_code,o.consignee,o.mobile,o.delivery_amount,(o.order_amount - o.delivery_amount) as goods_amount,o.order_amount,o.pay_way,o.pay_status,o.pay_time,o.order_type,o.refund_amount,o.surplus_refund_amount,o.refund_status,o.refund_time,s.shop_sn,s.name as shop_name,count(*) AS think_count FROM `ls_order` `o` INNER JOIN `ls_user` `u` ON `u`.`id`=`o`.`user_id` INNER JOIN `ls_order_goods` `og` ON `og`.`order_id`=`o`.`id` INNER JOIN `ls_shop` `s` ON `s`.`id`=`o`.`shop_id` WHERE  `o`.`del` = 0  AND `o`.`order_type` = 1 GROUP BY `o`.`id` ) `_group_count_` [ RunTime:0.008001s ]
[2023-02-24T13:50:21+08:00][sql] SELECT o.id,o.user_id,o.order_sn,o.order_status,o.create_time,o.total_num,o.dining_type,o.is_appoint,o.appoint_time,o.take_code,o.consignee,o.mobile,o.delivery_amount,(o.order_amount - o.delivery_amount) as goods_amount,o.order_amount,o.pay_way,o.pay_status,o.pay_time,o.order_type,o.refund_amount,o.surplus_refund_amount,o.refund_status,o.refund_time,s.shop_sn,s.name as shop_name FROM `ls_order` `o` INNER JOIN `ls_user` `u` ON `u`.`id`=`o`.`user_id` INNER JOIN `ls_order_goods` `og` ON `og`.`order_id`=`o`.`id` INNER JOIN `ls_shop` `s` ON `s`.`id`=`o`.`shop_id` WHERE  `o`.`del` = 0  AND `o`.`order_type` = 1 GROUP BY `o`.`id` ORDER BY `o`.`id` DESC LIMIT 0,10 [ RunTime:0.001000s ]
[2023-02-24T13:50:21+08:00][sql] SHOW FULL COLUMNS FROM `ls_order_goods` [ RunTime:0.001000s ]
[2023-02-24T13:50:21+08:00][sql] SELECT `order_id`,`goods_name`,`goods_num`,`goods_price`,`goods_snap` FROM `ls_order_goods` WHERE  `order_id` IN (16,15,14,13,12,11,10,9,6,5) [ RunTime:0.001000s ]
[2023-02-24T13:50:21+08:00][sql] SHOW FULL COLUMNS FROM `ls_user` [ RunTime:0.001000s ]
[2023-02-24T13:50:21+08:00][sql] SELECT `id`,`avatar`,`sn`,`nickname` FROM `ls_user` WHERE  `id` = 1 [ RunTime:0.000000s ]
[2023-02-24T13:50:27+08:00][sql] CONNECT:[ UseTime:0.001000s ] mysql:host=127.0.0.1;port=3306;dbname=cdiancan;charset=utf8mb4
[2023-02-24T13:50:27+08:00][sql] SHOW FULL COLUMNS FROM `ls_config` [ RunTime:0.003000s ]
[2023-02-24T13:50:27+08:00][sql] SELECT `value` FROM `ls_config` WHERE  `type` = 'copyright'  AND `name` = 'company_name'  AND `shop_id` = 0 LIMIT 1 [ RunTime:0.000000s ]
[2023-02-24T13:50:27+08:00][sql] SHOW FULL COLUMNS FROM `ls_system_log` [ RunTime:0.004001s ]
[2023-02-24T13:50:27+08:00][sql] INSERT INTO `ls_system_log` SET `admin_id` = 1 , `name` = 'admin' , `account` = 'admin' , `create_time` = 1677217827 , `uri` = '/index.php/admin/order.shop_order/lists.html' , `type` = 'GET' , `param` = '{\"type\":\"4\",\"page\":\"1\",\"limit\":\"10\"}' , `ip` = '127.0.0.1' [ RunTime:0.001000s ]
[2023-02-24T13:50:27+08:00][sql] SHOW FULL COLUMNS FROM `ls_order` [ RunTime:0.003000s ]
[2023-02-24T13:50:27+08:00][sql] SELECT COUNT(*) AS think_count FROM ( SELECT o.id,o.user_id,o.order_sn,o.order_status,o.create_time,o.total_num,o.dining_type,o.is_appoint,o.appoint_time,o.take_code,o.consignee,o.mobile,o.delivery_amount,(o.order_amount - o.delivery_amount) as goods_amount,o.order_amount,o.pay_way,o.pay_status,o.pay_time,o.order_type,o.refund_amount,o.surplus_refund_amount,o.refund_status,o.refund_time,s.shop_sn,s.name as shop_name,count(*) AS think_count FROM `ls_order` `o` INNER JOIN `ls_user` `u` ON `u`.`id`=`o`.`user_id` INNER JOIN `ls_order_goods` `og` ON `og`.`order_id`=`o`.`id` INNER JOIN `ls_shop` `s` ON `s`.`id`=`o`.`shop_id` WHERE  `o`.`del` = 0  AND `o`.`order_type` = 1  AND `o`.`order_status` = 3 GROUP BY `o`.`id` ) `_group_count_` [ RunTime:0.009001s ]
[2023-02-24T13:50:27+08:00][sql] SELECT o.id,o.user_id,o.order_sn,o.order_status,o.create_time,o.total_num,o.dining_type,o.is_appoint,o.appoint_time,o.take_code,o.consignee,o.mobile,o.delivery_amount,(o.order_amount - o.delivery_amount) as goods_amount,o.order_amount,o.pay_way,o.pay_status,o.pay_time,o.order_type,o.refund_amount,o.surplus_refund_amount,o.refund_status,o.refund_time,s.shop_sn,s.name as shop_name FROM `ls_order` `o` INNER JOIN `ls_user` `u` ON `u`.`id`=`o`.`user_id` INNER JOIN `ls_order_goods` `og` ON `og`.`order_id`=`o`.`id` INNER JOIN `ls_shop` `s` ON `s`.`id`=`o`.`shop_id` WHERE  `o`.`del` = 0  AND `o`.`order_type` = 1  AND `o`.`order_status` = 3 GROUP BY `o`.`id` ORDER BY `o`.`id` DESC LIMIT 0,10 [ RunTime:0.001000s ]
[2023-02-24T13:50:27+08:00][sql] SHOW FULL COLUMNS FROM `ls_order_goods` [ RunTime:0.001000s ]
[2023-02-24T13:50:27+08:00][sql] SELECT `order_id`,`goods_name`,`goods_num`,`goods_price`,`goods_snap` FROM `ls_order_goods` WHERE  `order_id` = 2 [ RunTime:0.001000s ]
[2023-02-24T13:50:27+08:00][sql] SHOW FULL COLUMNS FROM `ls_user` [ RunTime:0.001000s ]
[2023-02-24T13:50:27+08:00][sql] SELECT `id`,`avatar`,`sn`,`nickname` FROM `ls_user` WHERE  `id` = 1 [ RunTime:0.000000s ]
[2023-02-24T13:50:31+08:00][sql] CONNECT:[ UseTime:0.001000s ] mysql:host=127.0.0.1;port=3306;dbname=cdiancan;charset=utf8mb4
[2023-02-24T13:50:31+08:00][sql] SHOW FULL COLUMNS FROM `ls_config` [ RunTime:0.004000s ]
[2023-02-24T13:50:31+08:00][sql] SELECT `value` FROM `ls_config` WHERE  `type` = 'copyright'  AND `name` = 'company_name'  AND `shop_id` = 0 LIMIT 1 [ RunTime:0.001000s ]
[2023-02-24T13:50:31+08:00][sql] SHOW FULL COLUMNS FROM `ls_system_log` [ RunTime:0.003001s ]
[2023-02-24T13:50:31+08:00][sql] INSERT INTO `ls_system_log` SET `admin_id` = 1 , `name` = 'admin' , `account` = 'admin' , `create_time` = 1677217831 , `uri` = '/index.php/admin/order.shop_order/lists.html' , `type` = 'GET' , `param` = '{\"type\":\"2\",\"page\":\"1\",\"limit\":\"10\"}' , `ip` = '127.0.0.1' [ RunTime:0.001000s ]
[2023-02-24T13:50:31+08:00][sql] SHOW FULL COLUMNS FROM `ls_order` [ RunTime:0.004000s ]
[2023-02-24T13:50:31+08:00][sql] SELECT COUNT(*) AS think_count FROM ( SELECT o.id,o.user_id,o.order_sn,o.order_status,o.create_time,o.total_num,o.dining_type,o.is_appoint,o.appoint_time,o.take_code,o.consignee,o.mobile,o.delivery_amount,(o.order_amount - o.delivery_amount) as goods_amount,o.order_amount,o.pay_way,o.pay_status,o.pay_time,o.order_type,o.refund_amount,o.surplus_refund_amount,o.refund_status,o.refund_time,s.shop_sn,s.name as shop_name,count(*) AS think_count FROM `ls_order` `o` INNER JOIN `ls_user` `u` ON `u`.`id`=`o`.`user_id` INNER JOIN `ls_order_goods` `og` ON `og`.`order_id`=`o`.`id` INNER JOIN `ls_shop` `s` ON `s`.`id`=`o`.`shop_id` WHERE  `o`.`del` = 0  AND `o`.`order_type` = 1  AND `o`.`order_status` = 1 GROUP BY `o`.`id` ) `_group_count_` [ RunTime:0.008001s ]
[2023-02-24T13:50:31+08:00][sql] SELECT o.id,o.user_id,o.order_sn,o.order_status,o.create_time,o.total_num,o.dining_type,o.is_appoint,o.appoint_time,o.take_code,o.consignee,o.mobile,o.delivery_amount,(o.order_amount - o.delivery_amount) as goods_amount,o.order_amount,o.pay_way,o.pay_status,o.pay_time,o.order_type,o.refund_amount,o.surplus_refund_amount,o.refund_status,o.refund_time,s.shop_sn,s.name as shop_name FROM `ls_order` `o` INNER JOIN `ls_user` `u` ON `u`.`id`=`o`.`user_id` INNER JOIN `ls_order_goods` `og` ON `og`.`order_id`=`o`.`id` INNER JOIN `ls_shop` `s` ON `s`.`id`=`o`.`shop_id` WHERE  `o`.`del` = 0  AND `o`.`order_type` = 1  AND `o`.`order_status` = 1 GROUP BY `o`.`id` ORDER BY `o`.`id` DESC LIMIT 0,10 [ RunTime:0.001000s ]
[2023-02-24T13:50:31+08:00][sql] SHOW FULL COLUMNS FROM `ls_order_goods` [ RunTime:0.001000s ]
[2023-02-24T13:50:31+08:00][sql] SELECT `order_id`,`goods_name`,`goods_num`,`goods_price`,`goods_snap` FROM `ls_order_goods` WHERE  `order_id` IN (9,6,5,4,3,1) [ RunTime:0.000000s ]
[2023-02-24T13:50:31+08:00][sql] SHOW FULL COLUMNS FROM `ls_user` [ RunTime:0.001000s ]
[2023-02-24T13:50:31+08:00][sql] SELECT `id`,`avatar`,`sn`,`nickname` FROM `ls_user` WHERE  `id` = 1 [ RunTime:0.000000s ]
[2023-02-24T13:50:47+08:00][sql] CONNECT:[ UseTime:0.001000s ] mysql:host=127.0.0.1;port=3306;dbname=cdiancan;charset=utf8mb4
[2023-02-24T13:50:47+08:00][sql] SHOW FULL COLUMNS FROM `ls_config` [ RunTime:0.004001s ]
[2023-02-24T13:50:47+08:00][sql] SELECT `value` FROM `ls_config` WHERE  `type` = 'copyright'  AND `name` = 'company_name'  AND `shop_id` = 0 LIMIT 1 [ RunTime:0.001000s ]
[2023-02-24T13:50:47+08:00][sql] SHOW FULL COLUMNS FROM `ls_system_log` [ RunTime:0.003000s ]
[2023-02-24T13:50:47+08:00][sql] INSERT INTO `ls_system_log` SET `admin_id` = 1 , `name` = 'admin' , `account` = 'admin' , `create_time` = 1677217847 , `uri` = '/index.php/admin/shop.shop/lists.html' , `type` = 'GET' , `param` = '[]' , `ip` = '127.0.0.1' [ RunTime:0.001000s ]
[2023-02-24T13:50:48+08:00][sql] CONNECT:[ UseTime:0.001000s ] mysql:host=127.0.0.1;port=3306;dbname=cdiancan;charset=utf8mb4
[2023-02-24T13:50:48+08:00][sql] SHOW FULL COLUMNS FROM `ls_config` [ RunTime:0.004000s ]
[2023-02-24T13:50:48+08:00][sql] SELECT `value` FROM `ls_config` WHERE  `type` = 'copyright'  AND `name` = 'company_name'  AND `shop_id` = 0 LIMIT 1 [ RunTime:0.001000s ]
[2023-02-24T13:50:48+08:00][sql] SHOW FULL COLUMNS FROM `ls_system_log` [ RunTime:0.003000s ]
[2023-02-24T13:50:48+08:00][sql] INSERT INTO `ls_system_log` SET `admin_id` = 1 , `name` = 'admin' , `account` = 'admin' , `create_time` = 1677217848 , `uri` = '/index.php/admin/shop.Shop/lists.html' , `type` = 'GET' , `param` = '{\"page\":\"1\",\"limit\":\"10\"}' , `ip` = '127.0.0.1' [ RunTime:0.001000s ]
[2023-02-24T13:50:48+08:00][sql] SHOW FULL COLUMNS FROM `ls_shop` [ RunTime:0.004001s ]
[2023-02-24T13:50:48+08:00][sql] SELECT COUNT(*) AS think_count FROM `ls_shop` [ RunTime:0.000000s ]
[2023-02-24T13:50:48+08:00][sql] SELECT `id`,`shop_sn`,`name`,`status`,`pricing_policy`,`create_time` FROM `ls_shop` ORDER BY `id` DESC LIMIT 0,10 [ RunTime:0.000000s ]
[2023-02-24T13:50:48+08:00][sql] SHOW FULL COLUMNS FROM `ls_shop_admin` [ RunTime:0.005000s ]
[2023-02-24T13:50:48+08:00][sql] SELECT `shop_id`,`id`,`account` FROM `ls_shop_admin` WHERE  `root` = 1 [ RunTime:0.000000s ]
[2023-02-24T13:50:50+08:00][sql] CONNECT:[ UseTime:0.001000s ] mysql:host=127.0.0.1;port=3306;dbname=cdiancan;charset=utf8mb4
[2023-02-24T13:50:50+08:00][sql] SHOW FULL COLUMNS FROM `ls_config` [ RunTime:0.004001s ]
[2023-02-24T13:50:50+08:00][sql] SELECT `value` FROM `ls_config` WHERE  `type` = 'copyright'  AND `name` = 'company_name'  AND `shop_id` = 0 LIMIT 1 [ RunTime:0.000000s ]
[2023-02-24T13:50:50+08:00][sql] SHOW FULL COLUMNS FROM `ls_system_log` [ RunTime:0.004000s ]
[2023-02-24T13:50:50+08:00][sql] INSERT INTO `ls_system_log` SET `admin_id` = 1 , `name` = 'admin' , `account` = 'admin' , `create_time` = 1677217850 , `uri` = '/index.php/admin/shop.shop/shopSso.html' , `type` = 'GET' , `param` = '{\"id\":\"2\"}' , `ip` = '127.0.0.1' [ RunTime:0.001000s ]
[2023-02-24T15:03:27+08:00][sql] CONNECT:[ UseTime:0.001000s ] mysql:host=127.0.0.1;port=3306;dbname=cdiancan;charset=utf8mb4
[2023-02-24T15:03:27+08:00][sql] SHOW FULL COLUMNS FROM `ls_config` [ RunTime:0.004000s ]
[2023-02-24T15:03:27+08:00][sql] SELECT `value` FROM `ls_config` WHERE  `type` = 'copyright'  AND `name` = 'company_name'  AND `shop_id` = 0 LIMIT 1 [ RunTime:0.001000s ]
[2023-02-24T15:03:27+08:00][sql] SHOW FULL COLUMNS FROM `ls_system_log` [ RunTime:0.004001s ]
[2023-02-24T15:03:27+08:00][sql] INSERT INTO `ls_system_log` SET `admin_id` = 1 , `name` = 'admin' , `account` = 'admin' , `create_time` = 1677222207 , `uri` = '/index.php/admin/shop.shop/shopSso.html' , `type` = 'GET' , `param` = '{\"id\":\"1\"}' , `ip` = '127.0.0.1' [ RunTime:0.001000s ]
[2023-02-24T15:13:22+08:00][sql] CONNECT:[ UseTime:0.001000s ] mysql:host=127.0.0.1;port=3306;dbname=cdiancan;charset=utf8mb4
[2023-02-24T15:13:22+08:00][sql] SHOW FULL COLUMNS FROM `ls_config` [ RunTime:0.001000s ]
[2023-02-24T15:13:22+08:00][sql] SELECT `value` FROM `ls_config` WHERE  `type` = 'copyright'  AND `name` = 'company_name'  AND `shop_id` = 0 LIMIT 1 [ RunTime:0.000000s ]
[2023-02-24T15:13:22+08:00][sql] SHOW FULL COLUMNS FROM `ls_system_log` [ RunTime:0.003000s ]
[2023-02-24T15:13:22+08:00][sql] INSERT INTO `ls_system_log` SET `admin_id` = 1 , `name` = 'admin' , `account` = 'admin' , `create_time` = 1677222802 , `uri` = '/index.php/admin/shop.Shop/edit.html' , `type` = 'GET' , `param` = '{\"id\":\"1\"}' , `ip` = '127.0.0.1' [ RunTime:0.001000s ]
[2023-02-24T15:13:22+08:00][sql] SHOW FULL COLUMNS FROM `ls_shop` [ RunTime:0.001000s ]
[2023-02-24T15:13:22+08:00][sql] SELECT * FROM `ls_shop` WHERE  `id` = 1  AND `del` = 0 LIMIT 1 [ RunTime:0.000000s ]
[2023-02-24T15:13:22+08:00][sql] SELECT `value` FROM `ls_config` WHERE  `type` = 'map'  AND `name` = 'qq_map_key'  AND `shop_id` = 0 LIMIT 1 [ RunTime:0.001000s ]
[2023-02-24T15:13:32+08:00][sql] CONNECT:[ UseTime:0.001000s ] mysql:host=127.0.0.1;port=3306;dbname=cdiancan;charset=utf8mb4
[2023-02-24T15:13:32+08:00][sql] SHOW FULL COLUMNS FROM `ls_config` [ RunTime:0.001000s ]
[2023-02-24T15:13:32+08:00][sql] SELECT `value` FROM `ls_config` WHERE  `type` = 'copyright'  AND `name` = 'company_name'  AND `shop_id` = 0 LIMIT 1 [ RunTime:0.001000s ]
[2023-02-24T15:13:32+08:00][sql] SHOW FULL COLUMNS FROM `ls_system_log` [ RunTime:0.003000s ]
[2023-02-24T15:13:32+08:00][sql] INSERT INTO `ls_system_log` SET `admin_id` = 1 , `name` = 'admin' , `account` = 'admin' , `create_time` = 1677222812 , `uri` = '/index.php/admin/shop.Shop/edit.html' , `type` = 'POST' , `param` = '{\"id\":\"1\",\"shop_sn\":\"168\",\"name\":\"西西茶饮\",\"contact\":\"小西西\",\"phone\":\"13000013000\",\"province_id\":\"440000\",\"city_id\":\"440100\",\"district_id\":\"440113\",\"address\":\"广雅路120号\",\"longitude\":\"113.384099\",\"latitude\":\"22.937488\",\"pricing_policy\":\"1\",\"weekdays\":[\"1\",\"2\",\"3\",\"4\",\"5\",\"6\",\"7\"],\"business_start_time\":\"10:00\",\"business_end_time\":\"23:00\",\"delivery_distance\":\"50000\",\"delivery_type\":[\"1\",\"2\"],\"delivery_buy_limit\":\"25.00\",\"delivery_freight\":\"20.00\",\"status\":\"1\"}' , `ip` = '127.0.0.1' [ RunTime:0.000000s ]
[2023-02-24T15:13:32+08:00][sql] SHOW FULL COLUMNS FROM `ls_shop` [ RunTime:0.001000s ]
[2023-02-24T15:13:32+08:00][sql] SELECT `id` FROM `ls_shop` WHERE  `shop_sn` = '168'  AND `del` = 0  AND `id` <> 1 LIMIT 1 [ RunTime:0.001000s ]
[2023-02-24T15:13:32+08:00][sql] SELECT `id` FROM `ls_shop` WHERE  `name` = '西西茶饮'  AND `del` = 0  AND `id` <> 1 LIMIT 1 [ RunTime:0.000000s ]
[2023-02-24T15:13:32+08:00][sql] UPDATE `ls_shop`  SET `name` = '西西茶饮' , `shop_sn` = '168' , `contact` = '小西西' , `phone` = '13000013000' , `province_id` = 440000 , `city_id` = 440100 , `district_id` = 440113 , `address` = '广雅路120号' , `longitude` = '113.384099' , `latitude` = '22.937488' , `business_start_time` = '10:00' , `business_end_time` = '23:00' , `weekdays` = '1,2,3,4,5,6,7' , `delivery_distance` = '50000' , `delivery_buy_limit` = '25.00' , `delivery_freight` = '20.00' , `pricing_policy` = 1 , `delivery_type` = '1,2' , `status` = 1 , `update_time` = 1677222812  WHERE  `id` = 1 [ RunTime:0.000000s ]
[2023-02-24T15:13:32+08:00][sql] CONNECT:[ UseTime:0.011001s ] mysql:host=127.0.0.1;port=3306;dbname=cdiancan;charset=utf8mb4
[2023-02-24T15:13:32+08:00][sql] SHOW FULL COLUMNS FROM `ls_config` [ RunTime:0.002000s ]
[2023-02-24T15:13:32+08:00][sql] SELECT `value` FROM `ls_config` WHERE  `type` = 'copyright'  AND `name` = 'company_name'  AND `shop_id` = 0 LIMIT 1 [ RunTime:0.000000s ]
[2023-02-24T15:13:32+08:00][sql] SHOW FULL COLUMNS FROM `ls_system_log` [ RunTime:0.004000s ]
[2023-02-24T15:13:32+08:00][sql] INSERT INTO `ls_system_log` SET `admin_id` = 1 , `name` = 'admin' , `account` = 'admin' , `create_time` = 1677222812 , `uri` = '/index.php/admin/shop.Shop/lists.html' , `type` = 'GET' , `param` = '{\"page\":\"1\",\"limit\":\"10\"}' , `ip` = '127.0.0.1' [ RunTime:0.001000s ]
[2023-02-24T15:13:32+08:00][sql] SHOW FULL COLUMNS FROM `ls_shop` [ RunTime:0.001000s ]
[2023-02-24T15:13:32+08:00][sql] SELECT COUNT(*) AS think_count FROM `ls_shop` [ RunTime:0.001000s ]
[2023-02-24T15:13:32+08:00][sql] SELECT `id`,`shop_sn`,`name`,`status`,`pricing_policy`,`create_time` FROM `ls_shop` ORDER BY `id` DESC LIMIT 0,10 [ RunTime:0.000000s ]
[2023-02-24T15:13:32+08:00][sql] SHOW FULL COLUMNS FROM `ls_shop_admin` [ RunTime:0.005000s ]
[2023-02-24T15:13:32+08:00][sql] SELECT `shop_id`,`id`,`account` FROM `ls_shop_admin` WHERE  `root` = 1 [ RunTime:0.001000s ]
[2023-02-24T15:24:20+08:00][sql] CONNECT:[ UseTime:0.001000s ] mysql:host=127.0.0.1;port=3306;dbname=cdiancan;charset=utf8mb4
[2023-02-24T15:24:20+08:00][sql] SHOW FULL COLUMNS FROM `ls_config` [ RunTime:0.001000s ]
[2023-02-24T15:24:20+08:00][sql] SELECT `value` FROM `ls_config` WHERE  `type` = 'copyright'  AND `name` = 'company_name'  AND `shop_id` = 0 LIMIT 1 [ RunTime:0.000000s ]
[2023-02-24T15:24:20+08:00][sql] SHOW FULL COLUMNS FROM `ls_system_log` [ RunTime:0.004001s ]
[2023-02-24T15:24:20+08:00][sql] INSERT INTO `ls_system_log` SET `admin_id` = 1 , `name` = 'admin' , `account` = 'admin' , `create_time` = 1677223460 , `uri` = '/index.php/admin/setting.Transaction/index.html' , `type` = 'GET' , `param` = '[]' , `ip` = '127.0.0.1' [ RunTime:0.000000s ]
[2023-02-24T15:24:20+08:00][sql] SELECT `value` FROM `ls_config` WHERE  `type` = 'transaction'  AND `name` = 'is_show_stock'  AND `shop_id` = 0 LIMIT 1 [ RunTime:0.000000s ]
[2023-02-24T15:24:20+08:00][sql] SELECT `value` FROM `ls_config` WHERE  `type` = 'transaction'  AND `name` = 'dec_stock'  AND `shop_id` = 0 LIMIT 1 [ RunTime:0.000000s ]
[2023-02-24T15:24:20+08:00][sql] SELECT `value` FROM `ls_config` WHERE  `type` = 'transaction'  AND `name` = 'return_stock'  AND `shop_id` = 0 LIMIT 1 [ RunTime:0.000000s ]
[2023-02-24T15:24:20+08:00][sql] SELECT `value` FROM `ls_config` WHERE  `type` = 'transaction'  AND `name` = 'unpaid_order_cancel_time'  AND `shop_id` = 0 LIMIT 1 [ RunTime:0.001000s ]
[2023-02-24T15:24:20+08:00][sql] SELECT `value` FROM `ls_config` WHERE  `type` = 'transaction'  AND `name` = 'paid_order_cancel_time'  AND `shop_id` = 0 LIMIT 1 [ RunTime:0.000000s ]
[2023-02-24T15:24:20+08:00][sql] SELECT `value` FROM `ls_config` WHERE  `type` = 'transaction'  AND `name` = 'order_auto_receipt_days'  AND `shop_id` = 0 LIMIT 1 [ RunTime:0.001000s ]
[2023-02-24T15:24:45+08:00][sql] CONNECT:[ UseTime:0.001000s ] mysql:host=127.0.0.1;port=3306;dbname=cdiancan;charset=utf8mb4
[2023-02-24T15:24:45+08:00][sql] SHOW FULL COLUMNS FROM `ls_config` [ RunTime:0.001001s ]
[2023-02-24T15:24:45+08:00][sql] SELECT `value` FROM `ls_config` WHERE  `type` = 'copyright'  AND `name` = 'company_name'  AND `shop_id` = 0 LIMIT 1 [ RunTime:0.000000s ]
[2023-02-24T15:24:45+08:00][sql] SHOW FULL COLUMNS FROM `ls_system_log` [ RunTime:0.004000s ]
[2023-02-24T15:24:45+08:00][sql] INSERT INTO `ls_system_log` SET `admin_id` = 1 , `name` = 'admin' , `account` = 'admin' , `create_time` = 1677223485 , `uri` = '/index.php/admin/setting.transaction/set.html' , `type` = 'POST' , `param` = '{\"is_show_stock\":\"0\",\"dec_stock\":\"1\",\"return_stock\":\"0\",\"unpaid_order_cancel_time\":\"2\",\"paid_order_cancel_time\":\"2\",\"order_auto_receipt_days\":\"0.01\"}' , `ip` = '127.0.0.1' [ RunTime:0.000000s ]
[2023-02-24T15:24:45+08:00][sql] SELECT * FROM `ls_config` WHERE  `type` = 'transaction'  AND `name` = 'is_show_stock'  AND `shop_id` = 0 LIMIT 1 [ RunTime:0.000000s ]
[2023-02-24T15:24:45+08:00][sql] INSERT INTO `ls_config` SET `type` = 'transaction' , `name` = 'is_show_stock' , `value` = '0' , `shop_id` = 0 [ RunTime:0.001000s ]
[2023-02-24T15:24:45+08:00][sql] SELECT * FROM `ls_config` WHERE  `type` = 'transaction'  AND `name` = 'dec_stock'  AND `shop_id` = 0 LIMIT 1 [ RunTime:0.000000s ]
[2023-02-24T15:24:45+08:00][sql] INSERT INTO `ls_config` SET `type` = 'transaction' , `name` = 'dec_stock' , `value` = '1' , `shop_id` = 0 [ RunTime:0.000000s ]
[2023-02-24T15:24:45+08:00][sql] SELECT * FROM `ls_config` WHERE  `type` = 'transaction'  AND `name` = 'return_stock'  AND `shop_id` = 0 LIMIT 1 [ RunTime:0.001000s ]
[2023-02-24T15:24:45+08:00][sql] INSERT INTO `ls_config` SET `type` = 'transaction' , `name` = 'return_stock' , `value` = '0' , `shop_id` = 0 [ RunTime:0.000000s ]
[2023-02-24T15:24:45+08:00][sql] SELECT * FROM `ls_config` WHERE  `type` = 'transaction'  AND `name` = 'unpaid_order_cancel_time'  AND `shop_id` = 0 LIMIT 1 [ RunTime:0.000000s ]
[2023-02-24T15:24:45+08:00][sql] INSERT INTO `ls_config` SET `type` = 'transaction' , `name` = 'unpaid_order_cancel_time' , `value` = '2' , `shop_id` = 0 [ RunTime:0.001000s ]
[2023-02-24T15:24:45+08:00][sql] SELECT * FROM `ls_config` WHERE  `type` = 'transaction'  AND `name` = 'paid_order_cancel_time'  AND `shop_id` = 0 LIMIT 1 [ RunTime:0.000000s ]
[2023-02-24T15:24:45+08:00][sql] INSERT INTO `ls_config` SET `type` = 'transaction' , `name` = 'paid_order_cancel_time' , `value` = '2' , `shop_id` = 0 [ RunTime:0.001001s ]
[2023-02-24T15:24:45+08:00][sql] SELECT * FROM `ls_config` WHERE  `type` = 'transaction'  AND `name` = 'order_auto_receipt_days'  AND `shop_id` = 0 LIMIT 1 [ RunTime:0.000000s ]
[2023-02-24T15:24:45+08:00][sql] INSERT INTO `ls_config` SET `type` = 'transaction' , `name` = 'order_auto_receipt_days' , `value` = '0.01' , `shop_id` = 0 [ RunTime:0.000000s ]
[2023-02-24T15:28:23+08:00][sql] CONNECT:[ UseTime:0.002000s ] mysql:host=127.0.0.1;port=3306;dbname=cdiancan;charset=utf8mb4
[2023-02-24T15:28:23+08:00][sql] SHOW FULL COLUMNS FROM `ls_config` [ RunTime:0.001000s ]
[2023-02-24T15:28:23+08:00][sql] SELECT `value` FROM `ls_config` WHERE  `type` = 'copyright'  AND `name` = 'company_name'  AND `shop_id` = 0 LIMIT 1 [ RunTime:0.000000s ]
[2023-02-24T15:28:23+08:00][sql] SHOW FULL COLUMNS FROM `ls_system_log` [ RunTime:0.003000s ]
[2023-02-24T15:28:23+08:00][sql] INSERT INTO `ls_system_log` SET `admin_id` = 1 , `name` = 'admin' , `account` = 'admin' , `create_time` = 1677223703 , `uri` = '/index.php/admin/system.Crontab/lists.html' , `type` = 'GET' , `param` = '[]' , `ip` = '127.0.0.1' [ RunTime:0.000000s ]
[2023-02-24T15:28:23+08:00][sql] CONNECT:[ UseTime:0.001000s ] mysql:host=127.0.0.1;port=3306;dbname=cdiancan;charset=utf8mb4
[2023-02-24T15:28:23+08:00][sql] SHOW FULL COLUMNS FROM `ls_config` [ RunTime:0.001000s ]
[2023-02-24T15:28:23+08:00][sql] SELECT `value` FROM `ls_config` WHERE  `type` = 'copyright'  AND `name` = 'company_name'  AND `shop_id` = 0 LIMIT 1 [ RunTime:0.000000s ]
[2023-02-24T15:28:23+08:00][sql] SHOW FULL COLUMNS FROM `ls_system_log` [ RunTime:0.004000s ]
[2023-02-24T15:28:23+08:00][sql] INSERT INTO `ls_system_log` SET `admin_id` = 1 , `name` = 'admin' , `account` = 'admin' , `create_time` = 1677223703 , `uri` = '/index.php/admin/system.Crontab/lists.html' , `type` = 'GET' , `param` = '{\"page\":\"1\",\"limit\":\"10\"}' , `ip` = '127.0.0.1' [ RunTime:0.000000s ]
[2023-02-24T15:28:23+08:00][sql] SHOW FULL COLUMNS FROM `ls_dev_crontab` [ RunTime:0.005000s ]
[2023-02-24T15:28:23+08:00][sql] SELECT `id`,`name`,`type`,type as type_desc,`command`,last_time as last_time_str,`expression`,`parameter`,`status`,`error`,`time`,`max_time`,`system` FROM `ls_dev_crontab` ORDER BY `system` DESC [ RunTime:0.001000s ]
[2023-02-24T15:34:45+08:00][sql] CONNECT:[ UseTime:0.001000s ] mysql:host=127.0.0.1;port=3306;dbname=cdiancan;charset=utf8mb4
[2023-02-24T15:34:45+08:00][sql] SHOW FULL COLUMNS FROM `ls_config` [ RunTime:0.001000s ]
[2023-02-24T15:34:45+08:00][sql] SELECT `value` FROM `ls_config` WHERE  `type` = 'copyright'  AND `name` = 'company_name'  AND `shop_id` = 0 LIMIT 1 [ RunTime:0.001000s ]
[2023-02-24T15:34:45+08:00][sql] SHOW FULL COLUMNS FROM `ls_system_log` [ RunTime:0.004000s ]
[2023-02-24T15:34:45+08:00][sql] INSERT INTO `ls_system_log` SET `admin_id` = 1 , `name` = 'admin' , `account` = 'admin' , `create_time` = 1677224085 , `uri` = '/index.php/admin/system.Crontab/edit.html' , `type` = 'GET' , `param` = '{\"id\":\"3\"}' , `ip` = '127.0.0.1' [ RunTime:0.000000s ]
[2023-02-24T15:34:45+08:00][sql] SHOW FULL COLUMNS FROM `ls_dev_crontab` [ RunTime:0.001000s ]
[2023-02-24T15:34:45+08:00][sql] SELECT * FROM `ls_dev_crontab` WHERE  `id` = 3 LIMIT 1 [ RunTime:0.000000s ]
[2023-02-24T15:34:45+08:00][sql] CONNECT:[ UseTime:0.001000s ] mysql:host=127.0.0.1;port=3306;dbname=cdiancan;charset=utf8mb4
[2023-02-24T15:34:45+08:00][sql] SHOW FULL COLUMNS FROM `ls_config` [ RunTime:0.002000s ]
[2023-02-24T15:34:45+08:00][sql] SELECT `value` FROM `ls_config` WHERE  `type` = 'copyright'  AND `name` = 'company_name'  AND `shop_id` = 0 LIMIT 1 [ RunTime:0.000000s ]
[2023-02-24T15:34:45+08:00][sql] SHOW FULL COLUMNS FROM `ls_system_log` [ RunTime:0.004000s ]
[2023-02-24T15:34:45+08:00][sql] INSERT INTO `ls_system_log` SET `admin_id` = 1 , `name` = 'admin' , `account` = 'admin' , `create_time` = 1677224085 , `uri` = '/index.php/admin/system.Crontab/expression.html' , `type` = 'GET' , `param` = '{\"expression\":\"0 *\\/10 * * *\"}' , `ip` = '127.0.0.1' [ RunTime:0.001000s ]
[2023-02-24T15:35:28+08:00][sql] CONNECT:[ UseTime:0.002000s ] mysql:host=127.0.0.1;port=3306;dbname=cdiancan;charset=utf8mb4
[2023-02-24T15:35:28+08:00][sql] SHOW FULL COLUMNS FROM `ls_config` [ RunTime:0.001000s ]
[2023-02-24T15:35:28+08:00][sql] SELECT `value` FROM `ls_config` WHERE  `type` = 'copyright'  AND `name` = 'company_name'  AND `shop_id` = 0 LIMIT 1 [ RunTime:0.000000s ]
[2023-02-24T15:35:28+08:00][sql] SHOW FULL COLUMNS FROM `ls_system_log` [ RunTime:0.004000s ]
[2023-02-24T15:35:28+08:00][sql] INSERT INTO `ls_system_log` SET `admin_id` = 1 , `name` = 'admin' , `account` = 'admin' , `create_time` = 1677224128 , `uri` = '/index.php/admin/system.Crontab/expression.html' , `type` = 'GET' , `param` = '{\"expression\":\"0 * * * *\"}' , `ip` = '127.0.0.1' [ RunTime:0.000000s ]
[2023-02-24T15:35:30+08:00][sql] CONNECT:[ UseTime:0.001000s ] mysql:host=127.0.0.1;port=3306;dbname=cdiancan;charset=utf8mb4
[2023-02-24T15:35:30+08:00][sql] SHOW FULL COLUMNS FROM `ls_config` [ RunTime:0.001000s ]
[2023-02-24T15:35:30+08:00][sql] SELECT `value` FROM `ls_config` WHERE  `type` = 'copyright'  AND `name` = 'company_name'  AND `shop_id` = 0 LIMIT 1 [ RunTime:0.000000s ]
[2023-02-24T15:35:30+08:00][sql] SHOW FULL COLUMNS FROM `ls_system_log` [ RunTime:0.004000s ]
[2023-02-24T15:35:30+08:00][sql] INSERT INTO `ls_system_log` SET `admin_id` = 1 , `name` = 'admin' , `account` = 'admin' , `create_time` = 1677224130 , `uri` = '/index.php/admin/system.Crontab/expression.html' , `type` = 'GET' , `param` = '{\"expression\":\"* * * *\"}' , `ip` = '127.0.0.1' [ RunTime:0.000000s ]
[2023-02-24T15:35:32+08:00][sql] CONNECT:[ UseTime:0.001000s ] mysql:host=127.0.0.1;port=3306;dbname=cdiancan;charset=utf8mb4
[2023-02-24T15:35:32+08:00][sql] SHOW FULL COLUMNS FROM `ls_config` [ RunTime:0.001000s ]
[2023-02-24T15:35:32+08:00][sql] SELECT `value` FROM `ls_config` WHERE  `type` = 'copyright'  AND `name` = 'company_name'  AND `shop_id` = 0 LIMIT 1 [ RunTime:0.001000s ]
[2023-02-24T15:35:32+08:00][sql] SHOW FULL COLUMNS FROM `ls_system_log` [ RunTime:0.003000s ]
[2023-02-24T15:35:32+08:00][sql] INSERT INTO `ls_system_log` SET `admin_id` = 1 , `name` = 'admin' , `account` = 'admin' , `create_time` = 1677224132 , `uri` = '/index.php/admin/system.Crontab/expression.html' , `type` = 'GET' , `param` = '{\"expression\":\"* * * * *\"}' , `ip` = '127.0.0.1' [ RunTime:0.000000s ]
[2023-02-24T15:35:39+08:00][sql] CONNECT:[ UseTime:0.001000s ] mysql:host=127.0.0.1;port=3306;dbname=cdiancan;charset=utf8mb4
[2023-02-24T15:35:39+08:00][sql] SHOW FULL COLUMNS FROM `ls_config` [ RunTime:0.001000s ]
[2023-02-24T15:35:39+08:00][sql] SELECT `value` FROM `ls_config` WHERE  `type` = 'copyright'  AND `name` = 'company_name'  AND `shop_id` = 0 LIMIT 1 [ RunTime:0.001001s ]
[2023-02-24T15:35:39+08:00][sql] SHOW FULL COLUMNS FROM `ls_system_log` [ RunTime:0.001000s ]
[2023-02-24T15:35:39+08:00][sql] INSERT INTO `ls_system_log` SET `admin_id` = 1 , `name` = 'admin' , `account` = 'admin' , `create_time` = 1677224136 , `uri` = '/index.php/admin/system.Crontab/edit.html' , `type` = 'POST' , `param` = '{\"id\":\"3\",\"name\":\"自动确认收货\",\"type\":\"1\",\"command\":\"order_finish\",\"parameter\":\"\",\"status\":\"on\",\"expression\":\"* * * * *\",\"remark\":\"\"}' , `ip` = '127.0.0.1' [ RunTime:0.000000s ]
[2023-02-24T15:35:39+08:00][sql] SHOW FULL COLUMNS FROM `ls_dev_crontab` [ RunTime:0.001000s ]
[2023-02-24T15:35:39+08:00][sql] UPDATE `ls_dev_crontab`  SET `name` = '自动确认收货' , `type` = 1 , `remark` = '' , `command` = 'order_finish' , `parameter` = '' , `status` = 1 , `expression` = '* * * * *' , `update_time` = 1677224136  WHERE  `id` = 3 [ RunTime:0.002000s ]
[2023-02-24T15:35:39+08:00][sql] SELECT * FROM `ls_dev_crontab` WHERE  `status` = 1 [ RunTime:0.000000s ]
[2023-02-24T15:35:39+08:00][sql] CONNECT:[ UseTime:0.001000s ] mysql:host=127.0.0.1;port=3306;dbname=cdiancan;charset=utf8mb4
[2023-02-24T15:35:39+08:00][sql] SHOW FULL COLUMNS FROM `ls_config` [ RunTime:0.001000s ]
[2023-02-24T15:35:39+08:00][sql] SELECT `value` FROM `ls_config` WHERE  `type` = 'copyright'  AND `name` = 'company_name'  AND `shop_id` = 0 LIMIT 1 [ RunTime:0.001000s ]
[2023-02-24T15:35:39+08:00][sql] SHOW FULL COLUMNS FROM `ls_system_log` [ RunTime:0.001000s ]
[2023-02-24T15:35:39+08:00][sql] INSERT INTO `ls_system_log` SET `admin_id` = 1 , `name` = 'admin' , `account` = 'admin' , `create_time` = 1677224139 , `uri` = '/index.php/admin/system.Crontab/lists.html' , `type` = 'GET' , `param` = '{\"page\":\"1\",\"limit\":\"10\"}' , `ip` = '127.0.0.1' [ RunTime:0.000000s ]
[2023-02-24T15:35:39+08:00][sql] SHOW FULL COLUMNS FROM `ls_dev_crontab` [ RunTime:0.001000s ]
[2023-02-24T15:35:39+08:00][sql] SELECT `id`,`name`,`type`,type as type_desc,`command`,last_time as last_time_str,`expression`,`parameter`,`status`,`error`,`time`,`max_time`,`system` FROM `ls_dev_crontab` ORDER BY `system` DESC [ RunTime:0.001000s ]
[2023-02-24T15:41:43+08:00][sql] CONNECT:[ UseTime:0.001000s ] mysql:host=127.0.0.1;port=3306;dbname=cdiancan;charset=utf8mb4
[2023-02-24T15:41:43+08:00][sql] SHOW FULL COLUMNS FROM `ls_config` [ RunTime:0.001000s ]
[2023-02-24T15:41:43+08:00][sql] SELECT `value` FROM `ls_config` WHERE  `type` = 'copyright'  AND `name` = 'company_name'  AND `shop_id` = 0 LIMIT 1 [ RunTime:0.001000s ]
[2023-02-24T15:41:43+08:00][sql] SHOW FULL COLUMNS FROM `ls_system_log` [ RunTime:0.002000s ]
[2023-02-24T15:41:43+08:00][sql] INSERT INTO `ls_system_log` SET `admin_id` = 1 , `name` = 'admin' , `account` = 'admin' , `create_time` = 1677224503 , `uri` = '/index.php/admin/system.Crontab/edit.html' , `type` = 'GET' , `param` = '{\"id\":\"3\"}' , `ip` = '127.0.0.1' [ RunTime:0.000000s ]
[2023-02-24T15:41:43+08:00][sql] SHOW FULL COLUMNS FROM `ls_dev_crontab` [ RunTime:0.001000s ]
[2023-02-24T15:41:43+08:00][sql] SELECT * FROM `ls_dev_crontab` WHERE  `id` = 3 LIMIT 1 [ RunTime:0.000000s ]
[2023-02-24T15:41:43+08:00][sql] CONNECT:[ UseTime:0.002000s ] mysql:host=127.0.0.1;port=3306;dbname=cdiancan;charset=utf8mb4
[2023-02-24T15:41:43+08:00][sql] SHOW FULL COLUMNS FROM `ls_config` [ RunTime:0.001000s ]
[2023-02-24T15:41:43+08:00][sql] SELECT `value` FROM `ls_config` WHERE  `type` = 'copyright'  AND `name` = 'company_name'  AND `shop_id` = 0 LIMIT 1 [ RunTime:0.001000s ]
[2023-02-24T15:41:43+08:00][sql] SHOW FULL COLUMNS FROM `ls_system_log` [ RunTime:0.001000s ]
[2023-02-24T15:41:43+08:00][sql] INSERT INTO `ls_system_log` SET `admin_id` = 1 , `name` = 'admin' , `account` = 'admin' , `create_time` = 1677224503 , `uri` = '/index.php/admin/system.Crontab/expression.html' , `type` = 'GET' , `param` = '{\"expression\":\"* * * * *\"}' , `ip` = '127.0.0.1' [ RunTime:0.000000s ]
[2023-02-24T15:41:50+08:00][sql] CONNECT:[ UseTime:0.001000s ] mysql:host=127.0.0.1;port=3306;dbname=cdiancan;charset=utf8mb4
[2023-02-24T15:41:50+08:00][sql] SHOW FULL COLUMNS FROM `ls_config` [ RunTime:0.001000s ]
[2023-02-24T15:41:50+08:00][sql] SELECT `value` FROM `ls_config` WHERE  `type` = 'copyright'  AND `name` = 'company_name'  AND `shop_id` = 0 LIMIT 1 [ RunTime:0.001000s ]
[2023-02-24T15:41:50+08:00][sql] SHOW FULL COLUMNS FROM `ls_system_log` [ RunTime:0.001000s ]
[2023-02-24T15:41:50+08:00][sql] INSERT INTO `ls_system_log` SET `admin_id` = 1 , `name` = 'admin' , `account` = 'admin' , `create_time` = 1677224510 , `uri` = '/index.php/admin/system.Crontab/expression.html' , `type` = 'GET' , `param` = '{\"expression\":\"0 *\\/10 * * *\"}' , `ip` = '127.0.0.1' [ RunTime:0.001000s ]
[2023-02-24T16:18:55+08:00][sql] CONNECT:[ UseTime:0.001000s ] mysql:host=127.0.0.1;port=3306;dbname=cdiancan;charset=utf8mb4
[2023-02-24T16:18:55+08:00][sql] SHOW FULL COLUMNS FROM `ls_config` [ RunTime:0.001000s ]
[2023-02-24T16:18:55+08:00][sql] SELECT `value` FROM `ls_config` WHERE  `type` = 'copyright'  AND `name` = 'company_name'  AND `shop_id` = 0 LIMIT 1 [ RunTime:0.001000s ]
[2023-02-24T16:18:55+08:00][sql] SHOW FULL COLUMNS FROM `ls_system_log` [ RunTime:0.001000s ]
[2023-02-24T16:18:55+08:00][sql] INSERT INTO `ls_system_log` SET `admin_id` = 1 , `name` = 'admin' , `account` = 'admin' , `create_time` = 1677226735 , `uri` = '/index.php/admin/system.Crontab/lists.html' , `type` = 'GET' , `param` = '[]' , `ip` = '127.0.0.1' [ RunTime:0.001001s ]
[2023-02-24T16:18:55+08:00][sql] CONNECT:[ UseTime:0.001000s ] mysql:host=127.0.0.1;port=3306;dbname=cdiancan;charset=utf8mb4
[2023-02-24T16:18:55+08:00][sql] SHOW FULL COLUMNS FROM `ls_config` [ RunTime:0.001000s ]
[2023-02-24T16:18:55+08:00][sql] SELECT `value` FROM `ls_config` WHERE  `type` = 'copyright'  AND `name` = 'company_name'  AND `shop_id` = 0 LIMIT 1 [ RunTime:0.001000s ]
[2023-02-24T16:18:55+08:00][sql] SHOW FULL COLUMNS FROM `ls_system_log` [ RunTime:0.004000s ]
[2023-02-24T16:18:55+08:00][sql] INSERT INTO `ls_system_log` SET `admin_id` = 1 , `name` = 'admin' , `account` = 'admin' , `create_time` = 1677226735 , `uri` = '/index.php/admin/system.Crontab/lists.html' , `type` = 'GET' , `param` = '{\"page\":\"1\",\"limit\":\"10\"}' , `ip` = '127.0.0.1' [ RunTime:0.000000s ]
[2023-02-24T16:18:55+08:00][sql] SHOW FULL COLUMNS FROM `ls_dev_crontab` [ RunTime:0.000000s ]
[2023-02-24T16:18:55+08:00][sql] SELECT `id`,`name`,`type`,type as type_desc,`command`,last_time as last_time_str,`expression`,`parameter`,`status`,`error`,`time`,`max_time`,`system` FROM `ls_dev_crontab` ORDER BY `system` DESC [ RunTime:0.000000s ]
