[2023-04-24T16:37:35+08:00][sql] CONNECT:[ UseTime:0.005000s ] mysql:host=127.0.0.1;port=3306;dbname=cdiancan;charset=utf8mb4
[2023-04-24T16:37:35+08:00][sql] SHOW FULL COLUMNS FROM `ls_session` [ RunTime:0.007001s ]
[2023-04-24T16:37:35+08:00][sql] SELECT * FROM `ls_session` WHERE  `token` = '82c5d48d72720ad0c86f5b98f09f7eaa' LIMIT 1 [ RunTime:0.001000s ]
[2023-04-24T16:37:35+08:00][sql] CONNECT:[ UseTime:0.004001s ] mysql:host=127.0.0.1;port=3306;dbname=cdiancan;charset=utf8mb4
[2023-04-24T16:37:35+08:00][sql] SHOW FULL COLUMNS FROM `ls_session` [ RunTime:0.008000s ]
[2023-04-24T16:37:35+08:00][sql] SELECT * FROM `ls_session` WHERE  `token` = '82c5d48d72720ad0c86f5b98f09f7eaa' LIMIT 1 [ RunTime:0.001000s ]
[2023-04-24T16:37:35+08:00][sql] SHOW FULL COLUMNS FROM `ls_config` [ RunTime:0.001000s ]
[2023-04-24T16:37:35+08:00][sql] SELECT `value` FROM `ls_config` WHERE  `type` = 'decoration'  AND `name` = 'theme'  AND `shop_id` = 0 LIMIT 1 [ RunTime:0.000000s ]
[2023-04-24T16:37:35+08:00][sql] CONNECT:[ UseTime:0.002000s ] mysql:host=127.0.0.1;port=3306;dbname=cdiancan;charset=utf8mb4
[2023-04-24T16:37:35+08:00][sql] SHOW FULL COLUMNS FROM `ls_session` [ RunTime:0.005000s ]
[2023-04-24T16:37:35+08:00][sql] SELECT * FROM `ls_session` WHERE  `token` = '82c5d48d72720ad0c86f5b98f09f7eaa' LIMIT 1 [ RunTime:0.000000s ]
[2023-04-24T16:37:35+08:00][sql] SHOW FULL COLUMNS FROM `ls_decorate_home` [ RunTime:0.006000s ]
[2023-04-24T16:37:35+08:00][sql] SELECT * FROM `ls_decorate_home` [ RunTime:0.001000s ]
[2023-04-24T16:37:35+08:00][sql] CONNECT:[ UseTime:0.003001s ] mysql:host=127.0.0.1;port=3306;dbname=cdiancan;charset=utf8mb4
[2023-04-24T16:37:35+08:00][sql] SHOW FULL COLUMNS FROM `ls_session` [ RunTime:0.008000s ]
[2023-04-24T16:37:35+08:00][sql] SELECT * FROM `ls_session` WHERE  `token` = '82c5d48d72720ad0c86f5b98f09f7eaa' LIMIT 1 [ RunTime:0.000000s ]
[2023-04-24T16:37:35+08:00][sql] SHOW FULL COLUMNS FROM `ls_ad` [ RunTime:0.005000s ]
[2023-04-24T16:37:35+08:00][sql] SELECT `id`,`title`,`image`,`link`,`status` FROM `ls_ad` WHERE  `ad_position_id` = 1  AND `status` = 1  AND `del` = 0 [ RunTime:0.001000s ]
[2023-04-24T16:37:35+08:00][sql] CONNECT:[ UseTime:0.004000s ] mysql:host=127.0.0.1;port=3306;dbname=cdiancan;charset=utf8mb4
[2023-04-24T16:37:35+08:00][sql] SHOW FULL COLUMNS FROM `ls_session` [ RunTime:0.005001s ]
[2023-04-24T16:37:35+08:00][sql] SELECT * FROM `ls_session` WHERE  `token` = '82c5d48d72720ad0c86f5b98f09f7eaa' LIMIT 1 [ RunTime:0.001000s ]
[2023-04-24T16:37:35+08:00][sql] SHOW FULL COLUMNS FROM `ls_decorate_bottom` [ RunTime:0.005001s ]
[2023-04-24T16:37:35+08:00][sql] SELECT name as text,select_icon as selectedIconPath,icon as iconPath,`color`,select_color as selectColor FROM `ls_decorate_bottom` WHERE  `del` = 0 ORDER BY `id` ASC [ RunTime:0.001000s ]
[2023-04-24T16:37:35+08:00][sql] SHOW FULL COLUMNS FROM `ls_config` [ RunTime:0.002000s ]
[2023-04-24T16:37:35+08:00][sql] SELECT `value` FROM `ls_config` WHERE  `type` = 'share'  AND `name` = 'mnp'  AND `shop_id` = 0 LIMIT 1 [ RunTime:0.000000s ]
[2023-04-24T16:37:35+08:00][sql] SELECT `value` FROM `ls_config` WHERE  `type` = 'decoration_center'  AND `name` = 'background_image'  AND `shop_id` = 0 LIMIT 1 [ RunTime:0.000000s ]
[2023-04-24T16:37:35+08:00][sql] SELECT `value` FROM `ls_config` WHERE  `type` = 'website'  AND `name` = 'shop_logo'  AND `shop_id` = 0 LIMIT 1 [ RunTime:0.001000s ]
[2023-04-24T16:37:35+08:00][sql] SELECT `value` FROM `ls_config` WHERE  `type` = 'website'  AND `name` = 'web_favicon'  AND `shop_id` = 0 LIMIT 1 [ RunTime:0.000000s ]
[2023-04-24T16:37:35+08:00][sql] SELECT `value` FROM `ls_config` WHERE  `type` = 'website'  AND `name` = 'shop_name'  AND `shop_id` = 0 LIMIT 1 [ RunTime:0.000000s ]
[2023-04-24T16:37:35+08:00][sql] SELECT `value` FROM `ls_config` WHERE  `type` = 'copyright'  AND `name` = 'company_name'  AND `shop_id` = 0 LIMIT 1 [ RunTime:0.000000s ]
[2023-04-24T16:37:35+08:00][sql] SELECT `value` FROM `ls_config` WHERE  `type` = 'copyright'  AND `name` = 'number'  AND `shop_id` = 0 LIMIT 1 [ RunTime:0.001000s ]
[2023-04-24T16:37:35+08:00][sql] SELECT `value` FROM `ls_config` WHERE  `type` = 'copyright'  AND `name` = 'link'  AND `shop_id` = 0 LIMIT 1 [ RunTime:0.001000s ]
[2023-04-24T16:37:35+08:00][sql] SELECT `value` FROM `ls_config` WHERE  `type` = 'recharge'  AND `name` = 'app_status'  AND `shop_id` = 0 LIMIT 1 [ RunTime:0.001000s ]
[2023-04-24T16:37:35+08:00][sql] SELECT `value` FROM `ls_config` WHERE  `type` = 'map'  AND `name` = 'qq_map_key'  AND `shop_id` = 0 LIMIT 1 [ RunTime:0.001000s ]
[2023-04-24T16:37:35+08:00][sql] CONNECT:[ UseTime:0.001000s ] mysql:host=127.0.0.1;port=3306;dbname=cdiancan;charset=utf8mb4
[2023-04-24T16:37:35+08:00][sql] SHOW FULL COLUMNS FROM `ls_session` [ RunTime:0.005001s ]
[2023-04-24T16:37:35+08:00][sql] SELECT * FROM `ls_session` WHERE  `token` = '[object Undefined]' LIMIT 1 [ RunTime:0.001000s ]
[2023-04-24T16:37:35+08:00][sql] SHOW FULL COLUMNS FROM `ls_shop` [ RunTime:0.002000s ]
[2023-04-24T16:37:35+08:00][sql] SELECT id,name,phone,longitude,latitude,business_start_time,business_end_time,status,round(st_distance_sphere(point(110.39215,23.53919),point(longitude, latitude))/1000,2) as distance,province_id,city_id,district_id,address,delivery_type,weekdays FROM `ls_shop` WHERE  `del` = 0  AND `status` = 1  AND FIND_IN_SET(1, `delivery_type`) ORDER BY `distance` ASC LIMIT 0,15 [ RunTime:0.001000s ]
[2023-04-24T16:37:35+08:00][sql] SELECT COUNT(*) AS think_count FROM `ls_shop` WHERE  `del` = 0  AND `status` = 1  AND FIND_IN_SET(1, `delivery_type`) [ RunTime:0.000000s ]
[2023-04-24T16:37:35+08:00][sql] SHOW FULL COLUMNS FROM `ls_coupon` [ RunTime:0.005000s ]
[2023-04-24T16:37:35+08:00][sql] SELECT `shop_id` FROM `ls_coupon` WHERE  `status` = 2 [ RunTime:0.001000s ]
[2023-04-24T16:37:35+08:00][sql] SHOW FULL COLUMNS FROM `ls_dev_region` [ RunTime:0.006000s ]
[2023-04-24T16:37:35+08:00][sql] SELECT `id`,`id`,`name` FROM `ls_dev_region` [ RunTime:0.008001s ]
[2023-04-24T16:37:37+08:00][sql] CONNECT:[ UseTime:0.003000s ] mysql:host=127.0.0.1;port=3306;dbname=cdiancan;charset=utf8mb4
[2023-04-24T16:37:37+08:00][sql] SHOW FULL COLUMNS FROM `ls_session` [ RunTime:0.006000s ]
[2023-04-24T16:37:37+08:00][sql] SELECT * FROM `ls_session` WHERE  `token` = '[object Undefined]' LIMIT 1 [ RunTime:0.001000s ]
[2023-04-24T16:37:37+08:00][sql] SHOW FULL COLUMNS FROM `ls_config` [ RunTime:0.002000s ]
[2023-04-24T16:37:37+08:00][sql] SELECT `value` FROM `ls_config` WHERE  `type` = 'mnp'  AND `name` = 'app_id'  AND `shop_id` = 0 LIMIT 1 [ RunTime:0.001000s ]
[2023-04-24T16:37:37+08:00][sql] SELECT `value` FROM `ls_config` WHERE  `type` = 'mnp'  AND `name` = 'secret'  AND `shop_id` = 0 LIMIT 1 [ RunTime:0.000000s ]
[2023-04-24T16:37:37+08:00][sql] SELECT `value` FROM `ls_config` WHERE  `type` = 'mnp'  AND `name` = 'mch_id'  AND `shop_id` = 0 LIMIT 1 [ RunTime:0.001000s ]
[2023-04-24T16:37:37+08:00][sql] SELECT `value` FROM `ls_config` WHERE  `type` = 'mnp'  AND `name` = 'key'  AND `shop_id` = 0 LIMIT 1 [ RunTime:0.001001s ]
[2023-04-24T16:37:37+08:00][sql] SHOW FULL COLUMNS FROM `ls_user_auth` [ RunTime:0.007001s ]
[2023-04-24T16:37:37+08:00][sql] SELECT `user_id` FROM `ls_user_auth` `au` INNER JOIN `ls_user` `u` ON `au`.`user_id`=`u`.`id` WHERE  `u`.`del` = 0  AND (  `au`.`openid` = 'oo9HF5T8TXzmu5LIi4mF5pFDLZjk' ) LIMIT 1 [ RunTime:0.008000s ]
[2023-04-24T16:37:37+08:00][sql] SELECT `id` FROM `ls_user_auth` WHERE  `user_id` = 3  AND `openid` = 'oo9HF5T8TXzmu5LIi4mF5pFDLZjk' LIMIT 1 [ RunTime:0.001000s ]
[2023-04-24T16:37:37+08:00][sql] SHOW FULL COLUMNS FROM `ls_user` [ RunTime:0.002001s ]
[2023-04-24T16:37:37+08:00][sql] SELECT `u`.`nickname`,`u`.`avatar`,`u`.`id`,`au`.`unionid` FROM `ls_user` `u` INNER JOIN `ls_user_auth` `au` ON `u`.`id`=`au`.`user_id` WHERE  `au`.`openid` = 'oo9HF5T8TXzmu5LIi4mF5pFDLZjk' LIMIT 1 [ RunTime:0.001000s ]
[2023-04-24T16:37:37+08:00][sql] UPDATE `ls_user_auth`  SET `unionid` = '' , `update_time` = 1682325457  WHERE  `user_id` = 3 [ RunTime:0.002000s ]
[2023-04-24T16:37:37+08:00][sql] SELECT `id`,`nickname`,`avatar`,`disable` FROM `ls_user` WHERE  `id` = 3 LIMIT 1 [ RunTime:0.001000s ]
[2023-04-24T16:37:37+08:00][sql] SELECT `token` FROM `ls_session` WHERE  `user_id` = 3  AND `client` = 1 LIMIT 1 [ RunTime:0.001000s ]
[2023-04-24T16:37:37+08:00][sql] SELECT * FROM `ls_session` WHERE  `user_id` = 3  AND `client` = 1 LIMIT 1 [ RunTime:0.001000s ]
[2023-04-24T16:37:37+08:00][sql] UPDATE `ls_session`  SET `user_id` = 3 , `token` = '69c6a299e4b27b6896815b2d91062b85' , `client` = 1 , `update_time` = 1682325457 , `expire_time` = 1682411857  WHERE  `user_id` = 3  AND `client` = 1 [ RunTime:0.002000s ]
[2023-04-24T16:37:37+08:00][sql] UPDATE `ls_user`  SET `login_time` = 1682325457 , `login_ip` = '127.0.0.1'  WHERE  `id` = 3 [ RunTime:0.002001s ]
[2023-04-24T16:37:37+08:00][sql] SELECT `u`.*,`s`.`token`,`s`.`client` FROM `ls_user` `u` INNER JOIN `ls_session` `s` ON `u`.`id`=`s`.`user_id` WHERE  `s`.`token` = '69c6a299e4b27b6896815b2d91062b85' LIMIT 1 [ RunTime:0.001000s ]
[2023-04-24T16:37:37+08:00][sql] CONNECT:[ UseTime:0.001000s ] mysql:host=127.0.0.1;port=3306;dbname=cdiancan;charset=utf8mb4
[2023-04-24T16:37:37+08:00][sql] SHOW FULL COLUMNS FROM `ls_user` [ RunTime:0.005000s ]
[2023-04-24T16:37:37+08:00][sql] SELECT * FROM `ls_user` WHERE  `id` = 3 LIMIT 1 [ RunTime:0.002000s ]
[2023-04-24T16:37:54+08:00][sql] CONNECT:[ UseTime:0.001000s ] mysql:host=127.0.0.1;port=3306;dbname=cdiancan;charset=utf8mb4
[2023-04-24T16:37:54+08:00][sql] SHOW FULL COLUMNS FROM `ls_user` [ RunTime:0.007001s ]
[2023-04-24T16:37:54+08:00][sql] SELECT * FROM `ls_user` WHERE  `id` = 3 LIMIT 1 [ RunTime:0.001000s ]
[2023-04-24T16:37:54+08:00][sql] CONNECT:[ UseTime:0.001000s ] mysql:host=127.0.0.1;port=3306;dbname=cdiancan;charset=utf8mb4
[2023-04-24T16:37:54+08:00][sql] SHOW FULL COLUMNS FROM `ls_decorate_mine` [ RunTime:0.011001s ]
[2023-04-24T16:37:54+08:00][sql] SELECT * FROM `ls_decorate_mine` WHERE  `is_show` = 1  AND `del` = 0 [ RunTime:0.001000s ]
[2023-04-24T16:37:54+08:00][sql] CONNECT:[ UseTime:0.002000s ] mysql:host=127.0.0.1;port=3306;dbname=cdiancan;charset=utf8mb4
[2023-04-24T16:37:54+08:00][sql] SHOW FULL COLUMNS FROM `ls_user` [ RunTime:0.007000s ]
[2023-04-24T16:37:54+08:00][sql] SELECT * FROM `ls_user` WHERE  `id` = 3 LIMIT 1 [ RunTime:0.001001s ]
[2023-04-24T16:37:54+08:00][sql] CONNECT:[ UseTime:0.002000s ] mysql:host=127.0.0.1;port=3306;dbname=cdiancan;charset=utf8mb4
[2023-04-24T16:37:54+08:00][sql] SHOW FULL COLUMNS FROM `ls_decorate_mine` [ RunTime:0.005000s ]
[2023-04-24T16:37:54+08:00][sql] SELECT * FROM `ls_decorate_mine` WHERE  `is_show` = 1  AND `del` = 0 [ RunTime:0.001000s ]
