[2023-04-18T14:04:58+08:00][sql] CONNECT:[ UseTime:0.001000s ] mysql:host=127.0.0.1;port=3306;dbname=cdiancan;charset=utf8mb4
[2023-04-18T14:04:58+08:00][sql] SHOW FULL COLUMNS FROM `ls_config` [ RunTime:0.001000s ]
[2023-04-18T14:04:58+08:00][sql] SELECT `value` FROM `ls_config` WHERE  `type` = 'copyright'  AND `name` = 'company_name'  AND `shop_id` = 0 LIMIT 1 [ RunTime:0.001000s ]
[2023-04-18T14:04:58+08:00][sql] SHOW FULL COLUMNS FROM `ls_shop_admin` [ RunTime:0.003000s ]
[2023-04-18T14:04:58+08:00][sql] SELECT `S`.`id`,`SA`.`account`,`SA`.`name`,`SA`.`role_id`,`SA`.`shop_id`,S.name as shop_name FROM `ls_shop_admin` `SA` INNER JOIN `ls_shop` `S` ON `S`.`id`=`SA`.`shop_id` WHERE  `SA`.`shop_id` = '2'  AND `SA`.`root` = 1  AND `SA`.`del` = 0 LIMIT 1 [ RunTime:0.001000s ]
[2023-04-18T14:04:59+08:00][sql] CONNECT:[ UseTime:0.001000s ] mysql:host=127.0.0.1;port=3306;dbname=cdiancan;charset=utf8mb4
[2023-04-18T14:04:59+08:00][sql] SHOW FULL COLUMNS FROM `ls_dev_shop_auth` [ RunTime:0.005000s ]
[2023-04-18T14:04:59+08:00][sql] SELECT `uri` FROM `ls_dev_shop_auth` WHERE  `id` IN ('') [ RunTime:0.001000s ]
[2023-04-18T14:04:59+08:00][sql] SHOW FULL COLUMNS FROM `ls_config` [ RunTime:0.001000s ]
[2023-04-18T14:04:59+08:00][sql] SELECT `value` FROM `ls_config` WHERE  `type` = 'copyright'  AND `name` = 'company_name'  AND `shop_id` = 0 LIMIT 1 [ RunTime:0.000000s ]
[2023-04-18T14:04:59+08:00][sql] SELECT `value` FROM `ls_config` WHERE  `type` = 'website'  AND `name` = 'shop_name'  AND `shop_id` = 0 LIMIT 1 [ RunTime:0.000000s ]
[2023-04-18T14:04:59+08:00][sql] SELECT `value` FROM `ls_config` WHERE  `type` = 'website'  AND `name` = 'web_favicon'  AND `shop_id` = 0 LIMIT 1 [ RunTime:0.001000s ]
[2023-04-18T14:04:59+08:00][sql] SELECT `value` FROM `ls_config` WHERE  `type` = 'website'  AND `name` = 'shop_logo'  AND `shop_id` = 0 LIMIT 1 [ RunTime:0.000000s ]
[2023-04-18T14:04:59+08:00][sql] SELECT * FROM `ls_dev_shop_auth` WHERE  `type` = 1  AND `del` = 0  AND `disable` = 0 ORDER BY `sort` DESC [ RunTime:0.001000s ]
[2023-04-18T14:04:59+08:00][sql] SHOW FULL COLUMNS FROM `ls_shop_role` [ RunTime:0.005000s ]
[2023-04-18T14:04:59+08:00][sql] SELECT `name` FROM `ls_shop_role` WHERE  `id` = 0 LIMIT 1 [ RunTime:0.000000s ]
[2023-04-18T14:04:59+08:00][sql] CONNECT:[ UseTime:0.001000s ] mysql:host=127.0.0.1;port=3306;dbname=cdiancan;charset=utf8mb4
[2023-04-18T14:04:59+08:00][sql] SHOW FULL COLUMNS FROM `ls_dev_shop_auth` [ RunTime:0.003000s ]
[2023-04-18T14:04:59+08:00][sql] SELECT `uri` FROM `ls_dev_shop_auth` WHERE  `id` IN ('') [ RunTime:0.000000s ]
[2023-04-18T14:04:59+08:00][sql] SHOW FULL COLUMNS FROM `ls_config` [ RunTime:0.001000s ]
[2023-04-18T14:04:59+08:00][sql] SELECT `value` FROM `ls_config` WHERE  `type` = 'copyright'  AND `name` = 'company_name'  AND `shop_id` = 0 LIMIT 1 [ RunTime:0.001000s ]
[2023-04-18T14:04:59+08:00][sql] SHOW FULL COLUMNS FROM `ls_order` [ RunTime:0.004000s ]
[2023-04-18T14:04:59+08:00][sql] SELECT * FROM `ls_order` WHERE  `del` = 0  AND `shop_id` = 2  AND `pay_status` = 1  AND `create_time` BETWEEN 1681747200 AND 1681833599 [ RunTime:0.000000s ]
[2023-04-18T14:04:59+08:00][sql] CONNECT:[ UseTime:0.001000s ] mysql:host=127.0.0.1;port=3306;dbname=cdiancan;charset=utf8mb4
[2023-04-18T14:04:59+08:00][sql] SHOW FULL COLUMNS FROM `ls_dev_shop_auth` [ RunTime:0.004000s ]
[2023-04-18T14:04:59+08:00][sql] SELECT `uri` FROM `ls_dev_shop_auth` WHERE  `id` IN ('') [ RunTime:0.000000s ]
[2023-04-18T14:04:59+08:00][sql] SHOW FULL COLUMNS FROM `ls_config` [ RunTime:0.001000s ]
[2023-04-18T14:04:59+08:00][sql] SELECT `value` FROM `ls_config` WHERE  `type` = 'copyright'  AND `name` = 'company_name'  AND `shop_id` = 0 LIMIT 1 [ RunTime:0.001001s ]
[2023-04-18T14:04:59+08:00][sql] SHOW FULL COLUMNS FROM `ls_order` [ RunTime:0.003000s ]
[2023-04-18T14:04:59+08:00][sql] SELECT SUM(`order_amount`) AS think_sum FROM `ls_order` WHERE  `shop_id` = 2  AND `create_time` BETWEEN 1680451200 AND 1680537599   AND `pay_status` = 1 [ RunTime:0.000000s ]
[2023-04-18T14:04:59+08:00][sql] SELECT COUNT(`id`) AS think_count FROM `ls_order` WHERE  `shop_id` = 2  AND `create_time` BETWEEN 1680451200 AND 1680537599   AND `pay_status` = 1 [ RunTime:0.001000s ]
[2023-04-18T14:04:59+08:00][sql] SELECT SUM(`order_amount`) AS think_sum FROM `ls_order` WHERE  `shop_id` = 2  AND `create_time` BETWEEN 1680537600 AND 1680623999   AND `pay_status` = 1 [ RunTime:0.000000s ]
[2023-04-18T14:04:59+08:00][sql] SELECT COUNT(`id`) AS think_count FROM `ls_order` WHERE  `shop_id` = 2  AND `create_time` BETWEEN 1680537600 AND 1680623999   AND `pay_status` = 1 [ RunTime:0.001000s ]
[2023-04-18T14:04:59+08:00][sql] SELECT SUM(`order_amount`) AS think_sum FROM `ls_order` WHERE  `shop_id` = 2  AND `create_time` BETWEEN 1680624000 AND 1680710399   AND `pay_status` = 1 [ RunTime:0.000000s ]
[2023-04-18T14:04:59+08:00][sql] SELECT COUNT(`id`) AS think_count FROM `ls_order` WHERE  `shop_id` = 2  AND `create_time` BETWEEN 1680624000 AND 1680710399   AND `pay_status` = 1 [ RunTime:0.001000s ]
[2023-04-18T14:04:59+08:00][sql] SELECT SUM(`order_amount`) AS think_sum FROM `ls_order` WHERE  `shop_id` = 2  AND `create_time` BETWEEN 1680710400 AND 1680796799   AND `pay_status` = 1 [ RunTime:0.000000s ]
[2023-04-18T14:04:59+08:00][sql] SELECT COUNT(`id`) AS think_count FROM `ls_order` WHERE  `shop_id` = 2  AND `create_time` BETWEEN 1680710400 AND 1680796799   AND `pay_status` = 1 [ RunTime:0.001000s ]
[2023-04-18T14:04:59+08:00][sql] SELECT SUM(`order_amount`) AS think_sum FROM `ls_order` WHERE  `shop_id` = 2  AND `create_time` BETWEEN 1680796800 AND 1680883199   AND `pay_status` = 1 [ RunTime:0.000000s ]
[2023-04-18T14:04:59+08:00][sql] SELECT COUNT(`id`) AS think_count FROM `ls_order` WHERE  `shop_id` = 2  AND `create_time` BETWEEN 1680796800 AND 1680883199   AND `pay_status` = 1 [ RunTime:0.001000s ]
[2023-04-18T14:04:59+08:00][sql] SELECT SUM(`order_amount`) AS think_sum FROM `ls_order` WHERE  `shop_id` = 2  AND `create_time` BETWEEN 1680883200 AND 1680969599   AND `pay_status` = 1 [ RunTime:0.000000s ]
[2023-04-18T14:04:59+08:00][sql] SELECT COUNT(`id`) AS think_count FROM `ls_order` WHERE  `shop_id` = 2  AND `create_time` BETWEEN 1680883200 AND 1680969599   AND `pay_status` = 1 [ RunTime:0.000000s ]
[2023-04-18T14:04:59+08:00][sql] SELECT SUM(`order_amount`) AS think_sum FROM `ls_order` WHERE  `shop_id` = 2  AND `create_time` BETWEEN 1680969600 AND 1681055999   AND `pay_status` = 1 [ RunTime:0.000000s ]
[2023-04-18T14:04:59+08:00][sql] SELECT COUNT(`id`) AS think_count FROM `ls_order` WHERE  `shop_id` = 2  AND `create_time` BETWEEN 1680969600 AND 1681055999   AND `pay_status` = 1 [ RunTime:0.000000s ]
[2023-04-18T14:04:59+08:00][sql] SELECT SUM(`order_amount`) AS think_sum FROM `ls_order` WHERE  `shop_id` = 2  AND `create_time` BETWEEN 1681056000 AND 1681142399   AND `pay_status` = 1 [ RunTime:0.000000s ]
[2023-04-18T14:04:59+08:00][sql] SELECT COUNT(`id`) AS think_count FROM `ls_order` WHERE  `shop_id` = 2  AND `create_time` BETWEEN 1681056000 AND 1681142399   AND `pay_status` = 1 [ RunTime:0.000000s ]
[2023-04-18T14:04:59+08:00][sql] SELECT SUM(`order_amount`) AS think_sum FROM `ls_order` WHERE  `shop_id` = 2  AND `create_time` BETWEEN 1681142400 AND 1681228799   AND `pay_status` = 1 [ RunTime:0.001000s ]
[2023-04-18T14:04:59+08:00][sql] SELECT COUNT(`id`) AS think_count FROM `ls_order` WHERE  `shop_id` = 2  AND `create_time` BETWEEN 1681142400 AND 1681228799   AND `pay_status` = 1 [ RunTime:0.000000s ]
[2023-04-18T14:04:59+08:00][sql] SELECT SUM(`order_amount`) AS think_sum FROM `ls_order` WHERE  `shop_id` = 2  AND `create_time` BETWEEN 1681228800 AND 1681315199   AND `pay_status` = 1 [ RunTime:0.001000s ]
[2023-04-18T14:04:59+08:00][sql] SELECT COUNT(`id`) AS think_count FROM `ls_order` WHERE  `shop_id` = 2  AND `create_time` BETWEEN 1681228800 AND 1681315199   AND `pay_status` = 1 [ RunTime:0.000000s ]
[2023-04-18T14:04:59+08:00][sql] SELECT SUM(`order_amount`) AS think_sum FROM `ls_order` WHERE  `shop_id` = 2  AND `create_time` BETWEEN 1681315200 AND 1681401599   AND `pay_status` = 1 [ RunTime:0.001001s ]
[2023-04-18T14:04:59+08:00][sql] SELECT COUNT(`id`) AS think_count FROM `ls_order` WHERE  `shop_id` = 2  AND `create_time` BETWEEN 1681315200 AND 1681401599   AND `pay_status` = 1 [ RunTime:0.000000s ]
[2023-04-18T14:04:59+08:00][sql] SELECT SUM(`order_amount`) AS think_sum FROM `ls_order` WHERE  `shop_id` = 2  AND `create_time` BETWEEN 1681401600 AND 1681487999   AND `pay_status` = 1 [ RunTime:0.001000s ]
[2023-04-18T14:04:59+08:00][sql] SELECT COUNT(`id`) AS think_count FROM `ls_order` WHERE  `shop_id` = 2  AND `create_time` BETWEEN 1681401600 AND 1681487999   AND `pay_status` = 1 [ RunTime:0.000000s ]
[2023-04-18T14:04:59+08:00][sql] SELECT SUM(`order_amount`) AS think_sum FROM `ls_order` WHERE  `shop_id` = 2  AND `create_time` BETWEEN 1681488000 AND 1681574399   AND `pay_status` = 1 [ RunTime:0.001000s ]
[2023-04-18T14:04:59+08:00][sql] SELECT COUNT(`id`) AS think_count FROM `ls_order` WHERE  `shop_id` = 2  AND `create_time` BETWEEN 1681488000 AND 1681574399   AND `pay_status` = 1 [ RunTime:0.000000s ]
[2023-04-18T14:04:59+08:00][sql] SELECT SUM(`order_amount`) AS think_sum FROM `ls_order` WHERE  `shop_id` = 2  AND `create_time` BETWEEN 1681574400 AND 1681660799   AND `pay_status` = 1 [ RunTime:0.000000s ]
[2023-04-18T14:04:59+08:00][sql] SELECT COUNT(`id`) AS think_count FROM `ls_order` WHERE  `shop_id` = 2  AND `create_time` BETWEEN 1681574400 AND 1681660799   AND `pay_status` = 1 [ RunTime:0.000000s ]
[2023-04-18T14:04:59+08:00][sql] SELECT SUM(`order_amount`) AS think_sum FROM `ls_order` WHERE  `shop_id` = 2  AND `create_time` BETWEEN 1681660800 AND 1681747199   AND `pay_status` = 1 [ RunTime:0.000000s ]
[2023-04-18T14:04:59+08:00][sql] SELECT COUNT(`id`) AS think_count FROM `ls_order` WHERE  `shop_id` = 2  AND `create_time` BETWEEN 1681660800 AND 1681747199   AND `pay_status` = 1 [ RunTime:0.000000s ]
[2023-04-18T14:05:01+08:00][sql] CONNECT:[ UseTime:0.001000s ] mysql:host=127.0.0.1;port=3306;dbname=cdiancan;charset=utf8mb4
[2023-04-18T14:05:01+08:00][sql] SHOW FULL COLUMNS FROM `ls_dev_shop_auth` [ RunTime:0.003001s ]
[2023-04-18T14:05:01+08:00][sql] SELECT `uri` FROM `ls_dev_shop_auth` WHERE  `id` IN ('') [ RunTime:0.000000s ]
[2023-04-18T14:05:01+08:00][sql] SHOW FULL COLUMNS FROM `ls_config` [ RunTime:0.001000s ]
[2023-04-18T14:05:01+08:00][sql] SELECT `value` FROM `ls_config` WHERE  `type` = 'copyright'  AND `name` = 'company_name'  AND `shop_id` = 0 LIMIT 1 [ RunTime:0.001000s ]
[2023-04-18T14:05:01+08:00][sql] SHOW FULL COLUMNS FROM `ls_goods_category` [ RunTime:0.001000s ]
[2023-04-18T14:05:01+08:00][sql] SELECT `id`,`name` FROM `ls_goods_category` WHERE  `del` = 0 [ RunTime:0.001000s ]
[2023-04-18T14:05:01+08:00][sql] CONNECT:[ UseTime:0.001000s ] mysql:host=127.0.0.1;port=3306;dbname=cdiancan;charset=utf8mb4
[2023-04-18T14:05:01+08:00][sql] SHOW FULL COLUMNS FROM `ls_dev_shop_auth` [ RunTime:0.004000s ]
[2023-04-18T14:05:01+08:00][sql] SELECT `uri` FROM `ls_dev_shop_auth` WHERE  `id` IN ('') [ RunTime:0.001001s ]
[2023-04-18T14:05:01+08:00][sql] SHOW FULL COLUMNS FROM `ls_config` [ RunTime:0.001000s ]
[2023-04-18T14:05:01+08:00][sql] SELECT `value` FROM `ls_config` WHERE  `type` = 'copyright'  AND `name` = 'company_name'  AND `shop_id` = 0 LIMIT 1 [ RunTime:0.001000s ]
[2023-04-18T14:05:01+08:00][sql] SHOW FULL COLUMNS FROM `ls_shop_goods` [ RunTime:0.000000s ]
[2023-04-18T14:05:01+08:00][sql] SELECT `goods_id` FROM `ls_shop_goods` WHERE  `shop_id` = 2 [ RunTime:0.001000s ]
[2023-04-18T14:05:01+08:00][sql] SHOW FULL COLUMNS FROM `ls_goods` [ RunTime:0.001000s ]
[2023-04-18T14:05:01+08:00][sql] SELECT `g`.`id`,`g`.`image`,`g`.`name`,gc.name as goods_category_name,`g`.`min_price`,`g`.`max_price`,`g`.`status`,`g`.`sort` FROM `ls_goods` `g` INNER JOIN `ls_goods_category` `gc` ON `gc`.`id`=`g`.`goods_category_id` WHERE  `g`.`del` = 0 ORDER BY `g`.`sort` ASC,`g`.`id` DESC LIMIT 0,10 [ RunTime:0.001000s ]
[2023-04-18T14:05:01+08:00][sql] SELECT COUNT(*) AS think_count FROM `ls_goods` `g` INNER JOIN `ls_goods_category` `gc` ON `gc`.`id`=`g`.`goods_category_id` WHERE  `g`.`del` = 0 [ RunTime:0.000000s ]
[2023-04-18T14:05:04+08:00][sql] CONNECT:[ UseTime:0.002000s ] mysql:host=127.0.0.1;port=3306;dbname=cdiancan;charset=utf8mb4
[2023-04-18T14:05:04+08:00][sql] SHOW FULL COLUMNS FROM `ls_dev_shop_auth` [ RunTime:0.004000s ]
[2023-04-18T14:05:04+08:00][sql] SELECT `uri` FROM `ls_dev_shop_auth` WHERE  `id` IN ('') [ RunTime:0.001000s ]
[2023-04-18T14:05:04+08:00][sql] SHOW FULL COLUMNS FROM `ls_config` [ RunTime:0.001000s ]
[2023-04-18T14:05:04+08:00][sql] SELECT `value` FROM `ls_config` WHERE  `type` = 'copyright'  AND `name` = 'company_name'  AND `shop_id` = 0 LIMIT 1 [ RunTime:0.001000s ]
[2023-04-18T14:05:04+08:00][sql] SHOW FULL COLUMNS FROM `ls_goods_category` [ RunTime:0.001000s ]
[2023-04-18T14:05:04+08:00][sql] SELECT `id`,`name` FROM `ls_goods_category` WHERE  `del` = 0 [ RunTime:0.001000s ]
[2023-04-18T14:05:04+08:00][sql] SHOW FULL COLUMNS FROM `ls_goods` [ RunTime:0.001000s ]
[2023-04-18T14:05:04+08:00][sql] SELECT `sg`.`status`,`sg`.`total_stock` FROM `ls_goods` `g` INNER JOIN `ls_shop_goods` `sg` ON `g`.`id`=`sg`.`goods_id` WHERE  `g`.`del` = 0  AND `sg`.`shop_id` = 2  AND `sg`.`shop_id` = 2 [ RunTime:0.001000s ]
[2023-04-18T14:05:04+08:00][sql] CONNECT:[ UseTime:0.001000s ] mysql:host=127.0.0.1;port=3306;dbname=cdiancan;charset=utf8mb4
[2023-04-18T14:05:04+08:00][sql] SHOW FULL COLUMNS FROM `ls_dev_shop_auth` [ RunTime:0.004000s ]
[2023-04-18T14:05:04+08:00][sql] SELECT `uri` FROM `ls_dev_shop_auth` WHERE  `id` IN ('') [ RunTime:0.001000s ]
[2023-04-18T14:05:04+08:00][sql] SHOW FULL COLUMNS FROM `ls_config` [ RunTime:0.001000s ]
[2023-04-18T14:05:04+08:00][sql] SELECT `value` FROM `ls_config` WHERE  `type` = 'copyright'  AND `name` = 'company_name'  AND `shop_id` = 0 LIMIT 1 [ RunTime:0.001000s ]
[2023-04-18T14:05:04+08:00][sql] SHOW FULL COLUMNS FROM `ls_goods` [ RunTime:0.000000s ]
[2023-04-18T14:05:04+08:00][sql] SELECT `sg`.`id`,`g`.`image`,`g`.`name`,`g`.`min_price`,`g`.`max_price`,`sg`.`total_stock`,`sg`.`sales_sum`,sg.status as shop_status,`g`.`status`,`g`.`sort` FROM `ls_goods` `g` INNER JOIN `ls_shop_goods` `sg` ON `g`.`id`=`sg`.`goods_id` WHERE  `g`.`del` = 0  AND `sg`.`shop_id` = 2 ORDER BY `g`.`sort` ASC,`g`.`id` DESC LIMIT 0,10 [ RunTime:0.001000s ]
[2023-04-18T14:05:04+08:00][sql] SELECT COUNT(*) AS think_count FROM `ls_goods` `g` INNER JOIN `ls_shop_goods` `sg` ON `g`.`id`=`sg`.`goods_id` WHERE  `g`.`del` = 0  AND `sg`.`shop_id` = 2 [ RunTime:0.000000s ]
[2023-04-18T14:05:06+08:00][sql] CONNECT:[ UseTime:0.001000s ] mysql:host=127.0.0.1;port=3306;dbname=cdiancan;charset=utf8mb4
[2023-04-18T14:05:06+08:00][sql] SHOW FULL COLUMNS FROM `ls_dev_shop_auth` [ RunTime:0.003000s ]
[2023-04-18T14:05:06+08:00][sql] SELECT `uri` FROM `ls_dev_shop_auth` WHERE  `id` IN ('') [ RunTime:0.001000s ]
[2023-04-18T14:05:06+08:00][sql] SHOW FULL COLUMNS FROM `ls_config` [ RunTime:0.001000s ]
[2023-04-18T14:05:06+08:00][sql] SELECT `value` FROM `ls_config` WHERE  `type` = 'copyright'  AND `name` = 'company_name'  AND `shop_id` = 0 LIMIT 1 [ RunTime:0.000000s ]
[2023-04-18T14:05:06+08:00][sql] SHOW FULL COLUMNS FROM `ls_goods` [ RunTime:0.001000s ]
[2023-04-18T14:05:06+08:00][sql] SELECT `g`.`status`,`sg`.`total_stock` FROM `ls_goods` `g` INNER JOIN `ls_shop_goods` `sg` ON `sg`.`goods_id`=`g`.`id` WHERE  `sg`.`id` = '13'  AND `g`.`del` = 0 LIMIT 1 [ RunTime:0.000000s ]
[2023-04-18T14:05:06+08:00][sql] SHOW FULL COLUMNS FROM `ls_shop_goods` [ RunTime:0.000000s ]
[2023-04-18T14:05:06+08:00][sql] UPDATE `ls_shop_goods`  SET `status` = 1  WHERE  `id` = 13 [ RunTime:0.001000s ]
[2023-04-18T14:05:07+08:00][sql] CONNECT:[ UseTime:0.001000s ] mysql:host=127.0.0.1;port=3306;dbname=cdiancan;charset=utf8mb4
[2023-04-18T14:05:07+08:00][sql] SHOW FULL COLUMNS FROM `ls_dev_shop_auth` [ RunTime:0.003000s ]
[2023-04-18T14:05:07+08:00][sql] SELECT `uri` FROM `ls_dev_shop_auth` WHERE  `id` IN ('') [ RunTime:0.000000s ]
[2023-04-18T14:05:07+08:00][sql] SHOW FULL COLUMNS FROM `ls_config` [ RunTime:0.001000s ]
[2023-04-18T14:05:07+08:00][sql] SELECT `value` FROM `ls_config` WHERE  `type` = 'copyright'  AND `name` = 'company_name'  AND `shop_id` = 0 LIMIT 1 [ RunTime:0.000000s ]
[2023-04-18T14:05:07+08:00][sql] SHOW FULL COLUMNS FROM `ls_goods` [ RunTime:0.001000s ]
[2023-04-18T14:05:07+08:00][sql] SELECT `sg`.`status`,`sg`.`total_stock` FROM `ls_goods` `g` INNER JOIN `ls_shop_goods` `sg` ON `g`.`id`=`sg`.`goods_id` WHERE  `g`.`del` = 0  AND `sg`.`shop_id` = 2  AND `sg`.`shop_id` = 2 [ RunTime:0.003000s ]
[2023-04-18T14:05:07+08:00][sql] CONNECT:[ UseTime:0.001000s ] mysql:host=127.0.0.1;port=3306;dbname=cdiancan;charset=utf8mb4
[2023-04-18T14:05:07+08:00][sql] SHOW FULL COLUMNS FROM `ls_dev_shop_auth` [ RunTime:0.004001s ]
[2023-04-18T14:05:07+08:00][sql] SELECT `uri` FROM `ls_dev_shop_auth` WHERE  `id` IN ('') [ RunTime:0.000000s ]
[2023-04-18T14:05:07+08:00][sql] SHOW FULL COLUMNS FROM `ls_config` [ RunTime:0.001000s ]
[2023-04-18T14:05:07+08:00][sql] SELECT `value` FROM `ls_config` WHERE  `type` = 'copyright'  AND `name` = 'company_name'  AND `shop_id` = 0 LIMIT 1 [ RunTime:0.001000s ]
[2023-04-18T14:05:07+08:00][sql] SHOW FULL COLUMNS FROM `ls_goods` [ RunTime:0.001000s ]
[2023-04-18T14:05:07+08:00][sql] SELECT `sg`.`id`,`g`.`image`,`g`.`name`,`g`.`min_price`,`g`.`max_price`,`sg`.`total_stock`,`sg`.`sales_sum`,sg.status as shop_status,`g`.`status`,`g`.`sort` FROM `ls_goods` `g` INNER JOIN `ls_shop_goods` `sg` ON `g`.`id`=`sg`.`goods_id` WHERE  `g`.`del` = 0  AND `sg`.`shop_id` = 2 ORDER BY `g`.`sort` ASC,`g`.`id` DESC LIMIT 0,10 [ RunTime:0.001000s ]
[2023-04-18T14:05:07+08:00][sql] SELECT COUNT(*) AS think_count FROM `ls_goods` `g` INNER JOIN `ls_shop_goods` `sg` ON `g`.`id`=`sg`.`goods_id` WHERE  `g`.`del` = 0  AND `sg`.`shop_id` = 2 [ RunTime:0.000000s ]
[2023-04-18T14:07:54+08:00][sql] CONNECT:[ UseTime:0.001000s ] mysql:host=127.0.0.1;port=3306;dbname=cdiancan;charset=utf8mb4
[2023-04-18T14:07:54+08:00][sql] SHOW FULL COLUMNS FROM `ls_dev_shop_auth` [ RunTime:0.001000s ]
[2023-04-18T14:07:54+08:00][sql] SELECT `uri` FROM `ls_dev_shop_auth` WHERE  `id` IN ('') [ RunTime:0.001000s ]
[2023-04-18T14:07:54+08:00][sql] SHOW FULL COLUMNS FROM `ls_config` [ RunTime:0.001001s ]
[2023-04-18T14:07:54+08:00][sql] SELECT `value` FROM `ls_config` WHERE  `type` = 'copyright'  AND `name` = 'company_name'  AND `shop_id` = 0 LIMIT 1 [ RunTime:0.001000s ]
[2023-04-18T14:07:54+08:00][sql] SHOW FULL COLUMNS FROM `ls_order` [ RunTime:0.001000s ]
[2023-04-18T14:07:54+08:00][sql] SELECT COUNT(*) AS think_count FROM `ls_order` WHERE  `del` = 0  AND `shop_id` = 2  AND `pay_status` = 1  AND `order_status` = 3 [ RunTime:0.000000s ]
[2023-04-18T14:07:54+08:00][sql] SELECT COUNT(*) AS think_count FROM `ls_order` WHERE  `del` = 0  AND `shop_id` = 2  AND `pay_status` = 1  AND `order_type` = 1 [ RunTime:0.000000s ]
[2023-04-18T14:07:54+08:00][sql] SELECT COUNT(*) AS think_count FROM `ls_order` WHERE  `del` = 0  AND `shop_id` = 2  AND `pay_status` = 1  AND `order_type` = 2 [ RunTime:0.000000s ]
[2023-04-18T14:07:54+08:00][sql] SELECT COUNT(*) AS think_count FROM `ls_order` WHERE  `del` = 0  AND `shop_id` = 2  AND `pay_status` = 1  AND `order_type` = 1  AND `create_time` BETWEEN 1681747200 AND 1681833599 [ RunTime:0.000000s ]
[2023-04-18T14:07:54+08:00][sql] SELECT COUNT(*) AS think_count FROM `ls_order` WHERE  `del` = 0  AND `shop_id` = 2  AND `pay_status` = 1  AND `order_type` = 1  AND `order_status` = 1 [ RunTime:0.001000s ]
[2023-04-18T14:07:54+08:00][sql] SELECT COUNT(*) AS think_count FROM `ls_order` WHERE  `del` = 0  AND `shop_id` = 2  AND `pay_status` = 1  AND `order_type` = 1  AND `order_status` = 2 [ RunTime:0.000000s ]
[2023-04-18T14:07:54+08:00][sql] SELECT COUNT(*) AS think_count FROM `ls_order` WHERE  `del` = 0  AND `shop_id` = 2  AND `pay_status` = 1  AND `order_type` = 2  AND `create_time` BETWEEN 1681747200 AND 1681833599 [ RunTime:0.001000s ]
[2023-04-18T14:07:54+08:00][sql] SELECT COUNT(*) AS think_count FROM `ls_order` WHERE  `del` = 0  AND `shop_id` = 2  AND `pay_status` = 1  AND `order_type` = 2  AND `order_status` = 1 [ RunTime:0.000000s ]
[2023-04-18T14:07:54+08:00][sql] SELECT COUNT(*) AS think_count FROM `ls_order` WHERE  `del` = 0  AND `shop_id` = 2  AND `pay_status` = 1  AND `order_type` = 2  AND `order_status` = 2 [ RunTime:0.001000s ]
[2023-04-18T14:07:56+08:00][sql] CONNECT:[ UseTime:0.002001s ] mysql:host=127.0.0.1;port=3306;dbname=cdiancan;charset=utf8mb4
[2023-04-18T14:07:56+08:00][sql] SHOW FULL COLUMNS FROM `ls_dev_shop_auth` [ RunTime:0.004000s ]
[2023-04-18T14:07:56+08:00][sql] SELECT `uri` FROM `ls_dev_shop_auth` WHERE  `id` IN ('') [ RunTime:0.001000s ]
[2023-04-18T14:07:56+08:00][sql] SHOW FULL COLUMNS FROM `ls_config` [ RunTime:0.004000s ]
[2023-04-18T14:07:56+08:00][sql] SELECT `value` FROM `ls_config` WHERE  `type` = 'copyright'  AND `name` = 'company_name'  AND `shop_id` = 0 LIMIT 1 [ RunTime:0.000000s ]
[2023-04-18T14:07:56+08:00][sql] SHOW FULL COLUMNS FROM `ls_order` [ RunTime:0.003000s ]
[2023-04-18T14:07:56+08:00][sql] SELECT `o`.`order_status`,`o`.`refund_status` FROM `ls_order` `o` INNER JOIN `ls_user` `u` ON `u`.`id`=`o`.`user_id` INNER JOIN `ls_order_goods` `og` ON `og`.`order_id`=`o`.`id` WHERE  `o`.`del` = 0  AND `o`.`shop_id` = 2  AND `o`.`order_type` = 1 GROUP BY `o`.`id` [ RunTime:0.006000s ]
[2023-04-18T14:07:56+08:00][sql] CONNECT:[ UseTime:0.002000s ] mysql:host=127.0.0.1;port=3306;dbname=cdiancan;charset=utf8mb4
[2023-04-18T14:07:56+08:00][sql] SHOW FULL COLUMNS FROM `ls_dev_shop_auth` [ RunTime:0.001000s ]
[2023-04-18T14:07:56+08:00][sql] SELECT `uri` FROM `ls_dev_shop_auth` WHERE  `id` IN ('') [ RunTime:0.001000s ]
[2023-04-18T14:07:56+08:00][sql] SHOW FULL COLUMNS FROM `ls_config` [ RunTime:0.001000s ]
[2023-04-18T14:07:56+08:00][sql] SELECT `value` FROM `ls_config` WHERE  `type` = 'copyright'  AND `name` = 'company_name'  AND `shop_id` = 0 LIMIT 1 [ RunTime:0.001001s ]
[2023-04-18T14:07:56+08:00][sql] SHOW FULL COLUMNS FROM `ls_order` [ RunTime:0.004000s ]
[2023-04-18T14:07:56+08:00][sql] SELECT COUNT(*) AS think_count FROM ( SELECT o.id,o.user_id,o.order_sn,o.order_status,o.create_time,o.total_num,o.dining_type,o.is_appoint,o.appoint_time,o.take_code,o.consignee,o.mobile,o.delivery_amount,(o.order_amount - o.delivery_amount) as goods_amount,o.order_amount,o.pay_way,o.pay_status,o.pay_time,o.order_type,o.refund_amount,o.surplus_refund_amount,o.refund_status,o.refund_time,count(*) AS think_count FROM `ls_order` `o` INNER JOIN `ls_user` `u` ON `u`.`id`=`o`.`user_id` INNER JOIN `ls_order_goods` `og` ON `og`.`order_id`=`o`.`id` WHERE  `o`.`del` = 0  AND `o`.`shop_id` = 2  AND `o`.`order_type` = 1 GROUP BY `o`.`id` ) `_group_count_` [ RunTime:0.006001s ]
[2023-04-18T14:07:56+08:00][sql] SELECT o.id,o.user_id,o.order_sn,o.order_status,o.create_time,o.total_num,o.dining_type,o.is_appoint,o.appoint_time,o.take_code,o.consignee,o.mobile,o.delivery_amount,(o.order_amount - o.delivery_amount) as goods_amount,o.order_amount,o.pay_way,o.pay_status,o.pay_time,o.order_type,o.refund_amount,o.surplus_refund_amount,o.refund_status,o.refund_time FROM `ls_order` `o` INNER JOIN `ls_user` `u` ON `u`.`id`=`o`.`user_id` INNER JOIN `ls_order_goods` `og` ON `og`.`order_id`=`o`.`id` WHERE  `o`.`del` = 0  AND `o`.`shop_id` = 2  AND `o`.`order_type` = 1 GROUP BY `o`.`id` ORDER BY `o`.`id` DESC LIMIT 0,10 [ RunTime:0.001000s ]
[2023-04-18T14:07:56+08:00][sql] SHOW FULL COLUMNS FROM `ls_order_goods` [ RunTime:0.000000s ]
[2023-04-18T14:07:56+08:00][sql] SELECT `order_id`,`goods_name`,`goods_num`,`goods_price`,`goods_snap` FROM `ls_order_goods` WHERE  `order_id` IN (26,14,13,12,11,10,9,6,5,4) [ RunTime:0.000000s ]
[2023-04-18T14:07:56+08:00][sql] SHOW FULL COLUMNS FROM `ls_user` [ RunTime:0.002000s ]
[2023-04-18T14:07:56+08:00][sql] SELECT `id`,`avatar`,`sn`,`nickname` FROM `ls_user` WHERE  `id` IN (3,1) [ RunTime:0.000000s ]
[2023-04-18T14:08:00+08:00][sql] CONNECT:[ UseTime:0.001000s ] mysql:host=127.0.0.1;port=3306;dbname=cdiancan;charset=utf8mb4
[2023-04-18T14:08:00+08:00][sql] SHOW FULL COLUMNS FROM `ls_dev_shop_auth` [ RunTime:0.002000s ]
[2023-04-18T14:08:00+08:00][sql] SELECT `uri` FROM `ls_dev_shop_auth` WHERE  `id` IN ('') [ RunTime:0.001001s ]
[2023-04-18T14:08:00+08:00][sql] SHOW FULL COLUMNS FROM `ls_config` [ RunTime:0.001000s ]
[2023-04-18T14:08:00+08:00][sql] SELECT `value` FROM `ls_config` WHERE  `type` = 'copyright'  AND `name` = 'company_name'  AND `shop_id` = 0 LIMIT 1 [ RunTime:0.001000s ]
[2023-04-18T14:08:00+08:00][sql] SHOW FULL COLUMNS FROM `ls_order` [ RunTime:0.004000s ]
[2023-04-18T14:08:00+08:00][sql] SELECT * FROM `ls_order` WHERE  `id` = 26 LIMIT 1 [ RunTime:0.000000s ]
[2023-04-18T14:08:00+08:00][sql] SHOW FULL COLUMNS FROM `ls_user` [ RunTime:0.004001s ]
[2023-04-18T14:08:00+08:00][sql] SELECT * FROM `ls_user` WHERE  `id` = 3 [ RunTime:0.001000s ]
[2023-04-18T14:08:00+08:00][sql] SHOW FULL COLUMNS FROM `ls_order_goods` [ RunTime:0.004000s ]
[2023-04-18T14:08:00+08:00][sql] SELECT * FROM `ls_order_goods` WHERE  `order_id` = 26 [ RunTime:0.000000s ]
[2023-04-18T14:08:00+08:00][sql] SHOW FULL COLUMNS FROM `ls_order_log` [ RunTime:0.003000s ]
[2023-04-18T14:08:00+08:00][sql] SELECT * FROM `ls_order_log` WHERE  `order_id` = 26 [ RunTime:0.000000s ]
