[2023-05-10T20:57:06+08:00][sql] CONNECT:[ UseTime:0.001500s ] mysql:host=127.0.0.1;port=3306;dbname=cdiancan;charset=utf8mb4
[2023-05-10T20:57:06+08:00][sql] SHOW FULL COLUMNS FROM `ls_session` [ RunTime:0.006000s ]
[2023-05-10T20:57:06+08:00][sql] SELECT * FROM `ls_session` WHERE  `token` = '[object Null]' LIMIT 1 [ RunTime:0.000500s ]
[2023-05-10T20:57:06+08:00][sql] SHOW FULL COLUMNS FROM `ls_config` [ RunTime:0.001501s ]
[2023-05-10T20:57:06+08:00][sql] SELECT `value` FROM `ls_config` WHERE  `type` = 'decoration'  AND `name` = 'theme'  AND `shop_id` = 0 LIMIT 1 [ RunTime:0.001000s ]
[2023-05-10T20:57:06+08:00][sql] CONNECT:[ UseTime:0.002000s ] mysql:host=127.0.0.1;port=3306;dbname=cdiancan;charset=utf8mb4
[2023-05-10T20:57:06+08:00][sql] SHOW FULL COLUMNS FROM `ls_session` [ RunTime:0.005000s ]
[2023-05-10T20:57:06+08:00][sql] SELECT * FROM `ls_session` WHERE  `token` = '[object Null]' LIMIT 1 [ RunTime:0.000500s ]
[2023-05-10T20:57:06+08:00][sql] CONNECT:[ UseTime:0.002001s ] mysql:host=127.0.0.1;port=3306;dbname=cdiancan;charset=utf8mb4
[2023-05-10T20:57:06+08:00][sql] SHOW FULL COLUMNS FROM `ls_session` [ RunTime:0.006001s ]
[2023-05-10T20:57:06+08:00][sql] SELECT * FROM `ls_session` WHERE  `token` = '[object Null]' LIMIT 1 [ RunTime:0.001000s ]
[2023-05-10T20:57:06+08:00][sql] SHOW FULL COLUMNS FROM `ls_decorate_bottom` [ RunTime:0.005501s ]
[2023-05-10T20:57:06+08:00][sql] SELECT name as text,select_icon as selectedIconPath,icon as iconPath,`color`,select_color as selectColor FROM `ls_decorate_bottom` WHERE  `del` = 0 ORDER BY `id` ASC [ RunTime:0.000500s ]
[2023-05-10T20:57:06+08:00][sql] SHOW FULL COLUMNS FROM `ls_config` [ RunTime:0.001500s ]
[2023-05-10T20:57:06+08:00][sql] SELECT `value` FROM `ls_config` WHERE  `type` = 'share'  AND `name` = 'mnp'  AND `shop_id` = 0 LIMIT 1 [ RunTime:0.000500s ]
[2023-05-10T20:57:06+08:00][sql] SELECT `value` FROM `ls_config` WHERE  `type` = 'decoration_center'  AND `name` = 'background_image'  AND `shop_id` = 0 LIMIT 1 [ RunTime:0.000500s ]
[2023-05-10T20:57:06+08:00][sql] SELECT `value` FROM `ls_config` WHERE  `type` = 'website'  AND `name` = 'shop_logo'  AND `shop_id` = 0 LIMIT 1 [ RunTime:0.000500s ]
[2023-05-10T20:57:06+08:00][sql] SELECT `value` FROM `ls_config` WHERE  `type` = 'website'  AND `name` = 'web_favicon'  AND `shop_id` = 0 LIMIT 1 [ RunTime:0.001000s ]
[2023-05-10T20:57:06+08:00][sql] SELECT `value` FROM `ls_config` WHERE  `type` = 'website'  AND `name` = 'shop_name'  AND `shop_id` = 0 LIMIT 1 [ RunTime:0.000500s ]
[2023-05-10T20:57:06+08:00][sql] SELECT `value` FROM `ls_config` WHERE  `type` = 'copyright'  AND `name` = 'company_name'  AND `shop_id` = 0 LIMIT 1 [ RunTime:0.000500s ]
[2023-05-10T20:57:06+08:00][sql] SELECT `value` FROM `ls_config` WHERE  `type` = 'copyright'  AND `name` = 'number'  AND `shop_id` = 0 LIMIT 1 [ RunTime:0.000500s ]
[2023-05-10T20:57:06+08:00][sql] SELECT `value` FROM `ls_config` WHERE  `type` = 'copyright'  AND `name` = 'link'  AND `shop_id` = 0 LIMIT 1 [ RunTime:0.001000s ]
[2023-05-10T20:57:06+08:00][sql] SELECT `value` FROM `ls_config` WHERE  `type` = 'recharge'  AND `name` = 'app_status'  AND `shop_id` = 0 LIMIT 1 [ RunTime:0.000500s ]
[2023-05-10T20:57:06+08:00][sql] SELECT `value` FROM `ls_config` WHERE  `type` = 'map'  AND `name` = 'qq_map_key'  AND `shop_id` = 0 LIMIT 1 [ RunTime:0.000500s ]
[2023-05-10T20:57:07+08:00][sql] CONNECT:[ UseTime:0.001000s ] mysql:host=127.0.0.1;port=3306;dbname=cdiancan;charset=utf8mb4
[2023-05-10T20:57:07+08:00][sql] SHOW FULL COLUMNS FROM `ls_session` [ RunTime:0.004501s ]
[2023-05-10T20:57:07+08:00][sql] SELECT * FROM `ls_session` WHERE  `token` = '[object Null]' LIMIT 1 [ RunTime:0.000500s ]
[2023-05-10T20:57:07+08:00][sql] SHOW FULL COLUMNS FROM `ls_ad` [ RunTime:0.005501s ]
[2023-05-10T20:57:07+08:00][sql] SELECT `id`,`title`,`image`,`link`,`status` FROM `ls_ad` WHERE  `ad_position_id` = 1  AND `status` = 1  AND `del` = 0 [ RunTime:0.000500s ]
[2023-05-10T20:57:07+08:00][sql] CONNECT:[ UseTime:0.001000s ] mysql:host=127.0.0.1;port=3306;dbname=cdiancan;charset=utf8mb4
[2023-05-10T20:57:07+08:00][sql] SHOW FULL COLUMNS FROM `ls_session` [ RunTime:0.004501s ]
[2023-05-10T20:57:07+08:00][sql] SELECT * FROM `ls_session` WHERE  `token` = '[object Null]' LIMIT 1 [ RunTime:0.000500s ]
[2023-05-10T20:57:07+08:00][sql] SHOW FULL COLUMNS FROM `ls_decorate_home` [ RunTime:0.005001s ]
[2023-05-10T20:57:07+08:00][sql] SELECT * FROM `ls_decorate_home` [ RunTime:0.000500s ]
[2023-05-10T20:57:30+08:00][sql] CONNECT:[ UseTime:0.001000s ] mysql:host=127.0.0.1;port=3306;dbname=cdiancan;charset=utf8mb4
[2023-05-10T20:57:30+08:00][sql] SHOW FULL COLUMNS FROM `ls_session` [ RunTime:0.005000s ]
[2023-05-10T20:57:30+08:00][sql] SELECT * FROM `ls_session` WHERE  `token` = 'f11e538da11d2cc53d5d2e6a156eab81' LIMIT 1 [ RunTime:0.001000s ]
[2023-05-10T20:57:30+08:00][sql] CONNECT:[ UseTime:0.001500s ] mysql:host=127.0.0.1;port=3306;dbname=cdiancan;charset=utf8mb4
[2023-05-10T20:57:30+08:00][sql] SHOW FULL COLUMNS FROM `ls_session` [ RunTime:0.003501s ]
[2023-05-10T20:57:30+08:00][sql] SELECT * FROM `ls_session` WHERE  `token` = 'f11e538da11d2cc53d5d2e6a156eab81' LIMIT 1 [ RunTime:0.001000s ]
[2023-05-10T20:57:30+08:00][sql] SHOW FULL COLUMNS FROM `ls_config` [ RunTime:0.000500s ]
[2023-05-10T20:57:30+08:00][sql] SELECT `value` FROM `ls_config` WHERE  `type` = 'decoration'  AND `name` = 'theme'  AND `shop_id` = 0 LIMIT 1 [ RunTime:0.001000s ]
[2023-05-10T20:57:30+08:00][sql] CONNECT:[ UseTime:0.002000s ] mysql:host=127.0.0.1;port=3306;dbname=cdiancan;charset=utf8mb4
[2023-05-10T20:57:30+08:00][sql] SHOW FULL COLUMNS FROM `ls_session` [ RunTime:0.004000s ]
[2023-05-10T20:57:30+08:00][sql] SELECT * FROM `ls_session` WHERE  `token` = 'f11e538da11d2cc53d5d2e6a156eab81' LIMIT 1 [ RunTime:0.000500s ]
[2023-05-10T20:57:30+08:00][sql] SHOW FULL COLUMNS FROM `ls_ad` [ RunTime:0.004501s ]
[2023-05-10T20:57:30+08:00][sql] SELECT `id`,`title`,`image`,`link`,`status` FROM `ls_ad` WHERE  `ad_position_id` = 1  AND `status` = 1  AND `del` = 0 [ RunTime:0.000500s ]
[2023-05-10T20:57:30+08:00][sql] CONNECT:[ UseTime:0.002001s ] mysql:host=127.0.0.1;port=3306;dbname=cdiancan;charset=utf8mb4
[2023-05-10T20:57:30+08:00][sql] SHOW FULL COLUMNS FROM `ls_session` [ RunTime:0.005001s ]
[2023-05-10T20:57:30+08:00][sql] SELECT * FROM `ls_session` WHERE  `token` = 'f11e538da11d2cc53d5d2e6a156eab81' LIMIT 1 [ RunTime:0.000500s ]
[2023-05-10T20:57:30+08:00][sql] SHOW FULL COLUMNS FROM `ls_decorate_bottom` [ RunTime:0.004501s ]
[2023-05-10T20:57:30+08:00][sql] SELECT name as text,select_icon as selectedIconPath,icon as iconPath,`color`,select_color as selectColor FROM `ls_decorate_bottom` WHERE  `del` = 0 ORDER BY `id` ASC [ RunTime:0.000500s ]
[2023-05-10T20:57:30+08:00][sql] SHOW FULL COLUMNS FROM `ls_config` [ RunTime:0.001500s ]
[2023-05-10T20:57:30+08:00][sql] SELECT `value` FROM `ls_config` WHERE  `type` = 'share'  AND `name` = 'mnp'  AND `shop_id` = 0 LIMIT 1 [ RunTime:0.000500s ]
[2023-05-10T20:57:30+08:00][sql] SELECT `value` FROM `ls_config` WHERE  `type` = 'decoration_center'  AND `name` = 'background_image'  AND `shop_id` = 0 LIMIT 1 [ RunTime:0.000500s ]
[2023-05-10T20:57:30+08:00][sql] SELECT `value` FROM `ls_config` WHERE  `type` = 'website'  AND `name` = 'shop_logo'  AND `shop_id` = 0 LIMIT 1 [ RunTime:0.000500s ]
[2023-05-10T20:57:30+08:00][sql] SELECT `value` FROM `ls_config` WHERE  `type` = 'website'  AND `name` = 'web_favicon'  AND `shop_id` = 0 LIMIT 1 [ RunTime:0.001001s ]
[2023-05-10T20:57:30+08:00][sql] SELECT `value` FROM `ls_config` WHERE  `type` = 'website'  AND `name` = 'shop_name'  AND `shop_id` = 0 LIMIT 1 [ RunTime:0.001000s ]
[2023-05-10T20:57:30+08:00][sql] SELECT `value` FROM `ls_config` WHERE  `type` = 'copyright'  AND `name` = 'company_name'  AND `shop_id` = 0 LIMIT 1 [ RunTime:0.000500s ]
[2023-05-10T20:57:30+08:00][sql] SELECT `value` FROM `ls_config` WHERE  `type` = 'copyright'  AND `name` = 'number'  AND `shop_id` = 0 LIMIT 1 [ RunTime:0.001000s ]
[2023-05-10T20:57:30+08:00][sql] SELECT `value` FROM `ls_config` WHERE  `type` = 'copyright'  AND `name` = 'link'  AND `shop_id` = 0 LIMIT 1 [ RunTime:0.000500s ]
[2023-05-10T20:57:30+08:00][sql] SELECT `value` FROM `ls_config` WHERE  `type` = 'recharge'  AND `name` = 'app_status'  AND `shop_id` = 0 LIMIT 1 [ RunTime:0.000500s ]
[2023-05-10T20:57:30+08:00][sql] SELECT `value` FROM `ls_config` WHERE  `type` = 'map'  AND `name` = 'qq_map_key'  AND `shop_id` = 0 LIMIT 1 [ RunTime:0.000500s ]
[2023-05-10T20:57:30+08:00][sql] CONNECT:[ UseTime:0.001000s ] mysql:host=127.0.0.1;port=3306;dbname=cdiancan;charset=utf8mb4
[2023-05-10T20:57:30+08:00][sql] SHOW FULL COLUMNS FROM `ls_session` [ RunTime:0.005001s ]
[2023-05-10T20:57:30+08:00][sql] SELECT * FROM `ls_session` WHERE  `token` = 'f11e538da11d2cc53d5d2e6a156eab81' LIMIT 1 [ RunTime:0.001000s ]
[2023-05-10T20:57:30+08:00][sql] SHOW FULL COLUMNS FROM `ls_decorate_home` [ RunTime:0.004501s ]
[2023-05-10T20:57:30+08:00][sql] SELECT * FROM `ls_decorate_home` [ RunTime:0.000500s ]
[2023-05-10T20:57:31+08:00][sql] CONNECT:[ UseTime:0.001500s ] mysql:host=127.0.0.1;port=3306;dbname=cdiancan;charset=utf8mb4
[2023-05-10T20:57:31+08:00][sql] SHOW FULL COLUMNS FROM `ls_session` [ RunTime:0.003501s ]
[2023-05-10T20:57:31+08:00][sql] SELECT * FROM `ls_session` WHERE  `token` = '[object Undefined]' LIMIT 1 [ RunTime:0.000500s ]
[2023-05-10T20:57:31+08:00][sql] SHOW FULL COLUMNS FROM `ls_shop` [ RunTime:0.001500s ]
[2023-05-10T20:57:31+08:00][sql] SELECT id,name,phone,longitude,latitude,business_start_time,business_end_time,status,round(st_distance_sphere(point(110.39215,23.53919),point(longitude, latitude))/1000,2) as distance,province_id,city_id,district_id,address,delivery_type,weekdays FROM `ls_shop` WHERE  `del` = 0  AND `status` = 1  AND FIND_IN_SET(1, `delivery_type`) ORDER BY `distance` ASC LIMIT 0,15 [ RunTime:0.001000s ]
[2023-05-10T20:57:31+08:00][sql] SELECT COUNT(*) AS think_count FROM `ls_shop` WHERE  `del` = 0  AND `status` = 1  AND FIND_IN_SET(1, `delivery_type`) [ RunTime:0.000500s ]
[2023-05-10T20:57:31+08:00][sql] SHOW FULL COLUMNS FROM `ls_coupon` [ RunTime:0.005500s ]
[2023-05-10T20:57:31+08:00][sql] SELECT `shop_id` FROM `ls_coupon` WHERE  `status` = 2 [ RunTime:0.000500s ]
[2023-05-10T20:57:32+08:00][sql] CONNECT:[ UseTime:0.001000s ] mysql:host=127.0.0.1;port=3306;dbname=cdiancan;charset=utf8mb4
[2023-05-10T20:57:32+08:00][sql] SHOW FULL COLUMNS FROM `ls_session` [ RunTime:0.004000s ]
[2023-05-10T20:57:32+08:00][sql] SELECT * FROM `ls_session` WHERE  `token` = '[object Undefined]' LIMIT 1 [ RunTime:0.000501s ]
[2023-05-10T20:57:32+08:00][sql] SHOW FULL COLUMNS FROM `ls_config` [ RunTime:0.001500s ]
[2023-05-10T20:57:32+08:00][sql] SELECT `value` FROM `ls_config` WHERE  `type` = 'mnp'  AND `name` = 'app_id'  AND `shop_id` = 0 LIMIT 1 [ RunTime:0.001001s ]
[2023-05-10T20:57:32+08:00][sql] SELECT `value` FROM `ls_config` WHERE  `type` = 'mnp'  AND `name` = 'secret'  AND `shop_id` = 0 LIMIT 1 [ RunTime:0.000500s ]
[2023-05-10T20:57:32+08:00][sql] SELECT `value` FROM `ls_config` WHERE  `type` = 'mnp'  AND `name` = 'mch_id'  AND `shop_id` = 0 LIMIT 1 [ RunTime:0.000500s ]
[2023-05-10T20:57:32+08:00][sql] SELECT `value` FROM `ls_config` WHERE  `type` = 'mnp'  AND `name` = 'key'  AND `shop_id` = 0 LIMIT 1 [ RunTime:0.000500s ]
[2023-05-10T20:57:32+08:00][sql] SHOW FULL COLUMNS FROM `ls_user_auth` [ RunTime:0.005001s ]
[2023-05-10T20:57:32+08:00][sql] SELECT `user_id` FROM `ls_user_auth` `au` INNER JOIN `ls_user` `u` ON `au`.`user_id`=`u`.`id` WHERE  `u`.`del` = 0  AND (  `au`.`openid` = 'oo9HF5T8TXzmu5LIi4mF5pFDLZjk' ) LIMIT 1 [ RunTime:0.000500s ]
[2023-05-10T20:57:32+08:00][sql] SELECT `id` FROM `ls_user_auth` WHERE  `user_id` = 3  AND `openid` = 'oo9HF5T8TXzmu5LIi4mF5pFDLZjk' LIMIT 1 [ RunTime:0.000501s ]
[2023-05-10T20:57:32+08:00][sql] SHOW FULL COLUMNS FROM `ls_user` [ RunTime:0.001000s ]
[2023-05-10T20:57:32+08:00][sql] SELECT `u`.`nickname`,`u`.`avatar`,`u`.`id`,`au`.`unionid` FROM `ls_user` `u` INNER JOIN `ls_user_auth` `au` ON `u`.`id`=`au`.`user_id` WHERE  `au`.`openid` = 'oo9HF5T8TXzmu5LIi4mF5pFDLZjk' LIMIT 1 [ RunTime:0.000500s ]
[2023-05-10T20:57:32+08:00][sql] UPDATE `ls_user_auth`  SET `unionid` = '' , `update_time` = 1683723452  WHERE  `user_id` = 3 [ RunTime:0.000500s ]
[2023-05-10T20:57:32+08:00][sql] SELECT `id`,`nickname`,`avatar`,`disable` FROM `ls_user` WHERE  `id` = 3 LIMIT 1 [ RunTime:0.000500s ]
[2023-05-10T20:57:32+08:00][sql] SELECT `token` FROM `ls_session` WHERE  `user_id` = 3  AND `client` = 1 LIMIT 1 [ RunTime:0.001000s ]
[2023-05-10T20:57:32+08:00][sql] SELECT * FROM `ls_session` WHERE  `user_id` = 3  AND `client` = 1 LIMIT 1 [ RunTime:0.000000s ]
[2023-05-10T20:57:32+08:00][sql] UPDATE `ls_session`  SET `user_id` = 3 , `token` = 'ec90a52256df88e2530dec6b6321c9a7' , `client` = 1 , `update_time` = 1683723452 , `expire_time` = 1683809852  WHERE  `user_id` = 3  AND `client` = 1 [ RunTime:0.001500s ]
[2023-05-10T20:57:32+08:00][sql] UPDATE `ls_user`  SET `login_time` = 1683723452 , `login_ip` = '127.0.0.1'  WHERE  `id` = 3 [ RunTime:0.001000s ]
[2023-05-10T20:57:32+08:00][sql] SELECT `u`.*,`s`.`token`,`s`.`client` FROM `ls_user` `u` INNER JOIN `ls_session` `s` ON `u`.`id`=`s`.`user_id` WHERE  `s`.`token` = 'ec90a52256df88e2530dec6b6321c9a7' LIMIT 1 [ RunTime:0.000500s ]
[2023-05-10T20:57:32+08:00][sql] CONNECT:[ UseTime:0.001000s ] mysql:host=127.0.0.1;port=3306;dbname=cdiancan;charset=utf8mb4
[2023-05-10T20:57:32+08:00][sql] SHOW FULL COLUMNS FROM `ls_user` [ RunTime:0.001001s ]
[2023-05-10T20:57:32+08:00][sql] SELECT * FROM `ls_user` WHERE  `id` = 3 LIMIT 1 [ RunTime:0.000500s ]
[2023-05-10T20:57:39+08:00][sql] CONNECT:[ UseTime:0.001001s ] mysql:host=127.0.0.1;port=3306;dbname=cdiancan;charset=utf8mb4
[2023-05-10T20:57:39+08:00][sql] SHOW FULL COLUMNS FROM `ls_shop` [ RunTime:0.001500s ]
[2023-05-10T20:57:39+08:00][sql] SELECT id,name,phone,longitude,latitude,business_start_time,business_end_time,status,round(st_distance_sphere(point(110.39215,23.53919),point(longitude, latitude))/1000,2) as distance,province_id,city_id,district_id,address,delivery_type,weekdays FROM `ls_shop` WHERE  `del` = 0  AND `status` = 1  AND FIND_IN_SET('1', `delivery_type`) ORDER BY `distance` ASC LIMIT 0,15 [ RunTime:0.000500s ]
[2023-05-10T20:57:39+08:00][sql] SELECT COUNT(*) AS think_count FROM `ls_shop` WHERE  `del` = 0  AND `status` = 1  AND FIND_IN_SET('1', `delivery_type`) [ RunTime:0.000501s ]
[2023-05-10T20:57:39+08:00][sql] SHOW FULL COLUMNS FROM `ls_coupon` [ RunTime:0.003500s ]
[2023-05-10T20:57:39+08:00][sql] SELECT `shop_id` FROM `ls_coupon` WHERE  `status` = 2 [ RunTime:0.000000s ]
[2023-05-10T20:57:43+08:00][sql] CONNECT:[ UseTime:0.001000s ] mysql:host=127.0.0.1;port=3306;dbname=cdiancan;charset=utf8mb4
[2023-05-10T20:57:43+08:00][sql] SHOW FULL COLUMNS FROM `ls_announcement` [ RunTime:0.005000s ]
[2023-05-10T20:57:43+08:00][sql] SELECT * FROM `ls_announcement` WHERE  `del` = 0 LIMIT 1 [ RunTime:0.000500s ]
[2023-05-10T20:57:43+08:00][sql] CONNECT:[ UseTime:0.010001s ] mysql:host=127.0.0.1;port=3306;dbname=cdiancan;charset=utf8mb4
[2023-05-10T20:57:43+08:00][sql] SHOW FULL COLUMNS FROM `ls_ad` [ RunTime:0.004500s ]
[2023-05-10T20:57:43+08:00][sql] SELECT `id`,`title`,`image`,`link`,`status` FROM `ls_ad` WHERE  `ad_position_id` = 2  AND `status` = 1  AND `del` = 0 [ RunTime:0.000500s ]
[2023-05-10T20:57:43+08:00][sql] CONNECT:[ UseTime:0.002001s ] mysql:host=127.0.0.1;port=3306;dbname=cdiancan;charset=utf8mb4
[2023-05-10T20:57:43+08:00][sql] SHOW FULL COLUMNS FROM `ls_coupon` [ RunTime:0.004500s ]
[2023-05-10T20:57:43+08:00][sql] UPDATE `ls_coupon`  SET `update_time` = 1683723463 , `status` = 3  WHERE  `use_time_type` = 1  AND `use_time_end` <= 1683723463 [ RunTime:0.000501s ]
[2023-05-10T20:57:43+08:00][sql] SELECT `id`,`shop_id`,`name`,`money`,`condition_type`,`use_time_type`,`use_time_start`,`use_time_end`,`use_time`,`condition_money`,`use_goods_type` FROM `ls_coupon` WHERE  `shop_id` = 2  AND `status` = 2  AND `del` = 0 [ RunTime:0.000500s ]
[2023-05-10T20:57:43+08:00][sql] SHOW FULL COLUMNS FROM `ls_coupon_list` [ RunTime:0.005501s ]
[2023-05-10T20:57:43+08:00][sql] SELECT `coupon_id` FROM `ls_coupon_list` WHERE  `user_id` = 3 [ RunTime:0.000500s ]
[2023-05-10T20:57:43+08:00][sql] CONNECT:[ UseTime:0.001001s ] mysql:host=127.0.0.1;port=3306;dbname=cdiancan;charset=utf8mb4
[2023-05-10T20:57:43+08:00][sql] SHOW FULL COLUMNS FROM `ls_shop` [ RunTime:0.001000s ]
[2023-05-10T20:57:43+08:00][sql] SELECT * FROM `ls_shop` WHERE  `del` = 0  AND `id` = 2 LIMIT 1 [ RunTime:0.001000s ]
[2023-05-10T20:57:43+08:00][sql] SHOW FULL COLUMNS FROM `ls_cart` [ RunTime:0.004500s ]
[2023-05-10T20:57:43+08:00][sql] SELECT `id`,`goods_id`,`num`,`item_id`,`material_ids` FROM `ls_cart` WHERE  `user_id` = 3  AND `shop_id` = 2 [ RunTime:0.000500s ]
[2023-05-10T20:57:43+08:00][sql] SHOW FULL COLUMNS FROM `ls_goods` [ RunTime:0.005001s ]
[2023-05-10T20:57:43+08:00][sql] SELECT * FROM `ls_goods` WHERE  `id` = 2 [ RunTime:0.000500s ]
[2023-05-10T20:57:43+08:00][sql] SHOW FULL COLUMNS FROM `ls_shop_goods` [ RunTime:0.007001s ]
[2023-05-10T20:57:43+08:00][sql] SELECT `goods_id` FROM `ls_shop_goods` WHERE  `goods_id` = 2  AND `shop_id` = 2  AND `status` = 1 [ RunTime:0.000500s ]
[2023-05-10T20:57:43+08:00][sql] SELECT `id`,`shop_sn`,`name`,`contact`,`phone`,`province_id`,`city_id`,`district_id`,`address`,`longitude`,`latitude`,`business_start_time`,`business_end_time`,`weekdays`,`delivery_distance`,`delivery_buy_limit`,`delivery_freight`,`status`,`pricing_policy`,`delivery_type`,`create_time` FROM `ls_shop` WHERE  `id` = 2  AND `del` = 0 LIMIT 1 [ RunTime:0.000000s ]
[2023-05-10T20:57:43+08:00][sql] SHOW FULL COLUMNS FROM `ls_goods_item` [ RunTime:0.006501s ]
[2023-05-10T20:57:43+08:00][sql] SELECT * FROM `ls_goods_item` WHERE  `goods_id` = 2 [ RunTime:0.001000s ]
[2023-05-10T20:57:43+08:00][sql] SHOW FULL COLUMNS FROM `ls_goods_material_category` [ RunTime:0.007001s ]
[2023-05-10T20:57:43+08:00][sql] SELECT * FROM `ls_goods_material_category` WHERE  `goods_id` = 2 [ RunTime:0.000500s ]
[2023-05-10T20:57:43+08:00][sql] SHOW FULL COLUMNS FROM `ls_goods_material` [ RunTime:0.006501s ]
[2023-05-10T20:57:43+08:00][sql] SELECT * FROM `ls_goods_material` WHERE  `material_category_id` IN (4,5,6) [ RunTime:0.000500s ]
[2023-05-10T20:57:43+08:00][sql] SHOW FULL COLUMNS FROM `ls_material_category` [ RunTime:0.005500s ]
[2023-05-10T20:57:43+08:00][sql] SELECT * FROM `ls_material_category` WHERE  `id` IN (1,5,4) [ RunTime:0.000500s ]
[2023-05-10T20:57:43+08:00][sql] SHOW FULL COLUMNS FROM `ls_material` [ RunTime:0.005500s ]
[2023-05-10T20:57:43+08:00][sql] SELECT `id`,`name`,`price` FROM `ls_material` WHERE  `del` = 0 ORDER BY `sort` DESC [ RunTime:0.000500s ]
[2023-05-10T20:57:43+08:00][sql] SHOW FULL COLUMNS FROM `ls_shop_goods_item` [ RunTime:0.004501s ]
[2023-05-10T20:57:43+08:00][sql] SELECT `item_id`,`price`,`stock` FROM `ls_shop_goods_item` WHERE  `goods_id` = 2  AND `shop_id` = 2 [ RunTime:0.000500s ]
[2023-05-10T20:57:43+08:00][sql] SHOW FULL COLUMNS FROM `ls_shop_material` [ RunTime:0.005501s ]
[2023-05-10T20:57:43+08:00][sql] SELECT `material_id`,`price` FROM `ls_shop_material` WHERE  `shop_id` = 2 [ RunTime:0.000000s ]
[2023-05-10T20:57:43+08:00][sql] CONNECT:[ UseTime:0.001000s ] mysql:host=127.0.0.1;port=3306;dbname=cdiancan;charset=utf8mb4
[2023-05-10T20:57:43+08:00][sql] SHOW FULL COLUMNS FROM `ls_shop` [ RunTime:0.004000s ]
[2023-05-10T20:57:43+08:00][sql] SELECT * FROM `ls_shop` WHERE  `id` = 2  AND `del` = 0 LIMIT 1 [ RunTime:0.000500s ]
[2023-05-10T20:57:43+08:00][sql] SHOW FULL COLUMNS FROM `ls_shop_stat` [ RunTime:0.006001s ]
[2023-05-10T20:57:43+08:00][sql] SELECT * FROM `ls_shop_stat` WHERE  `shop_id` = 2  AND `ip` = '127.0.0.1'  AND `create_time` BETWEEN 1683648000 AND 1683734399 LIMIT 1 [ RunTime:0.000500s ]
[2023-05-10T20:57:43+08:00][sql] INSERT INTO `ls_shop_stat` SET `shop_id` = 2 , `ip` = '127.0.0.1' , `count` = 1 , `create_time` = 1683723463 [ RunTime:0.001500s ]
[2023-05-10T20:57:43+08:00][sql] SHOW FULL COLUMNS FROM `ls_goods_category` [ RunTime:0.006001s ]
[2023-05-10T20:57:43+08:00][sql] SELECT `gc`.`id`,`gc`.`name`,`gc`.`image` FROM `ls_goods_category` `gc` INNER JOIN `ls_goods` `g` ON `g`.`goods_category_id`=`gc`.`id` INNER JOIN `ls_shop_goods` `sg` ON `g`.`id`=`sg`.`goods_id` WHERE  `gc`.`del` = 0  AND `sg`.`status` = 1  AND `sg`.`shop_id` = '2' GROUP BY `gc`.`id` ORDER BY `gc`.`sort` ASC,`gc`.`id` DESC [ RunTime:0.006501s ]
[2023-05-10T20:57:43+08:00][sql] SHOW FULL COLUMNS FROM `ls_goods` [ RunTime:0.001500s ]
[2023-05-10T20:57:43+08:00][sql] SELECT `g`.`id`,`g`.`name`,`g`.`goods_category_id`,`g`.`image`,`g`.`remark`,`g`.`spec_type` FROM `ls_goods` `g` INNER JOIN `ls_shop_goods` `sg` ON `g`.`id`=`sg`.`goods_id` WHERE  `del` = 0  AND `sg`.`shop_id` = '2'  AND `sg`.`status` = 1  AND `goods_category_id` IN (1,2,3,4) ORDER BY `sort` ASC,`g`.`sort` ASC,`g`.`id` DESC [ RunTime:0.001000s ]
[2023-05-10T20:57:43+08:00][sql] SHOW FULL COLUMNS FROM `ls_cart` [ RunTime:0.004001s ]
[2023-05-10T20:57:43+08:00][sql] SELECT `goods_id`,`id`,sum(num) as num FROM `ls_cart` WHERE  `user_id` = 3  AND `shop_id` = 2 GROUP BY `goods_id` [ RunTime:0.001500s ]
[2023-05-10T20:57:43+08:00][sql] SELECT `id`,`shop_sn`,`name`,`contact`,`phone`,`province_id`,`city_id`,`district_id`,`address`,`longitude`,`latitude`,`business_start_time`,`business_end_time`,`weekdays`,`delivery_distance`,`delivery_buy_limit`,`delivery_freight`,`status`,`pricing_policy`,`delivery_type`,`create_time` FROM `ls_shop` WHERE  `id` = 2  AND `del` = 0 LIMIT 1 [ RunTime:0.000500s ]
[2023-05-10T20:57:43+08:00][sql] SHOW FULL COLUMNS FROM `ls_goods_item` [ RunTime:0.003501s ]
[2023-05-10T20:57:43+08:00][sql] SELECT * FROM `ls_goods_item` WHERE  `goods_id` IN (2,1) [ RunTime:0.000500s ]
[2023-05-10T20:57:43+08:00][sql] SHOW FULL COLUMNS FROM `ls_goods_material_category` [ RunTime:0.003500s ]
[2023-05-10T20:57:43+08:00][sql] SELECT * FROM `ls_goods_material_category` WHERE  `goods_id` IN (2,1) [ RunTime:0.000500s ]
[2023-05-10T20:57:43+08:00][sql] SHOW FULL COLUMNS FROM `ls_goods_material` [ RunTime:0.003501s ]
[2023-05-10T20:57:43+08:00][sql] SELECT * FROM `ls_goods_material` WHERE  `material_category_id` IN (1,2,3,4,5,6) [ RunTime:0.000500s ]
[2023-05-10T20:57:43+08:00][sql] SHOW FULL COLUMNS FROM `ls_material_category` [ RunTime:0.004001s ]
[2023-05-10T20:57:43+08:00][sql] SELECT * FROM `ls_material_category` WHERE  `id` IN (1,5,4) [ RunTime:0.000500s ]
[2023-05-10T20:57:43+08:00][sql] SHOW FULL COLUMNS FROM `ls_material` [ RunTime:0.003001s ]
[2023-05-10T20:57:43+08:00][sql] SELECT `id`,`name`,`price` FROM `ls_material` WHERE  `del` = 0 ORDER BY `sort` DESC [ RunTime:0.000500s ]
[2023-05-10T20:57:43+08:00][sql] SHOW FULL COLUMNS FROM `ls_shop_goods_item` [ RunTime:0.004000s ]
[2023-05-10T20:57:43+08:00][sql] SELECT `item_id`,`price`,`stock` FROM `ls_shop_goods_item` WHERE  `goods_id` IN (2,1)  AND `shop_id` = 2 [ RunTime:0.000500s ]
[2023-05-10T20:57:43+08:00][sql] SHOW FULL COLUMNS FROM `ls_shop_material` [ RunTime:0.003500s ]
[2023-05-10T20:57:43+08:00][sql] SELECT `material_id`,`price` FROM `ls_shop_material` WHERE  `shop_id` = 2 [ RunTime:0.000500s ]
[2023-05-10T20:57:43+08:00][sql] SHOW FULL COLUMNS FROM `ls_goods_spec` [ RunTime:0.005001s ]
[2023-05-10T20:57:43+08:00][sql] SELECT `id`,`name`,`goods_id` FROM `ls_goods_spec` WHERE  `goods_id` IN (2,1) [ RunTime:0.000500s ]
[2023-05-10T20:57:43+08:00][sql] SHOW FULL COLUMNS FROM `ls_goods_spec_value` [ RunTime:0.005501s ]
[2023-05-10T20:57:43+08:00][sql] SELECT `id`,`spec_id`,`value` FROM `ls_goods_spec_value` WHERE  `spec_id` IN (1,2) [ RunTime:0.000500s ]
[2023-05-10T20:57:43+08:00][sql] SELECT `id`,`shop_sn`,`name`,`contact`,`phone`,`province_id`,`city_id`,`district_id`,`address`,`longitude`,`latitude`,`business_start_time`,`business_end_time`,`weekdays`,`delivery_distance`,`delivery_buy_limit`,`delivery_freight`,`status`,`pricing_policy`,`delivery_type`,`create_time` FROM `ls_shop` WHERE  `id` = 2  AND `del` = 0 LIMIT 1 [ RunTime:0.000500s ]
[2023-05-10T20:57:43+08:00][sql] SELECT * FROM `ls_goods_item` WHERE  `goods_id` IN (4,3) [ RunTime:0.000500s ]
[2023-05-10T20:57:43+08:00][sql] SELECT * FROM `ls_goods_material_category` WHERE  `goods_id` IN (4,3) [ RunTime:0.000500s ]
[2023-05-10T20:57:43+08:00][sql] SELECT * FROM `ls_goods_material` WHERE  `material_category_id` IN (7,8,9,10) [ RunTime:0.000500s ]
[2023-05-10T20:57:43+08:00][sql] SELECT * FROM `ls_material_category` WHERE  `id` IN (1,5) [ RunTime:0.000500s ]
[2023-05-10T20:57:43+08:00][sql] SELECT `id`,`name`,`price` FROM `ls_material` WHERE  `del` = 0 ORDER BY `sort` DESC [ RunTime:0.000500s ]
[2023-05-10T20:57:43+08:00][sql] SELECT `item_id`,`price`,`stock` FROM `ls_shop_goods_item` WHERE  `goods_id` IN (4,3)  AND `shop_id` = 2 [ RunTime:0.000500s ]
[2023-05-10T20:57:43+08:00][sql] SELECT `material_id`,`price` FROM `ls_shop_material` WHERE  `shop_id` = 2 [ RunTime:0.000500s ]
[2023-05-10T20:57:43+08:00][sql] SELECT `id`,`name`,`goods_id` FROM `ls_goods_spec` WHERE  `goods_id` IN (4,3) [ RunTime:0.000500s ]
[2023-05-10T20:57:43+08:00][sql] SELECT `id`,`spec_id`,`value` FROM `ls_goods_spec_value` WHERE  `spec_id` IN (3,4) [ RunTime:0.000500s ]
[2023-05-10T20:57:43+08:00][sql] SELECT `id`,`shop_sn`,`name`,`contact`,`phone`,`province_id`,`city_id`,`district_id`,`address`,`longitude`,`latitude`,`business_start_time`,`business_end_time`,`weekdays`,`delivery_distance`,`delivery_buy_limit`,`delivery_freight`,`status`,`pricing_policy`,`delivery_type`,`create_time` FROM `ls_shop` WHERE  `id` = 2  AND `del` = 0 LIMIT 1 [ RunTime:0.000500s ]
[2023-05-10T20:57:43+08:00][sql] SELECT * FROM `ls_goods_item` WHERE  `goods_id` IN (8,7,6,5) [ RunTime:0.001000s ]
[2023-05-10T20:57:43+08:00][sql] SELECT * FROM `ls_goods_material_category` WHERE  `goods_id` IN (8,7,6,5) [ RunTime:0.000500s ]
[2023-05-10T20:57:43+08:00][sql] SELECT * FROM `ls_goods_material` WHERE  `material_category_id` IN (11,12,13,14,15,16,17,18,19,20,21,22) [ RunTime:0.000500s ]
[2023-05-10T20:57:43+08:00][sql] SELECT * FROM `ls_material_category` WHERE  `id` IN (1,5,4) [ RunTime:0.000500s ]
[2023-05-10T20:57:43+08:00][sql] SELECT `id`,`name`,`price` FROM `ls_material` WHERE  `del` = 0 ORDER BY `sort` DESC [ RunTime:0.000500s ]
[2023-05-10T20:57:43+08:00][sql] SELECT `item_id`,`price`,`stock` FROM `ls_shop_goods_item` WHERE  `goods_id` IN (8,7,6,5)  AND `shop_id` = 2 [ RunTime:0.003001s ]
[2023-05-10T20:57:43+08:00][sql] SELECT `material_id`,`price` FROM `ls_shop_material` WHERE  `shop_id` = 2 [ RunTime:0.000500s ]
[2023-05-10T20:57:43+08:00][sql] SELECT `id`,`name`,`goods_id` FROM `ls_goods_spec` WHERE  `goods_id` IN (8,7,6,5) [ RunTime:0.000000s ]
[2023-05-10T20:57:43+08:00][sql] SELECT `id`,`spec_id`,`value` FROM `ls_goods_spec_value` WHERE  `spec_id` IN (5,6,7,8) [ RunTime:0.000500s ]
[2023-05-10T20:57:43+08:00][sql] SELECT `id`,`shop_sn`,`name`,`contact`,`phone`,`province_id`,`city_id`,`district_id`,`address`,`longitude`,`latitude`,`business_start_time`,`business_end_time`,`weekdays`,`delivery_distance`,`delivery_buy_limit`,`delivery_freight`,`status`,`pricing_policy`,`delivery_type`,`create_time` FROM `ls_shop` WHERE  `id` = 2  AND `del` = 0 LIMIT 1 [ RunTime:0.000500s ]
[2023-05-10T20:57:43+08:00][sql] SELECT * FROM `ls_goods_item` WHERE  `goods_id` IN (11,10,9) [ RunTime:0.000500s ]
[2023-05-10T20:57:43+08:00][sql] SELECT * FROM `ls_goods_material_category` WHERE  `goods_id` IN (11,10,9) [ RunTime:0.000501s ]
[2023-05-10T20:57:43+08:00][sql] SELECT * FROM `ls_goods_material` WHERE  `material_category_id` = 23 [ RunTime:0.000500s ]
[2023-05-10T20:57:43+08:00][sql] SELECT * FROM `ls_material_category` WHERE  `id` = 1 [ RunTime:0.000500s ]
[2023-05-10T20:57:43+08:00][sql] SELECT `id`,`name`,`price` FROM `ls_material` WHERE  `del` = 0 ORDER BY `sort` DESC [ RunTime:0.000500s ]
[2023-05-10T20:57:43+08:00][sql] SELECT `item_id`,`price`,`stock` FROM `ls_shop_goods_item` WHERE  `goods_id` IN (11,10,9)  AND `shop_id` = 2 [ RunTime:0.000500s ]
[2023-05-10T20:57:43+08:00][sql] SELECT `material_id`,`price` FROM `ls_shop_material` WHERE  `shop_id` = 2 [ RunTime:0.000500s ]
[2023-05-10T20:57:43+08:00][sql] SELECT `id`,`name`,`goods_id` FROM `ls_goods_spec` WHERE  `goods_id` IN (11,10,9) [ RunTime:0.000500s ]
[2023-05-10T20:57:43+08:00][sql] SELECT `id`,`spec_id`,`value` FROM `ls_goods_spec_value` WHERE  `spec_id` IN (9,10,11) [ RunTime:0.000500s ]
[2023-05-10T20:57:46+08:00][sql] CONNECT:[ UseTime:0.001001s ] mysql:host=127.0.0.1;port=3306;dbname=cdiancan;charset=utf8mb4
[2023-05-10T20:57:46+08:00][sql] SHOW FULL COLUMNS FROM `ls_coupon_list` [ RunTime:0.003500s ]
[2023-05-10T20:57:46+08:00][sql] SELECT `C`.`id`,CL.id as cl_id,`C`.`shop_id`,`C`.`name`,`C`.`money`,`C`.`condition_type`,`C`.`use_time_type`,`C`.`use_time_start`,`C`.`use_time_end`,`C`.`use_time`,`C`.`condition_money`,`C`.`use_goods_type`,`CL`.`over_time` FROM `ls_coupon_list` `CL` INNER JOIN `ls_coupon` `C` ON `CL`.`coupon_id`=`C`.`id` WHERE  `shop_id` = '2'  AND `user_id` = 3  AND `CL`.`del` = 0  AND `CL`.`status` = 0  AND `over_time` > 1683723466 [ RunTime:0.002501s ]
[2023-05-10T20:57:46+08:00][sql] SHOW FULL COLUMNS FROM `ls_cart` [ RunTime:0.003501s ]
[2023-05-10T20:57:46+08:00][sql] SELECT * FROM `ls_cart` WHERE  `shop_id` = 2  AND `user_id` = 3 [ RunTime:0.000500s ]
[2023-05-10T20:57:46+08:00][sql] CONNECT:[ UseTime:0.001500s ] mysql:host=127.0.0.1;port=3306;dbname=cdiancan;charset=utf8mb4
[2023-05-10T20:57:46+08:00][sql] SHOW FULL COLUMNS FROM `ls_user` [ RunTime:0.001501s ]
[2023-05-10T20:57:46+08:00][sql] SELECT * FROM `ls_user` WHERE  `id` = 3 LIMIT 1 [ RunTime:0.000500s ]
[2023-05-10T20:57:46+08:00][sql] SHOW FULL COLUMNS FROM `ls_shop` [ RunTime:0.001000s ]
[2023-05-10T20:57:46+08:00][sql] SELECT `id`,`name`,`province_id`,`city_id`,`district_id`,`address`,`longitude`,`latitude`,`business_start_time`,`business_end_time`,`weekdays`,`delivery_distance`,`delivery_buy_limit`,`delivery_freight`,`status`,`delivery_type` FROM `ls_shop` WHERE  `id` = 2 LIMIT 1 [ RunTime:0.000500s ]
[2023-05-10T20:57:46+08:00][sql] SHOW FULL COLUMNS FROM `ls_cart` [ RunTime:0.003501s ]
[2023-05-10T20:57:46+08:00][sql] SELECT * FROM `ls_cart` WHERE  `shop_id` = 2  AND `user_id` = 3 [ RunTime:0.000500s ]
[2023-05-10T20:57:46+08:00][sql] SHOW FULL COLUMNS FROM `ls_goods` [ RunTime:0.004501s ]
[2023-05-10T20:57:46+08:00][sql] SELECT `G`.`remark`,`G`.`spec_type`,SG.status as shop_status,`G`.`id`,`G`.`name`,`G`.`image`,`G`.`status` FROM `ls_goods` `G` INNER JOIN `ls_shop_goods` `SG` ON `SG`.`goods_id`=`G`.`id` WHERE  `shop_id` = 2  AND `goods_id` = 2 [ RunTime:0.003001s ]
[2023-05-10T20:57:46+08:00][sql] SELECT `id`,`shop_sn`,`name`,`contact`,`phone`,`province_id`,`city_id`,`district_id`,`address`,`longitude`,`latitude`,`business_start_time`,`business_end_time`,`weekdays`,`delivery_distance`,`delivery_buy_limit`,`delivery_freight`,`status`,`pricing_policy`,`delivery_type`,`create_time` FROM `ls_shop` WHERE  `id` = 2  AND `del` = 0 LIMIT 1 [ RunTime:0.000500s ]
[2023-05-10T20:57:46+08:00][sql] SHOW FULL COLUMNS FROM `ls_goods_item` [ RunTime:0.004000s ]
[2023-05-10T20:57:46+08:00][sql] SELECT * FROM `ls_goods_item` WHERE  `goods_id` = 2 [ RunTime:0.000501s ]
[2023-05-10T20:57:46+08:00][sql] SHOW FULL COLUMNS FROM `ls_goods_material_category` [ RunTime:0.003500s ]
[2023-05-10T20:57:46+08:00][sql] SELECT * FROM `ls_goods_material_category` WHERE  `goods_id` = 2 [ RunTime:0.000500s ]
[2023-05-10T20:57:46+08:00][sql] SHOW FULL COLUMNS FROM `ls_goods_material` [ RunTime:0.004001s ]
[2023-05-10T20:57:46+08:00][sql] SELECT * FROM `ls_goods_material` WHERE  `material_category_id` IN (4,5,6) [ RunTime:0.001000s ]
[2023-05-10T20:57:46+08:00][sql] SHOW FULL COLUMNS FROM `ls_material_category` [ RunTime:0.003500s ]
[2023-05-10T20:57:46+08:00][sql] SELECT * FROM `ls_material_category` WHERE  `id` IN (1,5,4) [ RunTime:0.000500s ]
[2023-05-10T20:57:46+08:00][sql] SHOW FULL COLUMNS FROM `ls_material` [ RunTime:0.003501s ]
[2023-05-10T20:57:46+08:00][sql] SELECT `id`,`name`,`price` FROM `ls_material` WHERE  `del` = 0 ORDER BY `sort` DESC [ RunTime:0.000500s ]
[2023-05-10T20:57:46+08:00][sql] SHOW FULL COLUMNS FROM `ls_shop_goods_item` [ RunTime:0.003500s ]
[2023-05-10T20:57:46+08:00][sql] SELECT `item_id`,`price`,`stock` FROM `ls_shop_goods_item` WHERE  `goods_id` = 2  AND `shop_id` = 2 [ RunTime:0.000501s ]
[2023-05-10T20:57:46+08:00][sql] SHOW FULL COLUMNS FROM `ls_shop_material` [ RunTime:0.003500s ]
[2023-05-10T20:57:46+08:00][sql] SELECT `material_id`,`price` FROM `ls_shop_material` WHERE  `shop_id` = 2 [ RunTime:0.000500s ]
[2023-05-10T20:57:46+08:00][sql] SHOW FULL COLUMNS FROM `ls_config` [ RunTime:0.001001s ]
[2023-05-10T20:57:46+08:00][sql] SELECT `value` FROM `ls_config` WHERE  `type` = 'integral'  AND `name` = 'min_order_money'  AND `shop_id` = 0 LIMIT 1 [ RunTime:0.000500s ]
[2023-05-10T20:57:46+08:00][sql] SELECT `value` FROM `ls_config` WHERE  `type` = 'integral'  AND `name` = 'min_integral'  AND `shop_id` = 0 LIMIT 1 [ RunTime:0.000500s ]
[2023-05-10T20:57:46+08:00][sql] SELECT `value` FROM `ls_config` WHERE  `type` = 'integral'  AND `name` = 'one_yuan'  AND `shop_id` = 0 LIMIT 1 [ RunTime:0.000500s ]
[2023-05-10T20:57:46+08:00][sql] SELECT `value` FROM `ls_config` WHERE  `type` = 'integral'  AND `name` = 'money_to_num'  AND `shop_id` = 0 LIMIT 1 [ RunTime:0.000000s ]
[2023-05-10T20:57:50+08:00][sql] CONNECT:[ UseTime:0.001001s ] mysql:host=127.0.0.1;port=3306;dbname=cdiancan;charset=utf8mb4
[2023-05-10T20:57:50+08:00][sql] SHOW FULL COLUMNS FROM `ls_dev_notice_setting` [ RunTime:0.005000s ]
[2023-05-10T20:57:50+08:00][sql] SELECT `mnp_notice` FROM `ls_dev_notice_setting` WHERE  `mnp_notice` <> ''  AND `type` = 1 LIMIT 3 [ RunTime:0.000500s ]
[2023-05-10T20:57:50+08:00][sql] CONNECT:[ UseTime:0.001001s ] mysql:host=127.0.0.1;port=3306;dbname=cdiancan;charset=utf8mb4
[2023-05-10T20:57:50+08:00][sql] SHOW FULL COLUMNS FROM `ls_user` [ RunTime:0.001000s ]
[2023-05-10T20:57:50+08:00][sql] SELECT * FROM `ls_user` WHERE  `id` = 3 LIMIT 1 [ RunTime:0.000501s ]
[2023-05-10T20:57:50+08:00][sql] SHOW FULL COLUMNS FROM `ls_shop` [ RunTime:0.003500s ]
[2023-05-10T20:57:50+08:00][sql] SELECT `id`,`name`,`province_id`,`city_id`,`district_id`,`address`,`longitude`,`latitude`,`business_start_time`,`business_end_time`,`weekdays`,`delivery_distance`,`delivery_buy_limit`,`delivery_freight`,`status`,`delivery_type` FROM `ls_shop` WHERE  `id` = 2 LIMIT 1 [ RunTime:0.000500s ]
[2023-05-10T20:57:50+08:00][sql] SHOW FULL COLUMNS FROM `ls_cart` [ RunTime:0.003501s ]
[2023-05-10T20:57:50+08:00][sql] SELECT * FROM `ls_cart` WHERE  `shop_id` = 2  AND `user_id` = 3 [ RunTime:0.000500s ]
[2023-05-10T20:57:50+08:00][sql] SHOW FULL COLUMNS FROM `ls_goods` [ RunTime:0.003501s ]
[2023-05-10T20:57:50+08:00][sql] SELECT `G`.`remark`,`G`.`spec_type`,SG.status as shop_status,`G`.`id`,`G`.`name`,`G`.`image`,`G`.`status` FROM `ls_goods` `G` INNER JOIN `ls_shop_goods` `SG` ON `SG`.`goods_id`=`G`.`id` WHERE  `shop_id` = 2  AND `goods_id` = 2 [ RunTime:0.002500s ]
[2023-05-10T20:57:50+08:00][sql] SELECT `id`,`shop_sn`,`name`,`contact`,`phone`,`province_id`,`city_id`,`district_id`,`address`,`longitude`,`latitude`,`business_start_time`,`business_end_time`,`weekdays`,`delivery_distance`,`delivery_buy_limit`,`delivery_freight`,`status`,`pricing_policy`,`delivery_type`,`create_time` FROM `ls_shop` WHERE  `id` = 2  AND `del` = 0 LIMIT 1 [ RunTime:0.000500s ]
[2023-05-10T20:57:50+08:00][sql] SHOW FULL COLUMNS FROM `ls_goods_item` [ RunTime:0.003001s ]
[2023-05-10T20:57:50+08:00][sql] SELECT * FROM `ls_goods_item` WHERE  `goods_id` = 2 [ RunTime:0.000500s ]
[2023-05-10T20:57:50+08:00][sql] SHOW FULL COLUMNS FROM `ls_goods_material_category` [ RunTime:0.003000s ]
[2023-05-10T20:57:50+08:00][sql] SELECT * FROM `ls_goods_material_category` WHERE  `goods_id` = 2 [ RunTime:0.000500s ]
[2023-05-10T20:57:50+08:00][sql] SHOW FULL COLUMNS FROM `ls_goods_material` [ RunTime:0.003000s ]
[2023-05-10T20:57:50+08:00][sql] SELECT * FROM `ls_goods_material` WHERE  `material_category_id` IN (4,5,6) [ RunTime:0.000500s ]
[2023-05-10T20:57:50+08:00][sql] SHOW FULL COLUMNS FROM `ls_material_category` [ RunTime:0.003501s ]
[2023-05-10T20:57:50+08:00][sql] SELECT * FROM `ls_material_category` WHERE  `id` IN (1,5,4) [ RunTime:0.000500s ]
[2023-05-10T20:57:50+08:00][sql] SHOW FULL COLUMNS FROM `ls_material` [ RunTime:0.003000s ]
[2023-05-10T20:57:50+08:00][sql] SELECT `id`,`name`,`price` FROM `ls_material` WHERE  `del` = 0 ORDER BY `sort` DESC [ RunTime:0.000500s ]
[2023-05-10T20:57:50+08:00][sql] SHOW FULL COLUMNS FROM `ls_shop_goods_item` [ RunTime:0.003500s ]
[2023-05-10T20:57:50+08:00][sql] SELECT `item_id`,`price`,`stock` FROM `ls_shop_goods_item` WHERE  `goods_id` = 2  AND `shop_id` = 2 [ RunTime:0.000500s ]
[2023-05-10T20:57:50+08:00][sql] SHOW FULL COLUMNS FROM `ls_shop_material` [ RunTime:0.003001s ]
[2023-05-10T20:57:50+08:00][sql] SELECT `material_id`,`price` FROM `ls_shop_material` WHERE  `shop_id` = 2 [ RunTime:0.000000s ]
[2023-05-10T20:57:50+08:00][sql] SHOW FULL COLUMNS FROM `ls_order` [ RunTime:0.001000s ]
[2023-05-10T20:57:50+08:00][sql] SELECT COUNT(*) AS think_count FROM `ls_order` WHERE  `create_time` BETWEEN 1683648000 AND 1683734399  AND `shop_id` = 2 [ RunTime:0.000500s ]
[2023-05-10T20:57:50+08:00][sql] SHOW FULL COLUMNS FROM `ls_config` [ RunTime:0.001001s ]
[2023-05-10T20:57:50+08:00][sql] SELECT `value` FROM `ls_config` WHERE  `type` = 'transaction'  AND `name` = 'unpaid_order_cancel_time'  AND `shop_id` = 0 LIMIT 1 [ RunTime:0.000500s ]
[2023-05-10T20:57:50+08:00][sql] SELECT * FROM `ls_order` WHERE  `order_sn` = '202305102057504651' LIMIT 1 [ RunTime:0.001000s ]
[2023-05-10T20:57:50+08:00][sql] INSERT INTO `ls_order` SET `shop_id` = 2 , `user_id` = 3 , `order_sn` = '202305102057504651' , `pay_way` = 0 , `take_code` = '0001' , `pay_status` = 0 , `dining_type` = 1 , `order_status` = 0 , `order_type` = 1 , `is_appoint` = 0 , `appoint_time` = 1683723470 , `delivery_amount` = 0 , `discount_amount` = 0 , `integral_amount` = 0 , `use_integral` = 0 , `order_amount` = 245 , `total_amount` = 245 , `total_num` = 7 , `coupon_id` = 0 , `zhuohao` = '2' , `address_snap` = '[]' , `user_remark` = '' , `cancel_time` = 1683723590 , `create_time` = 1683723470 , `mobile` = '' , `update_time` = 1683723470 [ RunTime:0.000500s ]
[2023-05-10T20:57:50+08:00][sql] SHOW FULL COLUMNS FROM `ls_order_goods` [ RunTime:0.001000s ]
[2023-05-10T20:57:50+08:00][sql] INSERT INTO `ls_order_goods` SET `shop_id` = 2 , `order_id` = 39 , `goods_id` = 2 , `goods_name` = '雪山多肉青提' , `item_id` = 2 , `image` = 'uploads/images/20211019114915117190467.jpg' , `spec_value_str` = '默认' , `material_ids` = '2' , `goods_num` = 3 , `goods_price` = '32.00' , `goods_snap` = '{\"id\":2,\"name\":\"雪山多肉青提\",\"image\":\"http:\\/\\/cdiancan.net\\/uploads\\/images\\/20211019114915117190467.jpg\",\"status\":1,\"shop_status\":1,\"remark\":\"一杯约42颗青提（含青提果汁部分），优选新鲜阳光玫瑰青提，覆盖雪山奶油顶；中层铺满一层青提冰沙，爽感十足；\",\"spec_type\":1,\"item_id\":2,\"spec_value_str\":\"默认\",\"goods_price\":\"32.00\",\"goods_num\":3,\"total_price\":96,\"material_name\":[\"不使用吸管\"],\"material_list\":[{\"id\":2,\"name\":\"不使用吸管\",\"price\":\"0.00\"}]}' [ RunTime:0.000500s ]
[2023-05-10T20:57:50+08:00][sql] INSERT INTO `ls_order_goods` SET `shop_id` = 2 , `order_id` = 39 , `goods_id` = 2 , `goods_name` = '雪山多肉青提' , `item_id` = 2 , `image` = 'uploads/images/20211019114915117190467.jpg' , `spec_value_str` = '默认' , `material_ids` = '5' , `goods_num` = 1 , `goods_price` = '32.00' , `goods_snap` = '{\"id\":2,\"name\":\"雪山多肉青提\",\"image\":\"http:\\/\\/cdiancan.net\\/uploads\\/images\\/20211019114915117190467.jpg\",\"status\":1,\"shop_status\":1,\"remark\":\"一杯约42颗青提（含青提果汁部分），优选新鲜阳光玫瑰青提，覆盖雪山奶油顶；中层铺满一层青提冰沙，爽感十足；\",\"spec_type\":1,\"item_id\":2,\"spec_value_str\":\"默认\",\"goods_price\":\"32.00\",\"goods_num\":1,\"total_price\":41,\"material_name\":[\"爆多双倍果肉\"],\"material_list\":[{\"id\":5,\"name\":\"爆多双倍果肉\",\"price\":\"9.00\"}]}' [ RunTime:0.000500s ]
[2023-05-10T20:57:50+08:00][sql] INSERT INTO `ls_order_goods` SET `shop_id` = 2 , `order_id` = 39 , `goods_id` = 2 , `goods_name` = '雪山多肉青提' , `item_id` = 2 , `image` = 'uploads/images/20211019114915117190467.jpg' , `spec_value_str` = '默认' , `material_ids` = '1' , `goods_num` = 1 , `goods_price` = '32.00' , `goods_snap` = '{\"id\":2,\"name\":\"雪山多肉青提\",\"image\":\"http:\\/\\/cdiancan.net\\/uploads\\/images\\/20211019114915117190467.jpg\",\"status\":1,\"shop_status\":1,\"remark\":\"一杯约42颗青提（含青提果汁部分），优选新鲜阳光玫瑰青提，覆盖雪山奶油顶；中层铺满一层青提冰沙，爽感十足；\",\"spec_type\":1,\"item_id\":2,\"spec_value_str\":\"默认\",\"goods_price\":\"32.00\",\"goods_num\":1,\"total_price\":32,\"material_name\":[\"PLA可降解吸管(推荐)\"],\"material_list\":[{\"id\":1,\"name\":\"PLA可降解吸管(推荐)\",\"price\":\"0.00\"}]}' [ RunTime:0.000000s ]
[2023-05-10T20:57:50+08:00][sql] INSERT INTO `ls_order_goods` SET `shop_id` = 2 , `order_id` = 39 , `goods_id` = 2 , `goods_name` = '雪山多肉青提' , `item_id` = 2 , `image` = 'uploads/images/20211019114915117190467.jpg' , `spec_value_str` = '默认' , `material_ids` = '1,5' , `goods_num` = 1 , `goods_price` = '32.00' , `goods_snap` = '{\"id\":2,\"name\":\"雪山多肉青提\",\"image\":\"http:\\/\\/cdiancan.net\\/uploads\\/images\\/20211019114915117190467.jpg\",\"status\":1,\"shop_status\":1,\"remark\":\"一杯约42颗青提（含青提果汁部分），优选新鲜阳光玫瑰青提，覆盖雪山奶油顶；中层铺满一层青提冰沙，爽感十足；\",\"spec_type\":1,\"item_id\":2,\"spec_value_str\":\"默认\",\"goods_price\":\"32.00\",\"goods_num\":1,\"total_price\":41,\"material_name\":[\"PLA可降解吸管(推荐)\",\"爆多双倍果肉\"],\"material_list\":[{\"id\":1,\"name\":\"PLA可降解吸管(推荐)\",\"price\":\"0.00\"},{\"id\":5,\"name\":\"爆多双倍果肉\",\"price\":\"9.00\"}]}' [ RunTime:0.000000s ]
[2023-05-10T20:57:50+08:00][sql] INSERT INTO `ls_order_goods` SET `shop_id` = 2 , `order_id` = 39 , `goods_id` = 2 , `goods_name` = '雪山多肉青提' , `item_id` = 2 , `image` = 'uploads/images/20211019114915117190467.jpg' , `spec_value_str` = '默认' , `material_ids` = '7' , `goods_num` = 1 , `goods_price` = '32.00' , `goods_snap` = '{\"id\":2,\"name\":\"雪山多肉青提\",\"image\":\"http:\\/\\/cdiancan.net\\/uploads\\/images\\/20211019114915117190467.jpg\",\"status\":1,\"shop_status\":1,\"remark\":\"一杯约42颗青提（含青提果汁部分），优选新鲜阳光玫瑰青提，覆盖雪山奶油顶；中层铺满一层青提冰沙，爽感十足；\",\"spec_type\":1,\"item_id\":2,\"spec_value_str\":\"默认\",\"goods_price\":\"32.00\",\"goods_num\":1,\"total_price\":35,\"material_name\":[\"益生菌\"],\"material_list\":[{\"id\":7,\"name\":\"益生菌\",\"price\":\"3.00\"}]}' [ RunTime:0.000500s ]
[2023-05-10T20:57:50+08:00][sql] SHOW FULL COLUMNS FROM `ls_order_log` [ RunTime:0.004501s ]
[2023-05-10T20:57:50+08:00][sql] INSERT INTO `ls_order_log` SET `type` = 0 , `order_id` = 39 , `channel` = 101 , `handle_id` = 3 , `shop_id` = 2 , `content` = '会员提交订单' , `create_time` = 1683723470 [ RunTime:0.000500s ]
[2023-05-10T20:57:50+08:00][sql] UPDATE `ls_shop_goods_item`  SET `stock` = stock-3  WHERE  `shop_id` = 2  AND `item_id` = 2 [ RunTime:0.000500s ]
[2023-05-10T20:57:50+08:00][sql] UPDATE `ls_shop_goods_item`  SET `stock` = stock-1  WHERE  `shop_id` = 2  AND `item_id` = 2 [ RunTime:0.000500s ]
[2023-05-10T20:57:50+08:00][sql] UPDATE `ls_shop_goods_item`  SET `stock` = stock-1  WHERE  `shop_id` = 2  AND `item_id` = 2 [ RunTime:0.000500s ]
[2023-05-10T20:57:50+08:00][sql] UPDATE `ls_shop_goods_item`  SET `stock` = stock-1  WHERE  `shop_id` = 2  AND `item_id` = 2 [ RunTime:0.000500s ]
[2023-05-10T20:57:50+08:00][sql] UPDATE `ls_shop_goods_item`  SET `stock` = stock-1  WHERE  `shop_id` = 2  AND `item_id` = 2 [ RunTime:0.000500s ]
[2023-05-10T20:57:50+08:00][sql] SELECT `goods_id`,sum(stock) as stock FROM `ls_shop_goods_item` WHERE  `shop_id` = 2  AND `goods_id` = 2 GROUP BY `goods_id` [ RunTime:0.000500s ]
[2023-05-10T20:57:50+08:00][sql] SHOW FULL COLUMNS FROM `ls_shop_goods` [ RunTime:0.000500s ]
[2023-05-10T20:57:50+08:00][sql] UPDATE `ls_shop_goods`  SET `total_stock` = 648  WHERE  `shop_id` = 2  AND `goods_id` = 2 [ RunTime:0.000000s ]
[2023-05-10T20:57:50+08:00][sql] UPDATE `ls_shop_goods`  SET `total_stock` = 648  WHERE  `shop_id` = 2  AND `goods_id` = 2 [ RunTime:0.000000s ]
[2023-05-10T20:57:50+08:00][sql] UPDATE `ls_shop_goods`  SET `total_stock` = 648  WHERE  `shop_id` = 2  AND `goods_id` = 2 [ RunTime:0.000000s ]
[2023-05-10T20:57:50+08:00][sql] UPDATE `ls_shop_goods`  SET `total_stock` = 648  WHERE  `shop_id` = 2  AND `goods_id` = 2 [ RunTime:0.000000s ]
[2023-05-10T20:57:50+08:00][sql] UPDATE `ls_shop_goods`  SET `total_stock` = 648  WHERE  `shop_id` = 2  AND `goods_id` = 2 [ RunTime:0.000000s ]
[2023-05-10T20:57:50+08:00][sql] DELETE FROM `ls_cart` WHERE  `user_id` = 3  AND `shop_id` = 2 [ RunTime:0.000500s ]
[2023-05-10T20:57:51+08:00][sql] CONNECT:[ UseTime:0.001001s ] mysql:host=127.0.0.1;port=3306;dbname=cdiancan;charset=utf8mb4
[2023-05-10T20:57:51+08:00][sql] SHOW FULL COLUMNS FROM `ls_dev_pay` [ RunTime:0.004500s ]
[2023-05-10T20:57:51+08:00][sql] SELECT * FROM `ls_dev_pay` WHERE  `status` = 1 ORDER BY `sort` [ RunTime:0.000500s ]
[2023-05-10T20:57:51+08:00][sql] SHOW FULL COLUMNS FROM `ls_user` [ RunTime:0.001000s ]
[2023-05-10T20:57:51+08:00][sql] SELECT `user_money` FROM `ls_user` WHERE  `id` = 3 LIMIT 1 [ RunTime:0.000500s ]
[2023-05-10T20:57:51+08:00][sql] SHOW FULL COLUMNS FROM `ls_order` [ RunTime:0.001001s ]
[2023-05-10T20:57:51+08:00][sql] SELECT * FROM `ls_order` WHERE  `id` = 39 LIMIT 1 [ RunTime:0.000500s ]
[2023-05-10T20:57:55+08:00][sql] CONNECT:[ UseTime:0.001000s ] mysql:host=127.0.0.1;port=3306;dbname=cdiancan;charset=utf8mb4
[2023-05-10T20:57:55+08:00][sql] SHOW FULL COLUMNS FROM `ls_dev_pay` [ RunTime:0.004000s ]
[2023-05-10T20:57:55+08:00][sql] SELECT * FROM `ls_dev_pay` WHERE  `code` = 'balance' LIMIT 1 [ RunTime:0.001001s ]
[2023-05-10T20:57:55+08:00][sql] SHOW FULL COLUMNS FROM `ls_order` [ RunTime:0.001000s ]
[2023-05-10T20:57:55+08:00][sql] SELECT * FROM `ls_order` WHERE  `id` = 39 LIMIT 1 [ RunTime:0.000500s ]
[2023-05-10T20:57:55+08:00][sql] UPDATE `ls_order`  SET `pay_way` = 2 , `update_time` = 1683723475  WHERE  `id` = 39 [ RunTime:0.000500s ]
[2023-05-10T20:57:55+08:00][sql] SELECT * FROM `ls_order` WHERE  `del` = 0  AND `id` = 39 LIMIT 1 [ RunTime:0.000500s ]
[2023-05-10T20:57:55+08:00][sql] SHOW FULL COLUMNS FROM `ls_user` [ RunTime:0.001000s ]
[2023-05-10T20:57:55+08:00][sql] SELECT `user_money` FROM `ls_user` WHERE  `id` = 3 LIMIT 1 [ RunTime:0.000500s ]
[2023-05-10T20:57:55+08:00][sql] SELECT * FROM `ls_user` WHERE  `id` = 3 LIMIT 1 [ RunTime:0.000500s ]
[2023-05-10T20:57:55+08:00][sql] UPDATE `ls_user`  SET `user_money` = `user_money` - 245 , `total_order_amount` = `total_order_amount` + 245 , `update_time` = 1683723475  WHERE  `id` = 3 [ RunTime:0.000500s ]
[2023-05-10T20:57:55+08:00][sql] SELECT * FROM `ls_user` WHERE  `id` = 3 LIMIT 1 [ RunTime:0.000500s ]
[2023-05-10T20:57:55+08:00][sql] SHOW FULL COLUMNS FROM `ls_account_log` [ RunTime:0.004501s ]
[2023-05-10T20:57:55+08:00][sql] SELECT * FROM `ls_account_log` WHERE  `log_sn` = '202305102057555636' LIMIT 1 [ RunTime:0.000500s ]
[2023-05-10T20:57:55+08:00][sql] INSERT INTO `ls_account_log` SET `log_sn` = '202305102057555636' , `user_id` = 3 , `source_type` = 103 , `source_id` = 0 , `source_sn` = '' , `change_amount` = '245.00' , `left_amount` = '49752.00' , `remark` = '' , `extra` = '' , `change_type` = 2 , `create_time` = 1683723475 [ RunTime:0.000500s ]
[2023-05-10T20:57:55+08:00][sql] SHOW FULL COLUMNS FROM `ls_order_goods` [ RunTime:0.000500s ]
[2023-05-10T20:57:55+08:00][sql] SELECT * FROM `ls_order_goods` WHERE  `order_id` = 39 [ RunTime:0.000500s ]
[2023-05-10T20:57:55+08:00][sql] SHOW FULL COLUMNS FROM `ls_shop_goods` [ RunTime:0.003000s ]
[2023-05-10T20:57:55+08:00][sql] UPDATE `ls_shop_goods`  SET `sales_sum` = `sales_sum` + 3  WHERE  `goods_id` = 2  AND `shop_id` = 2 [ RunTime:0.000500s ]
[2023-05-10T20:57:55+08:00][sql] UPDATE `ls_shop_goods`  SET `sales_sum` = `sales_sum` + 1  WHERE  `goods_id` = 2  AND `shop_id` = 2 [ RunTime:0.000500s ]
[2023-05-10T20:57:55+08:00][sql] UPDATE `ls_shop_goods`  SET `sales_sum` = `sales_sum` + 1  WHERE  `goods_id` = 2  AND `shop_id` = 2 [ RunTime:0.000500s ]
[2023-05-10T20:57:55+08:00][sql] UPDATE `ls_shop_goods`  SET `sales_sum` = `sales_sum` + 1  WHERE  `goods_id` = 2  AND `shop_id` = 2 [ RunTime:0.000500s ]
[2023-05-10T20:57:55+08:00][sql] UPDATE `ls_shop_goods`  SET `sales_sum` = `sales_sum` + 1  WHERE  `goods_id` = 2  AND `shop_id` = 2 [ RunTime:0.000501s ]
[2023-05-10T20:57:55+08:00][sql] UPDATE `ls_order`  SET `pay_status` = 1 , `order_status` = 1 , `pay_way` = 2 , `pay_time` = 1683723475  WHERE  `id` = 39 [ RunTime:0.000500s ]
[2023-05-10T20:57:55+08:00][sql] SELECT * FROM `ls_order` WHERE  `id` = 39 LIMIT 1 [ RunTime:0.000500s ]
[2023-05-10T20:57:55+08:00][sql] SELECT * FROM `ls_user` WHERE  `id` = 3 [ RunTime:0.000500s ]
[2023-05-10T20:57:55+08:00][sql] SELECT * FROM `ls_order_goods` WHERE  `order_id` = 39 [ RunTime:0.001000s ]
[2023-05-10T20:57:55+08:00][sql] SHOW FULL COLUMNS FROM `ls_shop` [ RunTime:0.001000s ]
[2023-05-10T20:57:55+08:00][sql] SELECT `id`,`name`,`phone`,`province_id`,`city_id`,`district_id`,`address` FROM `ls_shop` WHERE  `id` = 2 [ RunTime:0.000500s ]
[2023-05-10T20:57:55+08:00][sql] SHOW FULL COLUMNS FROM `ls_printer_config` [ RunTime:0.001000s ]
[2023-05-10T20:57:55+08:00][sql] SELECT * FROM `ls_printer_config` WHERE  `id` = 1 LIMIT 1 [ RunTime:0.000000s ]
[2023-05-10T20:57:55+08:00][sql] SHOW FULL COLUMNS FROM `ls_printer` [ RunTime:0.000500s ]
[2023-05-10T20:57:55+08:00][sql] SELECT * FROM `ls_printer` WHERE  `printer_config_id` = 1  AND `del` = 0  AND `status` = 1  AND `auto_print` = 1 [ RunTime:0.000500s ]
[2023-05-10T20:57:55+08:00][sql] SHOW FULL COLUMNS FROM `ls_printer_template` [ RunTime:0.001000s ]
[2023-05-10T20:57:55+08:00][sql] SELECT * FROM `ls_printer_template` WHERE  `id` = 1 [ RunTime:0.000500s ]
[2023-05-10T20:57:56+08:00][sql] CONNECT:[ UseTime:0.001000s ] mysql:host=127.0.0.1;port=3306;dbname=cdiancan;charset=utf8mb4
[2023-05-10T20:57:56+08:00][sql] SHOW FULL COLUMNS FROM `ls_order` [ RunTime:0.002500s ]
[2023-05-10T20:57:56+08:00][sql] SELECT `id`,`shop_id`,`order_sn`,`user_id`,`pay_way`,`pay_status`,`dining_type`,`order_status`,`order_type`,`order_source`,`take_code`,`pay_time`,`is_appoint`,`appoint_time`,`order_amount`,`discount_amount`,`total_amount`,`total_num`,`consignee`,`mobile`,`address_snap`,`delivery_amount`,`delivery_time`,`user_remark`,`coupon_id`,`cancel_time`,`order_remarks`,`refund_amount`,`surplus_refund_amount`,`refund_status`,`refund_time`,`create_time`,`integral_amount`,`use_integral`,`zhuohao` FROM `ls_order` WHERE  `id` = 39  AND `user_id` = 3 LIMIT 1 [ RunTime:0.000500s ]
[2023-05-10T20:57:56+08:00][sql] SHOW FULL COLUMNS FROM `ls_order_goods` [ RunTime:0.001000s ]
[2023-05-10T20:57:56+08:00][sql] SELECT * FROM `ls_order_goods` WHERE  `order_id` = 39 [ RunTime:0.000501s ]
[2023-05-10T20:57:56+08:00][sql] SHOW FULL COLUMNS FROM `ls_shop` [ RunTime:0.001000s ]
[2023-05-10T20:57:56+08:00][sql] SELECT `id`,`name`,`phone`,`province_id`,`city_id`,`district_id`,`address` FROM `ls_shop` WHERE  `id` = 2 [ RunTime:0.000500s ]
[2023-05-10T20:57:56+08:00][sql] SHOW FULL COLUMNS FROM `ls_config` [ RunTime:0.001000s ]
[2023-05-10T20:57:56+08:00][sql] SELECT `value` FROM `ls_config` WHERE  `type` = 'transaction'  AND `name` = 'paid_order_cancel_time'  AND `shop_id` = 0 LIMIT 1 [ RunTime:0.000500s ]
